<?xml version="1.0" encoding="UTF-8"?>
<coverage generated="1679392591066" clover="3.2.0">
  <project timestamp="1679392591066" name="All files">
    <metrics statements="2161" coveredstatements="853" conditionals="969" coveredconditionals="202" methods="324" coveredmethods="102" elements="3454" coveredelements="1157" complexity="0" loc="2161" ncloc="2161" packages="10" files="104" classes="104"/>
    <package name="api.controllers">
      <metrics statements="541" coveredstatements="262" conditionals="314" coveredconditionals="68" methods="58" coveredmethods="30"/>
      <file name="auth.controller.ts" path="C:\Users\ericpeweh\Desktop\Desktop\DEVELOPMENT\PROJECT\cloversy-store-api\src\api\controllers\auth.controller.ts">
        <metrics statements="21" coveredstatements="19" conditionals="8" coveredconditionals="6" methods="2" coveredmethods="2"/>
        <line num="10" count="7" type="stmt"/>
        <line num="11" count="2" type="stmt"/>
        <line num="12" count="2" type="stmt"/>
        <line num="13" count="2" type="stmt"/>
        <line num="16" count="2" type="cond" truecount="2" falsecount="0"/>
        <line num="17" count="1" type="stmt"/>
        <line num="21" count="1" type="stmt"/>
        <line num="23" count="1" type="cond" truecount="1" falsecount="1"/>
        <line num="24" count="0" type="stmt"/>
        <line num="31" count="1" type="stmt"/>
        <line num="36" count="1" type="cond" truecount="1" falsecount="1"/>
        <line num="37" count="0" type="stmt"/>
        <line num="43" count="1" type="stmt"/>
        <line num="47" count="7" type="stmt"/>
        <line num="48" count="3" type="stmt"/>
        <line num="50" count="3" type="stmt"/>
        <line num="51" count="3" type="cond" truecount="2" falsecount="0"/>
        <line num="52" count="1" type="stmt"/>
        <line num="55" count="2" type="stmt"/>
        <line num="57" count="1" type="stmt"/>
        <line num="62" count="2" type="stmt"/>
      </file>
      <file name="brand.controller.ts" path="C:\Users\ericpeweh\Desktop\Desktop\DEVELOPMENT\PROJECT\cloversy-store-api\src\api\controllers\brand.controller.ts">
        <metrics statements="27" coveredstatements="26" conditionals="3" coveredconditionals="3" methods="4" coveredmethods="4"/>
        <line num="7" count="7" type="stmt"/>
        <line num="8" count="2" type="cond" truecount="3" falsecount="0"/>
        <line num="10" count="2" type="stmt"/>
        <line num="11" count="2" type="stmt"/>
        <line num="17" count="1" type="stmt"/>
        <line num="23" count="1" type="stmt"/>
        <line num="27" count="7" type="stmt"/>
        <line num="28" count="2" type="stmt"/>
        <line num="29" count="2" type="stmt"/>
        <line num="31" count="2" type="stmt"/>
        <line num="33" count="2" type="stmt"/>
        <line num="35" count="1" type="stmt"/>
        <line num="40" count="1" type="stmt"/>
        <line num="44" count="7" type="stmt"/>
        <line num="45" count="2" type="stmt"/>
        <line num="46" count="2" type="stmt"/>
        <line num="47" count="2" type="stmt"/>
        <line num="49" count="2" type="stmt"/>
        <line num="51" count="2" type="stmt"/>
        <line num="53" count="1" type="stmt"/>
        <line num="58" count="1" type="stmt"/>
        <line num="62" count="7" type="stmt"/>
        <line num="63" count="1" type="stmt"/>
        <line num="64" count="1" type="stmt"/>
        <line num="66" count="1" type="stmt"/>
        <line num="68" count="1" type="stmt"/>
        <line num="73" count="0" type="stmt"/>
      </file>
      <file name="category.controller.ts" path="C:\Users\ericpeweh\Desktop\Desktop\DEVELOPMENT\PROJECT\cloversy-store-api\src\api\controllers\category.controller.ts">
        <metrics statements="27" coveredstatements="26" conditionals="3" coveredconditionals="3" methods="4" coveredmethods="4"/>
        <line num="7" count="7" type="stmt"/>
        <line num="8" count="2" type="cond" truecount="3" falsecount="0"/>
        <line num="10" count="2" type="stmt"/>
        <line num="11" count="2" type="stmt"/>
        <line num="17" count="1" type="stmt"/>
        <line num="23" count="1" type="stmt"/>
        <line num="27" count="7" type="stmt"/>
        <line num="28" count="2" type="stmt"/>
        <line num="29" count="2" type="stmt"/>
        <line num="31" count="2" type="stmt"/>
        <line num="33" count="2" type="stmt"/>
        <line num="35" count="1" type="stmt"/>
        <line num="40" count="1" type="stmt"/>
        <line num="44" count="7" type="stmt"/>
        <line num="45" count="2" type="stmt"/>
        <line num="46" count="2" type="stmt"/>
        <line num="47" count="2" type="stmt"/>
        <line num="49" count="2" type="stmt"/>
        <line num="51" count="2" type="stmt"/>
        <line num="53" count="1" type="stmt"/>
        <line num="58" count="1" type="stmt"/>
        <line num="62" count="7" type="stmt"/>
        <line num="63" count="1" type="stmt"/>
        <line num="64" count="1" type="stmt"/>
        <line num="66" count="1" type="stmt"/>
        <line num="68" count="1" type="stmt"/>
        <line num="73" count="0" type="stmt"/>
      </file>
      <file name="chat.controller.ts" path="C:\Users\ericpeweh\Desktop\Desktop\DEVELOPMENT\PROJECT\cloversy-store-api\src\api\controllers\chat.controller.ts">
        <metrics statements="17" coveredstatements="17" conditionals="6" coveredconditionals="5" methods="2" coveredmethods="2"/>
        <line num="10" count="7" type="stmt"/>
        <line num="11" count="6" type="stmt"/>
        <line num="12" count="6" type="cond" truecount="1" falsecount="0"/>
        <line num="13" count="6" type="stmt"/>
        <line num="15" count="6" type="stmt"/>
        <line num="16" count="6" type="cond" truecount="2" falsecount="0"/>
        <line num="18" count="5" type="stmt"/>
        <line num="24" count="1" type="stmt"/>
        <line num="30" count="5" type="stmt"/>
        <line num="34" count="7" type="stmt"/>
        <line num="35" count="3" type="stmt"/>
        <line num="36" count="3" type="cond" truecount="0" falsecount="1"/>
        <line num="38" count="3" type="stmt"/>
        <line num="39" count="3" type="cond" truecount="2" falsecount="0"/>
        <line num="41" count="2" type="stmt"/>
        <line num="46" count="1" type="stmt"/>
        <line num="52" count="2" type="stmt"/>
      </file>
      <file name="dashboard.controller.ts" path="C:\Users\ericpeweh\Desktop\Desktop\DEVELOPMENT\PROJECT\cloversy-store-api\src\api\controllers\dashboard.controller.ts">
        <metrics statements="12" coveredstatements="12" conditionals="6" coveredconditionals="6" methods="1" coveredmethods="1"/>
        <line num="7" count="7" type="stmt"/>
        <line num="11" count="2" type="stmt"/>
        <line num="13" count="2" type="stmt"/>
        <line num="14" count="2" type="stmt"/>
        <line num="15" count="2" type="cond" truecount="2" falsecount="0"/>
        <line num="16" count="1" type="stmt"/>
        <line num="19" count="2" type="stmt"/>
        <line num="20" count="2" type="cond" truecount="2" falsecount="0"/>
        <line num="21" count="1" type="stmt"/>
        <line num="24" count="2" type="stmt"/>
        <line num="29" count="1" type="stmt"/>
        <line num="34" count="1" type="stmt"/>
      </file>
      <file name="email.marketing.controller.ts" path="C:\Users\ericpeweh\Desktop\Desktop\DEVELOPMENT\PROJECT\cloversy-store-api\src\api\controllers\email.marketing.controller.ts">
        <metrics statements="87" coveredstatements="74" conditionals="26" coveredconditionals="16" methods="13" coveredmethods="12"/>
        <line num="13" count="7" type="stmt"/>
        <line num="14" count="1" type="stmt"/>
        <line num="15" count="1" type="stmt"/>
        <line num="17" count="1" type="stmt"/>
        <line num="18" count="2" type="stmt"/>
        <line num="20" count="2" type="stmt"/>
        <line num="23" count="1" type="stmt"/>
        <line num="28" count="0" type="stmt"/>
        <line num="32" count="7" type="stmt"/>
        <line num="33" count="1" type="cond" truecount="0" falsecount="3"/>
        <line num="35" count="1" type="stmt"/>
        <line num="36" count="1" type="stmt"/>
        <line num="42" count="1" type="stmt"/>
        <line num="48" count="0" type="stmt"/>
        <line num="52" count="7" type="stmt"/>
        <line num="53" count="1" type="stmt"/>
        <line num="55" count="1" type="stmt"/>
        <line num="56" count="1" type="stmt"/>
        <line num="58" count="1" type="stmt"/>
        <line num="63" count="0" type="stmt"/>
        <line num="67" count="7" type="stmt"/>
        <line num="77" count="3" type="stmt"/>
        <line num="79" count="3" type="stmt"/>
        <line num="90" count="3" type="stmt"/>
        <line num="91" count="3" type="stmt"/>
        <line num="94" count="3" type="stmt"/>
        <line num="97" count="2" type="stmt"/>
        <line num="98" count="2" type="stmt"/>
        <line num="101" count="2" type="stmt"/>
        <line num="103" count="2" type="stmt"/>
        <line num="104" count="2" type="stmt"/>
        <line num="107" count="4" type="cond" truecount="1" falsecount="1"/>
        <line num="108" count="0" type="stmt"/>
        <line num="111" count="2" type="stmt"/>
        <line num="112" count="2" type="stmt"/>
        <line num="122" count="2" type="stmt"/>
        <line num="124" count="2" type="cond" truecount="2" falsecount="0"/>
        <line num="126" count="1" type="stmt"/>
        <line num="128" count="1" type="stmt"/>
        <line num="130" count="1" type="stmt"/>
        <line num="133" count="2" type="stmt"/>
        <line num="139" count="2" type="cond" truecount="2" falsecount="0"/>
        <line num="141" count="1" type="stmt"/>
        <line num="142" count="1" type="stmt"/>
        <line num="148" count="1" type="stmt"/>
        <line num="152" count="2" type="cond" truecount="2" falsecount="0"/>
        <line num="153" count="1" type="stmt"/>
        <line num="155" count="1" type="stmt"/>
        <line num="157" count="0" type="stmt"/>
        <line num="160" count="0" type="stmt"/>
        <line num="171" count="0" type="stmt"/>
        <line num="172" count="0" type="stmt"/>
        <line num="178" count="0" type="stmt"/>
        <line num="180" count="0" type="stmt"/>
        <line num="186" count="2" type="stmt"/>
        <line num="191" count="1" type="stmt"/>
        <line num="195" count="7" type="stmt"/>
        <line num="205" count="2" type="stmt"/>
        <line num="206" count="2" type="stmt"/>
        <line num="208" count="2" type="stmt"/>
        <line num="209" count="2" type="stmt"/>
        <line num="212" count="2" type="stmt"/>
        <line num="215" count="2" type="stmt"/>
        <line num="216" count="2" type="stmt"/>
        <line num="219" count="2" type="stmt"/>
        <line num="221" count="2" type="stmt"/>
        <line num="222" count="2" type="stmt"/>
        <line num="225" count="4" type="cond" truecount="1" falsecount="1"/>
        <line num="226" count="0" type="stmt"/>
        <line num="229" count="2" type="cond" truecount="2" falsecount="0"/>
        <line num="231" count="1" type="stmt"/>
        <line num="237" count="1" type="stmt"/>
        <line num="248" count="2" type="stmt"/>
        <line num="258" count="2" type="cond" truecount="2" falsecount="2"/>
        <line num="259" count="0" type="stmt"/>
        <line num="264" count="2" type="stmt"/>
        <line num="268" count="2" type="stmt"/>
        <line num="273" count="0" type="stmt"/>
        <line num="277" count="7" type="stmt"/>
        <line num="278" count="3" type="stmt"/>
        <line num="280" count="3" type="stmt"/>
        <line num="282" count="3" type="stmt"/>
        <line num="284" count="3" type="cond" truecount="2" falsecount="0"/>
        <line num="285" count="1" type="stmt"/>
        <line num="288" count="2" type="stmt"/>
        <line num="293" count="1" type="stmt"/>
        <line num="298" count="2" type="stmt"/>
      </file>
      <file name="index.ts" path="C:\Users\ericpeweh\Desktop\Desktop\DEVELOPMENT\PROJECT\cloversy-store-api\src\api\controllers\index.ts">
        <metrics statements="1" coveredstatements="1" conditionals="0" coveredconditionals="0" methods="0" coveredmethods="0"/>
        <line num="18" count="7" type="stmt"/>
      </file>
      <file name="notif.marketing.controller.ts" path="C:\Users\ericpeweh\Desktop\Desktop\DEVELOPMENT\PROJECT\cloversy-store-api\src\api\controllers\notif.marketing.controller.ts">
        <metrics statements="72" coveredstatements="63" conditionals="38" coveredconditionals="29" methods="6" coveredmethods="5"/>
        <line num="17" count="7" type="stmt"/>
        <line num="34" count="5" type="stmt"/>
        <line num="36" count="5" type="stmt"/>
        <line num="49" count="5" type="stmt"/>
        <line num="50" count="5" type="cond" truecount="4" falsecount="0"/>
        <line num="51" count="1" type="stmt"/>
        <line num="57" count="4" type="stmt"/>
        <line num="58" count="4" type="cond" truecount="2" falsecount="0"/>
        <line num="59" count="1" type="stmt"/>
        <line num="61" count="4" type="cond" truecount="2" falsecount="0"/>
        <line num="62" count="3" type="stmt"/>
        <line num="66" count="4" type="stmt"/>
        <line num="70" count="4" type="cond" truecount="1" falsecount="1"/>
        <line num="71" count="4" type="cond" truecount="1" falsecount="1"/>
        <line num="72" count="4" type="cond" truecount="1" falsecount="1"/>
        <line num="73" count="4" type="cond" truecount="1" falsecount="1"/>
        <line num="76" count="4" type="stmt"/>
        <line num="77" count="4" type="cond" truecount="2" falsecount="0"/>
        <line num="79" count="2" type="stmt"/>
        <line num="85" count="2" type="stmt"/>
        <line num="87" count="2" type="stmt"/>
        <line num="90" count="4" type="stmt"/>
        <line num="96" count="4" type="cond" truecount="2" falsecount="0"/>
        <line num="98" count="2" type="stmt"/>
        <line num="99" count="2" type="stmt"/>
        <line num="105" count="2" type="stmt"/>
        <line num="109" count="4" type="cond" truecount="2" falsecount="0"/>
        <line num="110" count="2" type="stmt"/>
        <line num="112" count="2" type="stmt"/>
        <line num="113" count="0" type="stmt"/>
        <line num="122" count="0" type="stmt"/>
        <line num="132" count="0" type="stmt"/>
        <line num="133" count="0" type="stmt"/>
        <line num="139" count="0" type="stmt"/>
        <line num="141" count="0" type="stmt"/>
        <line num="147" count="4" type="stmt"/>
        <line num="152" count="1" type="stmt"/>
        <line num="156" count="7" type="stmt"/>
        <line num="161" count="2" type="cond" truecount="3" falsecount="0"/>
        <line num="163" count="2" type="stmt"/>
        <line num="164" count="2" type="stmt"/>
        <line num="170" count="1" type="stmt"/>
        <line num="176" count="1" type="stmt"/>
        <line num="180" count="7" type="stmt"/>
        <line num="185" count="1" type="stmt"/>
        <line num="187" count="1" type="stmt"/>
        <line num="188" count="1" type="stmt"/>
        <line num="190" count="1" type="stmt"/>
        <line num="195" count="0" type="stmt"/>
        <line num="199" count="7" type="stmt"/>
        <line num="217" count="2" type="stmt"/>
        <line num="219" count="2" type="stmt"/>
        <line num="221" count="2" type="stmt"/>
        <line num="222" count="2" type="stmt"/>
        <line num="227" count="2" type="cond" truecount="2" falsecount="0"/>
        <line num="229" count="1" type="stmt"/>
        <line num="235" count="1" type="stmt"/>
        <line num="250" count="2" type="stmt"/>
        <line num="260" count="2" type="cond" truecount="3" falsecount="1"/>
        <line num="261" count="0" type="stmt"/>
        <line num="266" count="2" type="stmt"/>
        <line num="270" count="2" type="stmt"/>
        <line num="275" count="0" type="stmt"/>
        <line num="279" count="7" type="stmt"/>
        <line num="284" count="3" type="stmt"/>
        <line num="286" count="3" type="stmt"/>
        <line num="288" count="3" type="stmt"/>
        <line num="292" count="2" type="cond" truecount="2" falsecount="0"/>
        <line num="293" count="1" type="stmt"/>
        <line num="296" count="1" type="stmt"/>
        <line num="301" count="1" type="stmt"/>
        <line num="306" count="2" type="stmt"/>
      </file>
      <file name="notification.controller.ts" path="C:\Users\ericpeweh\Desktop\Desktop\DEVELOPMENT\PROJECT\cloversy-store-api\src\api\controllers\notification.controller.ts">
        <metrics statements="22" coveredstatements="2" conditionals="16" coveredconditionals="0" methods="2" coveredmethods="0"/>
        <line num="13" count="7" type="stmt"/>
        <line num="14" count="0" type="stmt"/>
        <line num="15" count="0" type="cond" truecount="0" falsecount="3"/>
        <line num="17" count="0" type="stmt"/>
        <line num="18" count="0" type="cond" truecount="0" falsecount="2"/>
        <line num="20" count="0" type="cond" truecount="0" falsecount="5"/>
        <line num="21" count="0" type="stmt"/>
        <line num="24" count="0" type="cond" truecount="0" falsecount="2"/>
        <line num="25" count="0" type="stmt"/>
        <line num="29" count="0" type="stmt"/>
        <line num="36" count="0" type="stmt"/>
        <line num="42" count="0" type="stmt"/>
        <line num="46" count="7" type="stmt"/>
        <line num="47" count="0" type="stmt"/>
        <line num="48" count="0" type="stmt"/>
        <line num="50" count="0" type="stmt"/>
        <line num="51" count="0" type="cond" truecount="0" falsecount="2"/>
        <line num="52" count="0" type="cond" truecount="0" falsecount="2"/>
        <line num="55" count="0" type="stmt"/>
        <line num="57" count="0" type="stmt"/>
        <line num="62" count="0" type="stmt"/>
        <line num="67" count="0" type="stmt"/>
      </file>
      <file name="product.controller.ts" path="C:\Users\ericpeweh\Desktop\Desktop\DEVELOPMENT\PROJECT\cloversy-store-api\src\api\controllers\product.controller.ts">
        <metrics statements="50" coveredstatements="5" conditionals="48" coveredconditionals="0" methods="5" coveredmethods="0"/>
        <line num="12" count="7" type="stmt"/>
        <line num="19" count="0" type="stmt"/>
        <line num="21" count="0" type="stmt"/>
        <line num="22" count="0" type="cond" truecount="0" falsecount="2"/>
        <line num="29" count="0" type="stmt"/>
        <line num="34" count="0" type="cond" truecount="0" falsecount="2"/>
        <line num="35" count="0" type="stmt"/>
        <line num="38" count="0" type="stmt"/>
        <line num="46" count="0" type="stmt"/>
        <line num="52" count="0" type="stmt"/>
        <line num="56" count="7" type="stmt"/>
        <line num="57" count="0" type="stmt"/>
        <line num="58" count="0" type="stmt"/>
        <line num="62" count="0" type="stmt"/>
        <line num="64" count="0" type="cond" truecount="0" falsecount="2"/>
        <line num="69" count="0" type="stmt"/>
        <line num="72" count="0" type="cond" truecount="0" falsecount="2"/>
        <line num="78" count="0" type="stmt"/>
        <line num="81" count="0" type="stmt"/>
        <line num="82" count="0" type="cond" truecount="0" falsecount="2"/>
        <line num="83" count="0" type="stmt"/>
        <line num="86" count="0" type="stmt"/>
        <line num="87" count="0" type="cond" truecount="0" falsecount="2"/>
        <line num="88" count="0" type="stmt"/>
        <line num="91" count="0" type="stmt"/>
        <line num="97" count="0" type="stmt"/>
        <line num="104" count="0" type="stmt"/>
        <line num="108" count="7" type="stmt"/>
        <line num="109" count="0" type="stmt"/>
        <line num="121" count="0" type="stmt"/>
        <line num="122" count="0" type="stmt"/>
        <line num="124" count="0" type="stmt"/>
        <line num="126" count="0" type="stmt"/>
        <line num="133" count="0" type="stmt"/>
        <line num="138" count="0" type="stmt"/>
        <line num="142" count="7" type="stmt"/>
        <line num="143" count="0" type="stmt"/>
        <line num="144" count="0" type="stmt"/>
        <line num="159" count="0" type="stmt"/>
        <line num="160" count="0" type="stmt"/>
        <line num="162" count="0" type="stmt"/>
        <line num="173" count="0" type="stmt"/>
        <line num="186" count="0" type="stmt"/>
        <line num="191" count="0" type="stmt"/>
        <line num="195" count="7" type="stmt"/>
        <line num="196" count="0" type="stmt"/>
        <line num="197" count="0" type="stmt"/>
        <line num="199" count="0" type="stmt"/>
        <line num="201" count="0" type="stmt"/>
        <line num="206" count="0" type="stmt"/>
      </file>
      <file name="review.controller.ts" path="C:\Users\ericpeweh\Desktop\Desktop\DEVELOPMENT\PROJECT\cloversy-store-api\src\api\controllers\review.controller.ts">
        <metrics statements="39" coveredstatements="3" conditionals="40" coveredconditionals="0" methods="3" coveredmethods="0"/>
        <line num="10" count="7" type="stmt"/>
        <line num="11" count="0" type="stmt"/>
        <line num="13" count="0" type="stmt"/>
        <line num="14" count="0" type="cond" truecount="0" falsecount="2"/>
        <line num="16" count="0" type="stmt"/>
        <line num="18" count="0" type="stmt"/>
        <line num="23" count="0" type="stmt"/>
        <line num="27" count="7" type="stmt"/>
        <line num="35" count="0" type="stmt"/>
        <line num="37" count="0" type="stmt"/>
        <line num="38" count="0" type="cond" truecount="0" falsecount="2"/>
        <line num="46" count="0" type="stmt"/>
        <line num="49" count="0" type="cond" truecount="0" falsecount="4"/>
        <line num="50" count="0" type="stmt"/>
        <line num="52" count="0" type="cond" truecount="0" falsecount="2"/>
        <line num="53" count="0" type="stmt"/>
        <line num="56" count="0" type="cond" truecount="0" falsecount="2"/>
        <line num="57" count="0" type="stmt"/>
        <line num="59" count="0" type="stmt"/>
        <line num="68" count="0" type="stmt"/>
        <line num="73" count="0" type="stmt"/>
        <line num="77" count="7" type="stmt"/>
        <line num="78" count="0" type="stmt"/>
        <line num="79" count="0" type="stmt"/>
        <line num="81" count="0" type="stmt"/>
        <line num="82" count="0" type="cond" truecount="0" falsecount="2"/>
        <line num="84" count="0" type="cond" truecount="0" falsecount="6"/>
        <line num="85" count="0" type="stmt"/>
        <line num="87" count="0" type="cond" truecount="0" falsecount="2"/>
        <line num="88" count="0" type="stmt"/>
        <line num="90" count="0" type="cond" truecount="0" falsecount="2"/>
        <line num="91" count="0" type="stmt"/>
        <line num="93" count="0" type="cond" truecount="0" falsecount="2"/>
        <line num="94" count="0" type="stmt"/>
        <line num="96" count="0" type="stmt"/>
        <line num="98" count="0" type="cond" truecount="0" falsecount="2"/>
        <line num="100" count="0" type="stmt"/>
        <line num="108" count="0" type="stmt"/>
        <line num="113" count="0" type="stmt"/>
      </file>
      <file name="subscription.controller.ts" path="C:\Users\ericpeweh\Desktop\Desktop\DEVELOPMENT\PROJECT\cloversy-store-api\src\api\controllers\subscription.controller.ts">
        <metrics statements="8" coveredstatements="1" conditionals="6" coveredconditionals="0" methods="1" coveredmethods="0"/>
        <line num="12" count="7" type="stmt"/>
        <line num="13" count="0" type="cond" truecount="0" falsecount="2"/>
        <line num="15" count="0" type="stmt"/>
        <line num="16" count="0" type="cond" truecount="0" falsecount="4"/>
        <line num="17" count="0" type="stmt"/>
        <line num="20" count="0" type="stmt"/>
        <line num="25" count="0" type="stmt"/>
        <line num="31" count="0" type="stmt"/>
      </file>
      <file name="transaction.controller.ts" path="C:\Users\ericpeweh\Desktop\Desktop\DEVELOPMENT\PROJECT\cloversy-store-api\src\api\controllers\transaction.controller.ts">
        <metrics statements="82" coveredstatements="5" conditionals="72" coveredconditionals="0" methods="7" coveredmethods="0"/>
        <line num="18" count="7" type="stmt"/>
        <line num="19" count="0" type="cond" truecount="0" falsecount="4"/>
        <line num="21" count="7" type="stmt"/>
        <line num="22" count="0" type="stmt"/>
        <line num="30" count="0" type="stmt"/>
        <line num="32" count="0" type="cond" truecount="0" falsecount="2"/>
        <line num="40" count="0" type="stmt"/>
        <line num="43" count="0" type="cond" truecount="0" falsecount="2"/>
        <line num="44" count="0" type="stmt"/>
        <line num="49" count="0" type="cond" truecount="0" falsecount="2"/>
        <line num="50" count="0" type="stmt"/>
        <line num="53" count="0" type="stmt"/>
        <line num="62" count="0" type="stmt"/>
        <line num="68" count="0" type="stmt"/>
        <line num="72" count="7" type="stmt"/>
        <line num="73" count="0" type="stmt"/>
        <line num="74" count="0" type="stmt"/>
        <line num="76" count="0" type="stmt"/>
        <line num="77" count="0" type="cond" truecount="0" falsecount="4"/>
        <line num="78" count="0" type="stmt"/>
        <line num="80" count="0" type="stmt"/>
        <line num="81" count="0" type="stmt"/>
        <line num="83" count="0" type="stmt"/>
        <line num="86" count="0" type="stmt"/>
        <line num="87" count="0" type="stmt"/>
        <line num="88" count="0" type="cond" truecount="0" falsecount="2"/>
        <line num="89" count="0" type="stmt"/>
        <line num="90" count="0" type="stmt"/>
        <line num="95" count="0" type="stmt"/>
        <line num="102" count="0" type="cond" truecount="0" falsecount="2"/>
        <line num="103" count="0" type="stmt"/>
        <line num="105" count="0" type="stmt"/>
        <line num="107" count="0" type="stmt"/>
        <line num="109" count="0" type="stmt"/>
        <line num="117" count="0" type="stmt"/>
        <line num="119" count="0" type="stmt"/>
        <line num="130" count="0" type="stmt"/>
        <line num="134" count="7" type="stmt"/>
        <line num="135" count="0" type="stmt"/>
        <line num="142" count="0" type="stmt"/>
        <line num="144" count="0" type="stmt"/>
        <line num="145" count="0" type="cond" truecount="0" falsecount="4"/>
        <line num="146" count="0" type="stmt"/>
        <line num="148" count="0" type="stmt"/>
        <line num="154" count="0" type="stmt"/>
        <line num="161" count="0" type="stmt"/>
        <line num="162" count="0" type="stmt"/>
        <line num="164" count="0" type="stmt"/>
        <line num="169" count="0" type="stmt"/>
        <line num="173" count="7" type="stmt"/>
        <line num="174" count="0" type="stmt"/>
        <line num="175" count="0" type="stmt"/>
        <line num="177" count="0" type="stmt"/>
        <line num="178" count="0" type="cond" truecount="0" falsecount="4"/>
        <line num="179" count="0" type="stmt"/>
        <line num="181" count="0" type="cond" truecount="0" falsecount="4"/>
        <line num="182" count="0" type="stmt"/>
        <line num="185" count="0" type="stmt"/>
        <line num="187" count="0" type="cond" truecount="0" falsecount="2"/>
        <line num="189" count="0" type="cond" truecount="0" falsecount="4"/>
        <line num="190" count="0" type="stmt"/>
        <line num="194" count="0" type="cond" truecount="0" falsecount="2"/>
        <line num="195" count="0" type="stmt"/>
        <line num="198" count="0" type="stmt"/>
        <line num="199" count="0" type="cond" truecount="0" falsecount="4"/>
        <line num="200" count="0" type="stmt"/>
        <line num="203" count="0" type="stmt"/>
        <line num="211" count="0" type="stmt"/>
        <line num="216" count="0" type="cond" truecount="0" falsecount="2"/>
        <line num="217" count="0" type="cond" truecount="0" falsecount="2"/>
        <line num="218" count="0" type="stmt"/>
        <line num="226" count="0" type="stmt"/>
        <line num="231" count="0" type="cond" truecount="0" falsecount="2"/>
        <line num="232" count="0" type="stmt"/>
        <line num="240" count="0" type="stmt"/>
        <line num="245" count="0" type="cond" truecount="0" falsecount="2"/>
        <line num="246" count="0" type="stmt"/>
        <line num="254" count="0" type="stmt"/>
        <line num="260" count="0" type="stmt"/>
        <line num="261" count="0" type="stmt"/>
        <line num="263" count="0" type="stmt"/>
        <line num="268" count="0" type="stmt"/>
      </file>
      <file name="user.controller.ts" path="C:\Users\ericpeweh\Desktop\Desktop\DEVELOPMENT\PROJECT\cloversy-store-api\src\api\controllers\user.controller.ts">
        <metrics statements="36" coveredstatements="4" conditionals="16" coveredconditionals="0" methods="4" coveredmethods="0"/>
        <line num="10" count="7" type="stmt"/>
        <line num="11" count="0" type="cond" truecount="0" falsecount="3"/>
        <line num="13" count="0" type="stmt"/>
        <line num="14" count="0" type="cond" truecount="0" falsecount="2"/>
        <line num="19" count="0" type="stmt"/>
        <line num="24" count="0" type="stmt"/>
        <line num="30" count="0" type="stmt"/>
        <line num="36" count="0" type="stmt"/>
        <line num="40" count="7" type="stmt"/>
        <line num="41" count="0" type="stmt"/>
        <line num="43" count="0" type="stmt"/>
        <line num="44" count="0" type="cond" truecount="0" falsecount="2"/>
        <line num="45" count="0" type="stmt"/>
        <line num="48" count="0" type="stmt"/>
        <line num="50" count="0" type="cond" truecount="0" falsecount="2"/>
        <line num="51" count="0" type="stmt"/>
        <line num="54" count="0" type="stmt"/>
        <line num="59" count="0" type="stmt"/>
        <line num="63" count="7" type="stmt"/>
        <line num="64" count="0" type="stmt"/>
        <line num="66" count="0" type="stmt"/>
        <line num="67" count="0" type="cond" truecount="0" falsecount="2"/>
        <line num="68" count="0" type="stmt"/>
        <line num="71" count="0" type="stmt"/>
        <line num="73" count="0" type="cond" truecount="0" falsecount="2"/>
        <line num="74" count="0" type="stmt"/>
        <line num="77" count="0" type="stmt"/>
        <line num="82" count="0" type="stmt"/>
        <line num="86" count="7" type="stmt"/>
        <line num="87" count="0" type="stmt"/>
        <line num="88" count="0" type="stmt"/>
        <line num="90" count="0" type="stmt"/>
        <line num="91" count="0" type="stmt"/>
        <line num="99" count="0" type="stmt"/>
        <line num="101" count="0" type="stmt"/>
        <line num="106" count="0" type="stmt"/>
      </file>
      <file name="voucher.controller.ts" path="C:\Users\ericpeweh\Desktop\Desktop\DEVELOPMENT\PROJECT\cloversy-store-api\src\api\controllers\voucher.controller.ts">
        <metrics statements="40" coveredstatements="4" conditionals="26" coveredconditionals="0" methods="4" coveredmethods="0"/>
        <line num="10" count="7" type="stmt"/>
        <line num="16" count="0" type="stmt"/>
        <line num="18" count="0" type="stmt"/>
        <line num="19" count="0" type="cond" truecount="0" falsecount="2"/>
        <line num="25" count="0" type="stmt"/>
        <line num="28" count="0" type="cond" truecount="0" falsecount="2"/>
        <line num="29" count="0" type="stmt"/>
        <line num="34" count="0" type="cond" truecount="0" falsecount="2"/>
        <line num="35" count="0" type="stmt"/>
        <line num="38" count="0" type="stmt"/>
        <line num="45" count="0" type="stmt"/>
        <line num="51" count="0" type="stmt"/>
        <line num="53" count="0" type="stmt"/>
        <line num="57" count="7" type="stmt"/>
        <line num="58" count="0" type="stmt"/>
        <line num="59" count="0" type="cond" truecount="0" falsecount="1"/>
        <line num="61" count="0" type="stmt"/>
        <line num="62" count="0" type="cond" truecount="0" falsecount="4"/>
        <line num="63" count="0" type="stmt"/>
        <line num="66" count="0" type="stmt"/>
        <line num="67" count="0" type="cond" truecount="0" falsecount="2"/>
        <line num="68" count="0" type="stmt"/>
        <line num="71" count="0" type="stmt"/>
        <line num="73" count="0" type="stmt"/>
        <line num="78" count="0" type="stmt"/>
        <line num="82" count="7" type="stmt"/>
        <line num="83" count="0" type="stmt"/>
        <line num="95" count="0" type="stmt"/>
        <line num="97" count="0" type="stmt"/>
        <line num="109" count="0" type="stmt"/>
        <line num="111" count="0" type="stmt"/>
        <line num="116" count="0" type="stmt"/>
        <line num="120" count="7" type="stmt"/>
        <line num="121" count="0" type="stmt"/>
        <line num="123" count="0" type="stmt"/>
        <line num="135" count="0" type="stmt"/>
        <line num="137" count="0" type="stmt"/>
        <line num="148" count="0" type="stmt"/>
        <line num="155" count="0" type="stmt"/>
        <line num="160" count="0" type="stmt"/>
      </file>
    </package>
    <package name="api.controllers.client">
      <metrics statements="535" coveredstatements="64" conditionals="300" coveredconditionals="5" methods="51" coveredmethods="3"/>
      <file name="activity.controller.ts" path="C:\Users\ericpeweh\Desktop\Desktop\DEVELOPMENT\PROJECT\cloversy-store-api\src\api\controllers\client\activity.controller.ts">
        <metrics statements="16" coveredstatements="2" conditionals="6" coveredconditionals="0" methods="2" coveredmethods="0"/>
        <line num="10" count="1" type="stmt"/>
        <line num="11" count="0" type="stmt"/>
        <line num="13" count="0" type="stmt"/>
        <line num="14" count="0" type="cond" truecount="0" falsecount="2"/>
        <line num="16" count="0" type="stmt"/>
        <line num="18" count="0" type="stmt"/>
        <line num="23" count="0" type="stmt"/>
        <line num="27" count="1" type="stmt"/>
        <line num="28" count="0" type="stmt"/>
        <line num="29" count="0" type="stmt"/>
        <line num="31" count="0" type="stmt"/>
        <line num="32" count="0" type="cond" truecount="0" falsecount="2"/>
        <line num="34" count="0" type="cond" truecount="0" falsecount="2"/>
        <line num="36" count="0" type="stmt"/>
        <line num="38" count="0" type="stmt"/>
        <line num="43" count="0" type="stmt"/>
      </file>
      <file name="address.controller.ts" path="C:\Users\ericpeweh\Desktop\Desktop\DEVELOPMENT\PROJECT\cloversy-store-api\src\api\controllers\client\address.controller.ts">
        <metrics statements="38" coveredstatements="4" conditionals="10" coveredconditionals="0" methods="4" coveredmethods="0"/>
        <line num="13" count="1" type="stmt"/>
        <line num="14" count="0" type="stmt"/>
        <line num="16" count="0" type="stmt"/>
        <line num="17" count="0" type="cond" truecount="0" falsecount="2"/>
        <line num="18" count="0" type="stmt"/>
        <line num="21" count="0" type="stmt"/>
        <line num="23" count="0" type="stmt"/>
        <line num="28" count="0" type="stmt"/>
        <line num="32" count="1" type="stmt"/>
        <line num="33" count="0" type="stmt"/>
        <line num="35" count="0" type="stmt"/>
        <line num="36" count="0" type="cond" truecount="0" falsecount="2"/>
        <line num="37" count="0" type="stmt"/>
        <line num="54" count="0" type="stmt"/>
        <line num="56" count="0" type="stmt"/>
        <line num="73" count="0" type="stmt"/>
        <line num="75" count="0" type="stmt"/>
        <line num="80" count="0" type="stmt"/>
        <line num="84" count="1" type="stmt"/>
        <line num="85" count="0" type="stmt"/>
        <line num="87" count="0" type="stmt"/>
        <line num="88" count="0" type="cond" truecount="0" falsecount="2"/>
        <line num="89" count="0" type="stmt"/>
        <line num="92" count="0" type="stmt"/>
        <line num="107" count="0" type="stmt"/>
        <line num="109" count="0" type="stmt"/>
        <line num="125" count="0" type="stmt"/>
        <line num="134" count="0" type="stmt"/>
        <line num="139" count="0" type="stmt"/>
        <line num="143" count="1" type="stmt"/>
        <line num="144" count="0" type="stmt"/>
        <line num="146" count="0" type="stmt"/>
        <line num="147" count="0" type="cond" truecount="0" falsecount="4"/>
        <line num="148" count="0" type="stmt"/>
        <line num="151" count="0" type="stmt"/>
        <line num="152" count="0" type="stmt"/>
        <line num="154" count="0" type="stmt"/>
        <line num="159" count="0" type="stmt"/>
      </file>
      <file name="brand.controller.ts" path="C:\Users\ericpeweh\Desktop\Desktop\DEVELOPMENT\PROJECT\cloversy-store-api\src\api\controllers\client\brand.controller.ts">
        <metrics statements="5" coveredstatements="1" conditionals="0" coveredconditionals="0" methods="1" coveredmethods="0"/>
        <line num="7" count="1" type="stmt"/>
        <line num="8" count="0" type="stmt"/>
        <line num="9" count="0" type="stmt"/>
        <line num="11" count="0" type="stmt"/>
        <line num="16" count="0" type="stmt"/>
      </file>
      <file name="cart.controller.ts" path="C:\Users\ericpeweh\Desktop\Desktop\DEVELOPMENT\PROJECT\cloversy-store-api\src\api\controllers\client\cart.controller.ts">
        <metrics statements="91" coveredstatements="7" conditionals="45" coveredconditionals="0" methods="10" coveredmethods="0"/>
        <line num="15" count="1" type="stmt"/>
        <line num="18" count="0" type="stmt"/>
        <line num="19" count="0" type="stmt"/>
        <line num="22" count="0" type="stmt"/>
        <line num="23" count="0" type="stmt"/>
        <line num="24" count="0" type="stmt"/>
        <line num="32" count="0" type="stmt"/>
        <line num="35" count="1" type="stmt"/>
        <line num="36" count="0" type="stmt"/>
        <line num="38" count="0" type="stmt"/>
        <line num="40" count="0" type="stmt"/>
        <line num="42" count="0" type="cond" truecount="0" falsecount="2"/>
        <line num="44" count="0" type="cond" truecount="0" falsecount="2"/>
        <line num="46" count="0" type="stmt"/>
        <line num="48" count="0" type="stmt"/>
        <line num="50" count="0" type="stmt"/>
        <line num="52" count="0" type="cond" truecount="0" falsecount="4"/>
        <line num="53" count="0" type="stmt"/>
        <line num="56" count="0" type="stmt"/>
        <line num="59" count="0" type="stmt"/>
        <line num="64" count="0" type="stmt"/>
        <line num="68" count="1" type="stmt"/>
        <line num="69" count="0" type="stmt"/>
        <line num="71" count="0" type="stmt"/>
        <line num="72" count="0" type="cond" truecount="0" falsecount="2"/>
        <line num="73" count="0" type="stmt"/>
        <line num="76" count="0" type="cond" truecount="0" falsecount="2"/>
        <line num="78" count="0" type="cond" truecount="0" falsecount="2"/>
        <line num="79" count="0" type="stmt"/>
        <line num="82" count="0" type="stmt"/>
        <line num="85" count="0" type="stmt"/>
        <line num="87" count="0" type="stmt"/>
        <line num="89" count="0" type="stmt"/>
        <line num="91" count="0" type="stmt"/>
        <line num="97" count="0" type="stmt"/>
        <line num="100" count="1" type="stmt"/>
        <line num="101" count="0" type="stmt"/>
        <line num="102" count="0" type="stmt"/>
        <line num="104" count="0" type="stmt"/>
        <line num="108" count="0" type="stmt"/>
        <line num="112" count="1" type="stmt"/>
        <line num="113" count="0" type="stmt"/>
        <line num="115" count="0" type="stmt"/>
        <line num="117" count="0" type="stmt"/>
        <line num="123" count="0" type="stmt"/>
        <line num="125" count="0" type="stmt"/>
        <line num="126" count="0" type="cond" truecount="0" falsecount="5"/>
        <line num="127" count="0" type="stmt"/>
        <line num="130" count="0" type="cond" truecount="0" falsecount="2"/>
        <line num="131" count="0" type="stmt"/>
        <line num="134" count="0" type="cond" truecount="0" falsecount="2"/>
        <line num="135" count="0" type="cond" truecount="0" falsecount="2"/>
        <line num="137" count="0" type="stmt"/>
        <line num="139" count="0" type="stmt"/>
        <line num="141" count="0" type="stmt"/>
        <line num="144" count="0" type="stmt"/>
        <line num="146" count="0" type="stmt"/>
        <line num="149" count="0" type="stmt"/>
        <line num="154" count="0" type="stmt"/>
        <line num="158" count="1" type="stmt"/>
        <line num="159" count="0" type="stmt"/>
        <line num="161" count="0" type="stmt"/>
        <line num="163" count="0" type="stmt"/>
        <line num="164" count="0" type="cond" truecount="0" falsecount="4"/>
        <line num="165" count="0" type="stmt"/>
        <line num="168" count="0" type="cond" truecount="0" falsecount="2"/>
        <line num="169" count="0" type="stmt"/>
        <line num="173" count="0" type="cond" truecount="0" falsecount="2"/>
        <line num="175" count="0" type="cond" truecount="0" falsecount="2"/>
        <line num="177" count="0" type="stmt"/>
        <line num="183" count="0" type="stmt"/>
        <line num="185" count="0" type="stmt"/>
        <line num="188" count="0" type="stmt"/>
        <line num="190" count="0" type="stmt"/>
        <line num="193" count="0" type="stmt"/>
        <line num="198" count="0" type="stmt"/>
        <line num="202" count="1" type="stmt"/>
        <line num="203" count="0" type="stmt"/>
        <line num="205" count="0" type="stmt"/>
        <line num="209" count="0" type="stmt"/>
        <line num="210" count="0" type="cond" truecount="0" falsecount="2"/>
        <line num="211" count="0" type="stmt"/>
        <line num="214" count="0" type="cond" truecount="0" falsecount="2"/>
        <line num="216" count="0" type="cond" truecount="0" falsecount="2"/>
        <line num="218" count="0" type="stmt"/>
        <line num="220" count="0" type="stmt"/>
        <line num="222" count="0" type="stmt"/>
        <line num="225" count="0" type="stmt"/>
        <line num="227" count="0" type="stmt"/>
        <line num="230" count="0" type="stmt"/>
        <line num="235" count="0" type="stmt"/>
      </file>
      <file name="category.controller.ts" path="C:\Users\ericpeweh\Desktop\Desktop\DEVELOPMENT\PROJECT\cloversy-store-api\src\api\controllers\client\category.controller.ts">
        <metrics statements="5" coveredstatements="1" conditionals="0" coveredconditionals="0" methods="1" coveredmethods="0"/>
        <line num="7" count="1" type="stmt"/>
        <line num="8" count="0" type="stmt"/>
        <line num="9" count="0" type="stmt"/>
        <line num="11" count="0" type="stmt"/>
        <line num="16" count="0" type="stmt"/>
      </file>
      <file name="chat.controller.ts" path="C:\Users\ericpeweh\Desktop\Desktop\DEVELOPMENT\PROJECT\cloversy-store-api\src\api\controllers\client\chat.controller.ts">
        <metrics statements="10" coveredstatements="1" conditionals="5" coveredconditionals="0" methods="1" coveredmethods="0"/>
        <line num="10" count="1" type="stmt"/>
        <line num="11" count="0" type="cond" truecount="0" falsecount="1"/>
        <line num="12" count="0" type="stmt"/>
        <line num="14" count="0" type="stmt"/>
        <line num="15" count="0" type="cond" truecount="0" falsecount="2"/>
        <line num="17" count="0" type="cond" truecount="0" falsecount="2"/>
        <line num="18" count="0" type="stmt"/>
        <line num="21" count="0" type="stmt"/>
        <line num="26" count="0" type="stmt"/>
        <line num="32" count="0" type="stmt"/>
      </file>
      <file name="contact.controller.ts" path="C:\Users\ericpeweh\Desktop\Desktop\DEVELOPMENT\PROJECT\cloversy-store-api\src\api\controllers\client\contact.controller.ts">
        <metrics statements="16" coveredstatements="1" conditionals="11" coveredconditionals="0" methods="1" coveredmethods="0"/>
        <line num="11" count="1" type="stmt"/>
        <line num="12" count="0" type="stmt"/>
        <line num="14" count="0" type="stmt"/>
        <line num="15" count="0" type="cond" truecount="0" falsecount="7"/>
        <line num="16" count="0" type="stmt"/>
        <line num="18" count="0" type="cond" truecount="0" falsecount="2"/>
        <line num="19" count="0" type="stmt"/>
        <line num="21" count="0" type="cond" truecount="0" falsecount="2"/>
        <line num="22" count="0" type="stmt"/>
        <line num="24" count="0" type="stmt"/>
        <line num="32" count="0" type="stmt"/>
        <line num="35" count="0" type="stmt"/>
        <line num="36" count="0" type="stmt"/>
        <line num="42" count="0" type="stmt"/>
        <line num="44" count="0" type="stmt"/>
        <line num="49" count="0" type="stmt"/>
      </file>
      <file name="data.controller.ts" path="C:\Users\ericpeweh\Desktop\Desktop\DEVELOPMENT\PROJECT\cloversy-store-api\src\api\controllers\client\data.controller.ts">
        <metrics statements="35" coveredstatements="4" conditionals="10" coveredconditionals="0" methods="4" coveredmethods="0"/>
        <line num="10" count="1" type="stmt"/>
        <line num="11" count="0" type="stmt"/>
        <line num="12" count="0" type="stmt"/>
        <line num="14" count="0" type="stmt"/>
        <line num="21" count="0" type="stmt"/>
        <line num="25" count="1" type="stmt"/>
        <line num="26" count="0" type="stmt"/>
        <line num="28" count="0" type="stmt"/>
        <line num="29" count="0" type="cond" truecount="0" falsecount="2"/>
        <line num="30" count="0" type="stmt"/>
        <line num="33" count="0" type="stmt"/>
        <line num="35" count="0" type="stmt"/>
        <line num="42" count="0" type="stmt"/>
        <line num="46" count="1" type="stmt"/>
        <line num="47" count="0" type="stmt"/>
        <line num="49" count="0" type="stmt"/>
        <line num="50" count="0" type="cond" truecount="0" falsecount="2"/>
        <line num="51" count="0" type="stmt"/>
        <line num="54" count="0" type="stmt"/>
        <line num="56" count="0" type="stmt"/>
        <line num="63" count="0" type="stmt"/>
        <line num="67" count="1" type="stmt"/>
        <line num="72" count="0" type="stmt"/>
        <line num="73" count="0" type="stmt"/>
        <line num="75" count="0" type="stmt"/>
        <line num="76" count="0" type="cond" truecount="0" falsecount="2"/>
        <line num="77" count="0" type="stmt"/>
        <line num="80" count="0" type="cond" truecount="0" falsecount="2"/>
        <line num="81" count="0" type="stmt"/>
        <line num="84" count="0" type="stmt"/>
        <line num="87" count="0" type="cond" truecount="0" falsecount="2"/>
        <line num="88" count="0" type="stmt"/>
        <line num="91" count="0" type="stmt"/>
        <line num="93" count="0" type="stmt"/>
        <line num="103" count="0" type="stmt"/>
      </file>
      <file name="index.ts" path="C:\Users\ericpeweh\Desktop\Desktop\DEVELOPMENT\PROJECT\cloversy-store-api\src\api\controllers\client\index.ts">
        <metrics statements="0" coveredstatements="0" conditionals="0" coveredconditionals="0" methods="0" coveredmethods="0"/>
      </file>
      <file name="midtrans.controller.ts" path="C:\Users\ericpeweh\Desktop\Desktop\DEVELOPMENT\PROJECT\cloversy-store-api\src\api\controllers\client\midtrans.controller.ts">
        <metrics statements="47" coveredstatements="2" conditionals="45" coveredconditionals="0" methods="1" coveredmethods="0"/>
        <line num="6" count="1" type="stmt"/>
        <line num="18" count="1" type="stmt"/>
        <line num="20" count="0" type="stmt"/>
        <line num="22" count="0" type="stmt"/>
        <line num="23" count="0" type="cond" truecount="0" falsecount="2"/>
        <line num="31" count="0" type="stmt"/>
        <line num="34" count="0" type="stmt"/>
        <line num="36" count="0" type="cond" truecount="0" falsecount="2"/>
        <line num="38" count="0" type="stmt"/>
        <line num="39" count="0" type="stmt"/>
        <line num="40" count="0" type="stmt"/>
        <line num="42" count="0" type="cond" truecount="0" falsecount="2"/>
        <line num="44" count="0" type="stmt"/>
        <line num="51" count="0" type="cond" truecount="0" falsecount="2"/>
        <line num="52" count="0" type="stmt"/>
        <line num="58" count="0" type="stmt"/>
        <line num="59" count="0" type="stmt"/>
        <line num="65" count="0" type="stmt"/>
        <line num="67" count="0" type="stmt"/>
        <line num="73" count="0" type="stmt"/>
        <line num="78" count="0" type="cond" truecount="0" falsecount="2"/>
        <line num="84" count="0" type="stmt"/>
        <line num="86" count="0" type="stmt"/>
        <line num="87" count="0" type="cond" truecount="0" falsecount="2"/>
        <line num="88" count="0" type="stmt"/>
        <line num="91" count="0" type="stmt"/>
        <line num="102" count="0" type="cond" truecount="0" falsecount="2"/>
        <line num="103" count="0" type="cond" truecount="0" falsecount="2"/>
        <line num="104" count="0" type="stmt"/>
        <line num="112" count="0" type="stmt"/>
        <line num="119" count="0" type="cond" truecount="0" falsecount="4"/>
        <line num="120" count="0" type="cond" truecount="0" falsecount="2"/>
        <line num="121" count="0" type="stmt"/>
        <line num="128" count="0" type="stmt"/>
        <line num="135" count="0" type="cond" truecount="0" falsecount="2"/>
        <line num="139" count="0" type="stmt"/>
        <line num="146" count="0" type="cond" truecount="0" falsecount="2"/>
        <line num="147" count="0" type="stmt"/>
        <line num="155" count="0" type="stmt"/>
        <line num="160" count="0" type="stmt"/>
        <line num="167" count="0" type="cond" truecount="0" falsecount="2"/>
        <line num="168" count="0" type="stmt"/>
        <line num="174" count="0" type="stmt"/>
        <line num="175" count="0" type="stmt"/>
        <line num="181" count="0" type="stmt"/>
        <line num="184" count="0" type="stmt"/>
        <line num="188" count="0" type="stmt"/>
      </file>
      <file name="product.controller.ts" path="C:\Users\ericpeweh\Desktop\Desktop\DEVELOPMENT\PROJECT\cloversy-store-api\src\api\controllers\client\product.controller.ts">
        <metrics statements="21" coveredstatements="2" conditionals="18" coveredconditionals="0" methods="2" coveredmethods="0"/>
        <line num="12" count="1" type="stmt"/>
        <line num="20" count="0" type="stmt"/>
        <line num="22" count="0" type="stmt"/>
        <line num="23" count="0" type="cond" truecount="0" falsecount="2"/>
        <line num="31" count="0" type="stmt"/>
        <line num="36" count="0" type="cond" truecount="0" falsecount="2"/>
        <line num="37" count="0" type="stmt"/>
        <line num="40" count="0" type="stmt"/>
        <line num="48" count="0" type="stmt"/>
        <line num="50" count="0" type="stmt"/>
        <line num="51" count="0" type="stmt"/>
        <line num="53" count="0" type="stmt"/>
        <line num="59" count="0" type="stmt"/>
        <line num="63" count="1" type="stmt"/>
        <line num="64" count="0" type="stmt"/>
        <line num="65" count="0" type="stmt"/>
        <line num="67" count="0" type="cond" truecount="0" falsecount="2"/>
        <line num="68" count="0" type="stmt"/>
        <line num="72" count="0" type="stmt"/>
        <line num="74" count="0" type="stmt"/>
        <line num="85" count="0" type="stmt"/>
      </file>
      <file name="subscription.controller.ts" path="C:\Users\ericpeweh\Desktop\Desktop\DEVELOPMENT\PROJECT\cloversy-store-api\src\api\controllers\client\subscription.controller.ts">
        <metrics statements="32" coveredstatements="4" conditionals="12" coveredconditionals="0" methods="4" coveredmethods="0"/>
        <line num="10" count="1" type="stmt"/>
        <line num="11" count="0" type="stmt"/>
        <line num="13" count="0" type="stmt"/>
        <line num="16" count="0" type="cond" truecount="0" falsecount="2"/>
        <line num="18" count="0" type="stmt"/>
        <line num="20" count="0" type="stmt"/>
        <line num="25" count="0" type="stmt"/>
        <line num="29" count="1" type="stmt"/>
        <line num="30" count="0" type="stmt"/>
        <line num="32" count="0" type="stmt"/>
        <line num="34" count="0" type="cond" truecount="0" falsecount="2"/>
        <line num="36" count="0" type="stmt"/>
        <line num="38" count="0" type="stmt"/>
        <line num="43" count="0" type="stmt"/>
        <line num="47" count="1" type="stmt"/>
        <line num="48" count="0" type="stmt"/>
        <line num="49" count="0" type="stmt"/>
        <line num="51" count="0" type="stmt"/>
        <line num="52" count="0" type="cond" truecount="0" falsecount="2"/>
        <line num="54" count="0" type="cond" truecount="0" falsecount="2"/>
        <line num="56" count="0" type="stmt"/>
        <line num="58" count="0" type="stmt"/>
        <line num="65" count="0" type="stmt"/>
        <line num="69" count="1" type="stmt"/>
        <line num="70" count="0" type="stmt"/>
        <line num="71" count="0" type="stmt"/>
        <line num="73" count="0" type="stmt"/>
        <line num="74" count="0" type="cond" truecount="0" falsecount="2"/>
        <line num="76" count="0" type="cond" truecount="0" falsecount="2"/>
        <line num="78" count="0" type="stmt"/>
        <line num="80" count="0" type="stmt"/>
        <line num="85" count="0" type="stmt"/>
      </file>
      <file name="transaction.controller.ts" path="C:\Users\ericpeweh\Desktop\Desktop\DEVELOPMENT\PROJECT\cloversy-store-api\src\api\controllers\client\transaction.controller.ts">
        <metrics statements="136" coveredstatements="5" conditionals="112" coveredconditionals="0" methods="11" coveredmethods="0"/>
        <line num="26" count="1" type="stmt"/>
        <line num="27" count="0" type="stmt"/>
        <line num="29" count="0" type="stmt"/>
        <line num="30" count="0" type="cond" truecount="0" falsecount="2"/>
        <line num="32" count="0" type="stmt"/>
        <line num="34" count="0" type="stmt"/>
        <line num="39" count="0" type="stmt"/>
        <line num="43" count="1" type="stmt"/>
        <line num="44" count="0" type="stmt"/>
        <line num="45" count="0" type="stmt"/>
        <line num="47" count="0" type="stmt"/>
        <line num="48" count="0" type="cond" truecount="0" falsecount="4"/>
        <line num="49" count="0" type="stmt"/>
        <line num="51" count="0" type="cond" truecount="0" falsecount="2"/>
        <line num="53" count="0" type="stmt"/>
        <line num="54" count="0" type="stmt"/>
        <line num="56" count="0" type="stmt"/>
        <line num="59" count="0" type="stmt"/>
        <line num="60" count="0" type="cond" truecount="0" falsecount="2"/>
        <line num="61" count="0" type="stmt"/>
        <line num="66" count="0" type="stmt"/>
        <line num="68" count="0" type="stmt"/>
        <line num="80" count="0" type="cond" truecount="0" falsecount="4"/>
        <line num="85" count="0" type="stmt"/>
        <line num="90" count="0" type="stmt"/>
        <line num="94" count="1" type="stmt"/>
        <line num="95" count="0" type="stmt"/>
        <line num="103" count="0" type="stmt"/>
        <line num="105" count="0" type="stmt"/>
        <line num="106" count="0" type="cond" truecount="0" falsecount="2"/>
        <line num="107" count="0" type="stmt"/>
        <line num="110" count="0" type="cond" truecount="0" falsecount="5"/>
        <line num="111" count="0" type="stmt"/>
        <line num="114" count="0" type="cond" truecount="0" falsecount="2"/>
        <line num="115" count="0" type="stmt"/>
        <line num="118" count="0" type="cond" truecount="0" falsecount="4"/>
        <line num="119" count="0" type="stmt"/>
        <line num="121" count="0" type="stmt"/>
        <line num="123" count="0" type="cond" truecount="0" falsecount="4"/>
        <line num="124" count="0" type="stmt"/>
        <line num="127" count="0" type="stmt"/>
        <line num="130" count="0" type="cond" truecount="0" falsecount="2"/>
        <line num="131" count="0" type="stmt"/>
        <line num="134" count="0" type="stmt"/>
        <line num="136" count="0" type="cond" truecount="0" falsecount="2"/>
        <line num="138" count="0" type="stmt"/>
        <line num="139" count="0" type="stmt"/>
        <line num="141" count="0" type="stmt"/>
        <line num="143" count="0" type="cond" truecount="0" falsecount="2"/>
        <line num="145" count="0" type="cond" truecount="0" falsecount="2"/>
        <line num="148" count="0" type="stmt"/>
        <line num="158" count="0" type="cond" truecount="0" falsecount="2"/>
        <line num="159" count="0" type="stmt"/>
        <line num="175" count="0" type="stmt"/>
        <line num="179" count="0" type="stmt"/>
        <line num="180" count="0" type="stmt"/>
        <line num="182" count="0" type="cond" truecount="0" falsecount="2"/>
        <line num="183" count="0" type="stmt"/>
        <line num="191" count="0" type="stmt"/>
        <line num="196" count="0" type="stmt"/>
        <line num="203" count="0" type="cond" truecount="0" falsecount="2"/>
        <line num="204" count="0" type="stmt"/>
        <line num="210" count="0" type="stmt"/>
        <line num="211" count="0" type="stmt"/>
        <line num="217" count="0" type="stmt"/>
        <line num="220" count="0" type="stmt"/>
        <line num="225" count="0" type="stmt"/>
        <line num="230" count="0" type="cond" truecount="0" falsecount="2"/>
        <line num="232" count="0" type="stmt"/>
        <line num="234" count="0" type="cond" truecount="0" falsecount="2"/>
        <line num="239" count="0" type="stmt"/>
        <line num="244" count="1" type="stmt"/>
        <line num="245" count="0" type="stmt"/>
        <line num="246" count="0" type="stmt"/>
        <line num="248" count="0" type="stmt"/>
        <line num="249" count="0" type="cond" truecount="0" falsecount="2"/>
        <line num="251" count="0" type="cond" truecount="0" falsecount="4"/>
        <line num="252" count="0" type="stmt"/>
        <line num="255" count="0" type="stmt"/>
        <line num="257" count="0" type="cond" truecount="0" falsecount="2"/>
        <line num="259" count="0" type="cond" truecount="0" falsecount="2"/>
        <line num="260" count="0" type="stmt"/>
        <line num="263" count="0" type="stmt"/>
        <line num="265" count="0" type="cond" truecount="0" falsecount="2"/>
        <line num="268" count="0" type="stmt"/>
        <line num="269" count="0" type="cond" truecount="0" falsecount="2"/>
        <line num="270" count="0" type="stmt"/>
        <line num="273" count="0" type="stmt"/>
        <line num="276" count="0" type="stmt"/>
        <line num="277" count="0" type="cond" truecount="0" falsecount="2"/>
        <line num="278" count="0" type="stmt"/>
        <line num="286" count="0" type="stmt"/>
        <line num="291" count="0" type="stmt"/>
        <line num="296" count="0" type="cond" truecount="0" falsecount="2"/>
        <line num="297" count="0" type="stmt"/>
        <line num="299" count="0" type="cond" truecount="0" falsecount="2"/>
        <line num="304" count="0" type="stmt"/>
        <line num="309" count="1" type="stmt"/>
        <line num="310" count="0" type="stmt"/>
        <line num="311" count="0" type="stmt"/>
        <line num="312" count="0" type="stmt"/>
        <line num="314" count="0" type="stmt"/>
        <line num="315" count="0" type="cond" truecount="0" falsecount="2"/>
        <line num="317" count="0" type="cond" truecount="0" falsecount="4"/>
        <line num="318" count="0" type="stmt"/>
        <line num="321" count="0" type="cond" truecount="0" falsecount="4"/>
        <line num="322" count="0" type="stmt"/>
        <line num="324" count="0" type="stmt"/>
        <line num="326" count="0" type="cond" truecount="0" falsecount="5"/>
        <line num="333" count="0" type="cond" truecount="0" falsecount="2"/>
        <line num="335" count="0" type="stmt"/>
        <line num="337" count="0" type="cond" truecount="0" falsecount="2"/>
        <line num="338" count="0" type="stmt"/>
        <line num="340" count="0" type="cond" truecount="0" falsecount="2"/>
        <line num="341" count="0" type="stmt"/>
        <line num="343" count="0" type="cond" truecount="0" falsecount="2"/>
        <line num="347" count="0" type="stmt"/>
        <line num="352" count="0" type="stmt"/>
        <line num="353" count="0" type="stmt"/>
        <line num="354" count="0" type="cond" truecount="0" falsecount="2"/>
        <line num="355" count="0" type="stmt"/>
        <line num="357" count="0" type="stmt"/>
        <line num="358" count="0" type="stmt"/>
        <line num="362" count="0" type="stmt"/>
        <line num="364" count="0" type="cond" truecount="0" falsecount="2"/>
        <line num="365" count="0" type="stmt"/>
        <line num="367" count="0" type="stmt"/>
        <line num="370" count="0" type="stmt"/>
        <line num="377" count="0" type="stmt"/>
        <line num="378" count="0" type="cond" truecount="0" falsecount="2"/>
        <line num="379" count="0" type="stmt"/>
        <line num="385" count="0" type="stmt"/>
        <line num="386" count="0" type="stmt"/>
        <line num="392" count="0" type="stmt"/>
        <line num="394" count="0" type="stmt"/>
        <line num="399" count="0" type="stmt"/>
      </file>
      <file name="user.controller.ts" path="C:\Users\ericpeweh\Desktop\Desktop\DEVELOPMENT\PROJECT\cloversy-store-api\src\api\controllers\client\user.controller.ts">
        <metrics statements="29" coveredstatements="24" conditionals="10" coveredconditionals="5" methods="3" coveredmethods="3"/>
        <line num="10" count="1" type="stmt"/>
        <line num="11" count="1" type="stmt"/>
        <line num="12" count="1" type="stmt"/>
        <line num="13" count="1" type="stmt"/>
        <line num="15" count="1" type="cond" truecount="1" falsecount="1"/>
        <line num="16" count="0" type="stmt"/>
        <line num="19" count="1" type="stmt"/>
        <line num="21" count="1" type="stmt"/>
        <line num="26" count="1" type="stmt"/>
        <line num="31" count="0" type="stmt"/>
        <line num="35" count="1" type="stmt"/>
        <line num="36" count="1" type="stmt"/>
        <line num="37" count="1" type="cond" truecount="1" falsecount="1"/>
        <line num="39" count="1" type="stmt"/>
        <line num="40" count="1" type="stmt"/>
        <line num="42" count="1" type="cond" truecount="1" falsecount="1"/>
        <line num="43" count="0" type="stmt"/>
        <line num="46" count="1" type="stmt"/>
        <line num="48" count="1" type="stmt"/>
        <line num="53" count="0" type="stmt"/>
        <line num="57" count="1" type="stmt"/>
        <line num="58" count="2" type="stmt"/>
        <line num="59" count="2" type="cond" truecount="1" falsecount="1"/>
        <line num="61" count="2" type="stmt"/>
        <line num="62" count="2" type="cond" truecount="1" falsecount="1"/>
        <line num="63" count="0" type="stmt"/>
        <line num="66" count="2" type="stmt"/>
        <line num="68" count="1" type="stmt"/>
        <line num="73" count="1" type="stmt"/>
      </file>
      <file name="voucher.controller.ts" path="C:\Users\ericpeweh\Desktop\Desktop\DEVELOPMENT\PROJECT\cloversy-store-api\src\api\controllers\client\voucher.controller.ts">
        <metrics statements="20" coveredstatements="2" conditionals="8" coveredconditionals="0" methods="2" coveredmethods="0"/>
        <line num="12" count="1" type="stmt"/>
        <line num="13" count="0" type="stmt"/>
        <line num="15" count="0" type="stmt"/>
        <line num="16" count="0" type="cond" truecount="0" falsecount="2"/>
        <line num="17" count="0" type="stmt"/>
        <line num="20" count="0" type="stmt"/>
        <line num="22" count="0" type="stmt"/>
        <line num="27" count="0" type="stmt"/>
        <line num="31" count="1" type="stmt"/>
        <line num="32" count="0" type="stmt"/>
        <line num="33" count="0" type="stmt"/>
        <line num="35" count="0" type="stmt"/>
        <line num="36" count="0" type="cond" truecount="0" falsecount="2"/>
        <line num="37" count="0" type="stmt"/>
        <line num="40" count="0" type="cond" truecount="0" falsecount="2"/>
        <line num="42" count="0" type="cond" truecount="0" falsecount="2"/>
        <line num="43" count="0" type="stmt"/>
        <line num="46" count="0" type="stmt"/>
        <line num="48" count="0" type="stmt"/>
        <line num="53" count="0" type="stmt"/>
      </file>
      <file name="wishlist.controller.ts" path="C:\Users\ericpeweh\Desktop\Desktop\DEVELOPMENT\PROJECT\cloversy-store-api\src\api\controllers\client\wishlist.controller.ts">
        <metrics statements="34" coveredstatements="4" conditionals="8" coveredconditionals="0" methods="4" coveredmethods="0"/>
        <line num="10" count="1" type="stmt"/>
        <line num="11" count="0" type="stmt"/>
        <line num="13" count="0" type="stmt"/>
        <line num="14" count="0" type="cond" truecount="0" falsecount="2"/>
        <line num="15" count="0" type="stmt"/>
        <line num="18" count="0" type="stmt"/>
        <line num="20" count="0" type="stmt"/>
        <line num="25" count="0" type="stmt"/>
        <line num="29" count="1" type="stmt"/>
        <line num="30" count="0" type="stmt"/>
        <line num="31" count="0" type="stmt"/>
        <line num="33" count="0" type="stmt"/>
        <line num="34" count="0" type="cond" truecount="0" falsecount="2"/>
        <line num="35" count="0" type="stmt"/>
        <line num="38" count="0" type="stmt"/>
        <line num="40" count="0" type="stmt"/>
        <line num="45" count="0" type="stmt"/>
        <line num="49" count="1" type="stmt"/>
        <line num="54" count="0" type="stmt"/>
        <line num="55" count="0" type="stmt"/>
        <line num="57" count="0" type="stmt"/>
        <line num="58" count="0" type="cond" truecount="0" falsecount="2"/>
        <line num="59" count="0" type="stmt"/>
        <line num="62" count="0" type="stmt"/>
        <line num="64" count="0" type="stmt"/>
        <line num="69" count="0" type="stmt"/>
        <line num="72" count="1" type="stmt"/>
        <line num="73" count="0" type="stmt"/>
        <line num="75" count="0" type="stmt"/>
        <line num="76" count="0" type="cond" truecount="0" falsecount="2"/>
        <line num="77" count="0" type="stmt"/>
        <line num="80" count="0" type="stmt"/>
        <line num="82" count="0" type="stmt"/>
        <line num="87" count="0" type="stmt"/>
      </file>
    </package>
    <package name="api.middlewares">
      <metrics statements="47" coveredstatements="46" conditionals="28" coveredconditionals="24" methods="8" coveredmethods="8"/>
      <file name="errorHandler.ts" path="C:\Users\ericpeweh\Desktop\Desktop\DEVELOPMENT\PROJECT\cloversy-store-api\src\api\middlewares\errorHandler.ts">
        <metrics statements="6" coveredstatements="6" conditionals="10" coveredconditionals="8" methods="1" coveredmethods="1"/>
        <line num="7" count="13" type="stmt"/>
        <line num="8" count="36" type="cond" truecount="2" falsecount="0"/>
        <line num="9" count="1" type="cond" truecount="1" falsecount="1"/>
        <line num="13" count="35" type="cond" truecount="2" falsecount="0"/>
        <line num="14" count="15" type="cond" truecount="1" falsecount="1"/>
        <line num="20" count="20" type="cond" truecount="2" falsecount="0"/>
      </file>
      <file name="getUserData.ts" path="C:\Users\ericpeweh\Desktop\Desktop\DEVELOPMENT\PROJECT\cloversy-store-api\src\api\middlewares\getUserData.ts">
        <metrics statements="10" coveredstatements="9" conditionals="4" coveredconditionals="3" methods="1" coveredmethods="1"/>
        <line num="11" count="11" type="stmt"/>
        <line num="12" count="3" type="stmt"/>
        <line num="13" count="3" type="cond" truecount="2" falsecount="0"/>
        <line num="14" count="1" type="stmt"/>
        <line num="16" count="2" type="stmt"/>
        <line num="17" count="1" type="cond" truecount="1" falsecount="1"/>
        <line num="18" count="1" type="stmt"/>
        <line num="20" count="0" type="stmt"/>
        <line num="23" count="1" type="stmt"/>
        <line num="25" count="2" type="stmt"/>
      </file>
      <file name="getUserDataOptional.ts" path="C:\Users\ericpeweh\Desktop\Desktop\DEVELOPMENT\PROJECT\cloversy-store-api\src\api\middlewares\getUserDataOptional.ts">
        <metrics statements="9" coveredstatements="9" conditionals="4" coveredconditionals="3" methods="1" coveredmethods="1"/>
        <line num="8" count="11" type="stmt"/>
        <line num="9" count="3" type="stmt"/>
        <line num="10" count="3" type="cond" truecount="2" falsecount="0"/>
        <line num="11" count="1" type="stmt"/>
        <line num="13" count="2" type="stmt"/>
        <line num="14" count="1" type="cond" truecount="1" falsecount="1"/>
        <line num="15" count="1" type="stmt"/>
        <line num="17" count="1" type="stmt"/>
        <line num="19" count="1" type="stmt"/>
      </file>
      <file name="index.ts" path="C:\Users\ericpeweh\Desktop\Desktop\DEVELOPMENT\PROJECT\cloversy-store-api\src\api\middlewares\index.ts">
        <metrics statements="0" coveredstatements="0" conditionals="0" coveredconditionals="0" methods="0" coveredmethods="0"/>
      </file>
      <file name="isAdmin.ts" path="C:\Users\ericpeweh\Desktop\Desktop\DEVELOPMENT\PROJECT\cloversy-store-api\src\api\middlewares\isAdmin.ts">
        <metrics statements="10" coveredstatements="10" conditionals="4" coveredconditionals="4" methods="1" coveredmethods="1"/>
        <line num="11" count="11" type="stmt"/>
        <line num="12" count="4" type="stmt"/>
        <line num="13" count="4" type="cond" truecount="2" falsecount="0"/>
        <line num="14" count="1" type="stmt"/>
        <line num="16" count="3" type="stmt"/>
        <line num="17" count="2" type="stmt"/>
        <line num="19" count="2" type="cond" truecount="2" falsecount="0"/>
        <line num="20" count="1" type="stmt"/>
        <line num="23" count="1" type="stmt"/>
        <line num="25" count="3" type="stmt"/>
      </file>
      <file name="passAuth.ts" path="C:\Users\ericpeweh\Desktop\Desktop\DEVELOPMENT\PROJECT\cloversy-store-api\src\api\middlewares\passAuth.ts">
        <metrics statements="4" coveredstatements="4" conditionals="2" coveredconditionals="2" methods="1" coveredmethods="1"/>
        <line num="5" count="11" type="stmt"/>
        <line num="6" count="2" type="cond" truecount="2" falsecount="0"/>
        <line num="7" count="1" type="stmt"/>
        <line num="9" count="1" type="stmt"/>
      </file>
      <file name="validate.ts" path="C:\Users\ericpeweh\Desktop\Desktop\DEVELOPMENT\PROJECT\cloversy-store-api\src\api\middlewares\validate.ts">
        <metrics statements="8" coveredstatements="8" conditionals="4" coveredconditionals="4" methods="3" coveredmethods="3"/>
        <line num="5" count="8" type="stmt"/>
        <line num="6" count="42" type="stmt"/>
        <line num="7" count="115" type="cond" truecount="2" falsecount="0"/>
        <line num="9" count="115" type="cond" truecount="2" falsecount="0"/>
        <line num="11" count="45" type="stmt"/>
        <line num="12" count="45" type="stmt"/>
        <line num="14" count="45" type="stmt"/>
        <line num="17" count="70" type="stmt"/>
      </file>
    </package>
    <package name="api.routes">
      <metrics statements="34" coveredstatements="34" conditionals="0" coveredconditionals="0" methods="0" coveredmethods="0"/>
      <file name="account.route.ts" path="C:\Users\ericpeweh\Desktop\Desktop\DEVELOPMENT\PROJECT\cloversy-store-api\src\api\routes\account.route.ts">
        <metrics statements="4" coveredstatements="4" conditionals="0" coveredconditionals="0" methods="0" coveredmethods="0"/>
        <line num="14" count="1" type="stmt"/>
        <line num="17" count="1" type="stmt"/>
        <line num="22" count="1" type="stmt"/>
        <line num="28" count="1" type="stmt"/>
      </file>
      <file name="auth.route.ts" path="C:\Users\ericpeweh\Desktop\Desktop\DEVELOPMENT\PROJECT\cloversy-store-api\src\api\routes\auth.route.ts">
        <metrics statements="3" coveredstatements="3" conditionals="0" coveredconditionals="0" methods="0" coveredmethods="0"/>
        <line num="10" count="1" type="stmt"/>
        <line num="13" count="1" type="stmt"/>
        <line num="14" count="1" type="stmt"/>
      </file>
      <file name="brand.route.ts" path="C:\Users\ericpeweh\Desktop\Desktop\DEVELOPMENT\PROJECT\cloversy-store-api\src\api\routes\brand.route.ts">
        <metrics statements="5" coveredstatements="5" conditionals="0" coveredconditionals="0" methods="0" coveredmethods="0"/>
        <line num="11" count="1" type="stmt"/>
        <line num="14" count="1" type="stmt"/>
        <line num="20" count="1" type="stmt"/>
        <line num="22" count="1" type="stmt"/>
        <line num="29" count="1" type="stmt"/>
      </file>
      <file name="category.route.ts" path="C:\Users\ericpeweh\Desktop\Desktop\DEVELOPMENT\PROJECT\cloversy-store-api\src\api\routes\category.route.ts">
        <metrics statements="5" coveredstatements="5" conditionals="0" coveredconditionals="0" methods="0" coveredmethods="0"/>
        <line num="11" count="1" type="stmt"/>
        <line num="14" count="1" type="stmt"/>
        <line num="20" count="1" type="stmt"/>
        <line num="26" count="1" type="stmt"/>
        <line num="33" count="1" type="stmt"/>
      </file>
      <file name="chat.route.ts" path="C:\Users\ericpeweh\Desktop\Desktop\DEVELOPMENT\PROJECT\cloversy-store-api\src\api\routes\chat.route.ts">
        <metrics statements="3" coveredstatements="3" conditionals="0" coveredconditionals="0" methods="0" coveredmethods="0"/>
        <line num="11" count="1" type="stmt"/>
        <line num="14" count="1" type="stmt"/>
        <line num="19" count="1" type="stmt"/>
      </file>
      <file name="dashboard.route.ts" path="C:\Users\ericpeweh\Desktop\Desktop\DEVELOPMENT\PROJECT\cloversy-store-api\src\api\routes\dashboard.route.ts">
        <metrics statements="2" coveredstatements="2" conditionals="0" coveredconditionals="0" methods="0" coveredmethods="0"/>
        <line num="11" count="1" type="stmt"/>
        <line num="14" count="1" type="stmt"/>
      </file>
      <file name="marketing.route.ts" path="C:\Users\ericpeweh\Desktop\Desktop\DEVELOPMENT\PROJECT\cloversy-store-api\src\api\routes\marketing.route.ts">
        <metrics statements="12" coveredstatements="12" conditionals="0" coveredconditionals="0" methods="0" coveredmethods="0"/>
        <line num="7" count="2" type="stmt"/>
        <line num="16" count="2" type="stmt"/>
        <line num="22" count="2" type="stmt"/>
        <line num="28" count="2" type="stmt"/>
        <line num="34" count="2" type="stmt"/>
        <line num="40" count="2" type="stmt"/>
        <line num="49" count="2" type="stmt"/>
        <line num="51" count="2" type="stmt"/>
        <line num="57" count="2" type="stmt"/>
        <line num="63" count="2" type="stmt"/>
        <line num="69" count="2" type="stmt"/>
        <line num="75" count="2" type="stmt"/>
      </file>
    </package>
    <package name="api.services">
      <metrics statements="450" coveredstatements="149" conditionals="127" coveredconditionals="15" methods="95" coveredmethods="24"/>
      <file name="analytics.service.ts" path="C:\Users\ericpeweh\Desktop\Desktop\DEVELOPMENT\PROJECT\cloversy-store-api\src\api\services\analytics.service.ts">
        <metrics statements="18" coveredstatements="3" conditionals="12" coveredconditionals="0" methods="3" coveredmethods="0"/>
        <line num="4" count="9" type="stmt"/>
        <line num="5" count="0" type="stmt"/>
        <line num="6" count="0" type="cond" truecount="0" falsecount="2"/>
        <line num="7" count="0" type="stmt"/>
        <line num="10" count="0" type="stmt"/>
        <line num="30" count="0" type="cond" truecount="0" falsecount="2"/>
        <line num="33" count="9" type="stmt"/>
        <line num="34" count="0" type="stmt"/>
        <line num="35" count="0" type="cond" truecount="0" falsecount="2"/>
        <line num="36" count="0" type="stmt"/>
        <line num="39" count="0" type="stmt"/>
        <line num="68" count="0" type="cond" truecount="0" falsecount="2"/>
        <line num="71" count="9" type="stmt"/>
        <line num="72" count="0" type="stmt"/>
        <line num="73" count="0" type="cond" truecount="0" falsecount="2"/>
        <line num="74" count="0" type="stmt"/>
        <line num="77" count="0" type="stmt"/>
        <line num="97" count="0" type="cond" truecount="0" falsecount="2"/>
      </file>
      <file name="auth.service.ts" path="C:\Users\ericpeweh\Desktop\Desktop\DEVELOPMENT\PROJECT\cloversy-store-api\src\api\services\auth.service.ts">
        <metrics statements="9" coveredstatements="3" conditionals="0" coveredconditionals="0" methods="2" coveredmethods="0"/>
        <line num="5" count="7" type="stmt"/>
        <line num="7" count="7" type="stmt"/>
        <line num="8" count="0" type="stmt"/>
        <line num="14" count="0" type="stmt"/>
        <line num="17" count="7" type="stmt"/>
        <line num="18" count="0" type="stmt"/>
        <line num="19" count="0" type="stmt"/>
        <line num="31" count="0" type="stmt"/>
        <line num="33" count="0" type="stmt"/>
      </file>
      <file name="brand.service.ts" path="C:\Users\ericpeweh\Desktop\Desktop\DEVELOPMENT\PROJECT\cloversy-store-api\src\api\services\brand.service.ts">
        <metrics statements="12" coveredstatements="12" conditionals="0" coveredconditionals="0" methods="4" coveredmethods="4"/>
        <line num="4" count="9" type="stmt"/>
        <line num="5" count="2" type="stmt"/>
        <line num="7" count="1" type="stmt"/>
        <line num="10" count="9" type="stmt"/>
        <line num="11" count="2" type="stmt"/>
        <line num="13" count="1" type="stmt"/>
        <line num="16" count="9" type="stmt"/>
        <line num="17" count="2" type="stmt"/>
        <line num="19" count="1" type="stmt"/>
        <line num="22" count="9" type="stmt"/>
        <line num="23" count="1" type="stmt"/>
        <line num="25" count="1" type="stmt"/>
      </file>
      <file name="category.service.ts" path="C:\Users\ericpeweh\Desktop\Desktop\DEVELOPMENT\PROJECT\cloversy-store-api\src\api\services\category.service.ts">
        <metrics statements="12" coveredstatements="12" conditionals="0" coveredconditionals="0" methods="4" coveredmethods="4"/>
        <line num="4" count="9" type="stmt"/>
        <line num="5" count="2" type="stmt"/>
        <line num="7" count="1" type="stmt"/>
        <line num="10" count="9" type="stmt"/>
        <line num="11" count="2" type="stmt"/>
        <line num="13" count="1" type="stmt"/>
        <line num="16" count="9" type="stmt"/>
        <line num="17" count="2" type="stmt"/>
        <line num="19" count="1" type="stmt"/>
        <line num="22" count="9" type="stmt"/>
        <line num="23" count="1" type="stmt"/>
        <line num="25" count="1" type="stmt"/>
      </file>
      <file name="chat.service.ts" path="C:\Users\ericpeweh\Desktop\Desktop\DEVELOPMENT\PROJECT\cloversy-store-api\src\api\services\chat.service.ts">
[...]
        <metrics statements="5" coveredstatements="5" conditionals="8" coveredconditionals="8" methods="1" coveredmethods="1"/>
        <line num="4" count="13" type="stmt"/>
        <line num="5" count="12" type="cond" truecount="4" falsecount="0"/>
        <line num="7" count="10" type="cond" truecount="2" falsecount="0"/>
        <line num="8" count="10" type="cond" truecount="2" falsecount="0"/>
        <line num="10" count="10" type="stmt"/>
      </file>
      <file name="generateUpdateQuery.ts" path="C:\Users\ericpeweh\Desktop\Desktop\DEVELOPMENT\PROJECT\cloversy-store-api\src\api\utils\generateUpdateQuery.ts">
        <metrics statements="24" coveredstatements="24" conditionals="20" coveredconditionals="18" methods="3" coveredmethods="3"/>
        <line num="1" count="13" type="stmt"/>
        <line num="9" count="9" type="stmt"/>
        <line num="10" count="9" type="stmt"/>
        <line num="11" count="9" type="cond" truecount="2" falsecount="0"/>
        <line num="14" count="9" type="cond" truecount="4" falsecount="0"/>
        <line num="15" count="8" type="stmt"/>
        <line num="16" count="8" type="stmt"/>
        <line num="17" count="8" type="stmt"/>
        <line num="18" count="14" type="cond" truecount="4" falsecount="0"/>
        <line num="19" count="12" type="stmt"/>
        <line num="20" count="12" type="stmt"/>
        <line num="21" count="12" type="stmt"/>
        <line num="24" count="8" type="stmt"/>
        <line num="28" count="9" type="cond" truecount="4" falsecount="0"/>
        <line num="29" count="1" type="stmt"/>
        <line num="30" count="1" type="stmt"/>
        <line num="31" count="1" type="stmt"/>
        <line num="32" count="1" type="cond" truecount="1" falsecount="1"/>
        <line num="33" count="1" type="stmt"/>
        <line num="34" count="1" type="cond" truecount="1" falsecount="1"/>
        <line num="35" count="1" type="stmt"/>
        <line num="41" count="9" type="cond" truecount="2" falsecount="0"/>
        <line num="42" count="1" type="stmt"/>
        <line num="45" count="9" type="stmt"/>
      </file>
      <file name="getEmailTemplateParams.ts" path="C:\Users\ericpeweh\Desktop\Desktop\DEVELOPMENT\PROJECT\cloversy-store-api\src\api\utils\getEmailTemplateParams.ts">
        <metrics statements="9" coveredstatements="9" conditionals="0" coveredconditionals="0" methods="1" coveredmethods="1"/>
        <line num="2" count="13" type="stmt"/>
        <line num="4" count="13" type="stmt"/>
        <line num="5" count="12" type="stmt"/>
        <line num="7" count="12" type="stmt"/>
        <line num="8" count="12" type="stmt"/>
        <line num="9" count="14" type="stmt"/>
        <line num="10" count="14" type="stmt"/>
        <line num="13" count="12" type="stmt"/>
        <line num="15" count="12" type="stmt"/>
      </file>
      <file name="getLocalTime.ts" path="C:\Users\ericpeweh\Desktop\Desktop\DEVELOPMENT\PROJECT\cloversy-store-api\src\api\utils\getLocalTime.ts">
        <metrics statements="4" coveredstatements="4" conditionals="1" coveredconditionals="1" methods="1" coveredmethods="1"/>
        <line num="1" count="13" type="cond" truecount="1" falsecount="0"/>
        <line num="3" count="3" type="stmt"/>
        <line num="4" count="3" type="stmt"/>
        <line num="8" count="3" type="stmt"/>
      </file>
      <file name="index.ts" path="C:\Users\ericpeweh\Desktop\Desktop\DEVELOPMENT\PROJECT\cloversy-store-api\src\api\utils\index.ts">
        <metrics statements="0" coveredstatements="0" conditionals="0" coveredconditionals="0" methods="0" coveredmethods="0"/>
      </file>
      <file name="initBirthdayAutoOfferMarketing.ts" path="C:\Users\ericpeweh\Desktop\Desktop\DEVELOPMENT\PROJECT\cloversy-store-api\src\api\utils\initBirthdayAutoOfferMarketing.ts">
        <metrics statements="21" coveredstatements="20" conditionals="4" coveredconditionals="3" methods="4" coveredmethods="3"/>
        <line num="13" count="13" type="stmt"/>
        <line num="16" count="1" type="stmt"/>
        <line num="17" count="0" type="stmt"/>
        <line num="20" count="1" type="stmt"/>
        <line num="23" count="13" type="stmt"/>
        <line num="25" count="2" type="stmt"/>
        <line num="28" count="2" type="cond" truecount="2" falsecount="0"/>
        <line num="41" count="1" type="stmt"/>
        <line num="55" count="1" type="stmt"/>
        <line num="67" count="1" type="stmt"/>
        <line num="71" count="1" type="stmt"/>
        <line num="73" count="1" type="stmt"/>
        <line num="74" count="1" type="stmt"/>
        <line num="80" count="1" type="stmt"/>
        <line num="81" count="3" type="stmt"/>
        <line num="89" count="1" type="stmt"/>
        <line num="92" count="1" type="stmt"/>
        <line num="95" count="1" type="stmt"/>
        <line num="96" count="1" type="stmt"/>
        <line num="102" count="1" type="stmt"/>
        <line num="104" count="1" type="stmt"/>
      </file>
      <file name="initNotificationSubscriptionsCleanup.ts" path="C:\Users\ericpeweh\Desktop\Desktop\DEVELOPMENT\PROJECT\cloversy-store-api\src\api\utils\initNotificationSubscriptionsCleanup.ts">
        <metrics statements="5" coveredstatements="5" conditionals="2" coveredconditionals="1" methods="2" coveredmethods="2"/>
        <line num="7" count="13" type="stmt"/>
        <line num="10" count="2" type="stmt"/>
        <line num="11" count="1" type="stmt"/>
        <line num="13" count="1" type="stmt"/>
        <line num="20" count="2" type="stmt"/>
      </file>
      <file name="initScheduledEmailMarketings.ts" path="C:\Users\ericpeweh\Desktop\Desktop\DEVELOPMENT\PROJECT\cloversy-store-api\src\api\utils\initScheduledEmailMarketings.ts">
        <metrics statements="21" coveredstatements="21" conditionals="2" coveredconditionals="2" methods="3" coveredmethods="3"/>
        <line num="10" count="13" type="stmt"/>
        <line num="12" count="3" type="stmt"/>
        <line num="14" count="3" type="stmt"/>
        <line num="15" count="3" type="stmt"/>
        <line num="16" count="4" type="stmt"/>
        <line num="17" count="4" type="stmt"/>
        <line num="20" count="4" type="stmt"/>
        <line num="24" count="4" type="stmt"/>
        <line num="27" count="4" type="stmt"/>
        <line num="28" count="4" type="stmt"/>
        <line num="30" count="4" type="stmt"/>
        <line num="31" count="8" type="stmt"/>
        <line num="40" count="4" type="stmt"/>
        <line num="42" count="2" type="stmt"/>
        <line num="45" count="2" type="stmt"/>
        <line num="56" count="2" type="stmt"/>
        <line num="57" count="2" type="stmt"/>
        <line num="63" count="2" type="stmt"/>
        <line num="65" count="2" type="stmt"/>
        <line num="70" count="4" type="stmt"/>
        <line num="73" count="3" type="stmt"/>
      </file>
      <file name="initScheduledNotifMarketings.ts" path="C:\Users\ericpeweh\Desktop\Desktop\DEVELOPMENT\PROJECT\cloversy-store-api\src\api\utils\initScheduledNotifMarketings.ts">
        <metrics statements="26" coveredstatements="26" conditionals="14" coveredconditionals="12" methods="2" coveredmethods="2"/>
        <line num="8" count="13" type="stmt"/>
        <line num="10" count="3" type="stmt"/>
        <line num="12" count="3" type="stmt"/>
        <line num="13" count="3" type="stmt"/>
        <line num="24" count="4" type="stmt"/>
        <line num="25" count="4" type="stmt"/>
        <line num="28" count="4" type="stmt"/>
        <line num="29" count="4" type="cond" truecount="2" falsecount="0"/>
        <line num="30" count="2" type="stmt"/>
        <line num="32" count="4" type="cond" truecount="2" falsecount="0"/>
        <line num="33" count="2" type="stmt"/>
        <line num="37" count="2" type="stmt"/>
        <line num="41" count="4" type="stmt"/>
        <line num="45" count="4" type="cond" truecount="2" falsecount="0"/>
        <line num="46" count="4" type="cond" truecount="2" falsecount="0"/>
        <line num="47" count="4" type="cond" truecount="1" falsecount="1"/>
        <line num="48" count="4" type="cond" truecount="1" falsecount="1"/>
        <line num="51" count="4" type="stmt"/>
        <line num="52" count="2" type="stmt"/>
        <line num="61" count="2" type="stmt"/>
        <line num="71" count="2" type="stmt"/>
        <line num="72" count="2" type="stmt"/>
        <line num="78" count="2" type="stmt"/>
        <line num="80" count="2" type="stmt"/>
        <line num="85" count="4" type="stmt"/>
        <line num="88" count="3" type="stmt"/>
      </file>
      <file name="isDateBeforeCurrentTime.ts" path="C:\Users\ericpeweh\Desktop\Desktop\DEVELOPMENT\PROJECT\cloversy-store-api\src\api\utils\isDateBeforeCurrentTime.ts">
        <metrics statements="4" coveredstatements="4" conditionals="0" coveredconditionals="0" methods="1" coveredmethods="1"/>
        <line num="1" count="13" type="stmt"/>
        <line num="2" count="8" type="stmt"/>
        <line num="4" count="8" type="stmt"/>
        <line num="6" count="8" type="stmt"/>
      </file>
      <file name="scheduler.ts" path="C:\Users\ericpeweh\Desktop\Desktop\DEVELOPMENT\PROJECT\cloversy-store-api\src\api\utils\scheduler.ts">
        <metrics statements="1" coveredstatements="1" conditionals="0" coveredconditionals="0" methods="0" coveredmethods="0"/>
        <line num="5" count="16" type="stmt"/>
      </file>
    </package>
    <package name="api.validations.schemas">
      <metrics statements="29" coveredstatements="29" conditionals="0" coveredconditionals="0" methods="0" coveredmethods="0"/>
      <file name="account.schema.ts" path="C:\Users\ericpeweh\Desktop\Desktop\DEVELOPMENT\PROJECT\cloversy-store-api\src\api\validations\schemas\account.schema.ts">
        <metrics statements="3" coveredstatements="3" conditionals="0" coveredconditionals="0" methods="0" coveredmethods="0"/>
        <line num="5" count="7" type="stmt"/>
        <line num="7" count="7" type="stmt"/>
        <line num="18" count="7" type="stmt"/>
      </file>
      <file name="brand.schema.ts" path="C:\Users\ericpeweh\Desktop\Desktop\DEVELOPMENT\PROJECT\cloversy-store-api\src\api\validations\schemas\brand.schema.ts">
        <metrics statements="5" coveredstatements="5" conditionals="0" coveredconditionals="0" methods="0" coveredmethods="0"/>
        <line num="4" count="7" type="stmt"/>
        <line num="12" count="7" type="stmt"/>
        <line num="17" count="7" type="stmt"/>
        <line num="22" count="7" type="stmt"/>
        <line num="28" count="7" type="stmt"/>
      </file>
      <file name="category.schema.ts" path="C:\Users\ericpeweh\Desktop\Desktop\DEVELOPMENT\PROJECT\cloversy-store-api\src\api\validations\schemas\category.schema.ts">
        <metrics statements="5" coveredstatements="5" conditionals="0" coveredconditionals="0" methods="0" coveredmethods="0"/>
        <line num="4" count="7" type="stmt"/>
        <line num="12" count="7" type="stmt"/>
        <line num="18" count="7" type="stmt"/>
        <line num="24" count="7" type="stmt"/>
        <line num="30" count="7" type="stmt"/>
      </file>
      <file name="chat.schema.ts" path="C:\Users\ericpeweh\Desktop\Desktop\DEVELOPMENT\PROJECT\cloversy-store-api\src\api\validations\schemas\chat.schema.ts">
        <metrics statements="3" coveredstatements="3" conditionals="0" coveredconditionals="0" methods="0" coveredmethods="0"/>
        <line num="4" count="7" type="stmt"/>
        <line num="10" count="7" type="stmt"/>
        <line num="16" count="7" type="stmt"/>
      </file>
      <file name="dashboard.schema.ts" path="C:\Users\ericpeweh\Desktop\Desktop\DEVELOPMENT\PROJECT\cloversy-store-api\src\api\validations\schemas\dashboard.schema.ts">
        <metrics statements="1" coveredstatements="1" conditionals="0" coveredconditionals="0" methods="0" coveredmethods="0"/>
        <line num="4" count="7" type="stmt"/>
      </file>
      <file name="index.ts" path="C:\Users\ericpeweh\Desktop\Desktop\DEVELOPMENT\PROJECT\cloversy-store-api\src\api\validations\schemas\index.ts">
        <metrics statements="0" coveredstatements="0" conditionals="0" coveredconditionals="0" methods="0" coveredmethods="0"/>
      </file>
      <file name="marketing.schema.ts" path="C:\Users\ericpeweh\Desktop\Desktop\DEVELOPMENT\PROJECT\cloversy-store-api\src\api\validations\schemas\marketing.schema.ts">
        <metrics statements="12" coveredstatements="12" conditionals="0" coveredconditionals="0" methods="0" coveredmethods="0"/>
        <line num="7" count="7" type="stmt"/>
        <line num="15" count="7" type="stmt"/>
        <line num="21" count="7" type="stmt"/>
        <line num="35" count="7" type="stmt"/>
        <line num="37" count="7" type="stmt"/>
        <line num="43" count="7" type="stmt"/>
        <line num="51" count="7" type="stmt"/>
        <line num="59" count="7" type="stmt"/>
        <line num="65" count="7" type="stmt"/>
        <line num="78" count="7" type="stmt"/>
        <line num="83" count="7" type="stmt"/>
        <line num="89" count="7" type="stmt"/>
      </file>
    </package>
    <package name="config">
      <metrics statements="85" coveredstatements="77" conditionals="42" coveredconditionals="40" methods="21" coveredmethods="16"/>
      <file name="cloudStorage.ts" path="C:\Users\ericpeweh\Desktop\Desktop\DEVELOPMENT\PROJECT\cloversy-store-api\src\config\cloudStorage.ts">
        <metrics statements="3" coveredstatements="3" conditionals="0" coveredconditionals="0" methods="0" coveredmethods="0"/>
        <line num="6" count="9" type="stmt"/>
        <line num="9" count="9" type="stmt"/>
        <line num="13" count="9" type="stmt"/>
      </file>
      <file name="connectDB.ts" path="C:\Users\ericpeweh\Desktop\Desktop\DEVELOPMENT\PROJECT\cloversy-store-api\src\config\connectDB.ts">
        <metrics statements="9" coveredstatements="8" conditionals="1" coveredconditionals="0" methods="3" coveredmethods="2"/>
        <line num="5" count="12" type="stmt"/>
        <line num="7" count="12" type="stmt"/>
        <line num="11" count="12" type="stmt"/>
        <line num="12" count="1" type="stmt"/>
        <line num="15" count="12" type="stmt"/>
        <line num="16" count="1" type="stmt"/>
        <line num="19" count="12" type="stmt"/>
        <line num="20" count="12" type="stmt"/>
        <line num="23" count="0" type="cond" truecount="0" falsecount="1"/>
      </file>
      <file name="firebase.ts" path="C:\Users\ericpeweh\Desktop\Desktop\DEVELOPMENT\PROJECT\cloversy-store-api\src\config\firebase.ts">
        <metrics statements="4" coveredstatements="4" conditionals="0" coveredconditionals="0" methods="0" coveredmethods="0"/>
        <line num="6" count="10" type="stmt"/>
        <line num="9" count="10" type="stmt"/>
        <line num="11" count="10" type="stmt"/>
        <line num="15" count="10" type="stmt"/>
      </file>
      <file name="googleAnalytics.ts" path="C:\Users\ericpeweh\Desktop\Desktop\DEVELOPMENT\PROJECT\cloversy-store-api\src\config\googleAnalytics.ts">
        <metrics statements="2" coveredstatements="2" conditionals="0" coveredconditionals="0" methods="0" coveredmethods="0"/>
        <line num="6" count="10" type="stmt"/>
        <line num="8" count="10" type="stmt"/>
      </file>
      <file name="midtrans.ts" path="C:\Users\ericpeweh\Desktop\Desktop\DEVELOPMENT\PROJECT\cloversy-store-api\src\config\midtrans.ts">
        <metrics statements="2" coveredstatements="2" conditionals="0" coveredconditionals="0" methods="0" coveredmethods="0"/>
        <line num="5" count="10" type="stmt"/>
        <line num="7" count="10" type="stmt"/>
      </file>
      <file name="sendinblue.ts" path="C:\Users\ericpeweh\Desktop\Desktop\DEVELOPMENT\PROJECT\cloversy-store-api\src\config\sendinblue.ts">
        <metrics statements="5" coveredstatements="5" conditionals="0" coveredconditionals="0" methods="0" coveredmethods="0"/>
        <line num="5" count="10" type="stmt"/>
        <line num="7" count="10" type="stmt"/>
        <line num="9" count="10" type="stmt"/>
        <line num="10" count="10" type="stmt"/>
        <line num="12" count="10" type="stmt"/>
      </file>
      <file name="uploadFile.ts" path="C:\Users\ericpeweh\Desktop\Desktop\DEVELOPMENT\PROJECT\cloversy-store-api\src\config\uploadFile.ts">
        <metrics statements="9" coveredstatements="9" conditionals="10" coveredconditionals="10" methods="2" coveredmethods="2"/>
        <line num="8" count="2" type="stmt"/>
        <line num="9" count="2" type="stmt"/>
        <line num="15" count="2" type="stmt"/>
        <line num="18" count="2" type="cond" truecount="3" falsecount="0"/>
        <line num="22" count="2" type="cond" truecount="3" falsecount="0"/>
        <line num="24" count="2" type="cond" truecount="4" falsecount="0"/>
        <line num="25" count="1" type="stmt"/>
        <line num="27" count="1" type="stmt"/>
        <line num="28" count="1" type="stmt"/>
      </file>
      <file name="webSocket.ts" path="C:\Users\ericpeweh\Desktop\Desktop\DEVELOPMENT\PROJECT\cloversy-store-api\src\config\webSocket.ts">
        <metrics statements="51" coveredstatements="44" conditionals="31" coveredconditionals="30" methods="16" coveredmethods="12"/>
        <line num="22" count="2" type="stmt"/>
        <line num="27" count="10" type="stmt"/>
        <line num="28" count="6" type="stmt"/>
        <line num="30" count="6" type="cond" truecount="5" falsecount="0"/>
        <line num="32" count="3" type="stmt"/>
        <line num="33" count="3" type="cond" truecount="2" falsecount="0"/>
        <line num="35" count="2" type="stmt"/>
        <line num="44" count="2" type="stmt"/>
        <line num="47" count="2" type="stmt"/>
        <line num="50" count="2" type="stmt"/>
        <line num="51" count="2" type="stmt"/>
        <line num="52" count="4" type="cond" truecount="2" falsecount="0"/>
        <line num="55" count="2" type="stmt"/>
        <line num="59" count="2" type="stmt"/>
        <line num="70" count="2" type="stmt"/>
        <line num="71" count="8" type="stmt"/>
        <line num="72" count="4" type="stmt"/>
        <line num="73" count="4" type="cond" truecount="4" falsecount="0"/>
        <line num="75" count="2" type="stmt"/>
        <line num="76" count="2" type="cond" truecount="2" falsecount="0"/>
        <line num="78" count="1" type="stmt"/>
        <line num="85" count="1" type="stmt"/>
        <line num="89" count="2" type="stmt"/>
        <line num="94" count="6" type="stmt"/>
        <line num="96" count="2" type="cond" truecount="2" falsecount="0"/>
        <line num="97" count="2" type="stmt"/>
        <line num="99" count="2" type="stmt"/>
        <line num="103" count="2" type="stmt"/>
        <line num="104" count="0" type="stmt"/>
        <line num="106" count="2" type="stmt"/>
        <line num="107" count="4" type="stmt"/>
        <line num="109" count="4" type="stmt"/>
        <line num="111" count="5" type="cond" truecount="4" falsecount="0"/>
        <line num="112" count="1" type="stmt"/>
        <line num="120" count="4" type="stmt"/>
        <line num="123" count="4" type="cond" truecount="4" falsecount="0"/>
        <line num="124" count="2" type="stmt"/>
        <line num="126" count="2" type="stmt"/>
        <line num="129" count="4" type="cond" truecount="4" falsecount="0"/>
        <line num="130" count="2" type="stmt"/>
        <line num="132" count="6" type="stmt"/>
        <line num="136" count="4" type="stmt"/>
        <line num="139" count="4" type="stmt"/>
        <line num="142" count="4" type="stmt"/>
        <line num="146" count="2" type="stmt"/>
        <line num="147" count="0" type="stmt"/>
        <line num="152" count="0" type="stmt"/>
        <line num="153" count="0" type="stmt"/>
        <line num="155" count="0" type="stmt"/>
        <line num="157" count="0" type="stmt"/>
        <line num="159" count="0" type="stmt"/>
      </file>
    </package>
  </project>
</coverage>
