{"C:\\Users\\ericpeweh\\Desktop\\Desktop\\DEVELOPMENT\\PROJECT\\cloversy-store-api\\src\\api\\controllers\\auth.controller.ts": {"path":"C:\\Users\\ericpeweh\\Desktop\\Desktop\\DEVELOPMENT\\PROJECT\\cloversy-store-api\\src\\api\\controllers\\auth.controller.ts","statementMap":{"0":{"start":{"line":10,"column":24},"end":{"line":45,"column":1}},"1":{"start":{"line":11,"column":1},"end":{"line":44,"column":2}},"2":{"start":{"line":12,"column":22},"end":{"line":12,"column":62}},"3":{"start":{"line":13,"column":24},"end":{"line":13,"column":72}},"4":{"start":{"line":16,"column":2},"end":{"line":18,"column":3}},"5":{"start":{"line":17,"column":3},"end":{"line":17,"column":71}},"6":{"start":{"line":21,"column":17},"end":{"line":21,"column":74}},"7":{"start":{"line":23,"column":2},"end":{"line":30,"column":3}},"8":{"start":{"line":24,"column":3},"end":{"line":29,"column":6}},"9":{"start":{"line":31,"column":2},"end":{"line":34,"column":5}},"10":{"start":{"line":36,"column":2},"end":{"line":41,"column":3}},"11":{"start":{"line":37,"column":3},"end":{"line":40,"column":6}},"12":{"start":{"line":43,"column":2},"end":{"line":43,"column":21}},"13":{"start":{"line":47,"column":29},"end":{"line":64,"column":1}},"14":{"start":{"line":48,"column":19},"end":{"line":48,"column":34}},"15":{"start":{"line":50,"column":1},"end":{"line":63,"column":2}},"16":{"start":{"line":51,"column":2},"end":{"line":53,"column":3}},"17":{"start":{"line":52,"column":3},"end":{"line":52,"column":87}},"18":{"start":{"line":55,"column":17},"end":{"line":55,"column":64}},"19":{"start":{"line":57,"column":2},"end":{"line":60,"column":5}},"20":{"start":{"line":62,"column":2},"end":{"line":62,"column":21}}},"fnMap":{"0":{"name":"(anonymous_0)","decl":{"start":{"line":10,"column":24},"end":{"line":10,"column":25}},"loc":{"start":{"line":10,"column":83},"end":{"line":45,"column":1}},"line":10},"1":{"name":"(anonymous_1)","decl":{"start":{"line":47,"column":29},"end":{"line":47,"column":30}},"loc":{"start":{"line":47,"column":88},"end":{"line":64,"column":1}},"line":47}},"branchMap":{"0":{"loc":{"start":{"line":16,"column":2},"end":{"line":18,"column":3}},"type":"if","locations":[{"start":{"line":16,"column":2},"end":{"line":18,"column":3}},{"start":{},"end":{}}],"line":16},"1":{"loc":{"start":{"line":23,"column":2},"end":{"line":30,"column":3}},"type":"if","locations":[{"start":{"line":23,"column":2},"end":{"line":30,"column":3}},{"start":{},"end":{}}],"line":23},"2":{"loc":{"start":{"line":36,"column":2},"end":{"line":41,"column":3}},"type":"if","locations":[{"start":{"line":36,"column":2},"end":{"line":41,"column":3}},{"start":{},"end":{}}],"line":36},"3":{"loc":{"start":{"line":51,"column":2},"end":{"line":53,"column":3}},"type":"if","locations":[{"start":{"line":51,"column":2},"end":{"line":53,"column":3}},{"start":{},"end":{}}],"line":51}},"s":{"0":7,"1":2,"2":2,"3":2,"4":2,"5":1,"6":1,"7":1,"8":0,"9":1,"10":1,"11":0,"12":1,"13":7,"14":3,"15":3,"16":3,"17":1,"18":2,"19":1,"20":2},"f":{"0":2,"1":3},"b":{"0":[1,1],"1":[0,1],"2":[0,1],"3":[1,2]},"_coverageSchema":"1a1c01bbd47fc00a2c39e90264f33305004495a9","hash":"96c6fc00ae12f9a24876559b94d3c6e05e0ba7d5"}
,"C:\\Users\\ericpeweh\\Desktop\\Desktop\\DEVELOPMENT\\PROJECT\\cloversy-store-api\\src\\api\\controllers\\brand.controller.ts": {"path":"C:\\Users\\ericpeweh\\Desktop\\Desktop\\DEVELOPMENT\\PROJECT\\cloversy-store-api\\src\\api\\controllers\\brand.controller.ts","statementMap":{"0":{"start":{"line":7,"column":28},"end":{"line":25,"column":1}},"1":{"start":{"line":8,"column":46},"end":{"line":8,"column":55}},"2":{"start":{"line":10,"column":1},"end":{"line":24,"column":2}},"3":{"start":{"line":11,"column":40},"end":{"line":15,"column":3}},"4":{"start":{"line":17,"column":2},"end":{"line":21,"column":5}},"5":{"start":{"line":23,"column":2},"end":{"line":23,"column":21}},"6":{"start":{"line":27,"column":27},"end":{"line":42,"column":1}},"7":{"start":{"line":28,"column":1},"end":{"line":41,"column":2}},"8":{"start":{"line":29,"column":31},"end":{"line":29,"column":39}},"9":{"start":{"line":31,"column":25},"end":{"line":31,"column":43}},"10":{"start":{"line":33,"column":17},"end":{"line":33,"column":63}},"11":{"start":{"line":35,"column":2},"end":{"line":38,"column":5}},"12":{"start":{"line":40,"column":2},"end":{"line":40,"column":21}},"13":{"start":{"line":44,"column":27},"end":{"line":60,"column":1}},"14":{"start":{"line":45,"column":1},"end":{"line":59,"column":2}},"15":{"start":{"line":46,"column":22},"end":{"line":46,"column":32}},"16":{"start":{"line":47,"column":31},"end":{"line":47,"column":39}},"17":{"start":{"line":49,"column":27},"end":{"line":49,"column":45}},"18":{"start":{"line":51,"column":17},"end":{"line":51,"column":74}},"19":{"start":{"line":53,"column":2},"end":{"line":56,"column":5}},"20":{"start":{"line":58,"column":2},"end":{"line":58,"column":21}},"21":{"start":{"line":62,"column":27},"end":{"line":75,"column":1}},"22":{"start":{"line":63,"column":1},"end":{"line":74,"column":2}},"23":{"start":{"line":64,"column":22},"end":{"line":64,"column":32}},"24":{"start":{"line":66,"column":17},"end":{"line":66,"column":56}},"25":{"start":{"line":68,"column":2},"end":{"line":71,"column":5}},"26":{"start":{"line":73,"column":2},"end":{"line":73,"column":21}}},"fnMap":{"0":{"name":"(anonymous_0)","decl":{"start":{"line":7,"column":28},"end":{"line":7,"column":29}},"loc":{"start":{"line":7,"column":87},"end":{"line":25,"column":1}},"line":7},"1":{"name":"(anonymous_1)","decl":{"start":{"line":27,"column":27},"end":{"line":27,"column":28}},"loc":{"start":{"line":27,"column":86},"end":{"line":42,"column":1}},"line":27},"2":{"name":"(anonymous_2)","decl":{"start":{"line":44,"column":27},"end":{"line":44,"column":28}},"loc":{"start":{"line":44,"column":86},"end":{"line":60,"column":1}},"line":44},"3":{"name":"(anonymous_3)","decl":{"start":{"line":62,"column":27},"end":{"line":62,"column":28}},"loc":{"start":{"line":62,"column":86},"end":{"line":75,"column":1}},"line":62}},"branchMap":{"0":{"loc":{"start":{"line":8,"column":9},"end":{"line":8,"column":18}},"type":"default-arg","locations":[{"start":{"line":8,"column":16},"end":{"line":8,"column":18}}],"line":8},"1":{"loc":{"start":{"line":8,"column":20},"end":{"line":8,"column":26}},"type":"default-arg","locations":[{"start":{"line":8,"column":24},"end":{"line":8,"column":26}}],"line":8},"2":{"loc":{"start":{"line":8,"column":28},"end":{"line":8,"column":41}},"type":"default-arg","locations":[{"start":{"line":8,"column":37},"end":{"line":8,"column":41}}],"line":8}},"s":{"0":7,"1":2,"2":2,"3":2,"4":1,"5":1,"6":7,"7":2,"8":2,"9":2,"10":2,"11":1,"12":1,"13":7,"14":2,"15":2,"16":2,"17":2,"18":2,"19":1,"20":1,"21":7,"22":1,"23":1,"24":1,"25":1,"26":0},"f":{"0":2,"1":2,"2":2,"3":1},"b":{"0":[1],"1":[1],"2":[1]},"_coverageSchema":"1a1c01bbd47fc00a2c39e90264f33305004495a9","hash":"fb0ba9c844e4693c2bc98b5385f60a8e0406805a"}
,"C:\\Users\\ericpeweh\\Desktop\\Desktop\\DEVELOPMENT\\PROJECT\\cloversy-store-api\\src\\api\\controllers\\category.controller.ts": {"path":"C:\\Users\\ericpeweh\\Desktop\\Desktop\\DEVELOPMENT\\PROJECT\\cloversy-store-api\\src\\api\\controllers\\category.controller.ts","statementMap":{"0":{"start":{"line":7,"column":32},"end":{"line":25,"column":1}},"1":{"start":{"line":8,"column":46},"end":{"line":8,"column":55}},"2":{"start":{"line":10,"column":1},"end":{"line":24,"column":2}},"3":{"start":{"line":11,"column":44},"end":{"line":15,"column":3}},"4":{"start":{"line":17,"column":2},"end":{"line":21,"column":5}},"5":{"start":{"line":23,"column":2},"end":{"line":23,"column":21}},"6":{"start":{"line":27,"column":30},"end":{"line":42,"column":1}},"7":{"start":{"line":28,"column":1},"end":{"line":41,"column":2}},"8":{"start":{"line":29,"column":44},"end":{"line":29,"column":52}},"9":{"start":{"line":31,"column":28},"end":{"line":31,"column":59}},"10":{"start":{"line":33,"column":17},"end":{"line":33,"column":72}},"11":{"start":{"line":35,"column":2},"end":{"line":38,"column":5}},"12":{"start":{"line":40,"column":2},"end":{"line":40,"column":21}},"13":{"start":{"line":44,"column":30},"end":{"line":60,"column":1}},"14":{"start":{"line":45,"column":1},"end":{"line":59,"column":2}},"15":{"start":{"line":46,"column":25},"end":{"line":46,"column":35}},"16":{"start":{"line":47,"column":44},"end":{"line":47,"column":52}},"17":{"start":{"line":49,"column":30},"end":{"line":49,"column":61}},"18":{"start":{"line":51,"column":17},"end":{"line":51,"column":86}},"19":{"start":{"line":53,"column":2},"end":{"line":56,"column":5}},"20":{"start":{"line":58,"column":2},"end":{"line":58,"column":21}},"21":{"start":{"line":62,"column":30},"end":{"line":75,"column":1}},"22":{"start":{"line":63,"column":1},"end":{"line":74,"column":2}},"23":{"start":{"line":64,"column":25},"end":{"line":64,"column":35}},"24":{"start":{"line":66,"column":17},"end":{"line":66,"column":65}},"25":{"start":{"line":68,"column":2},"end":{"line":71,"column":5}},"26":{"start":{"line":73,"column":2},"end":{"line":73,"column":21}}},"fnMap":{"0":{"name":"(anonymous_0)","decl":{"start":{"line":7,"column":32},"end":{"line":7,"column":33}},"loc":{"start":{"line":7,"column":91},"end":{"line":25,"column":1}},"line":7},"1":{"name":"(anonymous_1)","decl":{"start":{"line":27,"column":30},"end":{"line":27,"column":31}},"loc":{"start":{"line":27,"column":89},"end":{"line":42,"column":1}},"line":27},"2":{"name":"(anonymous_2)","decl":{"start":{"line":44,"column":30},"end":{"line":44,"column":31}},"loc":{"start":{"line":44,"column":89},"end":{"line":60,"column":1}},"line":44},"3":{"name":"(anonymous_3)","decl":{"start":{"line":62,"column":30},"end":{"line":62,"column":31}},"loc":{"start":{"line":62,"column":89},"end":{"line":75,"column":1}},"line":62}},"branchMap":{"0":{"loc":{"start":{"line":8,"column":9},"end":{"line":8,"column":18}},"type":"default-arg","locations":[{"start":{"line":8,"column":16},"end":{"line":8,"column":18}}],"line":8},"1":{"loc":{"start":{"line":8,"column":20},"end":{"line":8,"column":26}},"type":"default-arg","locations":[{"start":{"line":8,"column":24},"end":{"line":8,"column":26}}],"line":8},"2":{"loc":{"start":{"line":8,"column":28},"end":{"line":8,"column":41}},"type":"default-arg","locations":[{"start":{"line":8,"column":37},"end":{"line":8,"column":41}}],"line":8}},"s":{"0":7,"1":2,"2":2,"3":2,"4":1,"5":1,"6":7,"7":2,"8":2,"9":2,"10":2,"11":1,"12":1,"13":7,"14":2,"15":2,"16":2,"17":2,"18":2,"19":1,"20":1,"21":7,"22":1,"23":1,"24":1,"25":1,"26":0},"f":{"0":2,"1":2,"2":2,"3":1},"b":{"0":[1],"1":[1],"2":[1]},"_coverageSchema":"1a1c01bbd47fc00a2c39e90264f33305004495a9","hash":"39a15c00930f42546eb931cd2a6c9306b4cf6c81"}
,"C:\\Users\\ericpeweh\\Desktop\\Desktop\\DEVELOPMENT\\PROJECT\\cloversy-store-api\\src\\api\\controllers\\chat.controller.ts": {"path":"C:\\Users\\ericpeweh\\Desktop\\Desktop\\DEVELOPMENT\\PROJECT\\cloversy-store-api\\src\\api\\controllers\\chat.controller.ts","statementMap":{"0":{"start":{"line":10,"column":31},"end":{"line":32,"column":1}},"1":{"start":{"line":11,"column":16},"end":{"line":11,"column":28}},"2":{"start":{"line":12,"column":32},"end":{"line":12,"column":41}},"3":{"start":{"line":13,"column":28},"end":{"line":13,"column":38}},"4":{"start":{"line":15,"column":1},"end":{"line":31,"column":2}},"5":{"start":{"line":16,"column":2},"end":{"line":16,"column":79}},"6":{"start":{"line":16,"column":15},"end":{"line":16,"column":79}},"7":{"start":{"line":18,"column":53},"end":{"line":22,"column":3}},"8":{"start":{"line":24,"column":2},"end":{"line":28,"column":5}},"9":{"start":{"line":30,"column":2},"end":{"line":30,"column":21}},"10":{"start":{"line":34,"column":35},"end":{"line":54,"column":1}},"11":{"start":{"line":35,"column":16},"end":{"line":35,"column":28}},"12":{"start":{"line":36,"column":23},"end":{"line":36,"column":32}},"13":{"start":{"line":38,"column":1},"end":{"line":53,"column":2}},"14":{"start":{"line":39,"column":2},"end":{"line":39,"column":79}},"15":{"start":{"line":39,"column":15},"end":{"line":39,"column":79}},"16":{"start":{"line":41,"column":47},"end":{"line":44,"column":3}},"17":{"start":{"line":46,"column":2},"end":{"line":50,"column":5}},"18":{"start":{"line":52,"column":2},"end":{"line":52,"column":21}}},"fnMap":{"0":{"name":"(anonymous_0)","decl":{"start":{"line":10,"column":31},"end":{"line":10,"column":32}},"loc":{"start":{"line":10,"column":90},"end":{"line":32,"column":1}},"line":10},"1":{"name":"(anonymous_1)","decl":{"start":{"line":34,"column":35},"end":{"line":34,"column":36}},"loc":{"start":{"line":34,"column":94},"end":{"line":54,"column":1}},"line":34}},"branchMap":{"0":{"loc":{"start":{"line":12,"column":9},"end":{"line":12,"column":27}},"type":"default-arg","locations":[{"start":{"line":12,"column":25},"end":{"line":12,"column":27}}],"line":12},"1":{"loc":{"start":{"line":16,"column":2},"end":{"line":16,"column":79}},"type":"if","locations":[{"start":{"line":16,"column":2},"end":{"line":16,"column":79}},{"start":{},"end":{}}],"line":16},"2":{"loc":{"start":{"line":36,"column":9},"end":{"line":36,"column":18}},"type":"default-arg","locations":[{"start":{"line":36,"column":16},"end":{"line":36,"column":18}}],"line":36},"3":{"loc":{"start":{"line":39,"column":2},"end":{"line":39,"column":79}},"type":"if","locations":[{"start":{"line":39,"column":2},"end":{"line":39,"column":79}},{"start":{},"end":{}}],"line":39}},"s":{"0":7,"1":6,"2":6,"3":6,"4":6,"5":6,"6":1,"7":5,"8":1,"9":5,"10":7,"11":3,"12":3,"13":3,"14":3,"15":1,"16":2,"17":1,"18":2},"f":{"0":6,"1":3},"b":{"0":[6],"1":[1,5],"2":[0],"3":[1,2]},"_coverageSchema":"1a1c01bbd47fc00a2c39e90264f33305004495a9","hash":"3c4dc8e5f5ece95aa0179dceac65d21a098f59eb"}
,"C:\\Users\\ericpeweh\\Desktop\\Desktop\\DEVELOPMENT\\PROJECT\\cloversy-store-api\\src\\api\\controllers\\dashboard.controller.ts": {"path":"C:\\Users\\ericpeweh\\Desktop\\Desktop\\DEVELOPMENT\\PROJECT\\cloversy-store-api\\src\\api\\controllers\\dashboard.controller.ts","statementMap":{"0":{"start":{"line":7,"column":32},"end":{"line":36,"column":1}},"1":{"start":{"line":11,"column":5},"end":{"line":11,"column":14}},"2":{"start":{"line":13,"column":1},"end":{"line":35,"column":2}},"3":{"start":{"line":14,"column":24},"end":{"line":14,"column":41}},"4":{"start":{"line":15,"column":2},"end":{"line":17,"column":3}},"5":{"start":{"line":16,"column":3},"end":{"line":16,"column":57}},"6":{"start":{"line":19,"column":26},"end":{"line":19,"column":45}},"7":{"start":{"line":20,"column":2},"end":{"line":22,"column":3}},"8":{"start":{"line":21,"column":3},"end":{"line":21,"column":59}},"9":{"start":{"line":24,"column":17},"end":{"line":27,"column":3}},"10":{"start":{"line":29,"column":2},"end":{"line":32,"column":5}},"11":{"start":{"line":34,"column":2},"end":{"line":34,"column":21}}},"fnMap":{"0":{"name":"(anonymous_0)","decl":{"start":{"line":7,"column":32},"end":{"line":7,"column":33}},"loc":{"start":{"line":7,"column":91},"end":{"line":36,"column":1}},"line":7}},"branchMap":{"0":{"loc":{"start":{"line":9,"column":23},"end":{"line":9,"column":45}},"type":"default-arg","locations":[{"start":{"line":9,"column":43},"end":{"line":9,"column":45}}],"line":9},"1":{"loc":{"start":{"line":10,"column":25},"end":{"line":10,"column":49}},"type":"default-arg","locations":[{"start":{"line":10,"column":47},"end":{"line":10,"column":49}}],"line":10},"2":{"loc":{"start":{"line":15,"column":2},"end":{"line":17,"column":3}},"type":"if","locations":[{"start":{"line":15,"column":2},"end":{"line":17,"column":3}},{"start":{},"end":{}}],"line":15},"3":{"loc":{"start":{"line":20,"column":2},"end":{"line":22,"column":3}},"type":"if","locations":[{"start":{"line":20,"column":2},"end":{"line":22,"column":3}},{"start":{},"end":{}}],"line":20}},"s":{"0":7,"1":2,"2":2,"3":2,"4":2,"5":1,"6":2,"7":2,"8":1,"9":2,"10":1,"11":1},"f":{"0":2},"b":{"0":[1],"1":[1],"2":[1,1],"3":[1,1]},"_coverageSchema":"1a1c01bbd47fc00a2c39e90264f33305004495a9","hash":"ce73fb518cee1e0f4a4bf3ec8a935a796baf3dc6"}
,"C:\\Users\\ericpeweh\\Desktop\\Desktop\\DEVELOPMENT\\PROJECT\\cloversy-store-api\\src\\api\\controllers\\email.marketing.controller.ts": {"path":"C:\\Users\\ericpeweh\\Desktop\\Desktop\\DEVELOPMENT\\PROJECT\\cloversy-store-api\\src\\api\\controllers\\email.marketing.controller.ts","statementMap":{"0":{"start":{"line":13,"column":33},"end":{"line":30,"column":1}},"1":{"start":{"line":14,"column":1},"end":{"line":29,"column":2}},"2":{"start":{"line":15,"column":17},"end":{"line":15,"column":59}},"3":{"start":{"line":17,"column":27},"end":{"line":21,"column":4}},"4":{"start":{"line":18,"column":18},"end":{"line":18,"column":62}},"5":{"start":{"line":20,"column":3},"end":{"line":20,"column":34}},"6":{"start":{"line":23,"column":2},"end":{"line":26,"column":5}},"7":{"start":{"line":28,"column":2},"end":{"line":28,"column":21}},"8":{"start":{"line":32,"column":34},"end":{"line":50,"column":1}},"9":{"start":{"line":33,"column":66},"end":{"line":33,"column":75}},"10":{"start":{"line":35,"column":1},"end":{"line":49,"column":2}},"11":{"start":{"line":36,"column":49},"end":{"line":40,"column":3}},"12":{"start":{"line":42,"column":2},"end":{"line":46,"column":5}},"13":{"start":{"line":48,"column":2},"end":{"line":48,"column":21}},"14":{"start":{"line":52,"column":39},"end":{"line":65,"column":1}},"15":{"start":{"line":53,"column":30},"end":{"line":53,"column":40}},"16":{"start":{"line":55,"column":1},"end":{"line":64,"column":2}},"17":{"start":{"line":56,"column":17},"end":{"line":56,"column":81}},"18":{"start":{"line":58,"column":2},"end":{"line":61,"column":5}},"19":{"start":{"line":63,"column":2},"end":{"line":63,"column":21}},"20":{"start":{"line":67,"column":36},"end":{"line":193,"column":1}},"21":{"start":{"line":77,"column":5},"end":{"line":77,"column":13}},"22":{"start":{"line":79,"column":57},"end":{"line":88,"column":2}},"23":{"start":{"line":90,"column":1},"end":{"line":192,"column":2}},"24":{"start":{"line":91,"column":18},"end":{"line":91,"column":77}},"25":{"start":{"line":94,"column":24},"end":{"line":94,"column":81}},"26":{"start":{"line":97,"column":25},"end":{"line":99,"column":3}},"27":{"start":{"line":98,"column":12},"end":{"line":98,"column":33}},"28":{"start":{"line":101,"column":2},"end":{"line":101,"column":39}},"29":{"start":{"line":103,"column":22},"end":{"line":103,"column":28}},"30":{"start":{"line":104,"column":2},"end":{"line":104,"column":47}},"31":{"start":{"line":107,"column":2},"end":{"line":108,"column":86}},"32":{"start":{"line":107,"column":37},"end":{"line":107,"column":64}},"33":{"start":{"line":108,"column":3},"end":{"line":108,"column":86}},"34":{"start":{"line":111,"column":35},"end":{"line":118,"column":3}},"35":{"start":{"line":112,"column":46},"end":{"line":115,"column":4}},"36":{"start":{"line":122,"column":33},"end":{"line":122,"column":38}},"37":{"start":{"line":124,"column":2},"end":{"line":131,"column":3}},"38":{"start":{"line":126,"column":3},"end":{"line":126,"column":64}},"39":{"start":{"line":128,"column":3},"end":{"line":128,"column":26}},"40":{"start":{"line":130,"column":3},"end":{"line":130,"column":60}},"41":{"start":{"line":133,"column":28},"end":{"line":137,"column":3}},"42":{"start":{"line":139,"column":2},"end":{"line":149,"column":3}},"43":{"start":{"line":141,"column":24},"end":{"line":141,"column":62}},"44":{"start":{"line":142,"column":28},"end":{"line":147,"column":4}},"45":{"start":{"line":148,"column":3},"end":{"line":148,"column":79}},"46":{"start":{"line":152,"column":2},"end":{"line":184,"column":3}},"47":{"start":{"line":153,"column":21},"end":{"line":153,"column":40}},"48":{"start":{"line":155,"column":3},"end":{"line":183,"column":6}},"49":{"start":{"line":157,"column":5},"end":{"line":157,"column":51}},"50":{"start":{"line":160,"column":4},"end":{"line":168,"column":7}},"51":{"start":{"line":171,"column":25},"end":{"line":171,"column":63}},"52":{"start":{"line":172,"column":29},"end":{"line":177,"column":5}},"53":{"start":{"line":178,"column":4},"end":{"line":178,"column":80}},"54":{"start":{"line":180,"column":4},"end":{"line":182,"column":6}},"55":{"start":{"line":186,"column":2},"end":{"line":189,"column":5}},"56":{"start":{"line":191,"column":2},"end":{"line":191,"column":21}},"57":{"start":{"line":195,"column":36},"end":{"line":275,"column":1}},"58":{"start":{"line":205,"column":5},"end":{"line":205,"column":13}},"59":{"start":{"line":206,"column":30},"end":{"line":206,"column":40}},"60":{"start":{"line":208,"column":1},"end":{"line":274,"column":2}},"61":{"start":{"line":209,"column":29},"end":{"line":209,"column":93}},"62":{"start":{"line":212,"column":24},"end":{"line":212,"column":81}},"63":{"start":{"line":215,"column":25},"end":{"line":217,"column":3}},"64":{"start":{"line":216,"column":12},"end":{"line":216,"column":33}},"65":{"start":{"line":219,"column":2},"end":{"line":219,"column":39}},"66":{"start":{"line":221,"column":22},"end":{"line":221,"column":28}},"67":{"start":{"line":222,"column":2},"end":{"line":222,"column":47}},"68":{"start":{"line":225,"column":2},"end":{"line":226,"column":86}},"69":{"start":{"line":225,"column":37},"end":{"line":225,"column":64}},"70":{"start":{"line":226,"column":3},"end":{"line":226,"column":86}},"71":{"start":{"line":229,"column":2},"end":{"line":245,"column":3}},"72":{"start":{"line":231,"column":3},"end":{"line":234,"column":5}},"73":{"start":{"line":237,"column":3},"end":{"line":244,"column":5}},"74":{"start":{"line":248,"column":32},"end":{"line":255,"column":3}},"75":{"start":{"line":258,"column":2},"end":{"line":262,"column":3}},"76":{"start":{"line":259,"column":3},"end":{"line":261,"column":6}},"77":{"start":{"line":264,"column":38},"end":{"line":266,"column":3}},"78":{"start":{"line":268,"column":2},"end":{"line":271,"column":5}},"79":{"start":{"line":273,"column":2},"end":{"line":273,"column":21}},"80":{"start":{"line":277,"column":36},"end":{"line":300,"column":1}},"81":{"start":{"line":278,"column":30},"end":{"line":278,"column":40}},"82":{"start":{"line":280,"column":1},"end":{"line":299,"column":2}},"83":{"start":{"line":282,"column":29},"end":{"line":282,"column":93}},"84":{"start":{"line":284,"column":2},"end":{"line":285,"column":80}},"85":{"start":{"line":285,"column":3},"end":{"line":285,"column":80}},"86":{"start":{"line":288,"column":32},"end":{"line":291,"column":4}},"87":{"start":{"line":293,"column":2},"end":{"line":296,"column":5}},"88":{"start":{"line":298,"column":2},"end":{"line":298,"column":21}}},"fnMap":{"0":{"name":"(anonymous_0)","decl":{"start":{"line":13,"column":33},"end":{"line":13,"column":34}},"loc":{"start":{"line":13,"column":90},"end":{"line":30,"column":1}},"line":13},"1":{"name":"(anonymous_1)","decl":{"start":{"line":17,"column":38},"end":{"line":17,"column":39}},"loc":{"start":{"line":17,"column":50},"end":{"line":21,"column":3}},"line":17},"2":{"name":"(anonymous_2)","decl":{"start":{"line":32,"column":34},"end":{"line":32,"column":35}},"loc":{"start":{"line":32,"column":93},"end":{"line":50,"column":1}},"line":32},"3":{"name":"(anonymous_3)","decl":{"start":{"line":52,"column":39},"end":{"line":52,"column":40}},"loc":{"start":{"line":52,"column":98},"end":{"line":65,"column":1}},"line":52},"4":{"name":"(anonymous_4)","decl":{"start":{"line":67,"column":36},"end":{"line":67,"column":37}},"loc":{"start":{"line":67,"column":95},"end":{"line":193,"column":1}},"line":67},"5":{"name":"(anonymous_5)","decl":{"start":{"line":98,"column":3},"end":{"line":98,"column":4}},"loc":{"start":{"line":98,"column":12},"end":{"line":98,"column":33}},"line":98},"6":{"name":"(anonymous_6)","decl":{"start":{"line":107,"column":28},"end":{"line":107,"column":29}},"loc":{"start":{"line":107,"column":37},"end":{"line":107,"column":64}},"line":107},"7":{"name":"(anonymous_7)","decl":{"start":{"line":112,"column":19},"end":{"line":112,"column":20}},"loc":{"start":{"line":112,"column":46},"end":{"line":115,"column":4}},"line":112},"8":{"name":"(anonymous_8)","decl":{"start":{"line":155,"column":73},"end":{"line":155,"column":74}},"loc":{"start":{"line":155,"column":85},"end":{"line":183,"column":4}},"line":155},"9":{"name":"(anonymous_9)","decl":{"start":{"line":195,"column":36},"end":{"line":195,"column":37}},"loc":{"start":{"line":195,"column":95},"end":{"line":275,"column":1}},"line":195},"10":{"name":"(anonymous_10)","decl":{"start":{"line":216,"column":3},"end":{"line":216,"column":4}},"loc":{"start":{"line":216,"column":12},"end":{"line":216,"column":33}},"line":216},"11":{"name":"(anonymous_11)","decl":{"start":{"line":225,"column":28},"end":{"line":225,"column":29}},"loc":{"start":{"line":225,"column":37},"end":{"line":225,"column":64}},"line":225},"12":{"name":"(anonymous_12)","decl":{"start":{"line":277,"column":36},"end":{"line":277,"column":37}},"loc":{"start":{"line":277,"column":95},"end":{"line":300,"column":1}},"line":277}},"branchMap":{"0":{"loc":{"start":{"line":33,"column":9},"end":{"line":33,"column":19}},"type":"default-arg","locations":[{"start":{"line":33,"column":16},"end":{"line":33,"column":19}}],"line":33},"1":{"loc":{"start":{"line":33,"column":24},"end":{"line":33,"column":40}},"type":"default-arg","locations":[{"start":{"line":33,"column":38},"end":{"line":33,"column":40}}],"line":33},"2":{"loc":{"start":{"line":33,"column":42},"end":{"line":33,"column":61}},"type":"default-arg","locations":[{"start":{"line":33,"column":54},"end":{"line":33,"column":61}}],"line":33},"3":{"loc":{"start":{"line":71,"column":2},"end":{"line":71,"column":18}},"type":"default-arg","locations":[{"start":{"line":71,"column":14},"end":{"line":71,"column":18}}],"line":71},"4":{"loc":{"start":{"line":72,"column":2},"end":{"line":72,"column":22}},"type":"default-arg","locations":[{"start":{"line":72,"column":20},"end":{"line":72,"column":22}}],"line":72},"5":{"loc":{"start":{"line":107,"column":2},"end":{"line":108,"column":86}},"type":"if","locations":[{"start":{"line":107,"column":2},"end":{"line":108,"column":86}},{"start":{},"end":{}}],"line":107},"6":{"loc":{"start":{"line":124,"column":2},"end":{"line":131,"column":3}},"type":"if","locations":[{"start":{"line":124,"column":2},"end":{"line":131,"column":3}},{"start":{},"end":{}}],"line":124},"7":{"loc":{"start":{"line":139,"column":2},"end":{"line":149,"column":3}},"type":"if","locations":[{"start":{"line":139,"column":2},"end":{"line":149,"column":3}},{"start":{},"end":{}}],"line":139},"8":{"loc":{"start":{"line":152,"column":2},"end":{"line":184,"column":3}},"type":"if","locations":[{"start":{"line":152,"column":2},"end":{"line":184,"column":3}},{"start":{},"end":{}}],"line":152},"9":{"loc":{"start":{"line":199,"column":2},"end":{"line":199,"column":18}},"type":"default-arg","locations":[{"start":{"line":199,"column":14},"end":{"line":199,"column":18}}],"line":199},"10":{"loc":{"start":{"line":200,"column":2},"end":{"line":200,"column":22}},"type":"default-arg","locations":[{"start":{"line":200,"column":20},"end":{"line":200,"column":22}}],"line":200},"11":{"loc":{"start":{"line":201,"column":2},"end":{"line":201,"column":21}},"type":"default-arg","locations":[{"start":{"line":201,"column":19},"end":{"line":201,"column":21}}],"line":201},"12":{"loc":{"start":{"line":225,"column":2},"end":{"line":226,"column":86}},"type":"if","locations":[{"start":{"line":225,"column":2},"end":{"line":226,"column":86}},{"start":{},"end":{}}],"line":225},"13":{"loc":{"start":{"line":229,"column":2},"end":{"line":245,"column":3}},"type":"if","locations":[{"start":{"line":229,"column":2},"end":{"line":245,"column":3}},{"start":{"line":235,"column":9},"end":{"line":245,"column":3}}],"line":229},"14":{"loc":{"start":{"line":258,"column":2},"end":{"line":262,"column":3}},"type":"if","locations":[{"start":{"line":258,"column":2},"end":{"line":262,"column":3}},{"start":{},"end":{}}],"line":258},"15":{"loc":{"start":{"line":258,"column":6},"end":{"line":258,"column":73}},"type":"binary-expr","locations":[{"start":{"line":258,"column":6},"end":{"line":258,"column":37}},{"start":{"line":258,"column":41},"end":{"line":258,"column":73}}],"line":258},"16":{"loc":{"start":{"line":284,"column":2},"end":{"line":285,"column":80}},"type":"if","locations":[{"start":{"line":284,"column":2},"end":{"line":285,"column":80}},{"start":{},"end":{}}],"line":284}},"s":{"0":7,"1":1,"2":1,"3":1,"4":2,"5":2,"6":1,"7":0,"8":7,"9":1,"10":1,"11":1,"12":1,"13":0,"14":7,"15":1,"16":1,"17":1,"18":1,"19":0,"20":7,"21":3,"22":3,"23":3,"24":3,"25":3,"26":2,"27":2,"28":2,"29":2,"30":2,"31":2,"32":4,"33":0,"34":2,"35":2,"36":2,"37":2,"38":1,"39":1,"40":1,"41":2,"42":2,"43":1,"44":1,"45":1,"46":2,"47":1,"48":1,"49":0,"50":0,"51":0,"52":0,"53":0,"54":0,"55":2,"56":1,"57":7,"58":2,"59":2,"60":2,"61":2,"62":2,"63":2,"64":2,"65":2,"66":2,"67":2,"68":2,"69":4,"70":0,"71":2,"72":1,"73":1,"74":2,"75":2,"76":0,"77":2,"78":2,"79":0,"80":7,"81":3,"82":3,"83":3,"84":3,"85":1,"86":2,"87":1,"88":2},"f":{"0":1,"1":2,"2":1,"3":1,"4":3,"5":2,"6":4,"7":2,"8":0,"9":2,"10":2,"11":4,"12":3},"b":{"0":[0],"1":[0],"2":[0],"3":[2],"4":[0],"5":[0,2],"6":[1,1],"7":[1,1],"8":[1,1],"9":[2],"10":[0],"11":[0],"12":[0,2],"13":[1,1],"14":[0,2],"15":[2,0],"16":[1,2]},"_coverageSchema":"1a1c01bbd47fc00a2c39e90264f33305004495a9","hash":"715ecdb45bbc50b83b184eb2afcb26367bf28d92"}
,"C:\\Users\\ericpeweh\\Desktop\\Desktop\\DEVELOPMENT\\PROJECT\\cloversy-store-api\\src\\api\\controllers\\index.ts": {"path":"C:\\Users\\ericpeweh\\Desktop\\Desktop\\DEVELOPMENT\\PROJECT\\cloversy-store-api\\src\\api\\controllers\\index.ts","statementMap":{"0":{"start":{"line":18,"column":28},"end":{"line":18,"column":88}}},"fnMap":{},"branchMap":{},"s":{"0":7},"f":{},"b":{},"_coverageSchema":"1a1c01bbd47fc00a2c39e90264f33305004495a9","hash":"9352bd5ee65f0cb37e2b085b8d656ed0bd403597"}
,"C:\\Users\\ericpeweh\\Desktop\\Desktop\\DEVELOPMENT\\PROJECT\\cloversy-store-api\\src\\api\\controllers\\notif.marketing.controller.ts": {"path":"C:\\Users\\ericpeweh\\Desktop\\Desktop\\DEVELOPMENT\\PROJECT\\cloversy-store-api\\src\\api\\controllers\\notif.marketing.controller.ts","statementMap":{"0":{"start":{"line":17,"column":43},"end":{"line":154,"column":1}},"1":{"start":{"line":34,"column":5},"end":{"line":34,"column":13}},"2":{"start":{"line":36,"column":57},"end":{"line":47,"column":2}},"3":{"start":{"line":49,"column":1},"end":{"line":153,"column":2}},"4":{"start":{"line":50,"column":2},"end":{"line":54,"column":3}},"5":{"start":{"line":51,"column":3},"end":{"line":53,"column":5}},"6":{"start":{"line":57,"column":26},"end":{"line":57,"column":28}},"7":{"start":{"line":58,"column":2},"end":{"line":60,"column":3}},"8":{"start":{"line":59,"column":3},"end":{"line":59,"column":70}},"9":{"start":{"line":61,"column":2},"end":{"line":63,"column":3}},"10":{"start":{"line":62,"column":3},"end":{"line":62,"column":82}},"11":{"start":{"line":66,"column":51},"end":{"line":69,"column":3}},"12":{"start":{"line":70,"column":2},"end":{"line":70,"column":58}},"13":{"start":{"line":70,"column":17},"end":{"line":70,"column":58}},"14":{"start":{"line":71,"column":2},"end":{"line":71,"column":67}},"15":{"start":{"line":71,"column":20},"end":{"line":71,"column":67}},"16":{"start":{"line":72,"column":2},"end":{"line":72,"column":64}},"17":{"start":{"line":72,"column":19},"end":{"line":72,"column":64}},"18":{"start":{"line":73,"column":2},"end":{"line":73,"column":67}},"19":{"start":{"line":73,"column":20},"end":{"line":73,"column":67}},"20":{"start":{"line":76,"column":33},"end":{"line":76,"column":38}},"21":{"start":{"line":77,"column":2},"end":{"line":88,"column":3}},"22":{"start":{"line":79,"column":3},"end":{"line":83,"column":5}},"23":{"start":{"line":85,"column":3},"end":{"line":85,"column":26}},"24":{"start":{"line":87,"column":3},"end":{"line":87,"column":67}},"25":{"start":{"line":90,"column":28},"end":{"line":94,"column":3}},"26":{"start":{"line":96,"column":2},"end":{"line":106,"column":3}},"27":{"start":{"line":98,"column":24},"end":{"line":98,"column":62}},"28":{"start":{"line":99,"column":28},"end":{"line":104,"column":4}},"29":{"start":{"line":105,"column":3},"end":{"line":105,"column":79}},"30":{"start":{"line":109,"column":2},"end":{"line":145,"column":3}},"31":{"start":{"line":110,"column":21},"end":{"line":110,"column":40}},"32":{"start":{"line":112,"column":3},"end":{"line":144,"column":6}},"33":{"start":{"line":113,"column":51},"end":{"line":119,"column":5}},"34":{"start":{"line":122,"column":4},"end":{"line":129,"column":7}},"35":{"start":{"line":132,"column":25},"end":{"line":132,"column":63}},"36":{"start":{"line":133,"column":29},"end":{"line":138,"column":5}},"37":{"start":{"line":139,"column":4},"end":{"line":139,"column":80}},"38":{"start":{"line":141,"column":4},"end":{"line":143,"column":6}},"39":{"start":{"line":147,"column":2},"end":{"line":150,"column":5}},"40":{"start":{"line":152,"column":2},"end":{"line":152,"column":21}},"41":{"start":{"line":156,"column":41},"end":{"line":178,"column":1}},"42":{"start":{"line":161,"column":66},"end":{"line":161,"column":75}},"43":{"start":{"line":163,"column":1},"end":{"line":177,"column":2}},"44":{"start":{"line":164,"column":49},"end":{"line":168,"column":3}},"45":{"start":{"line":170,"column":2},"end":{"line":174,"column":5}},"46":{"start":{"line":176,"column":2},"end":{"line":176,"column":21}},"47":{"start":{"line":180,"column":46},"end":{"line":197,"column":1}},"48":{"start":{"line":185,"column":30},"end":{"line":185,"column":40}},"49":{"start":{"line":187,"column":1},"end":{"line":196,"column":2}},"50":{"start":{"line":188,"column":17},"end":{"line":188,"column":88}},"51":{"start":{"line":190,"column":2},"end":{"line":193,"column":5}},"52":{"start":{"line":195,"column":2},"end":{"line":195,"column":21}},"53":{"start":{"line":199,"column":43},"end":{"line":277,"column":1}},"54":{"start":{"line":217,"column":5},"end":{"line":217,"column":13}},"55":{"start":{"line":219,"column":30},"end":{"line":219,"column":40}},"56":{"start":{"line":221,"column":1},"end":{"line":276,"column":2}},"57":{"start":{"line":222,"column":36},"end":{"line":224,"column":3}},"58":{"start":{"line":227,"column":2},"end":{"line":247,"column":3}},"59":{"start":{"line":229,"column":3},"end":{"line":232,"column":5}},"60":{"start":{"line":235,"column":3},"end":{"line":246,"column":5}},"61":{"start":{"line":250,"column":32},"end":{"line":257,"column":3}},"62":{"start":{"line":260,"column":2},"end":{"line":264,"column":3}},"63":{"start":{"line":261,"column":3},"end":{"line":263,"column":6}},"64":{"start":{"line":266,"column":38},"end":{"line":268,"column":3}},"65":{"start":{"line":270,"column":2},"end":{"line":273,"column":5}},"66":{"start":{"line":275,"column":2},"end":{"line":275,"column":21}},"67":{"start":{"line":279,"column":43},"end":{"line":308,"column":1}},"68":{"start":{"line":284,"column":30},"end":{"line":284,"column":40}},"69":{"start":{"line":286,"column":1},"end":{"line":307,"column":2}},"70":{"start":{"line":288,"column":36},"end":{"line":290,"column":3}},"71":{"start":{"line":292,"column":2},"end":{"line":293,"column":87}},"72":{"start":{"line":293,"column":3},"end":{"line":293,"column":87}},"73":{"start":{"line":296,"column":32},"end":{"line":299,"column":4}},"74":{"start":{"line":301,"column":2},"end":{"line":304,"column":5}},"75":{"start":{"line":306,"column":2},"end":{"line":306,"column":21}}},"fnMap":{"0":{"name":"(anonymous_0)","decl":{"start":{"line":17,"column":43},"end":{"line":17,"column":44}},"loc":{"start":{"line":21,"column":5},"end":{"line":154,"column":1}},"line":21},"1":{"name":"(anonymous_1)","decl":{"start":{"line":112,"column":73},"end":{"line":112,"column":74}},"loc":{"start":{"line":112,"column":85},"end":{"line":144,"column":4}},"line":112},"2":{"name":"(anonymous_2)","decl":{"start":{"line":156,"column":41},"end":{"line":156,"column":42}},"loc":{"start":{"line":160,"column":5},"end":{"line":178,"column":1}},"line":160},"3":{"name":"(anonymous_3)","decl":{"start":{"line":180,"column":46},"end":{"line":180,"column":47}},"loc":{"start":{"line":184,"column":5},"end":{"line":197,"column":1}},"line":184},"4":{"name":"(anonymous_4)","decl":{"start":{"line":199,"column":43},"end":{"line":199,"column":44}},"loc":{"start":{"line":203,"column":5},"end":{"line":277,"column":1}},"line":203},"5":{"name":"(anonymous_5)","decl":{"start":{"line":279,"column":43},"end":{"line":279,"column":44}},"loc":{"start":{"line":283,"column":5},"end":{"line":308,"column":1}},"line":283}},"branchMap":{"0":{"loc":{"start":{"line":25,"column":2},"end":{"line":25,"column":18}},"type":"default-arg","locations":[{"start":{"line":25,"column":14},"end":{"line":25,"column":18}}],"line":25},"1":{"loc":{"start":{"line":26,"column":2},"end":{"line":26,"column":22}},"type":"default-arg","locations":[{"start":{"line":26,"column":20},"end":{"line":26,"column":22}}],"line":26},"2":{"loc":{"start":{"line":50,"column":2},"end":{"line":54,"column":3}},"type":"if","locations":[{"start":{"line":50,"column":2},"end":{"line":54,"column":3}},{"start":{},"end":{}}],"line":50},"3":{"loc":{"start":{"line":50,"column":6},"end":{"line":50,"column":59}},"type":"binary-expr","locations":[{"start":{"line":50,"column":6},"end":{"line":50,"column":27}},{"start":{"line":50,"column":31},"end":{"line":50,"column":59}}],"line":50},"4":{"loc":{"start":{"line":58,"column":2},"end":{"line":60,"column":3}},"type":"if","locations":[{"start":{"line":58,"column":2},"end":{"line":60,"column":3}},{"start":{},"end":{}}],"line":58},"5":{"loc":{"start":{"line":61,"column":2},"end":{"line":63,"column":3}},"type":"if","locations":[{"start":{"line":61,"column":2},"end":{"line":63,"column":3}},{"start":{},"end":{}}],"line":61},"6":{"loc":{"start":{"line":70,"column":2},"end":{"line":70,"column":58}},"type":"if","locations":[{"start":{"line":70,"column":2},"end":{"line":70,"column":58}},{"start":{},"end":{}}],"line":70},"7":{"loc":{"start":{"line":71,"column":2},"end":{"line":71,"column":67}},"type":"if","locations":[{"start":{"line":71,"column":2},"end":{"line":71,"column":67}},{"start":{},"end":{}}],"line":71},"8":{"loc":{"start":{"line":72,"column":2},"end":{"line":72,"column":64}},"type":"if","locations":[{"start":{"line":72,"column":2},"end":{"line":72,"column":64}},{"start":{},"end":{}}],"line":72},"9":{"loc":{"start":{"line":73,"column":2},"end":{"line":73,"column":67}},"type":"if","locations":[{"start":{"line":73,"column":2},"end":{"line":73,"column":67}},{"start":{},"end":{}}],"line":73},"10":{"loc":{"start":{"line":77,"column":2},"end":{"line":88,"column":3}},"type":"if","locations":[{"start":{"line":77,"column":2},"end":{"line":88,"column":3}},{"start":{},"end":{}}],"line":77},"11":{"loc":{"start":{"line":96,"column":2},"end":{"line":106,"column":3}},"type":"if","locations":[{"start":{"line":96,"column":2},"end":{"line":106,"column":3}},{"start":{},"end":{}}],"line":96},"12":{"loc":{"start":{"line":109,"column":2},"end":{"line":145,"column":3}},"type":"if","locations":[{"start":{"line":109,"column":2},"end":{"line":145,"column":3}},{"start":{},"end":{}}],"line":109},"13":{"loc":{"start":{"line":161,"column":9},"end":{"line":161,"column":19}},"type":"default-arg","locations":[{"start":{"line":161,"column":16},"end":{"line":161,"column":19}}],"line":161},"14":{"loc":{"start":{"line":161,"column":24},"end":{"line":161,"column":40}},"type":"default-arg","locations":[{"start":{"line":161,"column":38},"end":{"line":161,"column":40}}],"line":161},"15":{"loc":{"start":{"line":161,"column":42},"end":{"line":161,"column":61}},"type":"default-arg","locations":[{"start":{"line":161,"column":54},"end":{"line":161,"column":61}}],"line":161},"16":{"loc":{"start":{"line":207,"column":2},"end":{"line":207,"column":18}},"type":"default-arg","locations":[{"start":{"line":207,"column":14},"end":{"line":207,"column":18}}],"line":207},"17":{"loc":{"start":{"line":208,"column":2},"end":{"line":208,"column":22}},"type":"default-arg","locations":[{"start":{"line":208,"column":20},"end":{"line":208,"column":22}}],"line":208},"18":{"loc":{"start":{"line":209,"column":2},"end":{"line":209,"column":21}},"type":"default-arg","locations":[{"start":{"line":209,"column":19},"end":{"line":209,"column":21}}],"line":209},"19":{"loc":{"start":{"line":227,"column":2},"end":{"line":247,"column":3}},"type":"if","locations":[{"start":{"line":227,"column":2},"end":{"line":247,"column":3}},{"start":{"line":233,"column":9},"end":{"line":247,"column":3}}],"line":227},"20":{"loc":{"start":{"line":260,"column":2},"end":{"line":264,"column":3}},"type":"if","locations":[{"start":{"line":260,"column":2},"end":{"line":264,"column":3}},{"start":{},"end":{}}],"line":260},"21":{"loc":{"start":{"line":260,"column":6},"end":{"line":260,"column":73}},"type":"binary-expr","locations":[{"start":{"line":260,"column":6},"end":{"line":260,"column":37}},{"start":{"line":260,"column":41},"end":{"line":260,"column":73}}],"line":260},"22":{"loc":{"start":{"line":292,"column":2},"end":{"line":293,"column":87}},"type":"if","locations":[{"start":{"line":292,"column":2},"end":{"line":293,"column":87}},{"start":{},"end":{}}],"line":292}},"s":{"0":7,"1":5,"2":5,"3":5,"4":5,"5":1,"6":4,"7":4,"8":1,"9":4,"10":3,"11":4,"12":4,"13":4,"14":4,"15":4,"16":4,"17":4,"18":4,"19":4,"20":4,"21":4,"22":2,"23":2,"24":2,"25":4,"26":4,"27":2,"28":2,"29":2,"30":4,"31":2,"32":2,"33":0,"34":0,"35":0,"36":0,"37":0,"38":0,"39":4,"40":1,"41":7,"42":2,"43":2,"44":2,"45":1,"46":1,"47":7,"48":1,"49":1,"50":1,"51":1,"52":0,"53":7,"54":2,"55":2,"56":2,"57":2,"58":2,"59":1,"60":1,"61":2,"62":2,"63":0,"64":2,"65":2,"66":0,"67":7,"68":3,"69":3,"70":3,"71":2,"72":1,"73":1,"74":1,"75":2},"f":{"0":5,"1":0,"2":2,"3":1,"4":2,"5":3},"b":{"0":[2],"1":[0],"2":[1,4],"3":[5,4],"4":[1,3],"5":[3,1],"6":[4,0],"7":[4,0],"8":[4,0],"9":[4,0],"10":[2,2],"11":[2,2],"12":[2,2],"13":[1],"14":[1],"15":[1],"16":[0],"17":[0],"18":[0],"19":[1,1],"20":[0,2],"21":[2,2],"22":[1,1]},"_coverageSchema":"1a1c01bbd47fc00a2c39e90264f33305004495a9","hash":"1a0c5f93a99c8bbb26c46a1d79bad78d74196538"}
,"C:\\Users\\ericpeweh\\Desktop\\Desktop\\DEVELOPMENT\\PROJECT\\cloversy-store-api\\src\\api\\controllers\\notification.controller.ts": {"path":"C:\\Users\\ericpeweh\\Desktop\\Desktop\\DEVELOPMENT\\PROJECT\\cloversy-store-api\\src\\api\\controllers\\notification.controller.ts","statementMap":{"0":{"start":{"line":13,"column":35},"end":{"line":44,"column":1}},"1":{"start":{"line":14,"column":16},"end":{"line":14,"column":28}},"2":{"start":{"line":15,"column":60},"end":{"line":15,"column":69}},"3":{"start":{"line":17,"column":1},"end":{"line":43,"column":2}},"4":{"start":{"line":18,"column":2},"end":{"line":18,"column":79}},"5":{"start":{"line":18,"column":15},"end":{"line":18,"column":79}},"6":{"start":{"line":20,"column":2},"end":{"line":22,"column":3}},"7":{"start":{"line":21,"column":3},"end":{"line":21,"column":75}},"8":{"start":{"line":24,"column":2},"end":{"line":26,"column":3}},"9":{"start":{"line":25,"column":3},"end":{"line":25,"column":87}},"10":{"start":{"line":29,"column":3},"end":{"line":34,"column":4}},"11":{"start":{"line":36,"column":2},"end":{"line":40,"column":5}},"12":{"start":{"line":42,"column":2},"end":{"line":42,"column":21}},"13":{"start":{"line":46,"column":32},"end":{"line":69,"column":1}},"14":{"start":{"line":47,"column":16},"end":{"line":47,"column":28}},"15":{"start":{"line":48,"column":28},"end":{"line":48,"column":38}},"16":{"start":{"line":50,"column":1},"end":{"line":68,"column":2}},"17":{"start":{"line":51,"column":2},"end":{"line":51,"column":79}},"18":{"start":{"line":51,"column":15},"end":{"line":51,"column":79}},"19":{"start":{"line":52,"column":2},"end":{"line":52,"column":82}},"20":{"start":{"line":52,"column":23},"end":{"line":52,"column":82}},"21":{"start":{"line":55,"column":2},"end":{"line":55,"column":64}},"22":{"start":{"line":57,"column":42},"end":{"line":60,"column":3}},"23":{"start":{"line":62,"column":2},"end":{"line":65,"column":5}},"24":{"start":{"line":67,"column":2},"end":{"line":67,"column":21}}},"fnMap":{"0":{"name":"(anonymous_0)","decl":{"start":{"line":13,"column":35},"end":{"line":13,"column":36}},"loc":{"start":{"line":13,"column":94},"end":{"line":44,"column":1}},"line":13},"1":{"name":"(anonymous_1)","decl":{"start":{"line":46,"column":32},"end":{"line":46,"column":33}},"loc":{"start":{"line":46,"column":91},"end":{"line":69,"column":1}},"line":46}},"branchMap":{"0":{"loc":{"start":{"line":15,"column":9},"end":{"line":15,"column":18}},"type":"default-arg","locations":[{"start":{"line":15,"column":16},"end":{"line":15,"column":18}}],"line":15},"1":{"loc":{"start":{"line":15,"column":20},"end":{"line":15,"column":29}},"type":"default-arg","locations":[{"start":{"line":15,"column":27},"end":{"line":15,"column":29}}],"line":15},"2":{"loc":{"start":{"line":15,"column":38},"end":{"line":15,"column":55}},"type":"default-arg","locations":[{"start":{"line":15,"column":51},"end":{"line":15,"column":55}}],"line":15},"3":{"loc":{"start":{"line":18,"column":2},"end":{"line":18,"column":79}},"type":"if","locations":[{"start":{"line":18,"column":2},"end":{"line":18,"column":79}},{"start":{},"end":{}}],"line":18},"4":{"loc":{"start":{"line":20,"column":2},"end":{"line":22,"column":3}},"type":"if","locations":[{"start":{"line":20,"column":2},"end":{"line":22,"column":3}},{"start":{},"end":{}}],"line":20},"5":{"loc":{"start":{"line":20,"column":6},"end":{"line":20,"column":92}},"type":"binary-expr","locations":[{"start":{"line":20,"column":6},"end":{"line":20,"column":30}},{"start":{"line":20,"column":34},"end":{"line":20,"column":58}},{"start":{"line":20,"column":62},"end":{"line":20,"column":92}}],"line":20},"6":{"loc":{"start":{"line":24,"column":2},"end":{"line":26,"column":3}},"type":"if","locations":[{"start":{"line":24,"column":2},"end":{"line":26,"column":3}},{"start":{},"end":{}}],"line":24},"7":{"loc":{"start":{"line":51,"column":2},"end":{"line":51,"column":79}},"type":"if","locations":[{"start":{"line":51,"column":2},"end":{"line":51,"column":79}},{"start":{},"end":{}}],"line":51},"8":{"loc":{"start":{"line":52,"column":2},"end":{"line":52,"column":82}},"type":"if","locations":[{"start":{"line":52,"column":2},"end":{"line":52,"column":82}},{"start":{},"end":{}}],"line":52}},"s":{"0":7,"1":0,"2":0,"3":0,"4":0,"5":0,"6":0,"7":0,"8":0,"9":0,"10":0,"11":0,"12":0,"13":7,"14":0,"15":0,"16":0,"17":0,"18":0,"19":0,"20":0,"21":0,"22":0,"23":0,"24":0},"f":{"0":0,"1":0},"b":{"0":[0],"1":[0],"2":[0],"3":[0,0],"4":[0,0],"5":[0,0,0],"6":[0,0],"7":[0,0],"8":[0,0]},"_coverageSchema":"1a1c01bbd47fc00a2c39e90264f33305004495a9","hash":"f71fc0422b6d1c1455fc91ace13902b50ccfe651"}
,"C:\\Users\\ericpeweh\\Desktop\\Desktop\\DEVELOPMENT\\PROJECT\\cloversy-store-api\\src\\api\\controllers\\product.controller.ts": {"path":"C:\\Users\\ericpeweh\\Desktop\\Desktop\\DEVELOPMENT\\PROJECT\\cloversy-store-api\\src\\api\\controllers\\product.controller.ts","statementMap":{"0":{"start":{"line":12,"column":30},"end":{"line":54,"column":1}},"1":{"start":{"line":19,"column":5},"end":{"line":19,"column":14}},"2":{"start":{"line":21,"column":1},"end":{"line":53,"column":2}},"3":{"start":{"line":22,"column":2},"end":{"line":32,"column":3}},"4":{"start":{"line":29,"column":3},"end":{"line":31,"column":5}},"5":{"start":{"line":34,"column":2},"end":{"line":36,"column":3}},"6":{"start":{"line":35,"column":3},"end":{"line":35,"column":75}},"7":{"start":{"line":38,"column":42},"end":{"line":44,"column":3}},"8":{"start":{"line":46,"column":2},"end":{"line":50,"column":5}},"9":{"start":{"line":52,"column":2},"end":{"line":52,"column":21}},"10":{"start":{"line":56,"column":36},"end":{"line":106,"column":1}},"11":{"start":{"line":57,"column":1},"end":{"line":105,"column":2}},"12":{"start":{"line":58,"column":24},"end":{"line":58,"column":34}},"13":{"start":{"line":62,"column":6},"end":{"line":62,"column":15}},"14":{"start":{"line":64,"column":2},"end":{"line":70,"column":3}},"15":{"start":{"line":69,"column":3},"end":{"line":69,"column":75}},"16":{"start":{"line":72,"column":2},"end":{"line":79,"column":3}},"17":{"start":{"line":78,"column":3},"end":{"line":78,"column":58}},"18":{"start":{"line":81,"column":24},"end":{"line":81,"column":41}},"19":{"start":{"line":82,"column":2},"end":{"line":84,"column":3}},"20":{"start":{"line":83,"column":3},"end":{"line":83,"column":57}},"21":{"start":{"line":86,"column":26},"end":{"line":86,"column":45}},"22":{"start":{"line":87,"column":2},"end":{"line":89,"column":3}},"23":{"start":{"line":88,"column":3},"end":{"line":88,"column":59}},"24":{"start":{"line":91,"column":17},"end":{"line":95,"column":3}},"25":{"start":{"line":97,"column":2},"end":{"line":102,"column":5}},"26":{"start":{"line":104,"column":2},"end":{"line":104,"column":21}},"27":{"start":{"line":108,"column":29},"end":{"line":140,"column":1}},"28":{"start":{"line":109,"column":1},"end":{"line":139,"column":2}},"29":{"start":{"line":121,"column":6},"end":{"line":121,"column":14}},"30":{"start":{"line":122,"column":17},"end":{"line":122,"column":51}},"31":{"start":{"line":124,"column":24},"end":{"line":124,"column":93}},"32":{"start":{"line":126,"column":17},"end":{"line":131,"column":3}},"33":{"start":{"line":133,"column":2},"end":{"line":136,"column":5}},"34":{"start":{"line":138,"column":2},"end":{"line":138,"column":21}},"35":{"start":{"line":142,"column":29},"end":{"line":193,"column":1}},"36":{"start":{"line":143,"column":1},"end":{"line":192,"column":2}},"37":{"start":{"line":144,"column":24},"end":{"line":144,"column":34}},"38":{"start":{"line":159,"column":6},"end":{"line":159,"column":14}},"39":{"start":{"line":160,"column":17},"end":{"line":160,"column":51}},"40":{"start":{"line":162,"column":29},"end":{"line":171,"column":3}},"41":{"start":{"line":173,"column":17},"end":{"line":184,"column":3}},"42":{"start":{"line":186,"column":2},"end":{"line":189,"column":5}},"43":{"start":{"line":191,"column":2},"end":{"line":191,"column":21}},"44":{"start":{"line":195,"column":29},"end":{"line":208,"column":1}},"45":{"start":{"line":196,"column":1},"end":{"line":207,"column":2}},"46":{"start":{"line":197,"column":24},"end":{"line":197,"column":34}},"47":{"start":{"line":199,"column":17},"end":{"line":199,"column":62}},"48":{"start":{"line":201,"column":2},"end":{"line":204,"column":5}},"49":{"start":{"line":206,"column":2},"end":{"line":206,"column":21}}},"fnMap":{"0":{"name":"(anonymous_0)","decl":{"start":{"line":12,"column":30},"end":{"line":12,"column":31}},"loc":{"start":{"line":12,"column":89},"end":{"line":54,"column":1}},"line":12},"1":{"name":"(anonymous_1)","decl":{"start":{"line":56,"column":36},"end":{"line":56,"column":37}},"loc":{"start":{"line":56,"column":95},"end":{"line":106,"column":1}},"line":56},"2":{"name":"(anonymous_2)","decl":{"start":{"line":108,"column":29},"end":{"line":108,"column":30}},"loc":{"start":{"line":108,"column":88},"end":{"line":140,"column":1}},"line":108},"3":{"name":"(anonymous_3)","decl":{"start":{"line":142,"column":29},"end":{"line":142,"column":30}},"loc":{"start":{"line":142,"column":88},"end":{"line":193,"column":1}},"line":142},"4":{"name":"(anonymous_4)","decl":{"start":{"line":195,"column":29},"end":{"line":195,"column":30}},"loc":{"start":{"line":195,"column":88},"end":{"line":208,"column":1}},"line":195}},"branchMap":{"0":{"loc":{"start":{"line":14,"column":10},"end":{"line":14,"column":28}},"type":"default-arg","locations":[{"start":{"line":14,"column":26},"end":{"line":14,"column":28}}],"line":14},"1":{"loc":{"start":{"line":15,"column":9},"end":{"line":15,"column":25}},"type":"default-arg","locations":[{"start":{"line":15,"column":23},"end":{"line":15,"column":25}}],"line":15},"2":{"loc":{"start":{"line":16,"column":2},"end":{"line":16,"column":15}},"type":"default-arg","locations":[{"start":{"line":16,"column":11},"end":{"line":16,"column":15}}],"line":16},"3":{"loc":{"start":{"line":17,"column":2},"end":{"line":17,"column":11}},"type":"default-arg","locations":[{"start":{"line":17,"column":9},"end":{"line":17,"column":11}}],"line":17},"4":{"loc":{"start":{"line":18,"column":2},"end":{"line":18,"column":8}},"type":"default-arg","locations":[{"start":{"line":18,"column":6},"end":{"line":18,"column":8}}],"line":18},"5":{"loc":{"start":{"line":22,"column":2},"end":{"line":32,"column":3}},"type":"if","locations":[{"start":{"line":22,"column":2},"end":{"line":32,"column":3}},{"start":{},"end":{}}],"line":22},"6":{"loc":{"start":{"line":23,"column":3},"end":{"line":27,"column":34}},"type":"binary-expr","locations":[{"start":{"line":23,"column":3},"end":{"line":23,"column":29}},{"start":{"line":24,"column":3},"end":{"line":24,"column":24}},{"start":{"line":25,"column":3},"end":{"line":25,"column":27}},{"start":{"line":26,"column":3},"end":{"line":26,"column":36}},{"start":{"line":27,"column":3},"end":{"line":27,"column":34}}],"line":23},"7":{"loc":{"start":{"line":34,"column":2},"end":{"line":36,"column":3}},"type":"if","locations":[{"start":{"line":34,"column":2},"end":{"line":36,"column":3}},{"start":{},"end":{}}],"line":34},"8":{"loc":{"start":{"line":60,"column":24},"end":{"line":60,"column":46}},"type":"default-arg","locations":[{"start":{"line":60,"column":44},"end":{"line":60,"column":46}}],"line":60},"9":{"loc":{"start":{"line":61,"column":26},"end":{"line":61,"column":50}},"type":"default-arg","locations":[{"start":{"line":61,"column":48},"end":{"line":61,"column":50}}],"line":61},"10":{"loc":{"start":{"line":64,"column":2},"end":{"line":70,"column":3}},"type":"if","locations":[{"start":{"line":64,"column":2},"end":{"line":70,"column":3}},{"start":{},"end":{}}],"line":64},"11":{"loc":{"start":{"line":65,"column":3},"end":{"line":67,"column":42}},"type":"binary-expr","locations":[{"start":{"line":65,"column":3},"end":{"line":65,"column":32}},{"start":{"line":66,"column":3},"end":{"line":66,"column":40}},{"start":{"line":67,"column":3},"end":{"line":67,"column":42}}],"line":65},"12":{"loc":{"start":{"line":72,"column":2},"end":{"line":79,"column":3}},"type":"if","locations":[{"start":{"line":72,"column":2},"end":{"line":79,"column":3}},{"start":{},"end":{}}],"line":72},"13":{"loc":{"start":{"line":73,"column":3},"end":{"line":76,"column":35}},"type":"binary-expr","locations":[{"start":{"line":73,"column":3},"end":{"line":73,"column":20}},{"start":{"line":74,"column":3},"end":{"line":74,"column":33}},{"start":{"line":75,"column":3},"end":{"line":75,"column":22}},{"start":{"line":76,"column":3},"end":{"line":76,"column":35}}],"line":73},"14":{"loc":{"start":{"line":82,"column":2},"end":{"line":84,"column":3}},"type":"if","locations":[{"start":{"line":82,"column":2},"end":{"line":84,"column":3}},{"start":{},"end":{}}],"line":82},"15":{"loc":{"start":{"line":87,"column":2},"end":{"line":89,"column":3}},"type":"if","locations":[{"start":{"line":87,"column":2},"end":{"line":89,"column":3}},{"start":{},"end":{}}],"line":87},"16":{"loc":{"start":{"line":119,"column":3},"end":{"line":119,"column":12}},"type":"default-arg","locations":[{"start":{"line":119,"column":10},"end":{"line":119,"column":12}}],"line":119},"17":{"loc":{"start":{"line":120,"column":3},"end":{"line":120,"column":13}},"type":"default-arg","locations":[{"start":{"line":120,"column":11},"end":{"line":120,"column":13}}],"line":120},"18":{"loc":{"start":{"line":154,"column":3},"end":{"line":154,"column":12}},"type":"default-arg","locations":[{"start":{"line":154,"column":10},"end":{"line":154,"column":12}}],"line":154},"19":{"loc":{"start":{"line":155,"column":3},"end":{"line":155,"column":13}},"type":"default-arg","locations":[{"start":{"line":155,"column":11},"end":{"line":155,"column":13}}],"line":155},"20":{"loc":{"start":{"line":156,"column":3},"end":{"line":156,"column":19}},"type":"default-arg","locations":[{"start":{"line":156,"column":17},"end":{"line":156,"column":19}}],"line":156},"21":{"loc":{"start":{"line":157,"column":3},"end":{"line":157,"column":20}},"type":"default-arg","locations":[{"start":{"line":157,"column":18},"end":{"line":157,"column":20}}],"line":157},"22":{"loc":{"start":{"line":158,"column":3},"end":{"line":158,"column":21}},"type":"default-arg","locations":[{"start":{"line":158,"column":19},"end":{"line":158,"column":21}}],"line":158},"23":{"loc":{"start":{"line":177,"column":10},"end":{"line":177,"column":48}},"type":"cond-expr","locations":[{"start":{"line":177,"column":28},"end":{"line":177,"column":43}},{"start":{"line":177,"column":46},"end":{"line":177,"column":48}}],"line":177},"24":{"loc":{"start":{"line":178,"column":11},"end":{"line":178,"column":51}},"type":"cond-expr","locations":[{"start":{"line":178,"column":30},"end":{"line":178,"column":46}},{"start":{"line":178,"column":49},"end":{"line":178,"column":51}}],"line":178},"25":{"loc":{"start":{"line":179,"column":17},"end":{"line":179,"column":69}},"type":"cond-expr","locations":[{"start":{"line":179,"column":42},"end":{"line":179,"column":64}},{"start":{"line":179,"column":67},"end":{"line":179,"column":69}}],"line":179},"26":{"loc":{"start":{"line":180,"column":18},"end":{"line":180,"column":72}},"type":"cond-expr","locations":[{"start":{"line":180,"column":44},"end":{"line":180,"column":67}},{"start":{"line":180,"column":70},"end":{"line":180,"column":72}}],"line":180},"27":{"loc":{"start":{"line":181,"column":19},"end":{"line":181,"column":75}},"type":"cond-expr","locations":[{"start":{"line":181,"column":46},"end":{"line":181,"column":70}},{"start":{"line":181,"column":73},"end":{"line":181,"column":75}}],"line":181}},"s":{"0":7,"1":0,"2":0,"3":0,"4":0,"5":0,"6":0,"7":0,"8":0,"9":0,"10":7,"11":0,"12":0,"13":0,"14":0,"15":0,"16":0,"17":0,"18":0,"19":0,"20":0,"21":0,"22":0,"23":0,"24":0,"25":0,"26":0,"27":7,"28":0,"29":0,"30":0,"31":0,"32":0,"33":0,"34":0,"35":7,"36":0,"37":0,"38":0,"39":0,"40":0,"41":0,"42":0,"43":0,"44":7,"45":0,"46":0,"47":0,"48":0,"49":0},"f":{"0":0,"1":0,"2":0,"3":0,"4":0},"b":{"0":[0],"1":[0],"2":[0],"3":[0],"4":[0],"5":[0,0],"6":[0,0,0,0,0],"7":[0,0],"8":[0],"9":[0],"10":[0,0],"11":[0,0,0],"12":[0,0],"13":[0,0,0,0],"14":[0,0],"15":[0,0],"16":[0],"17":[0],"18":[0],"19":[0],"20":[0],"21":[0],"22":[0],"23":[0,0],"24":[0,0],"25":[0,0],"26":[0,0],"27":[0,0]},"_coverageSchema":"1a1c01bbd47fc00a2c39e90264f33305004495a9","hash":"87a9a095930961a2ec24e8c79e142ff063728f3a"}
,"C:\\Users\\ericpeweh\\Desktop\\Desktop\\DEVELOPMENT\\PROJECT\\cloversy-store-api\\src\\api\\controllers\\review.controller.ts": {"path":"C:\\Users\\ericpeweh\\Desktop\\Desktop\\DEVELOPMENT\\PROJECT\\cloversy-store-api\\src\\api\\controllers\\review.controller.ts","statementMap":{"0":{"start":{"line":10,"column":31},"end":{"line":25,"column":1}},"1":{"start":{"line":11,"column":22},"end":{"line":11,"column":32}},"2":{"start":{"line":13,"column":1},"end":{"line":24,"column":2}},"3":{"start":{"line":14,"column":2},"end":{"line":14,"column":70}},"4":{"start":{"line":14,"column":17},"end":{"line":14,"column":70}},"5":{"start":{"line":16,"column":17},"end":{"line":16,"column":62}},"6":{"start":{"line":18,"column":2},"end":{"line":21,"column":5}},"7":{"start":{"line":23,"column":2},"end":{"line":23,"column":21}},"8":{"start":{"line":27,"column":29},"end":{"line":75,"column":1}},"9":{"start":{"line":35,"column":5},"end":{"line":35,"column":14}},"10":{"start":{"line":37,"column":1},"end":{"line":74,"column":2}},"11":{"start":{"line":38,"column":2},"end":{"line":47,"column":3}},"12":{"start":{"line":46,"column":3},"end":{"line":46,"column":75}},"13":{"start":{"line":49,"column":2},"end":{"line":50,"column":61}},"14":{"start":{"line":50,"column":3},"end":{"line":50,"column":61}},"15":{"start":{"line":52,"column":2},"end":{"line":54,"column":3}},"16":{"start":{"line":53,"column":3},"end":{"line":53,"column":97}},"17":{"start":{"line":56,"column":2},"end":{"line":57,"column":91}},"18":{"start":{"line":57,"column":3},"end":{"line":57,"column":91}},"19":{"start":{"line":59,"column":17},"end":{"line":66,"column":3}},"20":{"start":{"line":68,"column":2},"end":{"line":71,"column":5}},"21":{"start":{"line":73,"column":2},"end":{"line":73,"column":21}},"22":{"start":{"line":77,"column":28},"end":{"line":115,"column":1}},"23":{"start":{"line":78,"column":22},"end":{"line":78,"column":32}},"24":{"start":{"line":79,"column":48},"end":{"line":79,"column":56}},"25":{"start":{"line":81,"column":1},"end":{"line":114,"column":2}},"26":{"start":{"line":82,"column":2},"end":{"line":82,"column":70}},"27":{"start":{"line":82,"column":17},"end":{"line":82,"column":70}},"28":{"start":{"line":84,"column":2},"end":{"line":85,"column":58}},"29":{"start":{"line":85,"column":3},"end":{"line":85,"column":58}},"30":{"start":{"line":87,"column":2},"end":{"line":88,"column":60}},"31":{"start":{"line":88,"column":3},"end":{"line":88,"column":60}},"32":{"start":{"line":90,"column":2},"end":{"line":91,"column":69}},"33":{"start":{"line":91,"column":3},"end":{"line":91,"column":69}},"34":{"start":{"line":93,"column":2},"end":{"line":94,"column":94}},"35":{"start":{"line":94,"column":3},"end":{"line":94,"column":94}},"36":{"start":{"line":96,"column":21},"end":{"line":96,"column":66}},"37":{"start":{"line":98,"column":2},"end":{"line":98,"column":76}},"38":{"start":{"line":98,"column":19},"end":{"line":98,"column":76}},"39":{"start":{"line":100,"column":24},"end":{"line":106,"column":3}},"40":{"start":{"line":108,"column":2},"end":{"line":111,"column":5}},"41":{"start":{"line":113,"column":2},"end":{"line":113,"column":21}}},"fnMap":{"0":{"name":"(anonymous_0)","decl":{"start":{"line":10,"column":31},"end":{"line":10,"column":32}},"loc":{"start":{"line":10,"column":90},"end":{"line":25,"column":1}},"line":10},"1":{"name":"(anonymous_1)","decl":{"start":{"line":27,"column":29},"end":{"line":27,"column":30}},"loc":{"start":{"line":27,"column":88},"end":{"line":75,"column":1}},"line":27},"2":{"name":"(anonymous_2)","decl":{"start":{"line":77,"column":28},"end":{"line":77,"column":29}},"loc":{"start":{"line":77,"column":87},"end":{"line":115,"column":1}},"line":77}},"branchMap":{"0":{"loc":{"start":{"line":14,"column":2},"end":{"line":14,"column":70}},"type":"if","locations":[{"start":{"line":14,"column":2},"end":{"line":14,"column":70}},{"start":{},"end":{}}],"line":14},"1":{"loc":{"start":{"line":29,"column":5},"end":{"line":29,"column":21}},"type":"default-arg","locations":[{"start":{"line":29,"column":19},"end":{"line":29,"column":21}}],"line":29},"2":{"loc":{"start":{"line":30,"column":10},"end":{"line":30,"column":27}},"type":"default-arg","locations":[{"start":{"line":30,"column":25},"end":{"line":30,"column":27}}],"line":30},"3":{"loc":{"start":{"line":31,"column":2},"end":{"line":31,"column":15}},"type":"default-arg","locations":[{"start":{"line":31,"column":11},"end":{"line":31,"column":15}}],"line":31},"4":{"loc":{"start":{"line":32,"column":2},"end":{"line":32,"column":11}},"type":"default-arg","locations":[{"start":{"line":32,"column":9},"end":{"line":32,"column":11}}],"line":32},"5":{"loc":{"start":{"line":33,"column":9},"end":{"line":33,"column":26}},"type":"default-arg","locations":[{"start":{"line":33,"column":22},"end":{"line":33,"column":26}}],"line":33},"6":{"loc":{"start":{"line":34,"column":2},"end":{"line":34,"column":20}},"type":"default-arg","locations":[{"start":{"line":34,"column":18},"end":{"line":34,"column":20}}],"line":34},"7":{"loc":{"start":{"line":38,"column":2},"end":{"line":47,"column":3}},"type":"if","locations":[{"start":{"line":38,"column":2},"end":{"line":47,"column":3}},{"start":{},"end":{}}],"line":38},"8":{"loc":{"start":{"line":39,"column":3},"end":{"line":44,"column":36}},"type":"binary-expr","locations":[{"start":{"line":39,"column":3},"end":{"line":39,"column":34}},{"start":{"line":40,"column":3},"end":{"line":40,"column":35}},{"start":{"line":41,"column":3},"end":{"line":41,"column":29}},{"start":{"line":42,"column":3},"end":{"line":42,"column":27}},{"start":{"line":43,"column":3},"end":{"line":43,"column":33}},{"start":{"line":44,"column":3},"end":{"line":44,"column":36}}],"line":39},"9":{"loc":{"start":{"line":49,"column":2},"end":{"line":50,"column":61}},"type":"if","locations":[{"start":{"line":49,"column":2},"end":{"line":50,"column":61}},{"start":{},"end":{}}],"line":49},"10":{"loc":{"start":{"line":49,"column":6},"end":{"line":49,"column":50}},"type":"binary-expr","locations":[{"start":{"line":49,"column":6},"end":{"line":49,"column":19}},{"start":{"line":49,"column":23},"end":{"line":49,"column":50}}],"line":49},"11":{"loc":{"start":{"line":52,"column":2},"end":{"line":54,"column":3}},"type":"if","locations":[{"start":{"line":52,"column":2},"end":{"line":54,"column":3}},{"start":{},"end":{}}],"line":52},"12":{"loc":{"start":{"line":56,"column":2},"end":{"line":57,"column":91}},"type":"if","locations":[{"start":{"line":56,"column":2},"end":{"line":57,"column":91}},{"start":{},"end":{}}],"line":56},"13":{"loc":{"start":{"line":82,"column":2},"end":{"line":82,"column":70}},"type":"if","locations":[{"start":{"line":82,"column":2},"end":{"line":82,"column":70}},{"start":{},"end":{}}],"line":82},"14":{"loc":{"start":{"line":84,"column":2},"end":{"line":85,"column":58}},"type":"if","locations":[{"start":{"line":84,"column":2},"end":{"line":85,"column":58}},{"start":{},"end":{}}],"line":84},"15":{"loc":{"start":{"line":84,"column":6},"end":{"line":84,"column":50}},"type":"binary-expr","locations":[{"start":{"line":84,"column":6},"end":{"line":84,"column":13}},{"start":{"line":84,"column":17},"end":{"line":84,"column":24}},{"start":{"line":84,"column":28},"end":{"line":84,"column":39}},{"start":{"line":84,"column":43},"end":{"line":84,"column":50}}],"line":84},"16":{"loc":{"start":{"line":87,"column":2},"end":{"line":88,"column":60}},"type":"if","locations":[{"start":{"line":87,"column":2},"end":{"line":88,"column":60}},{"start":{},"end":{}}],"line":87},"17":{"loc":{"start":{"line":90,"column":2},"end":{"line":91,"column":69}},"type":"if","locations":[{"start":{"line":90,"column":2},"end":{"line":91,"column":69}},{"start":{},"end":{}}],"line":90},"18":{"loc":{"start":{"line":93,"column":2},"end":{"line":94,"column":94}},"type":"if","locations":[{"start":{"line":93,"column":2},"end":{"line":94,"column":94}},{"start":{},"end":{}}],"line":93},"19":{"loc":{"start":{"line":98,"column":2},"end":{"line":98,"column":76}},"type":"if","locations":[{"start":{"line":98,"column":2},"end":{"line":98,"column":76}},{"start":{},"end":{}}],"line":98}},"s":{"0":7,"1":0,"2":0,"3":0,"4":0,"5":0,"6":0,"7":0,"8":7,"9":0,"10":0,"11":0,"12":0,"13":0,"14":0,"15":0,"16":0,"17":0,"18":0,"19":0,"20":0,"21":0,"22":7,"23":0,"24":0,"25":0,"26":0,"27":0,"28":0,"29":0,"30":0,"31":0,"32":0,"33":0,"34":0,"35":0,"36":0,"37":0,"38":0,"39":0,"40":0,"41":0},"f":{"0":0,"1":0,"2":0},"b":{"0":[0,0],"1":[0],"2":[0],"3":[0],"4":[0],"5":[0],"6":[0],"7":[0,0],"8":[0,0,0,0,0,0],"9":[0,0],"10":[0,0],"11":[0,0],"12":[0,0],"13":[0,0],"14":[0,0],"15":[0,0,0,0],"16":[0,0],"17":[0,0],"18":[0,0],"19":[0,0]},"_coverageSchema":"1a1c01bbd47fc00a2c39e90264f33305004495a9","hash":"592bf98ee2e6bf9469ef424f945d87d8f45b6603"}
,"C:\\Users\\ericpeweh\\Desktop\\Desktop\\DEVELOPMENT\\PROJECT\\cloversy-store-api\\src\\api\\controllers\\subscription.controller.ts": {"path":"C:\\Users\\ericpeweh\\Desktop\\Desktop\\DEVELOPMENT\\PROJECT\\cloversy-store-api\\src\\api\\controllers\\subscription.controller.ts","statementMap":{"0":{"start":{"line":12,"column":36},"end":{"line":33,"column":1}},"1":{"start":{"line":13,"column":45},"end":{"line":13,"column":54}},"2":{"start":{"line":15,"column":1},"end":{"line":32,"column":2}},"3":{"start":{"line":16,"column":2},"end":{"line":18,"column":3}},"4":{"start":{"line":17,"column":3},"end":{"line":17,"column":75}},"5":{"start":{"line":20,"column":47},"end":{"line":23,"column":3}},"6":{"start":{"line":25,"column":2},"end":{"line":29,"column":5}},"7":{"start":{"line":31,"column":2},"end":{"line":31,"column":21}}},"fnMap":{"0":{"name":"(anonymous_0)","decl":{"start":{"line":12,"column":36},"end":{"line":12,"column":37}},"loc":{"start":{"line":12,"column":95},"end":{"line":33,"column":1}},"line":12}},"branchMap":{"0":{"loc":{"start":{"line":13,"column":9},"end":{"line":13,"column":19}},"type":"default-arg","locations":[{"start":{"line":13,"column":16},"end":{"line":13,"column":19}}],"line":13},"1":{"loc":{"start":{"line":13,"column":24},"end":{"line":13,"column":40}},"type":"default-arg","locations":[{"start":{"line":13,"column":38},"end":{"line":13,"column":40}}],"line":13},"2":{"loc":{"start":{"line":16,"column":2},"end":{"line":18,"column":3}},"type":"if","locations":[{"start":{"line":16,"column":2},"end":{"line":18,"column":3}},{"start":{},"end":{}}],"line":16},"3":{"loc":{"start":{"line":16,"column":6},"end":{"line":16,"column":65}},"type":"binary-expr","locations":[{"start":{"line":16,"column":6},"end":{"line":16,"column":37}},{"start":{"line":16,"column":41},"end":{"line":16,"column":65}}],"line":16}},"s":{"0":7,"1":0,"2":0,"3":0,"4":0,"5":0,"6":0,"7":0},"f":{"0":0},"b":{"0":[0],"1":[0],"2":[0,0],"3":[0,0]},"_coverageSchema":"1a1c01bbd47fc00a2c39e90264f33305004495a9","hash":"5aad07664980e19be60d6eed2a696a3df0dbd11f"}
,"C:\\Users\\ericpeweh\\Desktop\\Desktop\\DEVELOPMENT\\PROJECT\\cloversy-store-api\\src\\api\\controllers\\transaction.controller.ts": {"path":"C:\\Users\\ericpeweh\\Desktop\\Desktop\\DEVELOPMENT\\PROJECT\\cloversy-store-api\\src\\api\\controllers\\transaction.controller.ts","statementMap":{"0":{"start":{"line":18,"column":24},"end":{"line":19,"column":83}},"1":{"start":{"line":19,"column":1},"end":{"line":19,"column":83}},"2":{"start":{"line":21,"column":31},"end":{"line":70,"column":1}},"3":{"start":{"line":22,"column":1},"end":{"line":69,"column":2}},"4":{"start":{"line":30,"column":6},"end":{"line":30,"column":15}},"5":{"start":{"line":32,"column":2},"end":{"line":41,"column":3}},"6":{"start":{"line":40,"column":3},"end":{"line":40,"column":75}},"7":{"start":{"line":43,"column":2},"end":{"line":47,"column":3}},"8":{"start":{"line":44,"column":3},"end":{"line":46,"column":5}},"9":{"start":{"line":49,"column":2},"end":{"line":51,"column":3}},"10":{"start":{"line":50,"column":3},"end":{"line":50,"column":91}},"11":{"start":{"line":53,"column":46},"end":{"line":60,"column":3}},"12":{"start":{"line":62,"column":2},"end":{"line":66,"column":5}},"13":{"start":{"line":68,"column":2},"end":{"line":68,"column":21}},"14":{"start":{"line":72,"column":36},"end":{"line":132,"column":1}},"15":{"start":{"line":73,"column":18},"end":{"line":73,"column":27}},"16":{"start":{"line":74,"column":27},"end":{"line":74,"column":37}},"17":{"start":{"line":76,"column":1},"end":{"line":131,"column":2}},"18":{"start":{"line":77,"column":2},"end":{"line":78,"column":61}},"19":{"start":{"line":78,"column":3},"end":{"line":78,"column":61}},"20":{"start":{"line":80,"column":26},"end":{"line":80,"column":86}},"21":{"start":{"line":81,"column":53},"end":{"line":81,"column":68}},"22":{"start":{"line":83,"column":19},"end":{"line":83,"column":31}},"23":{"start":{"line":86,"column":51},"end":{"line":86,"column":53}},"24":{"start":{"line":87,"column":23},"end":{"line":87,"column":74}},"25":{"start":{"line":88,"column":2},"end":{"line":114,"column":3}},"26":{"start":{"line":89,"column":3},"end":{"line":113,"column":4}},"27":{"start":{"line":90,"column":28},"end":{"line":93,"column":5}},"28":{"start":{"line":95,"column":36},"end":{"line":100,"column":7}},"29":{"start":{"line":95,"column":89},"end":{"line":100,"column":5}},"30":{"start":{"line":102,"column":4},"end":{"line":110,"column":5}},"31":{"start":{"line":103,"column":43},"end":{"line":105,"column":48}},"32":{"start":{"line":105,"column":20},"end":{"line":105,"column":46}},"33":{"start":{"line":107,"column":5},"end":{"line":107,"column":53}},"34":{"start":{"line":109,"column":5},"end":{"line":109,"column":50}},"35":{"start":{"line":117,"column":25},"end":{"line":117,"column":55}},"36":{"start":{"line":119,"column":2},"end":{"line":128,"column":5}},"37":{"start":{"line":130,"column":2},"end":{"line":130,"column":21}},"38":{"start":{"line":134,"column":33},"end":{"line":171,"column":1}},"39":{"start":{"line":135,"column":27},"end":{"line":135,"column":37}},"40":{"start":{"line":142,"column":5},"end":{"line":142,"column":13}},"41":{"start":{"line":144,"column":1},"end":{"line":170,"column":2}},"42":{"start":{"line":145,"column":2},"end":{"line":146,"column":61}},"43":{"start":{"line":146,"column":3},"end":{"line":146,"column":61}},"44":{"start":{"line":148,"column":33},"end":{"line":152,"column":3}},"45":{"start":{"line":154,"column":32},"end":{"line":159,"column":4}},"46":{"start":{"line":161,"column":53},"end":{"line":161,"column":74}},"47":{"start":{"line":162,"column":19},"end":{"line":162,"column":41}},"48":{"start":{"line":164,"column":2},"end":{"line":167,"column":5}},"49":{"start":{"line":169,"column":2},"end":{"line":169,"column":21}},"50":{"start":{"line":173,"column":39},"end":{"line":270,"column":1}},"51":{"start":{"line":174,"column":27},"end":{"line":174,"column":37}},"52":{"start":{"line":175,"column":25},"end":{"line":175,"column":33}},"53":{"start":{"line":177,"column":1},"end":{"line":269,"column":2}},"54":{"start":{"line":178,"column":2},"end":{"line":179,"column":61}},"55":{"start":{"line":179,"column":3},"end":{"line":179,"column":61}},"56":{"start":{"line":181,"column":2},"end":{"line":182,"column":59}},"57":{"start":{"line":182,"column":3},"end":{"line":182,"column":59}},"58":{"start":{"line":185,"column":22},"end":{"line":185,"column":80}},"59":{"start":{"line":187,"column":2},"end":{"line":187,"column":82}},"60":{"start":{"line":187,"column":20},"end":{"line":187,"column":82}},"61":{"start":{"line":189,"column":2},"end":{"line":192,"column":5}},"62":{"start":{"line":190,"column":3},"end":{"line":192,"column":5}},"63":{"start":{"line":194,"column":2},"end":{"line":195,"column":86}},"64":{"start":{"line":195,"column":3},"end":{"line":195,"column":86}},"65":{"start":{"line":198,"column":37},"end":{"line":198,"column":46}},"66":{"start":{"line":199,"column":2},"end":{"line":201,"column":3}},"67":{"start":{"line":200,"column":3},"end":{"line":200,"column":75}},"68":{"start":{"line":203,"column":33},"end":{"line":208,"column":3}},"69":{"start":{"line":211,"column":21},"end":{"line":213,"column":4}},"70":{"start":{"line":216,"column":2},"end":{"line":258,"column":3}},"71":{"start":{"line":217,"column":3},"end":{"line":229,"column":4}},"72":{"start":{"line":218,"column":41},"end":{"line":224,"column":5}},"73":{"start":{"line":226,"column":4},"end":{"line":228,"column":7}},"74":{"start":{"line":231,"column":3},"end":{"line":243,"column":4}},"75":{"start":{"line":232,"column":41},"end":{"line":238,"column":5}},"76":{"start":{"line":240,"column":4},"end":{"line":242,"column":7}},"77":{"start":{"line":245,"column":3},"end":{"line":257,"column":4}},"78":{"start":{"line":246,"column":41},"end":{"line":252,"column":5}},"79":{"start":{"line":254,"column":4},"end":{"line":256,"column":7}},"80":{"start":{"line":260,"column":57},"end":{"line":260,"column":79}},"81":{"start":{"line":261,"column":19},"end":{"line":261,"column":41}},"82":{"start":{"line":263,"column":2},"end":{"line":266,"column":5}},"83":{"start":{"line":268,"column":2},"end":{"line":268,"column":21}}},"fnMap":{"0":{"name":"(anonymous_0)","decl":{"start":{"line":18,"column":24},"end":{"line":18,"column":25}},"loc":{"start":{"line":19,"column":1},"end":{"line":19,"column":83}},"line":19},"1":{"name":"(anonymous_1)","decl":{"start":{"line":21,"column":31},"end":{"line":21,"column":32}},"loc":{"start":{"line":21,"column":90},"end":{"line":70,"column":1}},"line":21},"2":{"name":"(anonymous_2)","decl":{"start":{"line":72,"column":36},"end":{"line":72,"column":37}},"loc":{"start":{"line":72,"column":95},"end":{"line":132,"column":1}},"line":72},"3":{"name":"(anonymous_3)","decl":{"start":{"line":95,"column":56},"end":{"line":95,"column":57}},"loc":{"start":{"line":95,"column":89},"end":{"line":100,"column":5}},"line":95},"4":{"name":"(anonymous_4)","decl":{"start":{"line":105,"column":11},"end":{"line":105,"column":12}},"loc":{"start":{"line":105,"column":20},"end":{"line":105,"column":46}},"line":105},"5":{"name":"(anonymous_5)","decl":{"start":{"line":134,"column":33},"end":{"line":134,"column":34}},"loc":{"start":{"line":134,"column":92},"end":{"line":171,"column":1}},"line":134},"6":{"name":"(anonymous_6)","decl":{"start":{"line":173,"column":39},"end":{"line":173,"column":40}},"loc":{"start":{"line":173,"column":98},"end":{"line":270,"column":1}},"line":173}},"branchMap":{"0":{"loc":{"start":{"line":19,"column":1},"end":{"line":19,"column":83}},"type":"cond-expr","locations":[{"start":{"line":19,"column":37},"end":{"line":19,"column":39}},{"start":{"line":19,"column":42},"end":{"line":19,"column":83}}],"line":19},"1":{"loc":{"start":{"line":19,"column":42},"end":{"line":19,"column":83}},"type":"cond-expr","locations":[{"start":{"line":19,"column":78},"end":{"line":19,"column":79}},{"start":{"line":19,"column":82},"end":{"line":19,"column":83}}],"line":19},"2":{"loc":{"start":{"line":24,"column":3},"end":{"line":24,"column":14}},"type":"default-arg","locations":[{"start":{"line":24,"column":12},"end":{"line":24,"column":14}}],"line":24},"3":{"loc":{"start":{"line":25,"column":11},"end":{"line":25,"column":33}},"type":"default-arg","locations":[{"start":{"line":25,"column":31},"end":{"line":25,"column":33}}],"line":25},"4":{"loc":{"start":{"line":26,"column":6},"end":{"line":26,"column":22}},"type":"default-arg","locations":[{"start":{"line":26,"column":20},"end":{"line":26,"column":22}}],"line":26},"5":{"loc":{"start":{"line":27,"column":3},"end":{"line":27,"column":24}},"type":"default-arg","locations":[{"start":{"line":27,"column":12},"end":{"line":27,"column":24}}],"line":27},"6":{"loc":{"start":{"line":28,"column":3},"end":{"line":28,"column":12}},"type":"default-arg","locations":[{"start":{"line":28,"column":10},"end":{"line":28,"column":12}}],"line":28},"7":{"loc":{"start":{"line":29,"column":10},"end":{"line":29,"column":27}},"type":"default-arg","locations":[{"start":{"line":29,"column":23},"end":{"line":29,"column":27}}],"line":29},"8":{"loc":{"start":{"line":32,"column":2},"end":{"line":41,"column":3}},"type":"if","locations":[{"start":{"line":32,"column":2},"end":{"line":41,"column":3}},{"start":{},"end":{}}],"line":32},"9":{"loc":{"start":{"line":33,"column":3},"end":{"line":38,"column":33}},"type":"binary-expr","locations":[{"start":{"line":33,"column":3},"end":{"line":33,"column":29}},{"start":{"line":34,"column":3},"end":{"line":34,"column":40}},{"start":{"line":35,"column":3},"end":{"line":35,"column":34}},{"start":{"line":36,"column":3},"end":{"line":36,"column":29}},{"start":{"line":37,"column":3},"end":{"line":37,"column":27}},{"start":{"line":38,"column":3},"end":{"line":38,"column":33}}],"line":33},"10":{"loc":{"start":{"line":43,"column":2},"end":{"line":47,"column":3}},"type":"if","locations":[{"start":{"line":43,"column":2},"end":{"line":47,"column":3}},{"start":{},"end":{}}],"line":43},"11":{"loc":{"start":{"line":49,"column":2},"end":{"line":51,"column":3}},"type":"if","locations":[{"start":{"line":49,"column":2},"end":{"line":51,"column":3}},{"start":{},"end":{}}],"line":49},"12":{"loc":{"start":{"line":77,"column":2},"end":{"line":78,"column":61}},"type":"if","locations":[{"start":{"line":77,"column":2},"end":{"line":78,"column":61}},{"start":{},"end":{}}],"line":77},"13":{"loc":{"start":{"line":77,"column":6},"end":{"line":77,"column":51}},"type":"binary-expr","locations":[{"start":{"line":77,"column":6},"end":{"line":77,"column":20}},{"start":{"line":77,"column":24},"end":{"line":77,"column":51}}],"line":77},"14":{"loc":{"start":{"line":88,"column":2},"end":{"line":114,"column":3}},"type":"if","locations":[{"start":{"line":88,"column":2},"end":{"line":114,"column":3}},{"start":{},"end":{}}],"line":88},"15":{"loc":{"start":{"line":97,"column":6},"end":{"line":97,"column":94}},"type":"cond-expr","locations":[{"start":{"line":97,"column":40},"end":{"line":97,"column":67}},{"start":{"line":97,"column":70},"end":{"line":97,"column":94}}],"line":97},"16":{"loc":{"start":{"line":99,"column":21},"end":{"line":99,"column":65}},"type":"cond-expr","locations":[{"start":{"line":99,"column":38},"end":{"line":99,"col
[...]
,"C:\\Users\\ericpeweh\\Desktop\\Desktop\\DEVELOPMENT\\PROJECT\\cloversy-store-api\\src\\config\\cloudStorage.ts": {"path":"C:\\Users\\ericpeweh\\Desktop\\Desktop\\DEVELOPMENT\\PROJECT\\cloversy-store-api\\src\\config\\cloudStorage.ts","statementMap":{"0":{"start":{"line":6,"column":0},"end":{"line":6,"column":16}},"1":{"start":{"line":9,"column":16},"end":{"line":12,"column":2}},"2":{"start":{"line":13,"column":15},"end":{"line":13,"column":68}}},"fnMap":{},"branchMap":{},"s":{"0":9,"1":9,"2":9},"f":{},"b":{},"_coverageSchema":"1a1c01bbd47fc00a2c39e90264f33305004495a9","hash":"01f505dcf62b9b43127206d2f98caa637540545a"}
,"C:\\Users\\ericpeweh\\Desktop\\Desktop\\DEVELOPMENT\\PROJECT\\cloversy-store-api\\src\\config\\connectDB.ts": {"path":"C:\\Users\\ericpeweh\\Desktop\\Desktop\\DEVELOPMENT\\PROJECT\\cloversy-store-api\\src\\config\\connectDB.ts","statementMap":{"0":{"start":{"line":5,"column":0},"end":{"line":5,"column":16}},"1":{"start":{"line":7,"column":13},"end":{"line":9,"column":2}},"2":{"start":{"line":11,"column":18},"end":{"line":13,"column":1}},"3":{"start":{"line":12,"column":1},"end":{"line":12,"column":40}},"4":{"start":{"line":15,"column":16},"end":{"line":17,"column":1}},"5":{"start":{"line":16,"column":1},"end":{"line":16,"column":45}},"6":{"start":{"line":19,"column":0},"end":{"line":19,"column":30}},"7":{"start":{"line":20,"column":0},"end":{"line":20,"column":26}},"8":{"start":{"line":23,"column":51},"end":{"line":23,"column":75}}},"fnMap":{"0":{"name":"(anonymous_0)","decl":{"start":{"line":11,"column":18},"end":{"line":11,"column":19}},"loc":{"start":{"line":11,"column":24},"end":{"line":13,"column":1}},"line":11},"1":{"name":"(anonymous_1)","decl":{"start":{"line":15,"column":16},"end":{"line":15,"column":17}},"loc":{"start":{"line":15,"column":32},"end":{"line":17,"column":1}},"line":15},"2":{"name":"(anonymous_2)","decl":{"start":{"line":23,"column":8},"end":{"line":23,"column":9}},"loc":{"start":{"line":23,"column":51},"end":{"line":23,"column":75}},"line":23}},"branchMap":{"0":{"loc":{"start":{"line":23,"column":23},"end":{"line":23,"column":46}},"type":"default-arg","locations":[{"start":{"line":23,"column":44},"end":{"line":23,"column":46}}],"line":23}},"s":{"0":12,"1":12,"2":12,"3":1,"4":12,"5":1,"6":12,"7":12,"8":0},"f":{"0":1,"1":1,"2":0},"b":{"0":[0]},"_coverageSchema":"1a1c01bbd47fc00a2c39e90264f33305004495a9","hash":"7ca0865d44d8da2d73544d9239e8f3599c3a2e6a"}
,"C:\\Users\\ericpeweh\\Desktop\\Desktop\\DEVELOPMENT\\PROJECT\\cloversy-store-api\\src\\config\\firebase.ts": {"path":"C:\\Users\\ericpeweh\\Desktop\\Desktop\\DEVELOPMENT\\PROJECT\\cloversy-store-api\\src\\config\\firebase.ts","statementMap":{"0":{"start":{"line":6,"column":0},"end":{"line":6,"column":16}},"1":{"start":{"line":9,"column":23},"end":{"line":9,"column":85}},"2":{"start":{"line":11,"column":12},"end":{"line":13,"column":2}},"3":{"start":{"line":15,"column":12},"end":{"line":15,"column":32}}},"fnMap":{},"branchMap":{},"s":{"0":10,"1":10,"2":10,"3":10},"f":{},"b":{},"_coverageSchema":"1a1c01bbd47fc00a2c39e90264f33305004495a9","hash":"ae02cd007d9b9a0774d28975e35e980c18116694"}
,"C:\\Users\\ericpeweh\\Desktop\\Desktop\\DEVELOPMENT\\PROJECT\\cloversy-store-api\\src\\config\\googleAnalytics.ts": {"path":"C:\\Users\\ericpeweh\\Desktop\\Desktop\\DEVELOPMENT\\PROJECT\\cloversy-store-api\\src\\config\\googleAnalytics.ts","statementMap":{"0":{"start":{"line":6,"column":0},"end":{"line":6,"column":16}},"1":{"start":{"line":8,"column":24},"end":{"line":10,"column":2}}},"fnMap":{},"branchMap":{},"s":{"0":10,"1":10},"f":{},"b":{},"_coverageSchema":"1a1c01bbd47fc00a2c39e90264f33305004495a9","hash":"50f885e23238dafaefe18d620cb3ee3bbe75e9f9"}
,"C:\\Users\\ericpeweh\\Desktop\\Desktop\\DEVELOPMENT\\PROJECT\\cloversy-store-api\\src\\config\\midtrans.ts": {"path":"C:\\Users\\ericpeweh\\Desktop\\Desktop\\DEVELOPMENT\\PROJECT\\cloversy-store-api\\src\\config\\midtrans.ts","statementMap":{"0":{"start":{"line":5,"column":0},"end":{"line":5,"column":16}},"1":{"start":{"line":7,"column":16},"end":{"line":11,"column":2}}},"fnMap":{},"branchMap":{},"s":{"0":10,"1":10},"f":{},"b":{},"_coverageSchema":"1a1c01bbd47fc00a2c39e90264f33305004495a9","hash":"ffeec721c34b9f186a4a89284c4e265db5be94dc"}
,"C:\\Users\\ericpeweh\\Desktop\\Desktop\\DEVELOPMENT\\PROJECT\\cloversy-store-api\\src\\config\\sendinblue.ts": {"path":"C:\\Users\\ericpeweh\\Desktop\\Desktop\\DEVELOPMENT\\PROJECT\\cloversy-store-api\\src\\config\\sendinblue.ts","statementMap":{"0":{"start":{"line":5,"column":0},"end":{"line":5,"column":16}},"1":{"start":{"line":7,"column":25},"end":{"line":7,"column":57}},"2":{"start":{"line":9,"column":13},"end":{"line":9,"column":56}},"3":{"start":{"line":10,"column":0},"end":{"line":10,"column":47}},"4":{"start":{"line":12,"column":19},"end":{"line":12,"column":61}}},"fnMap":{},"branchMap":{},"s":{"0":10,"1":10,"2":10,"3":10,"4":10},"f":{},"b":{},"_coverageSchema":"1a1c01bbd47fc00a2c39e90264f33305004495a9","hash":"fdf2a733b776b708e57d35503c82fe5aec971bdb"}
,"C:\\Users\\ericpeweh\\Desktop\\Desktop\\DEVELOPMENT\\PROJECT\\cloversy-store-api\\src\\config\\uploadFile.ts": {"path":"C:\\Users\\ericpeweh\\Desktop\\Desktop\\DEVELOPMENT\\PROJECT\\cloversy-store-api\\src\\config\\uploadFile.ts","statementMap":{"0":{"start":{"line":8,"column":31},"end":{"line":32,"column":1}},"1":{"start":{"line":9,"column":1},"end":{"line":31,"column":4}},"2":{"start":{"line":15,"column":19},"end":{"line":15,"column":50}},"3":{"start":{"line":18,"column":4},"end":{"line":20,"column":33}},"4":{"start":{"line":22,"column":28},"end":{"line":22,"column":91}},"5":{"start":{"line":24,"column":3},"end":{"line":29,"column":4}},"6":{"start":{"line":25,"column":4},"end":{"line":25,"column":25}},"7":{"start":{"line":27,"column":4},"end":{"line":27,"column":26}},"8":{"start":{"line":28,"column":4},"end":{"line":28,"column":91}}},"fnMap":{"0":{"name":"(anonymous_0)","decl":{"start":{"line":8,"column":31},"end":{"line":8,"column":32}},"loc":{"start":{"line":8,"column":37},"end":{"line":32,"column":1}},"line":8},"1":{"name":"(anonymous_1)","decl":{"start":{"line":14,"column":14},"end":{"line":14,"column":15}},"loc":{"start":{"line":14,"column":37},"end":{"line":30,"column":3}},"line":14}},"branchMap":{"0":{"loc":{"start":{"line":18,"column":4},"end":{"line":20,"column":33}},"type":"binary-expr","locations":[{"start":{"line":18,"column":4},"end":{"line":18,"column":32}},{"start":{"line":19,"column":4},"end":{"line":19,"column":32}},{"start":{"line":20,"column":4},"end":{"line":20,"column":33}}],"line":18},"1":{"loc":{"start":{"line":22,"column":28},"end":{"line":22,"column":91}},"type":"binary-expr","locations":[{"start":{"line":22,"column":28},"end":{"line":22,"column":46}},{"start":{"line":22,"column":50},"end":{"line":22,"column":68}},{"start":{"line":22,"column":72},"end":{"line":22,"column":91}}],"line":22},"2":{"loc":{"start":{"line":24,"column":3},"end":{"line":29,"column":4}},"type":"if","locations":[{"start":{"line":24,"column":3},"end":{"line":29,"column":4}},{"start":{"line":26,"column":10},"end":{"line":29,"column":4}}],"line":24},"3":{"loc":{"start":{"line":24,"column":7},"end":{"line":24,"column":43}},"type":"binary-expr","locations":[{"start":{"line":24,"column":7},"end":{"line":24,"column":23}},{"start":{"line":24,"column":27},"end":{"line":24,"column":43}}],"line":24}},"s":{"0":2,"1":2,"2":2,"3":2,"4":2,"5":2,"6":1,"7":1,"8":1},"f":{"0":2,"1":2},"b":{"0":[2,1,1],"1":[2,1,1],"2":[1,1],"3":[2,1]},"_coverageSchema":"1a1c01bbd47fc00a2c39e90264f33305004495a9","hash":"7f668593f70efb1baf8c150fcc7dcd8a062dde8d"}
,"C:\\Users\\ericpeweh\\Desktop\\Desktop\\DEVELOPMENT\\PROJECT\\cloversy-store-api\\src\\config\\webSocket.ts": {"path":"C:\\Users\\ericpeweh\\Desktop\\Desktop\\DEVELOPMENT\\PROJECT\\cloversy-store-api\\src\\config\\webSocket.ts","statementMap":{"0":{"start":{"line":22,"column":35},"end":{"line":68,"column":1}},"1":{"start":{"line":27,"column":1},"end":{"line":67,"column":3}},"2":{"start":{"line":28,"column":38},"end":{"line":28,"column":42}},"3":{"start":{"line":30,"column":2},"end":{"line":30,"column":51}},"4":{"start":{"line":30,"column":44},"end":{"line":30,"column":51}},"5":{"start":{"line":32,"column":20},"end":{"line":32,"column":88}},"6":{"start":{"line":33,"column":2},"end":{"line":33,"column":25}},"7":{"start":{"line":33,"column":18},"end":{"line":33,"column":25}},"8":{"start":{"line":35,"column":21},"end":{"line":42,"column":3}},"9":{"start":{"line":44,"column":2},"end":{"line":44,"column":84}},"10":{"start":{"line":47,"column":2},"end":{"line":47,"column":63}},"11":{"start":{"line":50,"column":25},"end":{"line":50,"column":88}},"12":{"start":{"line":51,"column":32},"end":{"line":53,"column":3}},"13":{"start":{"line":52,"column":13},"end":{"line":52,"column":83}},"14":{"start":{"line":52,"column":62},"end":{"line":52,"column":82}},"15":{"start":{"line":55,"column":29},"end":{"line":57,"column":3}},"16":{"start":{"line":59,"column":2},"end":{"line":66,"column":4}},"17":{"start":{"line":70,"column":35},"end":{"line":87,"column":1}},"18":{"start":{"line":71,"column":1},"end":{"line":86,"column":3}},"19":{"start":{"line":72,"column":39},"end":{"line":72,"column":43}},"20":{"start":{"line":73,"column":2},"end":{"line":73,"column":39}},"21":{"start":{"line":73,"column":32},"end":{"line":73,"column":39}},"22":{"start":{"line":75,"column":20},"end":{"line":75,"column":88}},"23":{"start":{"line":76,"column":2},"end":{"line":76,"column":25}},"24":{"start":{"line":76,"column":18},"end":{"line":76,"column":25}},"25":{"start":{"line":78,"column":21},"end":{"line":83,"column":3}},"26":{"start":{"line":85,"column":2},"end":{"line":85,"column":84}},"27":{"start":{"line":89,"column":35},"end":{"line":101,"column":1}},"28":{"start":{"line":94,"column":1},"end":{"line":100,"column":3}},"29":{"start":{"line":96,"column":2},"end":{"line":98,"column":3}},"30":{"start":{"line":97,"column":3},"end":{"line":97,"column":83}},"31":{"start":{"line":97,"column":50},"end":{"line":97,"column":81}},"32":{"start":{"line":99,"column":2},"end":{"line":99,"column":38}},"33":{"start":{"line":103,"column":20},"end":{"line":104,"column":37}},"34":{"start":{"line":103,"column":46},"end":{"line":104,"column":37}},"35":{"start":{"line":104,"column":1},"end":{"line":104,"column":37}},"36":{"start":{"line":106,"column":35},"end":{"line":144,"column":1}},"37":{"start":{"line":107,"column":1},"end":{"line":143,"column":3}},"38":{"start":{"line":109,"column":15},"end":{"line":109,"column":34}},"39":{"start":{"line":111,"column":2},"end":{"line":119,"column":3}},"40":{"start":{"line":111,"column":50},"end":{"line":111,"column":81}},"41":{"start":{"line":112,"column":3},"end":{"line":118,"column":6}},"42":{"start":{"line":120,"column":2},"end":{"line":120,"column":38}},"43":{"start":{"line":123,"column":2},"end":{"line":127,"column":3}},"44":{"start":{"line":124,"column":31},"end":{"line":124,"column":80}},"45":{"start":{"line":126,"column":3},"end":{"line":126,"column":46}},"46":{"start":{"line":129,"column":2},"end":{"line":133,"column":3}},"47":{"start":{"line":130,"column":32},"end":{"line":130,"column":82}},"48":{"start":{"line":132,"column":3},"end":{"line":132,"column":69}},"49":{"start":{"line":132,"column":50},"end":{"line":132,"column":66}},"50":{"start":{"line":136,"column":2},"end":{"line":136,"column":70}},"51":{"start":{"line":139,"column":2},"end":{"line":139,"column":57}},"52":{"start":{"line":142,"column":2},"end":{"line":142,"column":70}},"53":{"start":{"line":146,"column":22},"end":{"line":160,"column":1}},"54":{"start":{"line":147,"column":12},"end":{"line":149,"column":3}},"55":{"start":{"line":152,"column":1},"end":{"line":152,"column":22}},"56":{"start":{"line":153,"column":1},"end":{"line":153,"column":27}},"57":{"start":{"line":155,"column":36},"end":{"line":155,"column":38}},"58":{"start":{"line":157,"column":1},"end":{"line":157,"column":59}},"59":{"start":{"line":159,"column":1},"end":{"line":159,"column":11}}},"fnMap":{"0":{"name":"(anonymous_0)","decl":{"start":{"line":22,"column":35},"end":{"line":22,"column":36}},"loc":{"start":{"line":26,"column":5},"end":{"line":68,"column":1}},"line":26},"1":{"name":"(anonymous_1)","decl":{"start":{"line":27,"column":8},"end":{"line":27,"column":9}},"loc":{"start":{"line":27,"column":69},"end":{"line":67,"column":2}},"line":27},"2":{"name":"(anonymous_2)","decl":{"start":{"line":52,"column":3},"end":{"line":52,"column":4}},"loc":{"start":{"line":52,"column":13},"end":{"line":52,"column":83}},"line":52},"3":{"name":"(anonymous_3)","decl":{"start":{"line":52,"column":54},"end":{"line":52,"column":55}},"loc":{"start":{"line":52,"column":62},"end":{"line":52,"column":82}},"line":52},"4":{"name":"(anonymous_4)","decl":{"start":{"line":70,"column":35},"end":{"line":70,"column":36}},"loc":{"start":{"line":70,"column":75},"end":{"line":87,"column":1}},"line":70},"5":{"name":"(anonymous_5)","decl":{"start":{"line":71,"column":8},"end":{"line":71,"column":9}},"loc":{"start":{"line":71,"column":71},"end":{"line":86,"column":2}},"line":71},"6":{"name":"(anonymous_6)","decl":{"start":{"line":89,"column":35},"end":{"line":89,"column":36}},"loc":{"start":{"line":93,"column":5},"end":{"line":101,"column":1}},"line":93},"7":{"name":"(anonymous_7)","decl":{"start":{"line":94,"column":8},"end":{"line":94,"column":9}},"loc":{"start":{"line":94,"column":14},"end":{"line":100,"column":2}},"line":94},"8":{"name":"(anonymous_8)","decl":{"start":{"line":97,"column":36},"end":{"line":97,"column":37}},"loc":{"start":{"line":97,"column":50},"end":{"line":97,"column":81}},"line":97},"9":{"name":"(anonymous_9)","decl":{"start":{"line":103,"column":20},"end":{"line":103,"column":21}},"loc":{"start":{"line":103,"column":46},"end":{"line":104,"column":37}},"line":103},"10":{"name":"(anonymous_10)","decl":{"start":{"line":103,"column":46},"end":{"line":103,"column":47}},"loc":{"start":{"line":104,"column":1},"end":{"line":104,"column":37}},"line":104},"11":{"name":"(anonymous_11)","decl":{"start":{"line":106,"column":35},"end":{"line":106,"column":36}},"loc":{"start":{"line":106,"column":81},"end":{"line":144,"column":1}},"line":106},"12":{"name":"(anonymous_12)","decl":{"start":{"line":107,"column":8},"end":{"line":107,"column":9}},"loc":{"start":{"line":107,"column":40},"end":{"line":143,"column":2}},"line":107},"13":{"name":"(anonymous_13)","decl":{"start":{"line":111,"column":36},"end":{"line":111,"column":37}},"loc":{"start":{"line":111,"column":50},"end":{"line":111,"column":81}},"line":111},"14":{"name":"(anonymous_14)","decl":{"start":{"line":132,"column":40},"end":{"line":132,"column":41}},"loc":{"start":{"line":132,"column":50},"end":{"line":132,"column":66}},"line":132},"15":{"name":"(anonymous_15)","decl":{"start":{"line":146,"column":22},"end":{"line":146,"column":23}},"loc":{"start":{"line":146,"column":46},"end":{"line":160,"column":1}},"line":146}},"branchMap":{"0":{"loc":{"start":{"line":30,"column":2},"end":{"line":30,"column":51}},"type":"if","locations":[{"start":{"line":30,"column":2},"end":{"line":30,"column":51}},{"start":{},"end":{}}],"line":30},"1":{"loc":{"start":{"line":30,"column":6},"end":{"line":30,"column":42}},"type":"binary-expr","locations":[{"start":{"line":30,"column":6},"end":{"line":30,"column":11}},{"start":{"line":30,"column":15},"end":{"line":30,"column":30}},{"start":{"line":30,"column":34},"end":{"line":30,"column":42}}],"line":30},"2":{"loc":{"start":{"line":33,"column":2},"end":{"line":33,"column":25}},"type":"if","locations":[{"start":{"line":33,"column":2},"end":{"line":33,"column":25}},{"start":{},"end":{}}],"line":33},"3":{"loc":{"start":{"line":52,"column":13},"end":{"line":52,"column":83}},"type":"binary-expr","locations":[{"start":{"line":52,"column":13},"end":{"line":52,"column":32}},{"start":{"line":52,"column":36},"end":{"line":52,"column":83}}],"line":52},"4":{"loc":{"start":{"line":73,"column":2},"end":{"line":73,"column":39}},"type":"if","locations":[{"start":{"line":73,"column":2},"end":{"line":73,"column":39}},{"start":{},"end":{}}],"line":73},"5":{"loc":{"start":{"line":73,"column":6},"end":{"line":73,"column":30}},"type":"binary-expr","locations":[{"start":{"line":73,"column":6},"end":{"line":73,"column":11}},{"start":{"line":73,"column":15},"end":{"line":73,"column":30}}],"line":73},"6":{"loc":{"start":{"line":76,"column":2},"end":{"line":76,"column":25}},"type":"if","locations":[{"start":{"line":76,"column":2},"end":{"line":76,"column":25}},{"start":{},"end":{}}],"line":76},"7":{"loc":{"start":{"line":80,"column":14},"end":{"line":80,"column":46}},"type":"binary-expr","locations":[{"start":{"line":80,"column":14},"end":{"line":80,"column":28}},{"start":{"line":80,"column":32},"end":{"line":80,"column":46}}],"line":80},"8":{"loc":{"start":{"line":96,"column":2},"end":{"line":98,"column":3}},"type":"if","locations":[{"start":{"line":96,"column":2},"end":{"line":98,"column":3}},{"start":{},"end":{}}],"line":96},"9":{"loc":{"start":{"line":111,"column":2},"end":{"line":119,"column":3}},"type":"if","locations":[{"start":{"line":111,"column":2},"end":{"line":119,"column":3}},{"start":{},"end":{}}],"line":111},"10":{"loc":{"start":{"line":111,"column":6},"end":{"line":111,"column":89}},"type":"binary-expr","locations":[{"start":{"line":111,"column":6},"end":{"line":111,"column":10}},{"start":{"line":111,"column":14},"end":{"line":111,"column":89}}],"line":111},"11":{"loc":{"start":{"line":123,"column":2},"end":{"line":127,"column":3}},"type":"if","locations":[{"start":{"line":123,"column":2},"end":{"line":127,"column":3}},{"start":{},"end":{}}],"line":123},"12":{"loc":{"start":{"line":123,"column":6},"end":{"line":123,"column":40}},"type":"binary-expr","locations":[{"start":{"line":123,"column":6},"end":{"line":123,"column":10}},{"start":{"line":123,"column":14},"end":{"line":123,"column":40}}],"line":123},"13":{"loc":{"start":{"line":129,"column":2},"end":{"line":133,"column":3}},"type":"if","locations":[{"start":{"line":129,"column":2},"end":{"line":133,"column":3}},{"start":{},"end":{}}],"line":129},"14":{"loc":{"start":{"line":129,"column":6},"end":{"line":129,"column":41}},"type":"binary-expr","locations":[{"start":{"line":129,"column":6},"end":{"line":129,"column":10}},{"start":{"line":129,"column":14},"end":{"line":129,"column":41}}],"line":129}},"s":{"0":2,"1":10,"2":6,"3":6,"4":3,"5":3,"6":3,"7":1,"8":2,"9":2,"10":2,"11":2,"12":2,"13":4,"14":0,"15":2,"16":2,"17":2,"18":8,"19":4,"20":4,"21":2,"22":2,"23":2,"24":1,"25":1,"26":1,"27":2,"28":6,"29":2,"30":1,"31":2,"32":2,"33":2,"34":0,"35":0,"36":2,"37":4,"38":4,"39":4,"40":5,"41":1,"42":4,"43":4,"44":2,"45":2,"46":4,"47":2,"48":2,"49":6,"50":4,"51":4,"52":4,"53":2,"54":0,"55":0,"56":0,"57":0,"58":0,"59":0},"f":{"0":10,"1":6,"2":4,"3":0,"4":8,"5":4,"6":6,"7":2,"8":2,"9":0,"10":0,"11":4,"12":4,"13":5,"14":6,"15":0},"b":{"0":[3,3],"1":[6,5,4],"2":[1,2],"3":[4,2],"4":[2,2],"5":[4,3],"6":[1,1],"7":[1,0],"8":[1,1],"9":[1,3],"10":[4,4],"11":[2,2],"12":[4,4],"13":[2,2],"14":[4,4]},"_coverageSchema":"1a1c01bbd47fc00a2c39e90264f33305004495a9","hash":"8f48dea9359d2794e824cbfa5c275617f45cf278"}
}
