{"C:\\Users\\ericpeweh\\Desktop\\Desktop\\DEVELOPMENT\\PROJECT\\cloversy-store-api\\src\\api\\data\\brand.data.ts": {"path":"C:\\Users\\ericpeweh\\Desktop\\Desktop\\DEVELOPMENT\\PROJECT\\cloversy-store-api\\src\\api\\data\\brand.data.ts","statementMap":{"0":{"start":{"line":4,"column":28},"end":{"line":47,"column":1}},"1":{"start":{"line":5,"column":19},"end":{"line":5,"column":20}},"2":{"start":{"line":6,"column":16},"end":{"line":6,"column":18}},"3":{"start":{"line":7,"column":15},"end":{"line":7,"column":17}},"4":{"start":{"line":8,"column":16},"end":{"line":8,"column":46}},"5":{"start":{"line":10,"column":13},"end":{"line":15,"column":17}},"6":{"start":{"line":16,"column":18},"end":{"line":16,"column":47}},"7":{"start":{"line":18,"column":1},"end":{"line":23,"column":2}},"8":{"start":{"line":19,"column":2},"end":{"line":19,"column":51}},"9":{"start":{"line":20,"column":2},"end":{"line":20,"column":39}},"10":{"start":{"line":21,"column":2},"end":{"line":21,"column":19}},"11":{"start":{"line":22,"column":2},"end":{"line":22,"column":34}},"12":{"start":{"line":25,"column":1},"end":{"line":30,"column":2}},"13":{"start":{"line":26,"column":17},"end":{"line":26,"column":71}},"14":{"start":{"line":27,"column":19},"end":{"line":27,"column":52}},"15":{"start":{"line":29,"column":2},"end":{"line":29,"column":45}},"16":{"start":{"line":32,"column":1},"end":{"line":34,"column":2}},"17":{"start":{"line":33,"column":2},"end":{"line":33,"column":46}},"18":{"start":{"line":36,"column":16},"end":{"line":36,"column":45}},"19":{"start":{"line":37,"column":21},"end":{"line":37,"column":55}},"20":{"start":{"line":38,"column":21},"end":{"line":38,"column":46}},"21":{"start":{"line":40,"column":1},"end":{"line":46,"column":3}},"22":{"start":{"line":49,"column":27},"end":{"line":58,"column":1}},"23":{"start":{"line":50,"column":15},"end":{"line":53,"column":32}},"24":{"start":{"line":55,"column":16},"end":{"line":55,"column":48}},"25":{"start":{"line":57,"column":1},"end":{"line":57,"column":15}},"26":{"start":{"line":60,"column":27},"end":{"line":69,"column":1}},"27":{"start":{"line":61,"column":15},"end":{"line":64,"column":30}},"28":{"start":{"line":66,"column":16},"end":{"line":66,"column":65}},"29":{"start":{"line":68,"column":1},"end":{"line":68,"column":15}},"30":{"start":{"line":71,"column":27},"end":{"line":78,"column":1}},"31":{"start":{"line":72,"column":15},"end":{"line":73,"column":30}},"32":{"start":{"line":75,"column":16},"end":{"line":75,"column":48}},"33":{"start":{"line":77,"column":1},"end":{"line":77,"column":15}}},"fnMap":{"0":{"name":"(anonymous_0)","decl":{"start":{"line":4,"column":28},"end":{"line":4,"column":29}},"loc":{"start":{"line":4,"column":89},"end":{"line":47,"column":1}},"line":4},"1":{"name":"(anonymous_1)","decl":{"start":{"line":49,"column":27},"end":{"line":49,"column":28}},"loc":{"start":{"line":49,"column":60},"end":{"line":58,"column":1}},"line":49},"2":{"name":"(anonymous_2)","decl":{"start":{"line":60,"column":27},"end":{"line":60,"column":28}},"loc":{"start":{"line":60,"column":83},"end":{"line":69,"column":1}},"line":60},"3":{"name":"(anonymous_3)","decl":{"start":{"line":71,"column":27},"end":{"line":71,"column":28}},"loc":{"start":{"line":71,"column":54},"end":{"line":78,"column":1}},"line":71}},"branchMap":{"0":{"loc":{"start":{"line":18,"column":1},"end":{"line":23,"column":2}},"type":"if","locations":[{"start":{"line":18,"column":1},"end":{"line":23,"column":2}},{"start":{},"end":{}}],"line":18},"1":{"loc":{"start":{"line":25,"column":1},"end":{"line":30,"column":2}},"type":"if","locations":[{"start":{"line":25,"column":1},"end":{"line":30,"column":2}},{"start":{},"end":{}}],"line":25},"2":{"loc":{"start":{"line":26,"column":17},"end":{"line":26,"column":71}},"type":"cond-expr","locations":[{"start":{"line":26,"column":56},"end":{"line":26,"column":62}},{"start":{"line":26,"column":65},"end":{"line":26,"column":71}}],"line":26},"3":{"loc":{"start":{"line":26,"column":17},"end":{"line":26,"column":53}},"type":"binary-expr","locations":[{"start":{"line":26,"column":17},"end":{"line":26,"column":33}},{"start":{"line":26,"column":37},"end":{"line":26,"column":53}}],"line":26},"4":{"loc":{"start":{"line":27,"column":19},"end":{"line":27,"column":52}},"type":"cond-expr","locations":[{"start":{"line":27,"column":38},"end":{"line":27,"column":43}},{"start":{"line":27,"column":46},"end":{"line":27,"column":52}}],"line":27},"5":{"loc":{"start":{"line":32,"column":1},"end":{"line":34,"column":2}},"type":"if","locations":[{"start":{"line":32,"column":1},"end":{"line":34,"column":2}},{"start":{},"end":{}}],"line":32},"6":{"loc":{"start":{"line":42,"column":8},"end":{"line":42,"column":31}},"type":"binary-expr","locations":[{"start":{"line":42,"column":8},"end":{"line":42,"column":22}},{"start":{"line":42,"column":26},"end":{"line":42,"column":31}}],"line":42}},"s":{"0":2,"1":0,"2":0,"3":0,"4":0,"5":0,"6":0,"7":0,"8":0,"9":0,"10":0,"11":0,"12":0,"13":0,"14":0,"15":0,"16":0,"17":0,"18":0,"19":0,"20":0,"21":0,"22":2,"23":0,"24":0,"25":0,"26":2,"27":0,"28":0,"29":0,"30":2,"31":0,"32":0,"33":0},"f":{"0":0,"1":0,"2":0,"3":0},"b":{"0":[0,0],"1":[0,0],"2":[0,0],"3":[0,0],"4":[0,0],"5":[0,0],"6":[0,0]},"_coverageSchema":"1a1c01bbd47fc00a2c39e90264f33305004495a9","hash":"8e76594fe79a0d64a4c91a3e9e1dc90288c99521"}
,"C:\\Users\\ericpeweh\\Desktop\\Desktop\\DEVELOPMENT\\PROJECT\\cloversy-store-api\\src\\api\\data\\category.data.ts": {"path":"C:\\Users\\ericpeweh\\Desktop\\Desktop\\DEVELOPMENT\\PROJECT\\cloversy-store-api\\src\\api\\data\\category.data.ts","statementMap":{"0":{"start":{"line":4,"column":32},"end":{"line":47,"column":1}},"1":{"start":{"line":5,"column":19},"end":{"line":5,"column":20}},"2":{"start":{"line":6,"column":16},"end":{"line":6,"column":18}},"3":{"start":{"line":7,"column":15},"end":{"line":7,"column":17}},"4":{"start":{"line":8,"column":16},"end":{"line":8,"column":46}},"5":{"start":{"line":10,"column":13},"end":{"line":15,"column":20}},"6":{"start":{"line":16,"column":18},"end":{"line":16,"column":50}},"7":{"start":{"line":18,"column":1},"end":{"line":23,"column":2}},"8":{"start":{"line":19,"column":2},"end":{"line":19,"column":51}},"9":{"start":{"line":20,"column":2},"end":{"line":20,"column":39}},"10":{"start":{"line":21,"column":2},"end":{"line":21,"column":19}},"11":{"start":{"line":22,"column":2},"end":{"line":22,"column":34}},"12":{"start":{"line":25,"column":1},"end":{"line":30,"column":2}},"13":{"start":{"line":26,"column":17},"end":{"line":26,"column":71}},"14":{"start":{"line":27,"column":19},"end":{"line":27,"column":52}},"15":{"start":{"line":29,"column":2},"end":{"line":29,"column":45}},"16":{"start":{"line":32,"column":1},"end":{"line":34,"column":2}},"17":{"start":{"line":33,"column":2},"end":{"line":33,"column":46}},"18":{"start":{"line":36,"column":20},"end":{"line":36,"column":49}},"19":{"start":{"line":37,"column":21},"end":{"line":37,"column":55}},"20":{"start":{"line":38,"column":23},"end":{"line":38,"column":48}},"21":{"start":{"line":40,"column":1},"end":{"line":46,"column":3}},"22":{"start":{"line":49,"column":30},"end":{"line":59,"column":1}},"23":{"start":{"line":50,"column":15},"end":{"line":54,"column":36}},"24":{"start":{"line":56,"column":16},"end":{"line":56,"column":51}},"25":{"start":{"line":58,"column":1},"end":{"line":58,"column":15}},"26":{"start":{"line":61,"column":30},"end":{"line":71,"column":1}},"27":{"start":{"line":62,"column":15},"end":{"line":66,"column":30}},"28":{"start":{"line":68,"column":16},"end":{"line":68,"column":71}},"29":{"start":{"line":70,"column":1},"end":{"line":70,"column":15}},"30":{"start":{"line":73,"column":30},"end":{"line":80,"column":1}},"31":{"start":{"line":74,"column":15},"end":{"line":75,"column":30}},"32":{"start":{"line":77,"column":16},"end":{"line":77,"column":51}},"33":{"start":{"line":79,"column":1},"end":{"line":79,"column":15}}},"fnMap":{"0":{"name":"(anonymous_0)","decl":{"start":{"line":4,"column":32},"end":{"line":4,"column":33}},"loc":{"start":{"line":4,"column":93},"end":{"line":47,"column":1}},"line":4},"1":{"name":"(anonymous_1)","decl":{"start":{"line":49,"column":30},"end":{"line":49,"column":31}},"loc":{"start":{"line":49,"column":66},"end":{"line":59,"column":1}},"line":49},"2":{"name":"(anonymous_2)","decl":{"start":{"line":61,"column":30},"end":{"line":61,"column":31}},"loc":{"start":{"line":61,"column":92},"end":{"line":71,"column":1}},"line":61},"3":{"name":"(anonymous_3)","decl":{"start":{"line":73,"column":30},"end":{"line":73,"column":31}},"loc":{"start":{"line":73,"column":60},"end":{"line":80,"column":1}},"line":73}},"branchMap":{"0":{"loc":{"start":{"line":18,"column":1},"end":{"line":23,"column":2}},"type":"if","locations":[{"start":{"line":18,"column":1},"end":{"line":23,"column":2}},{"start":{},"end":{}}],"line":18},"1":{"loc":{"start":{"line":25,"column":1},"end":{"line":30,"column":2}},"type":"if","locations":[{"start":{"line":25,"column":1},"end":{"line":30,"column":2}},{"start":{},"end":{}}],"line":25},"2":{"loc":{"start":{"line":26,"column":17},"end":{"line":26,"column":71}},"type":"cond-expr","locations":[{"start":{"line":26,"column":56},"end":{"line":26,"column":62}},{"start":{"line":26,"column":65},"end":{"line":26,"column":71}}],"line":26},"3":{"loc":{"start":{"line":26,"column":17},"end":{"line":26,"column":53}},"type":"binary-expr","locations":[{"start":{"line":26,"column":17},"end":{"line":26,"column":33}},{"start":{"line":26,"column":37},"end":{"line":26,"column":53}}],"line":26},"4":{"loc":{"start":{"line":27,"column":19},"end":{"line":27,"column":52}},"type":"cond-expr","locations":[{"start":{"line":27,"column":38},"end":{"line":27,"column":43}},{"start":{"line":27,"column":46},"end":{"line":27,"column":52}}],"line":27},"5":{"loc":{"start":{"line":32,"column":1},"end":{"line":34,"column":2}},"type":"if","locations":[{"start":{"line":32,"column":1},"end":{"line":34,"column":2}},{"start":{},"end":{}}],"line":32},"6":{"loc":{"start":{"line":42,"column":8},"end":{"line":42,"column":31}},"type":"binary-expr","locations":[{"start":{"line":42,"column":8},"end":{"line":42,"column":22}},{"start":{"line":42,"column":26},"end":{"line":42,"column":31}}],"line":42}},"s":{"0":2,"1":0,"2":0,"3":0,"4":0,"5":0,"6":0,"7":0,"8":0,"9":0,"10":0,"11":0,"12":0,"13":0,"14":0,"15":0,"16":0,"17":0,"18":0,"19":0,"20":0,"21":0,"22":2,"23":0,"24":0,"25":0,"26":2,"27":0,"28":0,"29":0,"30":2,"31":0,"32":0,"33":0},"f":{"0":0,"1":0,"2":0,"3":0},"b":{"0":[0,0],"1":[0,0],"2":[0,0],"3":[0,0],"4":[0,0],"5":[0,0],"6":[0,0]},"_coverageSchema":"1a1c01bbd47fc00a2c39e90264f33305004495a9","hash":"8658270500e2ea0bf8d17ea3d499ca18f84dce64"}
,"C:\\Users\\ericpeweh\\Desktop\\Desktop\\DEVELOPMENT\\PROJECT\\cloversy-store-api\\src\\api\\data\\chat.data.ts": {"path":"C:\\Users\\ericpeweh\\Desktop\\Desktop\\DEVELOPMENT\\PROJECT\\cloversy-store-api\\src\\api\\data\\chat.data.ts","statementMap":{"0":{"start":{"line":11,"column":37},"end":{"line":21,"column":1}},"1":{"start":{"line":12,"column":28},"end":{"line":16,"column":15}},"2":{"start":{"line":18,"column":16},"end":{"line":18,"column":67}},"3":{"start":{"line":20,"column":1},"end":{"line":20,"column":26}},"4":{"start":{"line":23,"column":43},"end":{"line":31,"column":1}},"5":{"start":{"line":24,"column":33},"end":{"line":26,"column":17}},"6":{"start":{"line":28,"column":1},"end":{"line":30,"column":4}},"7":{"start":{"line":29,"column":2},"end":{"line":29,"column":68}},"8":{"start":{"line":33,"column":48},"end":{"line":39,"column":1}},"9":{"start":{"line":34,"column":28},"end":{"line":34,"column":80}},"10":{"start":{"line":36,"column":16},"end":{"line":36,"column":60}},"11":{"start":{"line":38,"column":1},"end":{"line":38,"column":39}},"12":{"start":{"line":41,"column":48},"end":{"line":58,"column":1}},"13":{"start":{"line":42,"column":20},"end":{"line":53,"column":19}},"14":{"start":{"line":55,"column":16},"end":{"line":55,"column":42}},"15":{"start":{"line":57,"column":1},"end":{"line":57,"column":32}},"16":{"start":{"line":60,"column":38},"end":{"line":72,"column":1}},"17":{"start":{"line":61,"column":33},"end":{"line":64,"column":21}},"18":{"start":{"line":66,"column":61},"end":{"line":69,"column":2}},"19":{"start":{"line":71,"column":1},"end":{"line":71,"column":40}},"20":{"start":{"line":74,"column":40},"end":{"line":82,"column":1}},"21":{"start":{"line":75,"column":33},"end":{"line":77,"column":46}},"22":{"start":{"line":79,"column":16},"end":{"line":79,"column":81}},"23":{"start":{"line":81,"column":1},"end":{"line":81,"column":39}},"24":{"start":{"line":84,"column":29},"end":{"line":91,"column":1}},"25":{"start":{"line":85,"column":23},"end":{"line":88,"column":3}},"26":{"start":{"line":90,"column":1},"end":{"line":90,"column":65}},"27":{"start":{"line":93,"column":35},"end":{"line":105,"column":1}},"28":{"start":{"line":94,"column":15},"end":{"line":96,"column":20}},"29":{"start":{"line":98,"column":16},"end":{"line":98,"column":55}},"30":{"start":{"line":100,"column":1},"end":{"line":102,"column":2}},"31":{"start":{"line":101,"column":2},"end":{"line":101,"column":69}},"32":{"start":{"line":104,"column":1},"end":{"line":104,"column":23}},"33":{"start":{"line":107,"column":39},"end":{"line":146,"column":1}},"34":{"start":{"line":108,"column":15},"end":{"line":108,"column":17}},"35":{"start":{"line":111,"column":21},"end":{"line":115,"column":31}},"36":{"start":{"line":116,"column":22},"end":{"line":116,"column":67}},"37":{"start":{"line":118,"column":19},"end":{"line":118,"column":55}},"38":{"start":{"line":119,"column":19},"end":{"line":119,"column":55}},"39":{"start":{"line":120,"column":23},"end":{"line":120,"column":50}},"40":{"start":{"line":123,"column":15},"end":{"line":129,"column":13}},"41":{"start":{"line":131,"column":38},"end":{"line":135,"column":3}},"42":{"start":{"line":137,"column":20},"end":{"line":137,"column":69}},"43":{"start":{"line":139,"column":1},"end":{"line":145,"column":3}},"44":{"start":{"line":148,"column":42},"end":{"line":156,"column":1}},"45":{"start":{"line":149,"column":15},"end":{"line":153,"column":3}},"46":{"start":{"line":155,"column":1},"end":{"line":155,"column":65}},"47":{"start":{"line":158,"column":35},"end":{"line":216,"column":1}},"48":{"start":{"line":159,"column":15},"end":{"line":159,"column":17}},"49":{"start":{"line":160,"column":16},"end":{"line":160,"column":46}},"50":{"start":{"line":162,"column":13},"end":{"line":198,"column":3}},"51":{"start":{"line":199,"column":18},"end":{"line":199,"column":55}},"52":{"start":{"line":201,"column":1},"end":{"line":203,"column":2}},"53":{"start":{"line":202,"column":2},"end":{"line":202,"column":46}},"54":{"start":{"line":205,"column":16},"end":{"line":205,"column":47}},"55":{"start":{"line":206,"column":21},"end":{"line":206,"column":47}},"56":{"start":{"line":207,"column":28},"end":{"line":207,"column":53}},"57":{"start":{"line":209,"column":1},"end":{"line":215,"column":3}},"58":{"start":{"line":218,"column":45},"end":{"line":230,"column":1}},"59":{"start":{"line":219,"column":33},"end":{"line":223,"column":29}},"60":{"start":{"line":225,"column":53},"end":{"line":227,"column":3}},"61":{"start":{"line":229,"column":1},"end":{"line":229,"column":32}}},"fnMap":{"0":{"name":"(anonymous_0)","decl":{"start":{"line":11,"column":37},"end":{"line":11,"column":38}},"loc":{"start":{"line":11,"column":78},"end":{"line":21,"column":1}},"line":11},"1":{"name":"(anonymous_1)","decl":{"start":{"line":23,"column":43},"end":{"line":23,"column":44}},"loc":{"start":{"line":23,"column":96},"end":{"line":31,"column":1}},"line":23},"2":{"name":"(anonymous_2)","decl":{"start":{"line":28,"column":17},"end":{"line":28,"column":18}},"loc":{"start":{"line":28,"column":33},"end":{"line":30,"column":2}},"line":28},"3":{"name":"(anonymous_3)","decl":{"start":{"line":33,"column":48},"end":{"line":33,"column":49}},"loc":{"start":{"line":33,"column":74},"end":{"line":39,"column":1}},"line":33},"4":{"name":"(anonymous_4)","decl":{"start":{"line":41,"column":48},"end":{"line":41,"column":49}},"loc":{"start":{"line":41,"column":60},"end":{"line":58,"column":1}},"line":41},"5":{"name":"(anonymous_5)","decl":{"start":{"line":60,"column":38},"end":{"line":60,"column":39}},"loc":{"start":{"line":60,"column":64},"end":{"line":72,"column":1}},"line":60},"6":{"name":"(anonymous_6)","decl":{"start":{"line":74,"column":40},"end":{"line":74,"column":41}},"loc":{"start":{"line":74,"column":90},"end":{"line":82,"column":1}},"line":74},"7":{"name":"(anonymous_7)","decl":{"start":{"line":84,"column":29},"end":{"line":84,"column":30}},"loc":{"start":{"line":84,"column":95},"end":{"line":91,"column":1}},"line":84},"8":{"name":"(anonymous_8)","decl":{"start":{"line":93,"column":35},"end":{"line":93,"column":36}},"loc":{"start":{"line":93,"column":69},"end":{"line":105,"column":1}},"line":93},"9":{"name":"(anonymous_9)","decl":{"start":{"line":107,"column":39},"end":{"line":107,"column":40}},"loc":{"start":{"line":107,"column":93},"end":{"line":146,"column":1}},"line":107},"10":{"name":"(anonymous_10)","decl":{"start":{"line":148,"column":42},"end":{"line":148,"column":43}},"loc":{"start":{"line":148,"column":92},"end":{"line":156,"column":1}},"line":148},"11":{"name":"(anonymous_11)","decl":{"start":{"line":158,"column":35},"end":{"line":158,"column":36}},"loc":{"start":{"line":158,"column":75},"end":{"line":216,"column":1}},"line":158},"12":{"name":"(anonymous_12)","decl":{"start":{"line":218,"column":45},"end":{"line":218,"column":46}},"loc":{"start":{"line":218,"column":79},"end":{"line":230,"column":1}},"line":218}},"branchMap":{"0":{"loc":{"start":{"line":38,"column":8},"end":{"line":38,"column":38}},"type":"cond-expr","locations":[{"start":{"line":38,"column":26},"end":{"line":38,"column":30}},{"start":{"line":38,"column":33},"end":{"line":38,"column":38}}],"line":38},"1":{"loc":{"start":{"line":81,"column":8},"end":{"line":81,"column":38}},"type":"cond-expr","locations":[{"start":{"line":81,"column":26},"end":{"line":81,"column":30}},{"start":{"line":81,"column":33},"end":{"line":81,"column":38}}],"line":81},"2":{"loc":{"start":{"line":100,"column":1},"end":{"line":102,"column":2}},"type":"if","locations":[{"start":{"line":100,"column":1},"end":{"line":102,"column":2}},{"start":{},"end":{}}],"line":100},"3":{"loc":{"start":{"line":118,"column":19},"end":{"line":118,"column":55}},"type":"binary-expr","locations":[{"start":{"line":118,"column":19},"end":{"line":118,"column":50}},{"start":{"line":118,"column":54},"end":{"line":118,"column":55}}],"line":118},"4":{"loc":{"start":{"line":119,"column":19},"end":{"line":119,"column":55}},"type":"binary-expr","locations":[{"start":{"line":119,"column":19},"end":{"line":119,"column":50}},{"start":{"line":119,"column":54},"end":{"line":119,"column":55}}],"line":119},"5":{"loc":{"start":{"line":120,"column":23},"end":{"line":120,"column":50}},"type":"binary-expr","locations":[{"start":{"line":120,"column":23},"end":{"line":120,"column":33}},{"start":{"line":120,"column":37},"end":{"line":120,"column":50}}],"line":120},"6":{"loc":{"start":{"line":137,"column":20},"end":{"line":137,"column":69}},"type":"binary-expr","locations":[{"start":{"line":137,"column":20},"end":{"line":137,"column":56}},{"start":{"line":137,"column":60},"end":{"line":137,"column":69}}],"line":137},"7":{"loc":{"start":{"line":142,"column":17},"end":{"line":142,"column":86}},"type":"cond-expr","locations":[{"start":{"line":142,"column":51},"end":{"line":142,"column":69}},{"start":{"line":142,"column":72},"end":{"line":142,"column":86}}],"line":142},"8":{"loc":{"start":{"line":201,"column":1},"end":{"line":203,"column":2}},"type":"if","locations":[{"start":{"line":201,"column":1},"end":{"line":203,"column":2}},{"start":{},"end":{}}],"line":201},"9":{"loc":{"start":{"line":211,"column":8},"end":{"line":211,"column":31}},"type":"binary-expr","locations":[{"start":{"line":211,"column":8},"end":{"line":211,"column":22}},{"start":{"line":211,"column":26},"end":{"line":211,"column":31}}],"line":211}},"s":{"0":2,"1":0,"2":0,"3":0,"4":2,"5":0,"6":0,"7":0,"8":2,"9":0,"10":0,"11":0,"12":2,"13":0,"14":0,"15":0,"16":2,"17":0,"18":0,"19":0,"20":2,"21":0,"22":0,"23":0,"24":2,"25":0,"26":0,"27":2,"28":0,"29":0,"30":0,"31":0,"32":0,"33":2,"34":0,"35":0,"36":0,"37":0,"38":0,"39":0,"40":0,"41":0,"42":0,"43":0,"44":2,"45":0,"46":0,"47":2,"48":0,"49":0,"50":0,"51":0,"52":0,"53":0,"54":0,"55":0,"56":0,"57":0,"58":2,"59":0,"60":0,"61":0},"f":{"0":0,"1":0,"2":0,"3":0,"4":0,"5":0,"6":0,"7":0,"8":0,"9":0,"10":0,"11":0,"12":0},"b":{"0":[0,0],"1":[0,0],"2":[0,0],"3":[0,0],"4":[0,0],"5":[0,0],"6":[0,0],"7":[0,0],"8":[0,0],"9":[0,0]},"_coverageSchema":"1a1c01bbd47fc00a2c39e90264f33305004495a9","hash":"7c5085137d283889da08613b071ebb1ac0e7b49e"}
,"C:\\Users\\ericpeweh\\Desktop\\Desktop\\DEVELOPMENT\\PROJECT\\cloversy-store-api\\src\\api\\data\\index.ts": {"path":"C:\\Users\\ericpeweh\\Desktop\\Desktop\\DEVELOPMENT\\PROJECT\\cloversy-store-api\\src\\api\\data\\index.ts","statementMap":{},"fnMap":{},"branchMap":{},"s":{},"f":{},"b":{},"_coverageSchema":"1a1c01bbd47fc00a2c39e90264f33305004495a9","hash":"ed3ff82f330df73f50b0813fc348f2d3bde8c82d"}
,"C:\\Users\\ericpeweh\\Desktop\\Desktop\\DEVELOPMENT\\PROJECT\\cloversy-store-api\\src\\api\\data\\marketing.data.ts": {"path":"C:\\Users\\ericpeweh\\Desktop\\Desktop\\DEVELOPMENT\\PROJECT\\cloversy-store-api\\src\\api\\data\\marketing.data.ts","statementMap":{"0":{"start":{"line":23,"column":43},"end":{"line":101,"column":1}},"1":{"start":{"line":28,"column":16},"end":{"line":28,"column":39}},"2":{"start":{"line":41,"column":5},"end":{"line":41,"column":26}},"3":{"start":{"line":43,"column":1},"end":{"line":100,"column":2}},"4":{"start":{"line":44,"column":2},"end":{"line":44,"column":30}},"5":{"start":{"line":47,"column":30},"end":{"line":52,"column":1}},"6":{"start":{"line":54,"column":31},"end":{"line":69,"column":3}},"7":{"start":{"line":71,"column":64},"end":{"line":74,"column":3}},"8":{"start":{"line":77,"column":2},"end":{"line":91,"column":3}},"9":{"start":{"line":78,"column":37},"end":{"line":82,"column":28}},"10":{"start":{"line":84,"column":3},"end":{"line":90,"column":6}},"11":{"start":{"line":85,"column":4},"end":{"line":89,"column":7}},"12":{"start":{"line":93,"column":2},"end":{"line":93,"column":31}},"13":{"start":{"line":94,"column":2},"end":{"line":94,"column":38}},"14":{"start":{"line":96,"column":2},"end":{"line":96,"column":33}},"15":{"start":{"line":97,"column":2},"end":{"line":97,"column":14}},"16":{"start":{"line":99,"column":2},"end":{"line":99,"column":19}},"17":{"start":{"line":103,"column":43},"end":{"line":189,"column":1}},"18":{"start":{"line":110,"column":16},"end":{"line":110,"column":39}},"19":{"start":{"line":111,"column":57},"end":{"line":111,"column":81}},"20":{"start":{"line":113,"column":1},"end":{"line":188,"column":2}},"21":{"start":{"line":114,"column":2},"end":{"line":114,"column":30}},"22":{"start":{"line":116,"column":67},"end":{"line":121,"column":3}},"23":{"start":{"line":123,"column":50},"end":{"line":126,"column":3}},"24":{"start":{"line":127,"column":32},"end":{"line":127,"column":46}},"25":{"start":{"line":130,"column":2},"end":{"line":149,"column":3}},"26":{"start":{"line":135,"column":37},"end":{"line":135,"column":117}},"27":{"start":{"line":137,"column":3},"end":{"line":137,"column":69}},"28":{"start":{"line":140,"column":36},"end":{"line":144,"column":28}},"29":{"start":{"line":146,"column":3},"end":{"line":148,"column":6}},"30":{"start":{"line":147,"column":4},"end":{"line":147,"column":93}},"31":{"start":{"line":152,"column":2},"end":{"line":177,"column":3}},"32":{"start":{"line":156,"column":3},"end":{"line":166,"column":4}},"33":{"start":{"line":157,"column":37},"end":{"line":161,"column":30}},"34":{"start":{"line":163,"column":4},"end":{"line":165,"column":7}},"35":{"start":{"line":164,"column":5},"end":{"line":164,"column":94}},"36":{"start":{"line":168,"column":3},"end":{"line":176,"column":4}},"37":{"start":{"line":169,"column":38},"end":{"line":171,"column":27}},"38":{"start":{"line":173,"column":4},"end":{"line":175,"column":7}},"39":{"start":{"line":174,"column":5},"end":{"line":174,"column":79}},"40":{"start":{"line":179,"column":2},"end":{"line":179,"column":31}},"41":{"start":{"line":180,"column":2},"end":{"line":180,"column":31}},"42":{"start":{"line":182,"column":2},"end":{"line":182,"column":33}},"43":{"start":{"line":183,"column":2},"end":{"line":183,"column":21}},"44":{"start":{"line":185,"column":2},"end":{"line":185,"column":14}},"45":{"start":{"line":187,"column":2},"end":{"line":187,"column":19}},"46":{"start":{"line":191,"column":41},"end":{"line":259,"column":1}},"47":{"start":{"line":197,"column":19},"end":{"line":197,"column":20}},"48":{"start":{"line":198,"column":16},"end":{"line":198,"column":18}},"49":{"start":{"line":199,"column":15},"end":{"line":199,"column":44}},"50":{"start":{"line":200,"column":16},"end":{"line":200,"column":46}},"51":{"start":{"line":202,"column":27},"end":{"line":208,"column":3}},"52":{"start":{"line":209,"column":18},"end":{"line":209,"column":67}},"53":{"start":{"line":211,"column":1},"end":{"line":223,"column":2}},"54":{"start":{"line":212,"column":21},"end":{"line":216,"column":6}},"55":{"start":{"line":218,"column":2},"end":{"line":218,"column":36}},"56":{"start":{"line":219,"column":2},"end":{"line":219,"column":27}},"57":{"start":{"line":221,"column":2},"end":{"line":221,"column":19}},"58":{"start":{"line":222,"column":2},"end":{"line":222,"column":34}},"59":{"start":{"line":225,"column":1},"end":{"line":237,"column":2}},"60":{"start":{"line":226,"column":17},"end":{"line":230,"column":5}},"61":{"start":{"line":232,"column":2},"end":{"line":232,"column":32}},"62":{"start":{"line":233,"column":2},"end":{"line":233,"column":23}},"63":{"start":{"line":235,"column":2},"end":{"line":235,"column":19}},"64":{"start":{"line":236,"column":2},"end":{"line":236,"column":30}},"65":{"start":{"line":240,"column":1},"end":{"line":240,"column":47}},"66":{"start":{"line":242,"column":1},"end":{"line":244,"column":2}},"67":{"start":{"line":243,"column":2},"end":{"line":243,"column":60}},"68":{"start":{"line":246,"column":30},"end":{"line":246,"column":80}},"69":{"start":{"line":247,"column":67},"end":{"line":250,"column":2}},"70":{"start":{"line":252,"column":1},"end":{"line":258,"column":3}},"71":{"start":{"line":261,"column":46},"end":{"line":294,"column":1}},"72":{"start":{"line":262,"column":29},"end":{"line":268,"column":19}},"73":{"start":{"line":270,"column":63},"end":{"line":273,"column":2}},"74":{"start":{"line":275,"column":1},"end":{"line":279,"column":4}},"75":{"start":{"line":276,"column":2},"end":{"line":279,"column":4}},"76":{"start":{"line":281,"column":35},"end":{"line":288,"column":5}},"77":{"start":{"line":290,"column":16},"end":{"line":290,"column":77}},"78":{"start":{"line":291,"column":31},"end":{"line":291,"column":42}},"79":{"start":{"line":293,"column":1},"end":{"line":293,"column":71}},"80":{"start":{"line":296,"column":46},"end":{"line":305,"column":1}},"81":{"start":{"line":297,"column":29},"end":{"line":300,"column":39}},"82":{"start":{"line":302,"column":30},"end":{"line":302,"column":85}},"83":{"start":{"line":304,"column":1},"end":{"line":304,"column":46}},"84":{"start":{"line":307,"column":34},"end":{"line":375,"column":1}},"85":{"start":{"line":313,"column":19},"end":{"line":313,"column":20}},"86":{"start":{"line":314,"column":16},"end":{"line":314,"column":18}},"87":{"start":{"line":315,"column":15},"end":{"line":315,"column":44}},"88":{"start":{"line":316,"column":16},"end":{"line":316,"column":46}},"89":{"start":{"line":318,"column":27},"end":{"line":324,"column":3}},"90":{"start":{"line":325,"column":18},"end":{"line":325,"column":60}},"91":{"start":{"line":327,"column":1},"end":{"line":339,"column":2}},"92":{"start":{"line":328,"column":21},"end":{"line":332,"column":6}},"93":{"start":{"line":334,"column":2},"end":{"line":334,"column":36}},"94":{"start":{"line":335,"column":2},"end":{"line":335,"column":27}},"95":{"start":{"line":337,"column":2},"end":{"line":337,"column":19}},"96":{"start":{"line":338,"column":2},"end":{"line":338,"column":34}},"97":{"start":{"line":341,"column":1},"end":{"line":353,"column":2}},"98":{"start":{"line":342,"column":17},"end":{"line":346,"column":5}},"99":{"start":{"line":348,"column":2},"end":{"line":348,"column":32}},"100":{"start":{"line":349,"column":2},"end":{"line":349,"column":23}},"101":{"start":{"line":351,"column":2},"end":{"line":351,"column":19}},"102":{"start":{"line":352,"column":2},"end":{"line":352,"column":30}},"103":{"start":{"line":356,"column":1},"end":{"line":356,"column":47}},"104":{"start":{"line":358,"column":1},"end":{"line":360,"column":2}},"105":{"start":{"line":359,"column":2},"end":{"line":359,"column":60}},"106":{"start":{"line":362,"column":30},"end":{"line":362,"column":80}},"107":{"start":{"line":363,"column":67},"end":{"line":366,"column":2}},"108":{"start":{"line":368,"column":1},"end":{"line":374,"column":3}},"109":{"start":{"line":377,"column":39},"end":{"line":408,"column":1}},"110":{"start":{"line":378,"column":29},"end":{"line":385,"column":19}},"111":{"start":{"line":387,"column":63},"end":{"line":390,"column":2}},"112":{"start":{"line":392,"column":1},"end":{"line":393,"column":98}},"113":{"start":{"line":393,"column":2},"end":{"line":393,"column":98}},"114":{"start":{"line":395,"column":35},"end":{"line":402,"column":5}},"115":{"start":{"line":404,"column":16},"end":{"line":404,"column":77}},"116":{"start":{"line":405,"column":31},"end":{"line":405,"column":42}},"117":{"start":{"line":407,"column":1},"end":{"line":407,"column":71}},"118":{"start":{"line":410,"column":36},"end":{"line":474,"column":1}},"119":{"start":{"line":415,"column":16},"end":{"line":415,"column":39}},"120":{"start":{"line":418,"column":2},"end":{"line":418,"column":23}},"121":{"start":{"line":420,"column":1},"end":{"line":473,"column":2}},"122":{"start":{"line":421,"column":2},"end":{"line":421,"column":30}},"123":{"start":{"line":424,"column":62},"end":{"line":424,"column":68}},"124":{"start":{"line":427,"column":30},"end":{"line":432,"column":1}},"125":{"start":{"line":434,"column":31},"end":{"line":447,"column":3}},"126":{"start":{"line":449,"column":64},"end":{"line":452,"column":3}},"127":{"start":{"line":455,"column":2},"end":{"line":464,"column":3}},"128":{"start":{"line":456,"column":37},"end":{"line":459,"column":24}},"129":{"start":{"line":461,"column":3},"end":{"line":463,"column":6}},"130":{"start":{"line":462,"column":4},"end":{"line":462,"column":93}},"131":{"start":{"line":466,"column":2},"end":{"line":466,"column":31}},"132":{"start":{"line":467,"column":2},"end":{"line":467,"column":38}},"133":{"start":{"line":469,"column":2},"end":{"line":469,"column":33}},"134":{"start":{"line":470,"column":2},"end":{"line":470,"column":14}},"135":{"start":{"line":472,"column":2},"end":{"line":472,"column":19}},"136":{"start":{"line":476,"column":39},"end":{"line":484,"column":1}},"137":{"start":{"line":477,"column":20},"end":{"line":477,"column":65}},"138":{"start":{"line":479,"column":54},"end":{"line":481,"column":3}},"139":{"start":{"line":483,"column":1},"end":{"line":483,"column":28}},"140":{"start":{"line":486,"column":36},"end":{"line":538,"column":1}},"141":{"start":{"line":491,"column":16},"end":{"line":491,"column":39}},"142":{"start":{"line":492,"column":57},"end":{"line":492,"column":81}},"143":{"start":{"line":494,"column":1},"end":{"line":537,"column":2}},"144":{"start":{"line":495,"column":2},"end":{"line":495,"column":30}},"145":{"start":{"line":497,"column":53},"end":{"line":502,"column":3}},"146":{"start":{"line":504,"column":50},"end":{"line":504,"column":93}},"147":{"start":{"line":505,"column":32},"end":{"line":505,"column":46}},"148":{"start":{"line":507,"column":2},"end":{"line":516,"column":3}},"149":{"start":{"line":508,"column":36},"end":{"line":511,"column":26}},"150":{"start":{"line":513,"column":3},"end":{"line":515,"column":6}},"151":{"start":{"line":514,"column":4},"end":{"line":514,"column":77}},"152":{"start":{"line":518,"column":2},"end":{"line":526,"column":3}},"153":{"start":{"line":519,"column":37},"end":{"line":521,"column":27}},"154":{"start":{"line":523,"column":3},"end":{"line":525,"column":6}},"155":{"start":{"line":524,"column":4},"end":{"line":524,"column":78}},"156":{"start":{"line":528,"column":2},"end":{"line":528,"column":31}},"157":{"start":{"line":529,"column":2},"end":{"line":529,"column":31}},"158":{"start":{"line":531,"column":2},"end":{"line":531,"column":33}},"159":{"start":{"line":532,"column":2},"end":{"line":532,"column":21}},"160":{"start":{"line":534,"column":2},"end":{"line":534,"column":14}},"161":{"start":{"line":536,"column":2},"end":{"line":536,"column":19}},"162":{"start":{"line":540,"column":46},"end":{"line":549,"column":1}},"163":{"start":{"line":541,"column":29},"end":{"line":544,"column":32}},"164":{"start":{"line":546,"column":30},"end":{"line":546,"column":85}},"165":{"start":{"line":548,"column":1},"end":{"line":548,"column":46}},"166":{"start":{"line":551,"column":40},"end":{"line":595,"column":1}},"167":{"start":{"line":552,"column":29},"end":{"line":552,"column":36}},"168":{"start":{"line":553,"column":28},"end":{"line":553,"column":31}},"169":{"start":{"line":564,"column":20},"end":{"line":587,"column":3}},"170":{"start":{"line":589,"column":50},"end":{"line":592,"column":3}},"171":{"start":{"line":594,"column":1},"end":{"line":594,"column":20}},"172":{"start":{"line":597,"column":28},"end":{"line":622,"column":1}},"173":{"start":{"line":601,"column":16},"end":{"line":601,"column":39}},"174":{"start":{"line":603,"column":1},"end":{"line":621,"column":2}},"175":{"start":{"line":604,"column":2},"end":{"line":604,"column":30}},"176":{"start":{"line":606,"column":22},"end":{"line":609,"column":32}},"177":{"start":{"line":611,"column":2},"end":{"line":613,"column":5}},"178":{"start":{"line":612,"column":3},"end":{"line":612,"column":50}},"179":{"start":{"line":615,"column":2},"end":{"line":615,"column":31}},"180":{"start":{"line":617,"column":2},"end":{"line":617,"column":33}},"181":{"start":{"line":618,"column":2},"end":{"line":618,"column":14}},"182":{"start":{"line":620,"column":2},"end":{"line":620,"column":19}}},"fnMap":{"0":{"name":"(anonymous_0)","decl":{"start":{"line":23,"column":43},"end":{"line":23,"column":44}},"loc":{"start":{"line":27,"column":5},"end":{"line":101,"column":1}},"line":27},"1":{"name":"(anonymous_1)","decl":{"start":{"line":84,"column":30},"end":{"line":84,"column":31}},"loc":{"start":{"line":84,"column":43},"end":{"line":90,"column":4}},"line":84},"2":{"name":"(anonymous_2)","decl":{"start":{"line":103,"column":43},"end":{"line":103,"column":44}},"loc":{"start":{"line":109,"column":5},"end":{"line":189,"column":1}},"line":109},"3":{"name":"(anonymous_3)","decl":{"start":{"line":146,"column":30},"end":{"line":146,"column":31}},"loc":{"start":{"line":146,"column":43},"end":{"line":148,"column":4}},"line":146},"4":{"name":"(anonymous_4)","decl":{"start":{"line":163,"column":31},"end":{"line":163,"column":32}},"loc":{"start":{"line":163,"column":44},"end":{"line":165,"column":5}},"line":163},"5":{"name":"(anonymous_5)","decl":{"start":{"line":173,"column":27},"end":{"line":173,"column":28}},"loc":{"start":{"line":173,"column":43},"end":{"line":175,"column":5}},"line":173},"6":{"name":"(anonymous_6)","decl":{"start":{"line":191,"column":41},"end":{"line":191,"column":42}},"loc":{"start":{"line":196,"column":5},"end":{"line":259,"column":1}},"line":196},"7":{"name":"(anonymous_7)","decl":{"start":{"line":261,"column":46},"end":{"line":261,"column":47}},"loc":{"start":{"line":261,"column":91},"end":{"line":294,"column":1}},"line":261},"8":{"name":"(anonymous_8)","decl":{"start":{"line":296,"column":46},"end":{"line":296,"column":47}},"loc":{"start":{"line":296,"column":91},"end":{"line":305,"column":1}},"line":296},"9":{"name":"(anonymous_9)","decl":{"start":{"line":307,"column":34},"end":{"line":307,"column":35}},"loc":{"start":{"line":312,"column":5},"end":{"line":375,"column":1}},"line":312},"10":{"name":"(anonymous_10)","decl":{"start":{"line":377,"column":39},"end":{"line":377,"column":40}},"loc":{"start":{"line":377,"column":84},"end":{"line":408,"column":1}},"line":377},"11":{"name":"(anonymous_11)","decl":{"start":{"line":410,"column":36},"end":{"line":410,"column":37}},"loc":{"start":{"line":414,"column":5},"end":{"line":474,"column":1}},"line":414},"12":{"name":"(anonymous_12)","decl":{"start":{"line":461,"column":27},"end":{"line":461,"column":28}},"loc":{"start":{"line":461,"column":43},"end":{"line":463,"column":4}},"line":461},"13":{"name":"(anonymous_13)","decl":{"start":{"line":476,"column":39},"end":{"line":476,"column":40}},"loc":{"start":{"line":476,"column":84},"end":{"line":484,"column":1}},"line":476},"14":{"name":"(anonymous_14)","decl":{"start":{"line":486,"column":36},"end":{"line":486,"column":37}},"loc":{"start":{"line":490,"column":5},"end":{"line":538,"column":1}},"line":490},"15":{"name":"(anonymous_15)","decl":{"start":{"line":513,"column":27},"end":{"line":513,"column":28}},"loc":{"start":{"line":513,"column":43},"end":{"line":515,"column":4}},"line":513},"16":{"name":"(anonymous_16)","decl":{"start":{"line":523,"column":26},"end":{"line":523,"column":27}},"loc":{"start":{"line":523,"column":42},"end":{"line":525,"column":4}},"line":523},"17":{"name":"(anonymous_17)","decl":{"start":{"line":540,"column":46},"end":{"line":540,"column":47}},"loc":{"start":{"line":540,"column":91},"end":{"line":549,"column":1}},"line":540},"18":{"name":"(anonymous_18)","decl":{"start":{"line":551,"column":40},"end":{"line":551,"column":41}},"loc":{"start":{"line":551,"column":52},"end":{"line":595,"column":1}},"line":551},"19":{"name":"(anonymous_19)","decl":{"start":{"line":597,"column":28},"end":{"line":597,"column":29}},"loc":{"start":{"line":600,"column":5},"end":{"line":622,"column":1}},"line":600},"20":{"name":"(anonymous_20)","decl":{"start":{"line":611,"column":26},"end":{"line":611,"column":27}},"loc":{"start":{"line":611,"column":36},"end":{"line":613,"column":3}},"line":611}},"branchMap":{"0":{"loc":{"start":{"line":77,"column":2},"end":{"line":91,"column":3}},"type":"if","locations":[{"start":{"line":77,"column":2},"end":{"line":91,"column":3}},{"start":{},"end":{}}],"line":77},"1":{"loc":{"start":{"line":130,"column":2},"end":{"line":149,"column":3}},"type":"if","locations":[{"start":{"line":130,"column":2},"end":{"line":149,"column":3}},{"start":{},"end":{}}],"line":130},"2":{"loc":{"start":{"line":131,"column":3},"end":{"line":132,"column":87}},"type":"binary-expr","locations":[{"start":{"line":131,"column":3},"end":{"line":131,"column":66}},{"start":{"line":132,"column":4},"end":{"line":132,"column":43}},{"start":{"line":132,"column":47},"end":{"line":132,"column":86}}],"line":131},"3":{"loc":{"start":{"line":152,"column":2},"end":{"line":177,"column":3}},"type":"if","locations":[{"start":{"line":152,"column":2},"end":{"line":177,"column":3}},{"start":{},"end":{}}],"line":152},"4":{"loc":{"start":{"line":153,"column":3},"end":{"line":154,"column":47}},"type":"binary-expr","locations":[{"start":{"line":153,"column":3},"end":{"line":153,"column":47}},{"start":{"line":154,"column":3},"end":{"line":154,"column":47}}],"line":153},"5":{"loc":{"start":{"line":156,"column":3},"end":{"line":166,"column":4}},"type":"if","locations":[{"start":{"line":156,"column":3},"end":{"line":166,"column":4}},{"start":{},"end":{}}],"line":156},"6":{"loc":{"start":{"line":156,"column":7},"end":{"line":156,"column":53}},"type":"binary-expr","locations":[{"start":{"line":156,"column":7},"end":{"line":156,"column":22}},{"start":{"line":156,"column":26},"end":{"line":156,"column":53}}],"line":156},"7":{"loc":{"start":{"line":168,"column":3},"end":{"line":176,"column":4}},"type":"if","locations":[{"start":{"line":168,"column":3},"end":{"line":176,"column":4}},{"start":{},"end":{}}],"line":168},"8":{"loc":{"start":{"line":168,"column":7},"end":{"line":168,"column":51}},"type":"binary-expr","locations":[{"start":{"line":168,"column":7},"end":{"line":168,"column":21}},{"start":{"line":168,"column":25},"end":{"line":168,"column":51}}],"line":168},"9":{"loc":{"start":{"line":199,"column":15},"end":{"line":199,"column":44}},"type":"cond-expr","locations":[{"start":{"line":199,"column":28},"end":{"line":199,"column":39}},{"start":{"line":199,"column":42},"end":{"line":199,"column":44}}],"line":199},"10":{"loc":{"start":{"line":211,"column":1},"end":{"line":223,"column":2}},"type":"if","locations":[{"start":{"line":211,"column":1},"end":{"line":223,"column":2}},{"start":{},"end":{}}],"line":211},"11":{"loc":{"start":{"line":225,"column":1},"end":{"line":237,"column":2}},"type":"if","locations":[{"start":{"line":225,"column":1},"end":{"line":237,"column":2}},{"start":{},"end":{}}],"line":225},"12":{"loc":{"start":{"line":226,"column":21},"end":{"line":226,"column":56}},"type":"cond-expr","locations":[{"start":{"line":226,"column":41},"end":{"line":226,"column":48}},{"start":{"line":226,"column":51},"end":{"line":226,"column":56}}],"line":226},"13":{"loc":{"start":{"line":242,"column":1},"end":{"line":244,"column":2}},"type":"if","locations":[{"start":{"line":242,"column":1},"end":{"line":244,"column":2}},{"start":{},"end":{}}],"line":242},"14":{"loc":{"start":{"line":275,"column":1},"end":{"line":279,"column":4}},"type":"if","locations":[{"start":{"line":275,"column":1},"end":{"line":279,"column":4}},{"start":{},"end":{}}],"line":275},"15":{"loc":{"start":{"line":315,"column":15},"end":{"line":315,"column":44}},"type":"cond-expr","locations":[{"start":{"line":315,"column":28},"end":{"line":315,"column":39}},{"start":{"line":315,"column":42},"end":{"line":315,"column":44}}],"line":315},"16":{"loc":{"start":{"line":327,"column":1},"end":{"line":339,"column":2}},"type":"if","locations":[{"start":{"line":327,"column":1},"end":{"line":339,"column":2}},{"start":{},"end":{}}],"line":327},"17":{"loc":{"start":{"line":341,"column":1},"end":{"line":353,"column":2}},"type":"if","locations":[{"start":{"line":341,"column":1},"end":{"line":353,"column":2}},{"start":{},"end":{}}],"line":341},"18":{"loc":{"start":{"line":342,"column":21},"end":{"line":342,"column":56}},"type":"cond-expr","locations":[{"start":{"line":342,"column":41},"end":{"line":342,"column":48}},{"start":{"line":342,"column":51},"end":{"line":342,"column":56}}],"line":342},"19":{"loc":{"start":{"line":358,"column":1},"end":{"line":360,"column":2}},"type":"if","locations":[{"start":{"line":358,"column":1},"end":{"line":360,"column":2}},{"start":{},"end":{}}],"line":358},"20":{"loc":{"start":{"line":392,"column":1},"end":{"line":393,"column":98}},"type":"if","locations":[{"start":{"line":392,"column":1},"end":{"line":393,"column":98}},{"start":{},"end":{}}],"line":392},"21":{"loc":{"start":{"line":455,"column":2},"end":{"line":464,"column":3}},"type":"if","locations":[{"start":{"line":455,"column":2},"end":{"line":464,"column":3}},{"start":{},"end":{}}],"line":455},"22":{"loc":{"start":{"line":507,"column":2},"end":{"line":516,"column":3}},"type":"if","locations":[{"start":{"line":507,"column":2},"end":{"line":516,"column":3}},{"start":{},"end":{}}],"line":507},"23":{"loc":{"start":{"line":507,"column":6},"end":{"line":507,"column":52}},"type":"binary-expr","locations":[{"start":{"line":507,"column":6},"end":{"line":507,"column":21}},{"start":{"line":507,"column":25},"end":{"line":507,"column":52}}],"line":507},"24":{"loc":{"start":{"line":518,"column":2},"end":{"line":526,"column":3}},"type":"if","locations":[{"start":{"line":518,"column":2},"end":{"line":526,"column":3}},{"start":{},"end":{}}],"line":518},"25":{"loc":{"start":{"line":518,"column":6},"end":{"line":518,"column":50}},"type":"binary-expr","locations":[{"start":{"line":518,"column":6},"end":{"line":518,"column":20}},{"start":{"line":518,"column":24},"end":{"line":518,"column":50}}],"line":518}},"s":{"0":2,"1":0,"2":0,"3":0,"4":0,"5":0,"6":0,"7":0,"8":0,"9":0,"10":0,"11":0,"12":0,"13":0,"14":0,"15":0,"16":0,"17":2,"18":0,"19":0,"20":0,"21":0,"22":0,"23":0,"24":0,"25":0,"26":0,"27":0,"28":0,"29":0,"30":0,"31":0,"32":0,"33":0,"34":0,"35":0,"36":0,"37":0,"38":0,"39":0,"40":0,"41":0,"42":0,"43":0,"44":0,"45":0,"46":2,"47":0,"48":0,"49":0,"50":0,"51":0,"52":0,"53":0,"54":0,"55":0,"56":0,"57":0,"58":0,"59":0,"60":0,"61":0,"62":0,"63":0,"64":0,"65":0,"66":0,"67":0,"68":0,"69":0,"70":0,"71":2,"72":0,"73":0,"74":0,"75":0,"76":0,"77":0,"78":0,"79":0,"80":2,"81":0,"82":0,"83":0,"84":2,"85":0,"86":0,"87":0,"88":0,"89":0,"90":0,"91":0,"92":0,"93":0,"94":0,"95":0,"96":0,"97":0,"98":0,"99":0,"100":0,"101":0,"102":0,"103":0,"104":0,"105":0,"106":0,"107":0,"108":0,"109":2,"110":0,"111":0,"112":0,"113":0,"114":0,"115":0,"116":0,"117":0,"118":2,"119":0,"120":0,"121":0,"122":0,"123":0,"124":0,"125":0,"126":0,"127":0,"128":0,"129":0,"130":0,"131":0,"132":0,"133":0,"134":0,"135":0,"136":2,"137":0,"138":0,"139":0,"140":2,"141":0,"142":0,"143":0,"144":0,"145":0,"146":0,"147":0,"148":0,"149":0,"150":0,"151":0,"152":0,"153":0,"154":0,"155":0,"156":0,"157":0,"158":0,"159":0,"160":0,"161":0,"162":2,"163":0,"164":0,"165":0,"166":2,"167":0,"168":0,"169":0,"170":0,"171":0,"172":2,"173":0,"174":0,"175":0,"176":0,"177":0,"178":0,"179":0,"180":0,"181":0,"182":0},"f":{"0":0,"1":0,"2":0,"3":0,"4":0,"5":0,"6":0,"7":0,"8":0,"9":0,"10":0,"11":0,"12":0,"13":0,"14":0,"15":0,"16":0,"17":0,"18":0,"19":0,"20":0},"b":{"0":[0,0],"1":[0,0],"2":[0,0,0],"3":[0,0],"4":[0,0],"5":[0,0],"6":[0,0],"7":[0,0],"8":[0,0],"9":[0,0],"10":[0,0],"11":[0,0],"12":[0,0],"13":[0,0],"14":[0,0],"15":[0,0],"16":[0,0],"17":[0,0],"18":[0,0],"19":[0,0],"20":[0,0],"21":[0,0],"22":[0,0],"23":[0,0],"24":[0,0],"25":[0,0]},"_coverageSchema":"1a1c01bbd47fc00a2c39e90264f33305004495a9","hash":"239780383745387d9381e44deb97a830a7b1490c"}
,"C:\\Users\\ericpeweh\\Desktop\\Desktop\\DEVELOPMENT\\PROJECT\\cloversy-store-api\\src\\api\\data\\notification.data.ts": {"path":"C:\\Users\\ericpeweh\\Desktop\\Desktop\\DEVELOPMENT\\PROJECT\\cloversy-store-api\\src\\api\\data\\notification.data.ts","statementMap":{"0":{"start":{"line":9,"column":35},"end":{"line":69,"column":1}},"1":{"start":{"line":15,"column":19},"end":{"line":15,"column":20}},"2":{"start":{"line":16,"column":16},"end":{"line":16,"column":24}},"3":{"start":{"line":17,"column":15},"end":{"line":17,"column":44}},"4":{"start":{"line":18,"column":16},"end":{"line":18,"column":46}},"5":{"start":{"line":20,"column":25},"end":{"line":26,"column":3}},"6":{"start":{"line":28,"column":18},"end":{"line":39,"column":3}},"7":{"start":{"line":41,"column":1},"end":{"line":48,"column":2}},"8":{"start":{"line":42,"column":21},"end":{"line":42,"column":57}},"9":{"start":{"line":43,"column":2},"end":{"line":43,"column":34}},"10":{"start":{"line":44,"column":2},"end":{"line":44,"column":27}},"11":{"start":{"line":46,"column":2},"end":{"line":46,"column":26}},"12":{"start":{"line":47,"column":2},"end":{"line":47,"column":19}},"13":{"start":{"line":50,"column":1},"end":{"line":50,"column":52}},"14":{"start":{"line":52,"column":1},"end":{"line":54,"column":2}},"15":{"start":{"line":53,"column":2},"end":{"line":53,"column":58}},"16":{"start":{"line":56,"column":21},"end":{"line":56,"column":55}},"17":{"start":{"line":57,"column":28},"end":{"line":57,"column":53}},"18":{"start":{"line":58,"column":17},"end":{"line":58,"column":45}},"19":{"start":{"line":59,"column":23},"end":{"line":59,"column":71}},"20":{"start":{"line":61,"column":1},"end":{"line":68,"column":3}},"21":{"start":{"line":71,"column":40},"end":{"line":75,"column":1}},"22":{"start":{"line":72,"column":27},"end":{"line":72,"column":89}},"23":{"start":{"line":74,"column":1},"end":{"line":74,"column":45}},"24":{"start":{"line":77,"column":46},"end":{"line":85,"column":1}},"25":{"start":{"line":78,"column":27},"end":{"line":78,"column":79}},"26":{"start":{"line":80,"column":61},"end":{"line":82,"column":3}},"27":{"start":{"line":84,"column":1},"end":{"line":84,"column":35}},"28":{"start":{"line":87,"column":37},"end":{"line":100,"column":1}},"29":{"start":{"line":88,"column":27},"end":{"line":93,"column":27}},"30":{"start":{"line":95,"column":63},"end":{"line":97,"column":3}},"31":{"start":{"line":99,"column":1},"end":{"line":99,"column":42}},"32":{"start":{"line":102,"column":41},"end":{"line":115,"column":1}},"33":{"start":{"line":103,"column":27},"end":{"line":108,"column":52}},"34":{"start":{"line":110,"column":63},"end":{"line":112,"column":3}},"35":{"start":{"line":114,"column":1},"end":{"line":114,"column":42}},"36":{"start":{"line":117,"column":42},"end":{"line":128,"column":1}},"37":{"start":{"line":118,"column":27},"end":{"line":123,"column":30}},"38":{"start":{"line":125,"column":63},"end":{"line":125,"column":96}},"39":{"start":{"line":127,"column":1},"end":{"line":127,"column":42}},"40":{"start":{"line":130,"column":44},"end":{"line":141,"column":1}},"41":{"start":{"line":131,"column":27},"end":{"line":136,"column":29}},"42":{"start":{"line":138,"column":63},"end":{"line":138,"column":96}},"43":{"start":{"line":140,"column":1},"end":{"line":140,"column":42}},"44":{"start":{"line":143,"column":33},"end":{"line":174,"column":1}},"45":{"start":{"line":147,"column":1},"end":{"line":173,"column":2}},"46":{"start":{"line":148,"column":59},"end":{"line":148,"column":75}},"47":{"start":{"line":149,"column":28},"end":{"line":151,"column":46}},"48":{"start":{"line":153,"column":45},"end":{"line":153,"column":47}},"49":{"start":{"line":154,"column":2},"end":{"line":164,"column":3}},"50":{"start":{"line":155,"column":49},"end":{"line":161,"column":5}},"51":{"start":{"line":163,"column":3},"end":{"line":163,"column":41}},"52":{"start":{"line":166,"column":32},"end":{"line":168,"column":22}},"53":{"start":{"line":170,"column":2},"end":{"line":172,"column":3}},"54":{"start":{"line":171,"column":3},"end":{"line":171,"column":56}},"55":{"start":{"line":176,"column":35},"end":{"line":187,"column":1}},"56":{"start":{"line":177,"column":27},"end":{"line":177,"column":69}},"57":{"start":{"line":179,"column":59},"end":{"line":181,"column":3}},"58":{"start":{"line":183,"column":1},"end":{"line":184,"column":90}},"59":{"start":{"line":184,"column":2},"end":{"line":184,"column":90}},"60":{"start":{"line":186,"column":1},"end":{"line":186,"column":35}},"61":{"start":{"line":189,"column":32},"end":{"line":210,"column":1}},"62":{"start":{"line":190,"column":27},"end":{"line":195,"column":3}},"63":{"start":{"line":197,"column":28},"end":{"line":197,"column":87}},"64":{"start":{"line":199,"column":22},"end":{"line":202,"column":47}},"65":{"start":{"line":204,"column":23},"end":{"line":204,"column":61}},"66":{"start":{"line":206,"column":1},"end":{"line":209,"column":3}}},"fnMap":{"0":{"name":"(anonymous_0)","decl":{"start":{"line":9,"column":35},"end":{"line":9,"column":36}},"loc":{"start":{"line":14,"column":5},"end":{"line":69,"column":1}},"line":14},"1":{"name":"(anonymous_1)","decl":{"start":{"line":71,"column":40},"end":{"line":71,"column":41}},"loc":{"start":{"line":71,"column":68},"end":{"line":75,"column":1}},"line":71},"2":{"name":"(anonymous_2)","decl":{"start":{"line":77,"column":46},"end":{"line":77,"column":47}},"loc":{"start":{"line":77,"column":91},"end":{"line":85,"column":1}},"line":77},"3":{"name":"(anonymous_3)","decl":{"start":{"line":87,"column":37},"end":{"line":87,"column":38}},"loc":{"start":{"line":87,"column":77},"end":{"line":100,"column":1}},"line":87},"4":{"name":"(anonymous_4)","decl":{"start":{"line":102,"column":41},"end":{"line":102,"column":42}},"loc":{"start":{"line":102,"column":81},"end":{"line":115,"column":1}},"line":102},"5":{"name":"(anonymous_5)","decl":{"start":{"line":117,"column":42},"end":{"line":117,"column":43}},"loc":{"start":{"line":117,"column":54},"end":{"line":128,"column":1}},"line":117},"6":{"name":"(anonymous_6)","decl":{"start":{"line":130,"column":44},"end":{"line":130,"column":45}},"loc":{"start":{"line":130,"column":56},"end":{"line":141,"column":1}},"line":130},"7":{"name":"(anonymous_7)","decl":{"start":{"line":143,"column":33},"end":{"line":143,"column":34}},"loc":{"start":{"line":146,"column":5},"end":{"line":174,"column":1}},"line":146},"8":{"name":"(anonymous_8)","decl":{"start":{"line":176,"column":35},"end":{"line":176,"column":36}},"loc":{"start":{"line":176,"column":69},"end":{"line":187,"column":1}},"line":176},"9":{"name":"(anonymous_9)","decl":{"start":{"line":189,"column":32},"end":{"line":189,"column":33}},"loc":{"start":{"line":189,"column":82},"end":{"line":210,"column":1}},"line":189}},"branchMap":{"0":{"loc":{"start":{"line":17,"column":15},"end":{"line":17,"column":44}},"type":"cond-expr","locations":[{"start":{"line":17,"column":28},"end":{"line":17,"column":39}},{"start":{"line":17,"column":42},"end":{"line":17,"column":44}}],"line":17},"1":{"loc":{"start":{"line":41,"column":1},"end":{"line":48,"column":2}},"type":"if","locations":[{"start":{"line":41,"column":1},"end":{"line":48,"column":2}},{"start":{},"end":{}}],"line":41},"2":{"loc":{"start":{"line":52,"column":1},"end":{"line":54,"column":2}},"type":"if","locations":[{"start":{"line":52,"column":1},"end":{"line":54,"column":2}},{"start":{},"end":{}}],"line":52},"3":{"loc":{"start":{"line":147,"column":1},"end":{"line":173,"column":2}},"type":"if","locations":[{"start":{"line":147,"column":1},"end":{"line":173,"column":2}},{"start":{},"end":{}}],"line":147},"4":{"loc":{"start":{"line":183,"column":1},"end":{"line":184,"column":90}},"type":"if","locations":[{"start":{"line":183,"column":1},"end":{"line":184,"column":90}},{"start":{},"end":{}}],"line":183}},"s":{"0":2,"1":0,"2":0,"3":0,"4":0,"5":0,"6":0,"7":0,"8":0,"9":0,"10":0,"11":0,"12":0,"13":0,"14":0,"15":0,"16":0,"17":0,"18":0,"19":0,"20":0,"21":2,"22":0,"23":0,"24":2,"25":0,"26":0,"27":0,"28":2,"29":0,"30":0,"31":0,"32":2,"33":0,"34":0,"35":0,"36":2,"37":0,"38":0,"39":0,"40":2,"41":0,"42":0,"43":0,"44":2,"45":0,"46":0,"47":0,"48":0,"49":0,"50":0,"51":0,"52":0,"53":0,"54":0,"55":2,"56":0,"57":0,"58":0,"59":0,"60":0,"61":2,"62":0,"63":0,"64":0,"65":0,"66":0},"f":{"0":0,"1":0,"2":0,"3":0,"4":0,"5":0,"6":0,"7":0,"8":0,"9":0},"b":{"0":[0,0],"1":[0,0],"2":[0,0],"3":[0,0],"4":[0,0]},"_coverageSchema":"1a1c01bbd47fc00a2c39e90264f33305004495a9","hash":"fb0c86b38d38b926f34a816bee12e027a026d97a"}
,"C:\\Users\\ericpeweh\\Desktop\\Desktop\\DEVELOPMENT\\PROJECT\\cloversy-store-api\\src\\api\\data\\product.data.ts": {"path":"C:\\Users\\ericpeweh\\Desktop\\Desktop\\DEVELOPMENT\\PROJECT\\cloversy-store-api\\src\\api\\data\\product.data.ts","statementMap":{"0":{"start":{"line":11,"column":30},"end":{"line":87,"column":1}},"1":{"start":{"line":18,"column":19},"end":{"line":18,"column":20}},"2":{"start":{"line":19,"column":16},"end":{"line":19,"column":18}},"3":{"start":{"line":20,"column":15},"end":{"line":20,"column":17}},"4":{"start":{"line":21,"column":16},"end":{"line":21,"column":46}},"5":{"start":{"line":23,"column":13},"end":{"line":37,"column":25}},"6":{"start":{"line":39,"column":18},"end":{"line":39,"column":49}},"7":{"start":{"line":41,"column":1},"end":{"line":46,"column":2}},"8":{"start":{"line":42,"column":2},"end":{"line":42,"column":49}},"9":{"start":{"line":43,"column":2},"end":{"line":43,"column":54}},"10":{"start":{"line":44,"column":2},"end":{"line":44,"column":29}},"11":{"start":{"line":45,"column":2},"end":{"line":45,"column":19}},"12":{"start":{"line":48,"column":1},"end":{"line":54,"column":2}},"13":{"start":{"line":49,"column":17},"end":{"line":49,"column":89}},"14":{"start":{"line":50,"column":2},"end":{"line":50,"column":18}},"15":{"start":{"line":51,"column":2},"end":{"line":51,"column":23}},"16":{"start":{"line":52,"column":2},"end":{"line":52,"column":27}},"17":{"start":{"line":53,"column":2},"end":{"line":53,"column":19}},"18":{"start":{"line":56,"column":1},"end":{"line":62,"column":2}},"19":{"start":{"line":57,"column":17},"end":{"line":57,"column":90}},"20":{"start":{"line":58,"column":2},"end":{"line":58,"column":18}},"21":{"start":{"line":59,"column":2},"end":{"line":59,"column":23}},"22":{"start":{"line":60,"column":2},"end":{"line":60,"column":34}},"23":{"start":{"line":61,"column":2},"end":{"line":61,"column":19}},"24":{"start":{"line":64,"column":1},"end":{"line":69,"column":2}},"25":{"start":{"line":65,"column":17},"end":{"line":65,"column":88}},"26":{"start":{"line":66,"column":19},"end":{"line":66,"column":60}},"27":{"start":{"line":68,"column":2},"end":{"line":68,"column":56}},"28":{"start":{"line":71,"column":1},"end":{"line":73,"column":2}},"29":{"start":{"line":72,"column":2},"end":{"line":72,"column":46}},"30":{"start":{"line":75,"column":21},"end":{"line":75,"column":55}},"31":{"start":{"line":76,"column":24},"end":{"line":76,"column":49}},"32":{"start":{"line":78,"column":18},"end":{"line":78,"column":47}},"33":{"start":{"line":80,"column":1},"end":{"line":86,"column":3}},"34":{"start":{"line":89,"column":36},"end":{"line":154,"column":1}},"35":{"start":{"line":90,"column":22},"end":{"line":115,"column":1}},"36":{"start":{"line":116,"column":23},"end":{"line":116,"column":64}},"37":{"start":{"line":118,"column":1},"end":{"line":120,"column":2}},"38":{"start":{"line":119,"column":2},"end":{"line":119,"column":60}},"39":{"start":{"line":123,"column":20},"end":{"line":123,"column":56}},"40":{"start":{"line":125,"column":35},"end":{"line":146,"column":3}},"41":{"start":{"line":148,"column":36},"end":{"line":151,"column":3}},"42":{"start":{"line":153,"column":1},"end":{"line":153,"column":93}},"43":{"start":{"line":156,"column":29},"end":{"line":208,"column":1}},"44":{"start":{"line":157,"column":16},"end":{"line":157,"column":39}},"45":{"start":{"line":159,"column":1},"end":{"line":207,"column":2}},"46":{"start":{"line":160,"column":2},"end":{"line":160,"column":30}},"47":{"start":{"line":162,"column":23},"end":{"line":171,"column":58}},"48":{"start":{"line":173,"column":24},"end":{"line":173,"column":69}},"49":{"start":{"line":174,"column":20},"end":{"line":174,"column":44}},"50":{"start":{"line":176,"column":30},"end":{"line":176,"column":32}},"51":{"start":{"line":177,"column":26},"end":{"line":180,"column":36}},"52":{"start":{"line":182,"column":2},"end":{"line":186,"column":5}},"53":{"start":{"line":183,"column":20},"end":{"line":183,"column":73}},"54":{"start":{"line":185,"column":3},"end":{"line":185,"column":40}},"55":{"start":{"line":188,"column":31},"end":{"line":188,"column":33}},"56":{"start":{"line":189,"column":2},"end":{"line":198,"column":5}},"57":{"start":{"line":190,"column":28},"end":{"line":193,"column":39}},"58":{"start":{"line":195,"column":21},"end":{"line":195,"column":76}},"59":{"start":{"line":197,"column":3},"end":{"line":197,"column":43}},"60":{"start":{"line":200,"column":2},"end":{"line":200,"column":31}},"61":{"start":{"line":201,"column":2},"end":{"line":201,"column":50}},"62":{"start":{"line":203,"column":2},"end":{"line":203,"column":33}},"63":{"start":{"line":204,"column":2},"end":{"line":204,"column":14}},"64":{"start":{"line":206,"column":2},"end":{"line":206,"column":19}},"65":{"start":{"line":210,"column":32},"end":{"line":216,"column":1}},"66":{"start":{"line":211,"column":20},"end":{"line":211,"column":73}},"67":{"start":{"line":213,"column":22},"end":{"line":213,"column":61}},"68":{"start":{"line":215,"column":1},"end":{"line":215,"column":21}},"69":{"start":{"line":218,"column":32},"end":{"line":236,"column":1}},"70":{"start":{"line":219,"column":32},"end":{"line":219,"column":34}},"71":{"start":{"line":221,"column":20},"end":{"line":224,"column":36}},"72":{"start":{"line":226,"column":1},"end":{"line":233,"column":2}},"73":{"start":{"line":227,"column":17},"end":{"line":230,"column":4}},"74":{"start":{"line":232,"column":2},"end":{"line":232,"column":40}},"75":{"start":{"line":235,"column":1},"end":{"line":235,"column":21}},"76":{"start":{"line":238,"column":42},"end":{"line":247,"column":1}},"77":{"start":{"line":242,"column":20},"end":{"line":242,"column":88}},"78":{"start":{"line":244,"column":16},"end":{"line":244,"column":74}},"79":{"start":{"line":246,"column":1},"end":{"line":246,"column":15}},"80":{"start":{"line":249,"column":29},"end":{"line":318,"column":1}},"81":{"start":{"line":250,"column":16},"end":{"line":250,"column":39}},"82":{"start":{"line":252,"column":2},"end":{"line":252,"column":19}},"83":{"start":{"line":254,"column":1},"end":{"line":317,"column":2}},"84":{"start":{"line":255,"column":2},"end":{"line":255,"column":30}},"85":{"start":{"line":257,"column":57},"end":{"line":262,"column":3}},"86":{"start":{"line":264,"column":24},"end":{"line":264,"column":67}},"87":{"start":{"line":266,"column":30},"end":{"line":266,"column":32}},"88":{"start":{"line":267,"column":2},"end":{"line":276,"column":5}},"89":{"start":{"line":268,"column":27},"end":{"line":271,"column":37}},"90":{"start":{"line":273,"column":20},"end":{"line":273,"column":73}},"91":{"start":{"line":275,"column":3},"end":{"line":275,"column":40}},"92":{"start":{"line":278,"column":31},"end":{"line":278,"column":33}},"93":{"start":{"line":279,"column":2},"end":{"line":288,"column":5}},"94":{"start":{"line":280,"column":28},"end":{"line":283,"column":38}},"95":{"start":{"line":285,"column":21},"end":{"line":285,"column":76}},"96":{"start":{"line":287,"column":3},"end":{"line":287,"column":43}},"97":{"start":{"line":290,"column":2},"end":{"line":293,"column":5}},"98":{"start":{"line":291,"column":20},"end":{"line":291,"column":80}},"99":{"start":{"line":292,"column":3},"end":{"line":292,"column":50}},"100":{"start":{"line":295,"column":2},"end":{"line":298,"column":5}},"101":{"start":{"line":296,"column":21},"end":{"line":296,"column":83}},"102":{"start":{"line":297,"column":3},"end":{"line":297,"column":52}},"103":{"start":{"line":300,"column":22},"end":{"line":302,"column":4}},"104":{"start":{"line":303,"column":30},"end":{"line":303,"column":68}},"105":{"start":{"line":303,"column":59},"end":{"line":303,"column":67}},"106":{"start":{"line":305,"column":23},"end":{"line":307,"column":4}},"107":{"start":{"line":308,"column":31},"end":{"line":308,"column":71}},"108":{"start":{"line":308,"column":61},"end":{"line":308,"column":70}},"109":{"start":{"line":310,"column":2},"end":{"line":310,"column":31}},"110":{"start":{"line":311,"column":2},"end":{"line":311,"column":70}},"111":{"start":{"line":313,"column":2},"end":{"line":313,"column":33}},"112":{"start":{"line":314,"column":2},"end":{"line":314,"column":14}},"113":{"start":{"line":316,"column":2},"end":{"line":316,"column":19}},"114":{"start":{"line":320,"column":29},"end":{"line":343,"column":1}},"115":{"start":{"line":321,"column":16},"end":{"line":321,"column":39}},"116":{"start":{"line":323,"column":1},"end":{"line":342,"column":2}},"117":{"start":{"line":324,"column":2},"end":{"line":324,"column":30}},"118":{"start":{"line":326,"column":19},"end":{"line":326,"column":66}},"119":{"start":{"line":327,"column":2},"end":{"line":327,"column":44}},"120":{"start":{"line":329,"column":20},"end":{"line":329,"column":68}},"121":{"start":{"line":330,"column":2},"end":{"line":330,"column":45}},"122":{"start":{"line":332,"column":23},"end":{"line":332,"column":71}},"123":{"start":{"line":333,"column":24},"end":{"line":333,"column":69}},"124":{"start":{"line":335,"column":2},"end":{"line":335,"column":31}},"125":{"start":{"line":336,"column":2},"end":{"line":336,"column":23}},"126":{"start":{"line":338,"column":2},"end":{"line":338,"column":33}},"127":{"start":{"line":339,"column":2},"end":{"line":339,"column":14}},"128":{"start":{"line":341,"column":2},"end":{"line":341,"column":19}},"129":{"start":{"line":345,"column":31},"end":{"line":351,"column":1}},"130":{"start":{"line":346,"column":22},"end":{"line":346,"column":70}},"131":{"start":{"line":348,"column":23},"end":{"line":348,"column":51}},"132":{"start":{"line":350,"column":1},"end":{"line":350,"column":44}}},"fnMap":{"0":{"name":"(anonymous_0)","decl":{"start":{"line":11,"column":30},"end":{"line":11,"column":31}},"loc":{"start":{"line":17,"column":5},"end":{"line":87,"column":1}},"line":17},"1":{"name":"(anonymous_1)","decl":{"start":{"line":89,"column":36},"end":{"line":89,"column":37}},"loc":{"start":{"line":89,"column":87},"end":{"line":154,"column":1}},"line":89},"2":{"name":"(anonymous_2)","decl":{"start":{"line":156,"column":29},"end":{"line":156,"column":30}},"loc":{"start":{"line":156,"column":97},"end":{"line":208,"column":1}},"line":156},"3":{"name":"(anonymous_3)","decl":{"start":{"line":182,"column":15},"end":{"line":182,"column":16}},"loc":{"start":{"line":182,"column":28},"end":{"line":186,"column":3}},"line":182},"4":{"name":"(anonymous_4)","decl":{"start":{"line":189,"column":16},"end":{"line":189,"column":17}},"loc":{"start":{"line":189,"column":30},"end":{"line":198,"column":3}},"line":189},"5":{"name":"(anonymous_5)","decl":{"start":{"line":210,"column":32},"end":{"line":210,"column":33}},"loc":{"start":{"line":210,"column":61},"end":{"line":216,"column":1}},"line":210},"6":{"name":"(anonymous_6)","decl":{"start":{"line":218,"column":32},"end":{"line":218,"column":33}},"loc":{"start":{"line":218,"column":87},"end":{"line":236,"column":1}},"line":218},"7":{"name":"(anonymous_7)","decl":{"start":{"line":238,"column":42},"end":{"line":238,"column":43}},"loc":{"start":{"line":241,"column":5},"end":{"line":247,"column":1}},"line":241},"8":{"name":"(anonymous_8)","decl":{"start":{"line":249,"column":29},"end":{"line":249,"column":30}},"loc":{"start":{"line":249,"column":81},"end":{"line":318,"column":1}},"line":249},"9":{"name":"(anonymous_9)","decl":{"start":{"line":267,"column":15},"end":{"line":267,"column":16}},"loc":{"start":{"line":267,"column":28},"end":{"line":276,"column":3}},"line":267},"10":{"name":"(anonymous_10)","decl":{"start":{"line":279,"column":16},"end":{"line":279,"column":17}},"loc":{"start":{"line":279,"column":30},"end":{"line":288,"column":3}},"line":279},"11":{"name":"(anonymous_11)","decl":{"start":{"line":290,"column":22},"end":{"line":290,"column":23}},"loc":{"start":{"line":290,"column":35},"end":{"line":293,"column":3}},"line":290},"12":{"name":"(anonymous_12)","decl":{"start":{"line":295,"column":23},"end":{"line":295,"column":24}},"loc":{"start":{"line":295,"column":37},"end":{"line":298,"column":3}},"line":295},"13":{"name":"(anonymous_13)","decl":{"start":{"line":303,"column":51},"end":{"line":303,"column":52}},"loc":{"start":{"line":303,"column":59},"end":{"line":303,"column":67}},"line":303},"14":{"name":"(anonymous_14)","decl":{"start":{"line":308,"column":53},"end":{"line":308,"column":54}},"loc":{"start":{"line":308,"column":61},"end":{"line":308,"column":70}},"line":308},"15":{"name":"(anonymous_15)","decl":{"start":{"line":320,"column":29},"end":{"line":320,"column":30}},"loc":{"start":{"line":320,"column":58},"end":{"line":343,"column":1}},"line":320},"16":{"name":"(anonymous_16)","decl":{"start":{"line":345,"column":31},"end":{"line":345,"column":32}},"loc":{"start":{"line":345,"column":43},"end":{"line":351,"column":1}},"line":345}},"branchMap":{"0":{"loc":{"start":{"line":41,"column":1},"end":{"line":46,"column":2}},"type":"if","locations":[{"start":{"line":41,"column":1},"end":{"line":46,"column":2}},{"start":{},"end":{}}],"line":41},"1":{"loc":{"start":{"line":48,"column":1},"end":{"line":54,"column":2}},"type":"if","locations":[{"start":{"line":48,"column":1},"end":{"line":54,"column":2}},{"start":{},"end":{}}],"line":48},"2":{"loc":{"start":{"line":49,"column":21},"end":{"line":49,"column":56}},"type":"cond-expr","locations":[{"start":{"line":49,"column":41},"end":{"line":49,"column":48}},{"start":{"line":49,"column":51},"end":{"line":49,"column":56}}],"line":49},"3":{"loc":{"start":{"line":56,"column":1},"end":{"line":62,"column":2}},"type":"if","locations":[{"start":{"line":56,"column":1},"end":{"line":62,"column":2}},{"start":{},"end":{}}],"line":56},"4":{"loc":{"start":{"line":57,"column":21},"end":{"line":57,"column":56}},"type":"cond-expr","locations":[{"start":{"line":57,"column":41},"end":{"line":57,"column":48}},{"start":{"line":57,"column":51},"end":{"line":57,"column":56}}],"line":57},"5":{"loc":{"start":{"line":64,"column":1},"end":{"line":69,"column":2}},"type":"if","locations":[{"start":{"line":64,"column":1},"end":{"line":69,"column":2}},{"start":{},"end":{}}],"line":64},"6":{"loc":{"start":{"line":65,"column":17},"end":{"line":65,"column":88}},"type":"cond-expr","locations":[{"start":{"line":65,"column":72},"end":{"line":65,"column":79}},{"start":{"line":65,"column":82},"end":{"line":65,"column":88}}],"line":65},"7":{"loc":{"start":{"line":65,"column":17},"end":{"line":65,"column":69}},"type":"binary-expr","locations":[{"start":{"line":65,"column":17},"end":{"line":65,"column":41}},{"start":{"line":65,"column":45},"end":{"line":65,"column":69}}],"line":65},"8":{"loc":{"start":{"line":66,"column":19},"end":{"line":66,"column":60}},"type":"cond-expr","locations":[{"start":{"line":66,"column":46},"end":{"line":66,"column":51}},{"start":{"line":66,"column":54},"end":{"line":66,"column":60}}],"line":66},"9":{"loc":{"start":{"line":71,"column":1},"end":{"line":73,"column":2}},"type":"if","locations":[{"start":{"line":71,"column":1},"end":{"line":73,"column":2}},{"start":{},"end":{}}],"line":71},"10":{"loc":{"start":{"line":118,"column":1},"end":{"line":120,"column":2}},"type":"if","locations":[{"start":{"line":118,"column":1},"end":{"line":120,"column":2}},{"start":{},"end":{}}],"line":118}},"s":{"0":2,"1":0,"2":0,"3":0,"4":0,"5":0,"6":0,"7":0,"8":0,"9":0,"10":0,"11":0,"12":0,"13":0,"14":0,"15":0,"16":0,"17":0,"18":0,"19":0,"20":0,"21":0,"22":0,"23":0,"24":0,"25":0,"26":0,"27":0,"28":0,"29":0,"30":0,"31":0,"32":0,"33":0,"34":2,"35":0,"36":0,"37":0,"38":0,"39":0,"40":0,"41":0,"42":0,"43":2,"44":0,"45":0,"46":0,"47":0,"48":0,"49":0,"50":0,"51":0,"52":0,"53":0,"54":0,"55":0,"56":0,"57":0,"58":0,"59":0,"60":0,"61":0,"62":0,"63":0,"64":0,"65":2,"66":0,"67":0,"68":0,"69":2,"70":0,"71":0,"72":0,"73":0,"74":0,"75":0,"76":2,"77":0,"78":0,"79":0,"80":2,"81":0,"82":0,"83":0,"84":0,"85":0,"86":0,"87":0,"88":0,"89":0,"90":0,"91":0,"92":0,"93":0,"94":0,"95":0,"96":0,"97":0,"98":0,"99":0,"100":0,"101":0,"102":0,"103":0,"104":0,"105":0,"106":0,"107":0,"108":0,"109":0,"110":0,"111":0,"112":0,"113":0,"114":2,"115":0,"116":0,"117":0,"118":0,"119":0,"120":0,"121":0,"122":0,"123":0,"124":0,"125":0,"126":0,"127":0,"128":0,"129":2,"130":0,"131":0,"132":0},"f":{"0":0,"1":0,"2":0,"3":0,"4":0,"5":0,"6":0,"7":0,"8":0,"9":0,"10":0,"11":0,"12":0,"13":0,"14":0,"15":0,"16":0},"b":{"0":[0,0],"1":[0,0],"2":[0,0],"3":[0,0],"4":[0,0],"5":[0,0],"6":[0,0],"7":[0,0],"8":[0,0],"9":[0,0],"10":[0,0]},"_coverageSchema":"1a1c01bbd47fc00a2c39e90264f33305004495a9","hash":"439a45f3f58e9443b3de35422007069a298dbcc7"}
,"C:\\Users\\ericpeweh\\Desktop\\Desktop\\DEVELOPMENT\\PROJECT\\cloversy-store-api\\src\\api\\data\\review.data.ts": {"path":"C:\\Users\\ericpeweh\\Desktop\\Desktop\\DEVELOPMENT\\PROJECT\\cloversy-store-api\\src\\api\\data\\review.data.ts","statementMap":{"0":{"start":{"line":8,"column":33},"end":{"line":26,"column":1}},"1":{"start":{"line":9,"column":22},"end":{"line":19,"column":26}},"2":{"start":{"line":21,"column":60},"end":{"line":23,"column":3}},"3":{"start":{"line":25,"column":1},"end":{"line":25,"column":27}},"4":{"start":{"line":28,"column":37},"end":{"line":47,"column":1}},"5":{"start":{"line":29,"column":22},"end":{"line":40,"column":3}},"6":{"start":{"line":42,"column":60},"end":{"line":44,"column":3}},"7":{"start":{"line":46,"column":1},"end":{"line":46,"column":27}},"8":{"start":{"line":49,"column":29},"end":{"line":133,"column":1}},"9":{"start":{"line":57,"column":19},"end":{"line":57,"column":20}},"10":{"start":{"line":58,"column":16},"end":{"line":58,"column":18}},"11":{"start":{"line":59,"column":15},"end":{"line":59,"column":44}},"12":{"start":{"line":60,"column":16},"end":{"line":60,"column":46}},"13":{"start":{"line":62,"column":20},"end":{"line":71,"column":40}},"14":{"start":{"line":73,"column":18},"end":{"line":76,"column":3}},"15":{"start":{"line":78,"column":1},"end":{"line":83,"column":2}},"16":{"start":{"line":79,"column":2},"end":{"line":79,"column":58}},"17":{"start":{"line":80,"column":2},"end":{"line":80,"column":56}},"18":{"start":{"line":81,"column":2},"end":{"line":81,"column":28}},"19":{"start":{"line":82,"column":2},"end":{"line":82,"column":19}},"20":{"start":{"line":85,"column":1},"end":{"line":94,"column":2}},"21":{"start":{"line":86,"column":28},"end":{"line":89,"column":5}},"22":{"start":{"line":90,"column":2},"end":{"line":90,"column":36}},"23":{"start":{"line":91,"column":2},"end":{"line":91,"column":34}},"24":{"start":{"line":92,"column":2},"end":{"line":92,"column":43}},"25":{"start":{"line":93,"column":2},"end":{"line":93,"column":19}},"26":{"start":{"line":96,"column":1},"end":{"line":109,"column":2}},"27":{"start":{"line":97,"column":21},"end":{"line":104,"column":6}},"28":{"start":{"line":105,"column":2},"end":{"line":105,"column":29}},"29":{"start":{"line":106,"column":2},"end":{"line":106,"column":27}},"30":{"start":{"line":107,"column":2},"end":{"line":107,"column":34}},"31":{"start":{"line":108,"column":2},"end":{"line":108,"column":19}},"32":{"start":{"line":111,"column":1},"end":{"line":113,"column":2}},"33":{"start":{"line":112,"column":2},"end":{"line":112,"column":43}},"34":{"start":{"line":115,"column":1},"end":{"line":117,"column":2}},"35":{"start":{"line":116,"column":2},"end":{"line":116,"column":47}},"36":{"start":{"line":119,"column":1},"end":{"line":121,"column":2}},"37":{"start":{"line":120,"column":2},"end":{"line":120,"column":53}},"38":{"start":{"line":123,"column":22},"end":{"line":123,"column":72}},"39":{"start":{"line":124,"column":17},"end":{"line":124,"column":60}},"40":{"start":{"line":126,"column":1},"end":{"line":132,"column":3}},"41":{"start":{"line":135,"column":31},"end":{"line":151,"column":1}},"42":{"start":{"line":136,"column":21},"end":{"line":146,"column":18}},"43":{"start":{"line":148,"column":59},"end":{"line":148,"column":98}},"44":{"start":{"line":150,"column":1},"end":{"line":150,"column":21}},"45":{"start":{"line":153,"column":28},"end":{"line":168,"column":1}},"46":{"start":{"line":160,"column":21},"end":{"line":163,"column":3}},"47":{"start":{"line":165,"column":1},"end":{"line":165,"column":77}},"48":{"start":{"line":167,"column":1},"end":{"line":167,"column":17}},"49":{"start":{"line":170,"column":30},"end":{"line":176,"column":1}},"50":{"start":{"line":171,"column":21},"end":{"line":171,"column":67}},"51":{"start":{"line":173,"column":22},"end":{"line":173,"column":49}},"52":{"start":{"line":175,"column":1},"end":{"line":175,"column":42}}},"fnMap":{"0":{"name":"(anonymous_0)","decl":{"start":{"line":8,"column":33},"end":{"line":8,"column":34}},"loc":{"start":{"line":8,"column":62},"end":{"line":26,"column":1}},"line":8},"1":{"name":"(anonymous_1)","decl":{"start":{"line":28,"column":37},"end":{"line":28,"column":38}},"loc":{"start":{"line":28,"column":70},"end":{"line":47,"column":1}},"line":28},"2":{"name":"(anonymous_2)","decl":{"start":{"line":49,"column":29},"end":{"line":49,"column":30}},"loc":{"start":{"line":56,"column":5},"end":{"line":133,"column":1}},"line":56},"3":{"name":"(anonymous_3)","decl":{"start":{"line":135,"column":31},"end":{"line":135,"column":32}},"loc":{"start":{"line":135,"column":59},"end":{"line":151,"column":1}},"line":135},"4":{"name":"(anonymous_4)","decl":{"start":{"line":153,"column":28},"end":{"line":153,"column":29}},"loc":{"start":{"line":159,"column":5},"end":{"line":168,"column":1}},"line":159},"5":{"name":"(anonymous_5)","decl":{"start":{"line":170,"column":30},"end":{"line":170,"column":31}},"loc":{"start":{"line":170,"column":42},"end":{"line":176,"column":1}},"line":170}},"branchMap":{"0":{"loc":{"start":{"line":59,"column":15},"end":{"line":59,"column":44}},"type":"cond-expr","locations":[{"start":{"line":59,"column":28},"end":{"line":59,"column":39}},{"start":{"line":59,"column":42},"end":{"line":59,"column":44}}],"line":59},"1":{"loc":{"start":{"line":78,"column":1},"end":{"line":83,"column":2}},"type":"if","locations":[{"start":{"line":78,"column":1},"end":{"line":83,"column":2}},{"start":{},"end":{}}],"line":78},"2":{"loc":{"start":{"line":85,"column":1},"end":{"line":94,"column":2}},"type":"if","locations":[{"start":{"line":85,"column":1},"end":{"line":94,"column":2}},{"start":{},"end":{}}],"line":85},"3":{"loc":{"start":{"line":86,"column":32},"end":{"line":86,"column":67}},"type":"cond-expr","locations":[{"start":{"line":86,"column":52},"end":{"line":86,"column":59}},{"start":{"line":86,"column":62},"end":{"line":86,"column":67}}],"line":86},"4":{"loc":{"start":{"line":96,"column":1},"end":{"line":109,"column":2}},"type":"if","locations":[{"start":{"line":96,"column":1},"end":{"line":109,"column":2}},{"start":{},"end":{}}],"line":96},"5":{"loc":{"start":{"line":97,"column":25},"end":{"line":97,"column":60}},"type":"cond-expr","locations":[{"start":{"line":97,"column":45},"end":{"line":97,"column":52}},{"start":{"line":97,"column":55},"end":{"line":97,"column":60}}],"line":97},"6":{"loc":{"start":{"line":111,"column":1},"end":{"line":113,"column":2}},"type":"if","locations":[{"start":{"line":111,"column":1},"end":{"line":113,"column":2}},{"start":{},"end":{}}],"line":111},"7":{"loc":{"start":{"line":115,"column":1},"end":{"line":117,"column":2}},"type":"if","locations":[{"start":{"line":115,"column":1},"end":{"line":117,"column":2}},{"start":{},"end":{}}],"line":115},"8":{"loc":{"start":{"line":119,"column":1},"end":{"line":121,"column":2}},"type":"if","locations":[{"start":{"line":119,"column":1},"end":{"line":121,"column":2}},{"start":{},"end":{}}],"line":119}},"s":{"0":2,"1":0,"2":0,"3":0,"4":2,"5":0,"6":0,"7":0,"8":2,"9":0,"10":0,"11":0,"12":0,"13":0,"14":0,"15":0,"16":0,"17":0,"18":0,"19":0,"20":0,"21":0,"22":0,"23":0,"24":0,"25":0,"26":0,"27":0,"28":0,"29":0,"30":0,"31":0,"32":0,"33":0,"34":0,"35":0,"36":0,"37":0,"38":0,"39":0,"40":0,"41":2,"42":0,"43":0,"44":0,"45":2,"46":0,"47":0,"48":0,"49":2,"50":0,"51":0,"52":0},"f":{"0":0,"1":0,"2":0,"3":0,"4":0,"5":0},"b":{"0":[0,0],"1":[0,0],"2":[0,0],"3":[0,0],"4":[0,0],"5":[0,0],"6":[0,0],"7":[0,0],"8":[0,0]},"_coverageSchema":"1a1c01bbd47fc00a2c39e90264f33305004495a9","hash":"8eaa3225f08671dbc3d74a2f61a498ea84bcaeba"}
[...]
,"C:\\Users\\ericpeweh\\Desktop\\Desktop\\DEVELOPMENT\\PROJECT\\cloversy-store-api\\src\\api\\utils\\isDateBeforeCurrentTime.ts": {"path":"C:\\Users\\ericpeweh\\Desktop\\Desktop\\DEVELOPMENT\\PROJECT\\cloversy-store-api\\src\\api\\utils\\isDateBeforeCurrentTime.ts","statementMap":{"0":{"start":{"line":1,"column":32},"end":{"line":7,"column":1}},"1":{"start":{"line":2,"column":17},"end":{"line":2,"column":27}},"2":{"start":{"line":4,"column":21},"end":{"line":4,"column":48}},"3":{"start":{"line":6,"column":1},"end":{"line":6,"column":31}}},"fnMap":{"0":{"name":"(anonymous_0)","decl":{"start":{"line":1,"column":32},"end":{"line":1,"column":33}},"loc":{"start":{"line":1,"column":53},"end":{"line":7,"column":1}},"line":1}},"branchMap":{},"s":{"0":3,"1":8,"2":8,"3":8},"f":{"0":8},"b":{},"_coverageSchema":"1a1c01bbd47fc00a2c39e90264f33305004495a9","hash":"8cced129305833188dcd9c94ee9efe29a58a2308"}
,"C:\\Users\\ericpeweh\\Desktop\\Desktop\\DEVELOPMENT\\PROJECT\\cloversy-store-api\\src\\api\\utils\\scheduler.ts": {"path":"C:\\Users\\ericpeweh\\Desktop\\Desktop\\DEVELOPMENT\\PROJECT\\cloversy-store-api\\src\\api\\utils\\scheduler.ts","statementMap":{"0":{"start":{"line":5,"column":29},"end":{"line":5,"column":51}}},"fnMap":{},"branchMap":{},"s":{"0":7},"f":{},"b":{},"_coverageSchema":"1a1c01bbd47fc00a2c39e90264f33305004495a9","hash":"9d8832b5c9ab307b7f8633f2f743abd82850af6a"}
,"C:\\Users\\ericpeweh\\Desktop\\Desktop\\DEVELOPMENT\\PROJECT\\cloversy-store-api\\src\\config\\connectDB.ts": {"path":"C:\\Users\\ericpeweh\\Desktop\\Desktop\\DEVELOPMENT\\PROJECT\\cloversy-store-api\\src\\config\\connectDB.ts","statementMap":{"0":{"start":{"line":5,"column":0},"end":{"line":5,"column":16}},"1":{"start":{"line":7,"column":13},"end":{"line":9,"column":2}},"2":{"start":{"line":11,"column":18},"end":{"line":13,"column":1}},"3":{"start":{"line":12,"column":1},"end":{"line":12,"column":40}},"4":{"start":{"line":15,"column":16},"end":{"line":17,"column":1}},"5":{"start":{"line":16,"column":1},"end":{"line":16,"column":45}},"6":{"start":{"line":19,"column":0},"end":{"line":19,"column":30}},"7":{"start":{"line":20,"column":0},"end":{"line":20,"column":26}},"8":{"start":{"line":23,"column":51},"end":{"line":23,"column":75}}},"fnMap":{"0":{"name":"(anonymous_0)","decl":{"start":{"line":11,"column":18},"end":{"line":11,"column":19}},"loc":{"start":{"line":11,"column":24},"end":{"line":13,"column":1}},"line":11},"1":{"name":"(anonymous_1)","decl":{"start":{"line":15,"column":16},"end":{"line":15,"column":17}},"loc":{"start":{"line":15,"column":32},"end":{"line":17,"column":1}},"line":15},"2":{"name":"(anonymous_2)","decl":{"start":{"line":23,"column":8},"end":{"line":23,"column":9}},"loc":{"start":{"line":23,"column":51},"end":{"line":23,"column":75}},"line":23}},"branchMap":{"0":{"loc":{"start":{"line":23,"column":23},"end":{"line":23,"column":46}},"type":"default-arg","locations":[{"start":{"line":23,"column":44},"end":{"line":23,"column":46}}],"line":23}},"s":{"0":3,"1":3,"2":3,"3":1,"4":3,"5":1,"6":3,"7":3,"8":0},"f":{"0":1,"1":1,"2":0},"b":{"0":[0]},"_coverageSchema":"1a1c01bbd47fc00a2c39e90264f33305004495a9","hash":"7ca0865d44d8da2d73544d9239e8f3599c3a2e6a"}
,"C:\\Users\\ericpeweh\\Desktop\\Desktop\\DEVELOPMENT\\PROJECT\\cloversy-store-api\\src\\config\\firebase.ts": {"path":"C:\\Users\\ericpeweh\\Desktop\\Desktop\\DEVELOPMENT\\PROJECT\\cloversy-store-api\\src\\config\\firebase.ts","statementMap":{"0":{"start":{"line":6,"column":0},"end":{"line":6,"column":16}},"1":{"start":{"line":9,"column":23},"end":{"line":9,"column":85}},"2":{"start":{"line":11,"column":12},"end":{"line":13,"column":2}},"3":{"start":{"line":15,"column":12},"end":{"line":15,"column":32}}},"fnMap":{},"branchMap":{},"s":{"0":1,"1":1,"2":1,"3":1},"f":{},"b":{},"_coverageSchema":"1a1c01bbd47fc00a2c39e90264f33305004495a9","hash":"ae02cd007d9b9a0774d28975e35e980c18116694"}
,"C:\\Users\\ericpeweh\\Desktop\\Desktop\\DEVELOPMENT\\PROJECT\\cloversy-store-api\\src\\config\\googleAnalytics.ts": {"path":"C:\\Users\\ericpeweh\\Desktop\\Desktop\\DEVELOPMENT\\PROJECT\\cloversy-store-api\\src\\config\\googleAnalytics.ts","statementMap":{"0":{"start":{"line":6,"column":0},"end":{"line":6,"column":16}},"1":{"start":{"line":8,"column":24},"end":{"line":10,"column":2}}},"fnMap":{},"branchMap":{},"s":{"0":1,"1":1},"f":{},"b":{},"_coverageSchema":"1a1c01bbd47fc00a2c39e90264f33305004495a9","hash":"50f885e23238dafaefe18d620cb3ee3bbe75e9f9"}
,"C:\\Users\\ericpeweh\\Desktop\\Desktop\\DEVELOPMENT\\PROJECT\\cloversy-store-api\\src\\config\\midtrans.ts": {"path":"C:\\Users\\ericpeweh\\Desktop\\Desktop\\DEVELOPMENT\\PROJECT\\cloversy-store-api\\src\\config\\midtrans.ts","statementMap":{"0":{"start":{"line":5,"column":0},"end":{"line":5,"column":16}},"1":{"start":{"line":7,"column":16},"end":{"line":11,"column":2}}},"fnMap":{},"branchMap":{},"s":{"0":1,"1":1},"f":{},"b":{},"_coverageSchema":"1a1c01bbd47fc00a2c39e90264f33305004495a9","hash":"ffeec721c34b9f186a4a89284c4e265db5be94dc"}
,"C:\\Users\\ericpeweh\\Desktop\\Desktop\\DEVELOPMENT\\PROJECT\\cloversy-store-api\\src\\config\\sendinblue.ts": {"path":"C:\\Users\\ericpeweh\\Desktop\\Desktop\\DEVELOPMENT\\PROJECT\\cloversy-store-api\\src\\config\\sendinblue.ts","statementMap":{"0":{"start":{"line":5,"column":0},"end":{"line":5,"column":16}},"1":{"start":{"line":7,"column":25},"end":{"line":7,"column":57}},"2":{"start":{"line":9,"column":13},"end":{"line":9,"column":56}},"3":{"start":{"line":10,"column":0},"end":{"line":10,"column":47}},"4":{"start":{"line":12,"column":19},"end":{"line":12,"column":61}}},"fnMap":{},"branchMap":{},"s":{"0":1,"1":1,"2":1,"3":1,"4":1},"f":{},"b":{},"_coverageSchema":"1a1c01bbd47fc00a2c39e90264f33305004495a9","hash":"fdf2a733b776b708e57d35503c82fe5aec971bdb"}
,"C:\\Users\\ericpeweh\\Desktop\\Desktop\\DEVELOPMENT\\PROJECT\\cloversy-store-api\\src\\config\\uploadFile.ts": {"path":"C:\\Users\\ericpeweh\\Desktop\\Desktop\\DEVELOPMENT\\PROJECT\\cloversy-store-api\\src\\config\\uploadFile.ts","statementMap":{"0":{"start":{"line":5,"column":31},"end":{"line":12,"column":1}},"1":{"start":{"line":6,"column":1},"end":{"line":11,"column":4}}},"fnMap":{"0":{"name":"(anonymous_0)","decl":{"start":{"line":5,"column":31},"end":{"line":5,"column":32}},"loc":{"start":{"line":5,"column":37},"end":{"line":12,"column":1}},"line":5}},"branchMap":{},"s":{"0":1,"1":1},"f":{"0":1},"b":{},"_coverageSchema":"1a1c01bbd47fc00a2c39e90264f33305004495a9","hash":"a29af8e1331730e0c1679def2088901df999a819"}
,"C:\\Users\\ericpeweh\\Desktop\\Desktop\\DEVELOPMENT\\PROJECT\\cloversy-store-api\\src\\config\\webSocket.ts": {"path":"C:\\Users\\ericpeweh\\Desktop\\Desktop\\DEVELOPMENT\\PROJECT\\cloversy-store-api\\src\\config\\webSocket.ts","statementMap":{"0":{"start":{"line":22,"column":35},"end":{"line":68,"column":1}},"1":{"start":{"line":27,"column":1},"end":{"line":67,"column":3}},"2":{"start":{"line":28,"column":38},"end":{"line":28,"column":42}},"3":{"start":{"line":30,"column":2},"end":{"line":30,"column":51}},"4":{"start":{"line":30,"column":44},"end":{"line":30,"column":51}},"5":{"start":{"line":32,"column":20},"end":{"line":32,"column":88}},"6":{"start":{"line":33,"column":2},"end":{"line":33,"column":25}},"7":{"start":{"line":33,"column":18},"end":{"line":33,"column":25}},"8":{"start":{"line":35,"column":21},"end":{"line":42,"column":3}},"9":{"start":{"line":44,"column":2},"end":{"line":44,"column":84}},"10":{"start":{"line":47,"column":2},"end":{"line":47,"column":63}},"11":{"start":{"line":50,"column":25},"end":{"line":50,"column":88}},"12":{"start":{"line":51,"column":32},"end":{"line":53,"column":3}},"13":{"start":{"line":52,"column":13},"end":{"line":52,"column":83}},"14":{"start":{"line":52,"column":62},"end":{"line":52,"column":82}},"15":{"start":{"line":55,"column":29},"end":{"line":57,"column":3}},"16":{"start":{"line":59,"column":2},"end":{"line":66,"column":4}},"17":{"start":{"line":70,"column":35},"end":{"line":87,"column":1}},"18":{"start":{"line":71,"column":1},"end":{"line":86,"column":3}},"19":{"start":{"line":72,"column":39},"end":{"line":72,"column":43}},"20":{"start":{"line":73,"column":2},"end":{"line":73,"column":39}},"21":{"start":{"line":73,"column":32},"end":{"line":73,"column":39}},"22":{"start":{"line":75,"column":20},"end":{"line":75,"column":88}},"23":{"start":{"line":76,"column":2},"end":{"line":76,"column":25}},"24":{"start":{"line":76,"column":18},"end":{"line":76,"column":25}},"25":{"start":{"line":78,"column":21},"end":{"line":83,"column":3}},"26":{"start":{"line":85,"column":2},"end":{"line":85,"column":84}},"27":{"start":{"line":89,"column":35},"end":{"line":101,"column":1}},"28":{"start":{"line":94,"column":1},"end":{"line":100,"column":3}},"29":{"start":{"line":96,"column":2},"end":{"line":98,"column":3}},"30":{"start":{"line":97,"column":3},"end":{"line":97,"column":83}},"31":{"start":{"line":97,"column":50},"end":{"line":97,"column":81}},"32":{"start":{"line":99,"column":2},"end":{"line":99,"column":38}},"33":{"start":{"line":103,"column":20},"end":{"line":104,"column":37}},"34":{"start":{"line":103,"column":46},"end":{"line":104,"column":37}},"35":{"start":{"line":104,"column":1},"end":{"line":104,"column":37}},"36":{"start":{"line":106,"column":35},"end":{"line":144,"column":1}},"37":{"start":{"line":107,"column":1},"end":{"line":143,"column":3}},"38":{"start":{"line":109,"column":15},"end":{"line":109,"column":34}},"39":{"start":{"line":111,"column":2},"end":{"line":119,"column":3}},"40":{"start":{"line":111,"column":50},"end":{"line":111,"column":81}},"41":{"start":{"line":112,"column":3},"end":{"line":118,"column":6}},"42":{"start":{"line":120,"column":2},"end":{"line":120,"column":38}},"43":{"start":{"line":123,"column":2},"end":{"line":127,"column":3}},"44":{"start":{"line":124,"column":31},"end":{"line":124,"column":80}},"45":{"start":{"line":126,"column":3},"end":{"line":126,"column":46}},"46":{"start":{"line":129,"column":2},"end":{"line":133,"column":3}},"47":{"start":{"line":130,"column":32},"end":{"line":130,"column":82}},"48":{"start":{"line":132,"column":3},"end":{"line":132,"column":69}},"49":{"start":{"line":132,"column":50},"end":{"line":132,"column":66}},"50":{"start":{"line":136,"column":2},"end":{"line":136,"column":70}},"51":{"start":{"line":139,"column":2},"end":{"line":139,"column":57}},"52":{"start":{"line":142,"column":2},"end":{"line":142,"column":70}},"53":{"start":{"line":146,"column":22},"end":{"line":160,"column":1}},"54":{"start":{"line":147,"column":12},"end":{"line":149,"column":3}},"55":{"start":{"line":152,"column":1},"end":{"line":152,"column":22}},"56":{"start":{"line":153,"column":1},"end":{"line":153,"column":27}},"57":{"start":{"line":155,"column":36},"end":{"line":155,"column":38}},"58":{"start":{"line":157,"column":1},"end":{"line":157,"column":59}},"59":{"start":{"line":159,"column":1},"end":{"line":159,"column":11}}},"fnMap":{"0":{"name":"(anonymous_0)","decl":{"start":{"line":22,"column":35},"end":{"line":22,"column":36}},"loc":{"start":{"line":26,"column":5},"end":{"line":68,"column":1}},"line":26},"1":{"name":"(anonymous_1)","decl":{"start":{"line":27,"column":8},"end":{"line":27,"column":9}},"loc":{"start":{"line":27,"column":69},"end":{"line":67,"column":2}},"line":27},"2":{"name":"(anonymous_2)","decl":{"start":{"line":52,"column":3},"end":{"line":52,"column":4}},"loc":{"start":{"line":52,"column":13},"end":{"line":52,"column":83}},"line":52},"3":{"name":"(anonymous_3)","decl":{"start":{"line":52,"column":54},"end":{"line":52,"column":55}},"loc":{"start":{"line":52,"column":62},"end":{"line":52,"column":82}},"line":52},"4":{"name":"(anonymous_4)","decl":{"start":{"line":70,"column":35},"end":{"line":70,"column":36}},"loc":{"start":{"line":70,"column":75},"end":{"line":87,"column":1}},"line":70},"5":{"name":"(anonymous_5)","decl":{"start":{"line":71,"column":8},"end":{"line":71,"column":9}},"loc":{"start":{"line":71,"column":71},"end":{"line":86,"column":2}},"line":71},"6":{"name":"(anonymous_6)","decl":{"start":{"line":89,"column":35},"end":{"line":89,"column":36}},"loc":{"start":{"line":93,"column":5},"end":{"line":101,"column":1}},"line":93},"7":{"name":"(anonymous_7)","decl":{"start":{"line":94,"column":8},"end":{"line":94,"column":9}},"loc":{"start":{"line":94,"column":14},"end":{"line":100,"column":2}},"line":94},"8":{"name":"(anonymous_8)","decl":{"start":{"line":97,"column":36},"end":{"line":97,"column":37}},"loc":{"start":{"line":97,"column":50},"end":{"line":97,"column":81}},"line":97},"9":{"name":"(anonymous_9)","decl":{"start":{"line":103,"column":20},"end":{"line":103,"column":21}},"loc":{"start":{"line":103,"column":46},"end":{"line":104,"column":37}},"line":103},"10":{"name":"(anonymous_10)","decl":{"start":{"line":103,"column":46},"end":{"line":103,"column":47}},"loc":{"start":{"line":104,"column":1},"end":{"line":104,"column":37}},"line":104},"11":{"name":"(anonymous_11)","decl":{"start":{"line":106,"column":35},"end":{"line":106,"column":36}},"loc":{"start":{"line":106,"column":81},"end":{"line":144,"column":1}},"line":106},"12":{"name":"(anonymous_12)","decl":{"start":{"line":107,"column":8},"end":{"line":107,"column":9}},"loc":{"start":{"line":107,"column":40},"end":{"line":143,"column":2}},"line":107},"13":{"name":"(anonymous_13)","decl":{"start":{"line":111,"column":36},"end":{"line":111,"column":37}},"loc":{"start":{"line":111,"column":50},"end":{"line":111,"column":81}},"line":111},"14":{"name":"(anonymous_14)","decl":{"start":{"line":132,"column":40},"end":{"line":132,"column":41}},"loc":{"start":{"line":132,"column":50},"end":{"line":132,"column":66}},"line":132},"15":{"name":"(anonymous_15)","decl":{"start":{"line":146,"column":22},"end":{"line":146,"column":23}},"loc":{"start":{"line":146,"column":46},"end":{"line":160,"column":1}},"line":146}},"branchMap":{"0":{"loc":{"start":{"line":30,"column":2},"end":{"line":30,"column":51}},"type":"if","locations":[{"start":{"line":30,"column":2},"end":{"line":30,"column":51}},{"start":{},"end":{}}],"line":30},"1":{"loc":{"start":{"line":30,"column":6},"end":{"line":30,"column":42}},"type":"binary-expr","locations":[{"start":{"line":30,"column":6},"end":{"line":30,"column":11}},{"start":{"line":30,"column":15},"end":{"line":30,"column":30}},{"start":{"line":30,"column":34},"end":{"line":30,"column":42}}],"line":30},"2":{"loc":{"start":{"line":33,"column":2},"end":{"line":33,"column":25}},"type":"if","locations":[{"start":{"line":33,"column":2},"end":{"line":33,"column":25}},{"start":{},"end":{}}],"line":33},"3":{"loc":{"start":{"line":52,"column":13},"end":{"line":52,"column":83}},"type":"binary-expr","locations":[{"start":{"line":52,"column":13},"end":{"line":52,"column":32}},{"start":{"line":52,"column":36},"end":{"line":52,"column":83}}],"line":52},"4":{"loc":{"start":{"line":73,"column":2},"end":{"line":73,"column":39}},"type":"if","locations":[{"start":{"line":73,"column":2},"end":{"line":73,"column":39}},{"start":{},"end":{}}],"line":73},"5":{"loc":{"start":{"line":73,"column":6},"end":{"line":73,"column":30}},"type":"binary-expr","locations":[{"start":{"line":73,"column":6},"end":{"line":73,"column":11}},{"start":{"line":73,"column":15},"end":{"line":73,"column":30}}],"line":73},"6":{"loc":{"start":{"line":76,"column":2},"end":{"line":76,"column":25}},"type":"if","locations":[{"start":{"line":76,"column":2},"end":{"line":76,"column":25}},{"start":{},"end":{}}],"line":76},"7":{"loc":{"start":{"line":80,"column":14},"end":{"line":80,"column":46}},"type":"binary-expr","locations":[{"start":{"line":80,"column":14},"end":{"line":80,"column":28}},{"start":{"line":80,"column":32},"end":{"line":80,"column":46}}],"line":80},"8":{"loc":{"start":{"line":96,"column":2},"end":{"line":98,"column":3}},"type":"if","locations":[{"start":{"line":96,"column":2},"end":{"line":98,"column":3}},{"start":{},"end":{}}],"line":96},"9":{"loc":{"start":{"line":111,"column":2},"end":{"line":119,"column":3}},"type":"if","locations":[{"start":{"line":111,"column":2},"end":{"line":119,"column":3}},{"start":{},"end":{}}],"line":111},"10":{"loc":{"start":{"line":111,"column":6},"end":{"line":111,"column":89}},"type":"binary-expr","locations":[{"start":{"line":111,"column":6},"end":{"line":111,"column":10}},{"start":{"line":111,"column":14},"end":{"line":111,"column":89}}],"line":111},"11":{"loc":{"start":{"line":123,"column":2},"end":{"line":127,"column":3}},"type":"if","locations":[{"start":{"line":123,"column":2},"end":{"line":127,"column":3}},{"start":{},"end":{}}],"line":123},"12":{"loc":{"start":{"line":123,"column":6},"end":{"line":123,"column":40}},"type":"binary-expr","locations":[{"start":{"line":123,"column":6},"end":{"line":123,"column":10}},{"start":{"line":123,"column":14},"end":{"line":123,"column":40}}],"line":123},"13":{"loc":{"start":{"line":129,"column":2},"end":{"line":133,"column":3}},"type":"if","locations":[{"start":{"line":129,"column":2},"end":{"line":133,"column":3}},{"start":{},"end":{}}],"line":129},"14":{"loc":{"start":{"line":129,"column":6},"end":{"line":129,"column":41}},"type":"binary-expr","locations":[{"start":{"line":129,"column":6},"end":{"line":129,"column":10}},{"start":{"line":129,"column":14},"end":{"line":129,"column":41}}],"line":129}},"s":{"0":2,"1":10,"2":6,"3":6,"4":3,"5":3,"6":3,"7":1,"8":2,"9":2,"10":2,"11":2,"12":2,"13":4,"14":0,"15":2,"16":2,"17":2,"18":8,"19":4,"20":4,"21":2,"22":2,"23":2,"24":1,"25":1,"26":1,"27":2,"28":6,"29":2,"30":1,"31":2,"32":2,"33":2,"34":0,"35":0,"36":2,"37":4,"38":4,"39":4,"40":5,"41":1,"42":4,"43":4,"44":2,"45":2,"46":4,"47":2,"48":2,"49":6,"50":4,"51":4,"52":4,"53":2,"54":0,"55":0,"56":0,"57":0,"58":0,"59":0},"f":{"0":10,"1":6,"2":4,"3":0,"4":8,"5":4,"6":6,"7":2,"8":2,"9":0,"10":0,"11":4,"12":4,"13":5,"14":6,"15":0},"b":{"0":[3,3],"1":[6,5,4],"2":[1,2],"3":[4,2],"4":[2,2],"5":[4,3],"6":[1,1],"7":[1,0],"8":[1,1],"9":[1,3],"10":[4,4],"11":[2,2],"12":[4,4],"13":[2,2],"14":[4,4]},"_coverageSchema":"1a1c01bbd47fc00a2c39e90264f33305004495a9","hash":"8f48dea9359d2794e824cbfa5c275617f45cf278"}
}
