TN:
SF:src\api\data\brand.data.ts
FN:4,(anonymous_0)
FN:49,(anonymous_1)
FN:60,(anonymous_2)
FN:71,(anonymous_3)
FNF:4
FNH:0
FNDA:0,(anonymous_0)
FNDA:0,(anonymous_1)
FNDA:0,(anonymous_2)
FNDA:0,(anonymous_3)
DA:4,2
DA:5,0
DA:6,0
DA:7,0
DA:8,0
DA:10,0
DA:16,0
DA:18,0
DA:19,0
DA:20,0
DA:21,0
DA:22,0
DA:25,0
DA:26,0
DA:27,0
DA:29,0
DA:32,0
DA:33,0
DA:36,0
DA:37,0
DA:38,0
DA:40,0
DA:49,2
DA:50,0
DA:55,0
DA:57,0
DA:60,2
DA:61,0
DA:66,0
DA:68,0
DA:71,2
DA:72,0
DA:75,0
DA:77,0
LF:34
LH:4
BRDA:18,0,0,0
BRDA:18,0,1,0
BRDA:25,1,0,0
BRDA:25,1,1,0
BRDA:26,2,0,0
BRDA:26,2,1,0
BRDA:26,3,0,0
BRDA:26,3,1,0
BRDA:27,4,0,0
BRDA:27,4,1,0
BRDA:32,5,0,0
BRDA:32,5,1,0
BRDA:42,6,0,0
BRDA:42,6,1,0
BRF:14
BRH:0
end_of_record
TN:
SF:src\api\data\category.data.ts
FN:4,(anonymous_0)
FN:49,(anonymous_1)
FN:61,(anonymous_2)
FN:73,(anonymous_3)
FNF:4
FNH:0
FNDA:0,(anonymous_0)
FNDA:0,(anonymous_1)
FNDA:0,(anonymous_2)
FNDA:0,(anonymous_3)
DA:4,2
DA:5,0
DA:6,0
DA:7,0
DA:8,0
DA:10,0
DA:16,0
DA:18,0
DA:19,0
DA:20,0
DA:21,0
DA:22,0
DA:25,0
DA:26,0
DA:27,0
DA:29,0
DA:32,0
DA:33,0
DA:36,0
DA:37,0
DA:38,0
DA:40,0
DA:49,2
DA:50,0
DA:56,0
DA:58,0
DA:61,2
DA:62,0
DA:68,0
DA:70,0
DA:73,2
DA:74,0
DA:77,0
DA:79,0
LF:34
LH:4
BRDA:18,0,0,0
BRDA:18,0,1,0
BRDA:25,1,0,0
BRDA:25,1,1,0
BRDA:26,2,0,0
BRDA:26,2,1,0
BRDA:26,3,0,0
BRDA:26,3,1,0
BRDA:27,4,0,0
BRDA:27,4,1,0
BRDA:32,5,0,0
BRDA:32,5,1,0
BRDA:42,6,0,0
BRDA:42,6,1,0
BRF:14
BRH:0
end_of_record
TN:
SF:src\api\data\chat.data.ts
FN:11,(anonymous_0)
FN:23,(anonymous_1)
FN:28,(anonymous_2)
FN:33,(anonymous_3)
FN:41,(anonymous_4)
FN:60,(anonymous_5)
FN:74,(anonymous_6)
FN:84,(anonymous_7)
FN:93,(anonymous_8)
FN:107,(anonymous_9)
FN:148,(anonymous_10)
FN:158,(anonymous_11)
FN:218,(anonymous_12)
FNF:13
FNH:0
FNDA:0,(anonymous_0)
FNDA:0,(anonymous_1)
FNDA:0,(anonymous_2)
FNDA:0,(anonymous_3)
FNDA:0,(anonymous_4)
FNDA:0,(anonymous_5)
FNDA:0,(anonymous_6)
FNDA:0,(anonymous_7)
FNDA:0,(anonymous_8)
FNDA:0,(anonymous_9)
FNDA:0,(anonymous_10)
FNDA:0,(anonymous_11)
FNDA:0,(anonymous_12)
DA:11,2
DA:12,0
DA:18,0
DA:20,0
DA:23,2
DA:24,0
DA:28,0
DA:29,0
DA:33,2
DA:34,0
DA:36,0
DA:38,0
DA:41,2
DA:42,0
DA:55,0
DA:57,0
DA:60,2
DA:61,0
DA:66,0
DA:71,0
DA:74,2
DA:75,0
DA:79,0
DA:81,0
DA:84,2
DA:85,0
DA:90,0
DA:93,2
DA:94,0
DA:98,0
DA:100,0
DA:101,0
DA:104,0
DA:107,2
DA:108,0
DA:111,0
DA:116,0
DA:118,0
DA:119,0
DA:120,0
DA:123,0
DA:131,0
DA:137,0
DA:139,0
DA:148,2
DA:149,0
DA:155,0
DA:158,2
DA:159,0
DA:160,0
DA:162,0
DA:199,0
DA:201,0
DA:202,0
DA:205,0
DA:206,0
DA:207,0
DA:209,0
DA:218,2
DA:219,0
DA:225,0
DA:229,0
LF:62
LH:12
BRDA:38,0,0,0
BRDA:38,0,1,0
BRDA:81,1,0,0
BRDA:81,1,1,0
BRDA:100,2,0,0
BRDA:100,2,1,0
BRDA:118,3,0,0
BRDA:118,3,1,0
BRDA:119,4,0,0
BRDA:119,4,1,0
BRDA:120,5,0,0
BRDA:120,5,1,0
BRDA:137,6,0,0
BRDA:137,6,1,0
BRDA:142,7,0,0
BRDA:142,7,1,0
BRDA:201,8,0,0
BRDA:201,8,1,0
BRDA:211,9,0,0
BRDA:211,9,1,0
BRF:20
BRH:0
end_of_record
TN:
SF:src\api\data\index.ts
FNF:0
FNH:0
LF:0
LH:0
BRF:0
BRH:0
end_of_record
TN:
SF:src\api\data\marketing.data.ts
FN:23,(anonymous_0)
FN:84,(anonymous_1)
FN:103,(anonymous_2)
FN:146,(anonymous_3)
FN:163,(anonymous_4)
FN:173,(anonymous_5)
FN:191,(anonymous_6)
FN:261,(anonymous_7)
FN:296,(anonymous_8)
FN:307,(anonymous_9)
FN:377,(anonymous_10)
FN:410,(anonymous_11)
FN:461,(anonymous_12)
FN:476,(anonymous_13)
FN:486,(anonymous_14)
FN:513,(anonymous_15)
FN:523,(anonymous_16)
FN:540,(anonymous_17)
FN:551,(anonymous_18)
FN:597,(anonymous_19)
FN:611,(anonymous_20)
FNF:21
FNH:0
FNDA:0,(anonymous_0)
FNDA:0,(anonymous_1)
FNDA:0,(anonymous_2)
FNDA:0,(anonymous_3)
FNDA:0,(anonymous_4)
FNDA:0,(anonymous_5)
FNDA:0,(anonymous_6)
FNDA:0,(anonymous_7)
FNDA:0,(anonymous_8)
FNDA:0,(anonymous_9)
FNDA:0,(anonymous_10)
FNDA:0,(anonymous_11)
FNDA:0,(anonymous_12)
FNDA:0,(anonymous_13)
FNDA:0,(anonymous_14)
FNDA:0,(anonymous_15)
FNDA:0,(anonymous_16)
FNDA:0,(anonymous_17)
FNDA:0,(anonymous_18)
FNDA:0,(anonymous_19)
FNDA:0,(anonymous_20)
DA:23,2
DA:28,0
DA:41,0
DA:43,0
DA:44,0
DA:47,0
DA:54,0
DA:71,0
DA:77,0
DA:78,0
DA:84,0
DA:85,0
DA:93,0
DA:94,0
DA:96,0
DA:97,0
DA:99,0
DA:103,2
DA:110,0
DA:111,0
DA:113,0
DA:114,0
DA:116,0
DA:123,0
DA:127,0
DA:130,0
DA:135,0
DA:137,0
DA:140,0
DA:146,0
DA:147,0
DA:152,0
DA:156,0
DA:157,0
DA:163,0
DA:164,0
DA:168,0
DA:169,0
DA:173,0
DA:174,0
DA:179,0
DA:180,0
DA:182,0
DA:183,0
DA:185,0
DA:187,0
DA:191,2
DA:197,0
DA:198,0
DA:199,0
DA:200,0
DA:202,0
DA:209,0
DA:211,0
DA:212,0
DA:218,0
DA:219,0
DA:221,0
DA:222,0
DA:225,0
DA:226,0
DA:232,0
DA:233,0
DA:235,0
DA:236,0
DA:240,0
DA:242,0
DA:243,0
DA:246,0
DA:247,0
DA:252,0
DA:261,2
DA:262,0
DA:270,0
DA:275,0
DA:276,0
DA:281,0
DA:290,0
DA:291,0
DA:293,0
DA:296,2
DA:297,0
DA:302,0
DA:304,0
DA:307,2
DA:313,0
DA:314,0
DA:315,0
DA:316,0
DA:318,0
DA:325,0
DA:327,0
DA:328,0
DA:334,0
DA:335,0
DA:337,0
DA:338,0
DA:341,0
DA:342,0
DA:348,0
DA:349,0
DA:351,0
DA:352,0
DA:356,0
DA:358,0
DA:359,0
DA:362,0
DA:363,0
DA:368,0
DA:377,2
DA:378,0
DA:387,0
DA:392,0
DA:393,0
DA:395,0
DA:404,0
DA:405,0
DA:407,0
DA:410,2
DA:415,0
DA:418,0
DA:420,0
DA:421,0
DA:424,0
DA:427,0
DA:434,0
DA:449,0
DA:455,0
DA:456,0
DA:461,0
DA:462,0
DA:466,0
DA:467,0
DA:469,0
DA:470,0
DA:472,0
DA:476,2
DA:477,0
DA:479,0
DA:483,0
DA:486,2
DA:491,0
DA:492,0
DA:494,0
DA:495,0
DA:497,0
DA:504,0
DA:505,0
DA:507,0
DA:508,0
DA:513,0
DA:514,0
DA:518,0
DA:519,0
DA:523,0
DA:524,0
DA:528,0
DA:529,0
DA:531,0
DA:532,0
DA:534,0
DA:536,0
DA:540,2
DA:541,0
DA:546,0
DA:548,0
DA:551,2
DA:552,0
DA:553,0
DA:564,0
DA:589,0
DA:594,0
DA:597,2
DA:601,0
DA:603,0
DA:604,0
DA:606,0
DA:611,0
DA:612,0
DA:615,0
DA:617,0
DA:618,0
DA:620,0
LF:183
LH:13
BRDA:77,0,0,0
BRDA:77,0,1,0
BRDA:130,1,0,0
BRDA:130,1,1,0
BRDA:131,2,0,0
BRDA:131,2,1,0
BRDA:131,2,2,0
BRDA:152,3,0,0
BRDA:152,3,1,0
BRDA:153,4,0,0
BRDA:153,4,1,0
BRDA:156,5,0,0
BRDA:156,5,1,0
BRDA:156,6,0,0
BRDA:156,6,1,0
BRDA:168,7,0,0
BRDA:168,7,1,0
BRDA:168,8,0,0
BRDA:168,8,1,0
BRDA:199,9,0,0
BRDA:199,9,1,0
BRDA:211,10,0,0
BRDA:211,10,1,0
BRDA:225,11,0,0
BRDA:225,11,1,0
BRDA:226,12,0,0
BRDA:226,12,1,0
BRDA:242,13,0,0
BRDA:242,13,1,0
BRDA:275,14,0,0
BRDA:275,14,1,0
BRDA:315,15,0,0
BRDA:315,15,1,0
BRDA:327,16,0,0
BRDA:327,16,1,0
BRDA:341,17,0,0
BRDA:341,17,1,0
BRDA:342,18,0,0
BRDA:342,18,1,0
BRDA:358,19,0,0
BRDA:358,19,1,0
BRDA:392,20,0,0
BRDA:392,20,1,0
BRDA:455,21,0,0
BRDA:455,21,1,0
BRDA:507,22,0,0
BRDA:507,22,1,0
BRDA:507,23,0,0
BRDA:507,23,1,0
BRDA:518,24,0,0
BRDA:518,24,1,0
BRDA:518,25,0,0
BRDA:518,25,1,0
BRF:53
BRH:0
end_of_record
TN:
SF:src\api\data\notification.data.ts
FN:9,(anonymous_0)
FN:71,(anonymous_1)
FN:77,(anonymous_2)
FN:87,(anonymous_3)
FN:102,(anonymous_4)
FN:117,(anonymous_5)
FN:130,(anonymous_6)
FN:143,(anonymous_7)
FN:176,(anonymous_8)
FN:189,(anonymous_9)
FNF:10
FNH:0
FNDA:0,(anonymous_0)
FNDA:0,(anonymous_1)
FNDA:0,(anonymous_2)
FNDA:0,(anonymous_3)
FNDA:0,(anonymous_4)
FNDA:0,(anonymous_5)
FNDA:0,(anonymous_6)
FNDA:0,(anonymous_7)
FNDA:0,(anonymous_8)
FNDA:0,(anonymous_9)
DA:9,2
DA:15,0
DA:16,0
DA:17,0
DA:18,0
DA:20,0
DA:28,0
DA:41,0
DA:42,0
DA:43,0
DA:44,0
DA:46,0
DA:47,0
DA:50,0
DA:52,0
DA:53,0
DA:56,0
DA:57,0
DA:58,0
DA:59,0
DA:61,0
DA:71,2
DA:72,0
DA:74,0
DA:77,2
DA:78,0
DA:80,0
DA:84,0
DA:87,2
DA:88,0
DA:95,0
DA:99,0
DA:102,2
DA:103,0
DA:110,0
DA:114,0
DA:117,2
DA:118,0
DA:125,0
DA:127,0
DA:130,2
DA:131,0
DA:138,0
DA:140,0
DA:143,2
DA:147,0
DA:148,0
DA:149,0
DA:153,0
DA:154,0
DA:155,0
DA:163,0
DA:166,0
DA:170,0
DA:171,0
DA:176,2
DA:177,0
DA:179,0
DA:183,0
DA:184,0
DA:186,0
DA:189,2
DA:190,0
DA:197,0
DA:199,0
DA:204,0
DA:206,0
LF:67
LH:10
BRDA:17,0,0,0
BRDA:17,0,1,0
BRDA:41,1,0,0
BRDA:41,1,1,0
BRDA:52,2,0,0
BRDA:52,2,1,0
BRDA:147,3,0,0
BRDA:147,3,1,0
BRDA:183,4,0,0
BRDA:183,4,1,0
BRF:10
BRH:0
end_of_record
TN:
SF:src\api\data\product.data.ts
FN:11,(anonymous_0)
FN:89,(anonymous_1)
FN:156,(anonymous_2)
FN:182,(anonymous_3)
FN:189,(anonymous_4)
FN:210,(anonymous_5)
FN:218,(anonymous_6)
FN:238,(anonymous_7)
FN:249,(anonymous_8)
FN:267,(anonymous_9)
FN:279,(anonymous_10)
FN:290,(anonymous_11)
FN:295,(anonymous_12)
FN:303,(anonymous_13)
FN:308,(anonymous_14)
FN:320,(anonymous_15)
FN:345,(anonymous_16)
FNF:17
FNH:0
FNDA:0,(anonymous_0)
FNDA:0,(anonymous_1)
FNDA:0,(anonymous_2)
FNDA:0,(anonymous_3)
FNDA:0,(anonymous_4)
FNDA:0,(anonymous_5)
FNDA:0,(anonymous_6)
FNDA:0,(anonymous_7)
FNDA:0,(anonymous_8)
FNDA:0,(anonymous_9)
FNDA:0,(anonymous_10)
FNDA:0,(anonymous_11)
FNDA:0,(anonymous_12)
FNDA:0,(anonymous_13)
FNDA:0,(anonymous_14)
FNDA:0,(anonymous_15)
FNDA:0,(anonymous_16)
DA:11,2
DA:18,0
DA:19,0
DA:20,0
DA:21,0
DA:23,0
DA:39,0
DA:41,0
DA:42,0
DA:43,0
DA:44,0
DA:45,0
DA:48,0
DA:49,0
DA:50,0
DA:51,0
DA:52,0
DA:53,0
DA:56,0
DA:57,0
DA:58,0
DA:59,0
DA:60,0
DA:61,0
DA:64,0
DA:65,0
DA:66,0
DA:68,0
DA:71,0
DA:72,0
DA:75,0
DA:76,0
DA:78,0
DA:80,0
DA:89,2
DA:90,0
DA:116,0
DA:118,0
DA:119,0
DA:123,0
DA:125,0
DA:148,0
DA:153,0
DA:156,2
DA:157,0
DA:159,0
DA:160,0
DA:162,0
DA:173,0
DA:174,0
DA:176,0
DA:177,0
DA:182,0
DA:183,0
DA:185,0
DA:188,0
DA:189,0
DA:190,0
DA:195,0
DA:197,0
DA:200,0
DA:201,0
DA:203,0
DA:204,0
DA:206,0
DA:210,2
DA:211,0
DA:213,0
DA:215,0
DA:218,2
DA:219,0
DA:221,0
DA:226,0
DA:227,0
DA:232,0
DA:235,0
DA:238,2
DA:242,0
DA:244,0
DA:246,0
DA:249,2
DA:250,0
DA:252,0
DA:254,0
DA:255,0
DA:257,0
DA:264,0
DA:266,0
DA:267,0
DA:268,0
DA:273,0
DA:275,0
DA:278,0
DA:279,0
DA:280,0
DA:285,0
DA:287,0
DA:290,0
DA:291,0
DA:292,0
DA:295,0
DA:296,0
DA:297,0
DA:300,0
DA:303,0
DA:305,0
DA:308,0
DA:310,0
DA:311,0
DA:313,0
DA:314,0
DA:316,0
DA:320,2
DA:321,0
DA:323,0
DA:324,0
DA:326,0
DA:327,0
DA:329,0
DA:330,0
DA:332,0
DA:333,0
DA:335,0
DA:336,0
DA:338,0
DA:339,0
DA:341,0
DA:345,2
DA:346,0
DA:348,0
DA:350,0
LF:131
LH:9
BRDA:41,0,0,0
BRDA:41,0,1,0
BRDA:48,1,0,0
BRDA:48,1,1,0
BRDA:49,2,0,0
BRDA:49,2,1,0
BRDA:56,3,0,0
BRDA:56,3,1,0
BRDA:57,4,0,0
BRDA:57,4,1,0
BRDA:64,5,0,0
BRDA:64,5,1,0
BRDA:65,6,0,0
BRDA:65,6,1,0
BRDA:65,7,0,0
BRDA:65,7,1,0
BRDA:66,8,0,0
BRDA:66,8,1,0
BRDA:71,9,0,0
BRDA:71,9,1,0
BRDA:118,10,0,0
BRDA:118,10,1,0
BRF:22
BRH:0
end_of_record
TN:
SF:src\api\data\review.data.ts
FN:8,(anonymous_0)
FN:28,(anonymous_1)
FN:49,(anonymous_2)
FN:135,(anonymous_3)
FN:153,(anonymous_4)
FN:170,(anonymous_5)
FNF:6
FNH:0
FNDA:0,(anonymous_0)
FNDA:0,(anonymous_1)
FNDA:0,(anonymous_2)
FNDA:0,(anonymous_3)
FNDA:0,(anonymous_4)
FNDA:0,(anonymous_5)
DA:8,2
DA:9,0
DA:21,0
DA:25,0
DA:28,2
DA:29,0
DA:42,0
DA:46,0
DA:49,2
DA:57,0
DA:58,0
DA:59,0
DA:60,0
DA:62,0
DA:73,0
DA:78,0
DA:79,0
DA:80,0
DA:81,0
DA:82,0
DA:85,0
DA:86,0
DA:90,0
DA:91,0
DA:92,0
DA:93,0
DA:96,0
DA:97,0
DA:105,0
DA:106,0
DA:107,0
DA:108,0
DA:111,0
DA:112,0
DA:115,0
DA:116,0
DA:119,0
DA:120,0
DA:123,0
DA:124,0
DA:126,0
DA:135,2
DA:136,0
DA:148,0
DA:150,0
DA:153,2
DA:160,0
DA:165,0
DA:167,0
DA:170,2
DA:171,0
DA:173,0
DA:175,0
LF:53
LH:6
BRDA:59,0,0,0
BRDA:59,0,1,0
BRDA:78,1,0,0
BRDA:78,1,1,0
BRDA:85,2,0,0
BRDA:85,2,1,0
BRDA:86,3,0,0
BRDA:86,3,1,0
BRDA:96,4,0,0
BRDA:96,4,1,0
BRDA:97,5,0,0
BRDA:97,5,1,0
BRDA:111,6,0,0
BRDA:111,6,1,0
BRDA:115,7,0,0
BRDA:115,7,1,0
BRDA:119,8,0,0
BRDA:119,8,1,0
BRF:18
BRH:0
end_of_record
TN:
SF:src\api\data\subscription.data.ts
FN:8,(anonymous_0)
FN:56,(anonymous_1)
FN:69,(anonymous_2)
FN:83,(anonymous_3)
FNF:4
FNH:0
FNDA:0,(anonymous_0)
FNDA:0,(anonymous_1)
FNDA:0,(anonymous_2)
FNDA:0,(anonymous_3)
DA:8,2
DA:9,0
DA:10,0
DA:11,0
DA:12,0
DA:14,0
DA:23,0
DA:28,0
DA:29,0
DA:31,0
DA:32,0
DA:33,0
DA:34,0
DA:36,0
DA:37,0
DA:40,0
DA:41,0
DA:43,0
DA:44,0
DA:45,0
DA:47,0
DA:56,2
DA:57,0
DA:61,0
DA:66,0
DA:69,2
DA:70,0
DA:76,0
DA:80,0
DA:83,2
DA:84,0
DA:88,0
DA:90,0
LF:33
LH:4
BRDA:31,0,0,0
BRDA:31,0,1,0
BRF:2
BRH:0
end_of_record
TN:
SF:src\api\data\transaction.data.ts
FN:21,(anonymous_0)
FN:87,(anonymous_1)
FN:97,(anonymous_2)
FN:166,(anonymous_3)
FN:219,(anonymous_4)
FN:292,(anonymous_5)
FN:304,(anonymous_6)
FN:312,(anonymous_7)
FNF:8
FNH:0
FNDA:0,(anonymous_0)
FNDA:0,(anonymous_1)
FNDA:0,(anonymous_2)
FNDA:0,(anonymous_3)
FNDA:0,(anonymous_4)
FNDA:0,(anonymous_5)
FNDA:0,(anonymous_6)
FNDA:0,(anonymous_7)
DA:21,2
DA:29,0
DA:30,0
DA:31,0
DA:32,0
DA:34,0
DA:39,0
DA:41,0
DA:42,0
DA:43,0
DA:44,0
DA:45,0
DA:48,0
DA:49,0
DA:50,0
DA:51,0
DA:52,0
DA:53,0
DA:56,0
DA:57,0
DA:58,0
DA:59,0
DA:60,0
DA:61,0
DA:64,0
DA:65,0
DA:66,0
DA:68,0
DA:71,0
DA:72,0
DA:75,0
DA:76,0
DA:78,0
DA:87,2
DA:88,0
DA:90,0
DA:94,0
DA:97,2
DA:98,0
DA:129,0
DA:131,0
DA:133,0
DA:136,0
DA:141,0
DA:154,0
DA:159,0
DA:166,2
DA:167,0
DA:169,0
DA:171,0
DA:172,0
DA:174,0
DA:194,0
DA:197,0
DA:198,0
DA:204,0
DA:209,0
DA:210,0
DA:212,0
DA:213,0
DA:215,0
DA:219,2
DA:228,0
DA:230,0
DA:231,0
DA:234,0
DA:238,0
DA:241,0
DA:245,0
DA:248,0
DA:252,0
DA:255,0
DA:256,0
DA:259,0
DA:263,0
DA:264,0
DA:265,0
DA:266,0
DA:269,0
DA:272,0
DA:273,0
DA:276,0
DA:279,0
DA:280,0
DA:283,0
DA:285,0
DA:286,0
DA:288,0
DA:292,2
DA:293,0
DA:299,0
DA:301,0
DA:304,2
DA:305,0
DA:307,0
DA:309,0
DA:312,2
DA:313,0
DA:334,0
DA:336,0
DA:338,0
LF:101
LH:8
BRDA:31,0,0,0
BRDA:31,0,1,0
BRDA:41,1,0,0
BRDA:41,1,1,0
BRDA:48,2,0,0
BRDA:48,2,1,0
BRDA:49,3,0,0
BRDA:49,3,1,0
BRDA:56,4,0,0
BRDA:56,4,1,0
BRDA:57,5,0,0
BRDA:57,5,1,0
BRDA:64,6,0,0
BRDA:64,6,1,0
BRDA:65,7,0,0
BRDA:65,7,1,0
BRDA:65,8,0,0
BRDA:65,8,1,0
BRDA:66,9,0,0
BRDA:66,9,1,0
BRDA:71,10,0,0
BRDA:71,10,1,0
BRDA:131,11,0,0
BRDA:131,11,1,0
BRDA:197,12,0,0
BRDA:197,12,1,0
BRDA:255,13,0,0
BRDA:255,13,1,0
BRDA:265,14,0,0
BRDA:265,14,1,0
BRDA:265,15,0,0
BRDA:265,15,1,0
BRDA:265,15,2,0
BRDA:272,16,0,0
BRDA:272,16,1,0
BRDA:272,17,0,0
BRDA:272,17,1,0
BRDA:272,17,2,0
BRDA:279,18,0,0
BRDA:279,18,1,0
BRDA:279,19,0,0
BRDA:279,19,1,0
BRF:42
BRH:0
end_of_record
TN:
SF:src\api\data\user.data.ts
FN:11,(anonymous_0)
FN:55,(anonymous_1)
FN:62,(anonymous_2)
FN:69,(anonymous_3)
FN:118,(anonymous_4)
FN:131,(anonymous_5)
FN:144,(anonymous_6)
FN:155,(anonymous_7)
FN:167,(anonymous_8)
FNF:9
FNH:0
FNDA:0,(anonymous_0)
FNDA:0,(anonymous_1)
FNDA:0,(anonymous_2)
FNDA:0,(anonymous_3)
FNDA:0,(anonymous_4)
FNDA:0,(anonymous_5)
FNDA:0,(anonymous_6)
FNDA:0,(anonymous_7)
FNDA:0,(anonymous_8)
DA:11,2
DA:12,0
DA:13,0
DA:14,0
DA:15,0
DA:17,0
DA:18,0
DA:20,0
DA:21,0
DA:24,0
DA:25,0
DA:27,0
DA:28,0
DA:31,0
DA:32,0
DA:33,0
DA:34,0
DA:36,0
DA:39,0
DA:40,0
DA:42,0
DA:43,0
DA:44,0
DA:46,0
DA:55,2
DA:56,0
DA:57,0
DA:59,0
DA:62,2
DA:63,0
DA:64,0
DA:66,0
DA:69,2
DA:70,0
DA:71,0
DA:73,0
DA:76,0
DA:78,0
DA:92,0
DA:96,0
DA:106,0
DA:108,0
DA:113,0
DA:115,0
DA:118,2
DA:119,0
DA:126,0
DA:128,0
DA:131,2
DA:132,0
DA:139,0
DA:141,0
DA:144,2
DA:145,0
DA:150,0
DA:152,0
DA:155,2
DA:156,0
DA:160,0
DA:164,0
DA:167,2
DA:168,0
DA:172,0
DA:174,0
LF:64
LH:9
BRDA:20,0,0,0
BRDA:20,0,1,0
BRDA:31,1,0,0
BRDA:31,1,1,0
BRF:4
BRH:0
end_of_record
TN:
SF:src\api\data\voucher.data.ts
FN:11,(anonymous_0)
FN:57,(anonymous_1)
FN:113,(anonymous_2)
FN:143,(anonymous_3)
FN:158,(anonymous_4)
FN:195,(anonymous_5)
FN:205,(anonymous_6)
FN:220,(anonymous_7)
FN:228,(anonymous_8)
FNF:9
FNH:0
FNDA:0,(anonymous_0)
FNDA:0,(anonymous_1)
FNDA:0,(anonymous_2)
FNDA:0,(anonymous_3)
FNDA:0,(anonymous_4)
FNDA:0,(anonymous_5)
FNDA:0,(anonymous_6)
FNDA:0,(anonymous_7)
FNDA:0,(anonymous_8)
DA:11,2
DA:17,0
DA:18,0
DA:19,0
DA:20,0
DA:22,0
DA:24,0
DA:26,0
DA:27,0
DA:28,0
DA:29,0
DA:30,0
DA:33,0
DA:34,0
DA:37,0
DA:38,0
DA:41,0
DA:42,0
DA:45,0
DA:46,0
DA:48,0
DA:57,2
DA:58,0
DA:60,0
DA:62,0
DA:63,0
DA:66,0
DA:68,0
DA:69,0
DA:70,0
DA:76,0
DA:77,0
DA:80,0
DA:102,0
DA:104,0
DA:106,0
DA:113,2
DA:117,0
DA:119,0
DA:120,0
DA:122,0
DA:134,0
DA:135,0
DA:137,0
DA:138,0
DA:143,0
DA:144,0
DA:148,0
DA:149,0
DA:151,0
DA:152,0
DA:154,0
DA:158,2
DA:164,0
DA:166,0
DA:167,0
DA:169,0
DA:180,0
DA:181,0
DA:183,0
DA:184,0
DA:186,0
DA:189,0
DA:190,0
DA:195,0
DA:196,0
DA:200,0
DA:201,0
DA:205,0
DA:206,0
DA:210,0
DA:211,0
DA:213,0
DA:214,0
DA:216,0
DA:220,2
DA:221,0
DA:223,0
DA:225,0
DA:228,2
DA:229,0
DA:236,0
DA:238,0
LF:83
LH:6
BRDA:19,0,0,0
BRDA:19,0,1,0
BRDA:26,1,0,0
BRDA:26,1,1,0
BRDA:33,2,0,0
BRDA:33,2,1,0
BRDA:33,3,0,0
BRDA:33,3,1,0
BRDA:37,4,0,0
BRDA:37,4,1,0
BRDA:41,5,0,0
BRDA:41,5,1,0
BRDA:62,6,0,0
BRDA:62,6,1,0
BRDA:69,7,0,0
BRDA:69,7,1,0
BRDA:137,8,0,0
BRDA:137,8,1,0
BRDA:183,9,0,0
BRDA:183,9,1,0
BRDA:189,10,0,0
BRDA:189,10,1,0
BRDA:189,11,0,0
BRDA:189,11,1,0
BRDA:200,12,0,0
BRDA:200,12,1,0
BRDA:200,13,0,0
BRDA:200,13,1,0
BRF:28
BRH:0
end_of_record
TN:
SF:src\api\middlewares\errorHandler.ts
FN:7,(anonymous_0)
FNF:1
FNH:1
FNDA:5,(anonymous_0)
DA:7,3
DA:8,5
DA:9,1
DA:13,4
DA:14,2
DA:20,2
LF:6
LH:6
BRDA:8,0,0,1
BRDA:8,0,1,4
BRDA:9,1,0,1
BRDA:9,1,1,0
BRDA:13,2,0,2
BRDA:13,2,1,2
BRDA:14,3,0,2
BRDA:14,3,1,0
BRDA:20,4,0,2
BRDA:20,4,1,1
BRF:10
BRH:8
end_of_record
TN:
SF:src\api\middlewares\getUserData.ts
FN:11,(anonymous_0)
FNF:1
FNH:1
FNDA:3,(anonymous_0)
DA:11,3
DA:12,3
DA:13,3
DA:14,1
DA:16,2
DA:17,1
DA:18,1
DA:21,1
DA:23,2
LF:9
LH:9
BRDA:13,0,0,1
BRDA:13,0,1,2
BRDA:17,1,0,1
BRDA:17,1,1,0
BRF:4
BRH:3
end_of_record
TN:
SF:src\api\middlewares\getUserDataOptional.ts
FN:8,(anonymous_0)
FNF:1
FNH:0
FNDA:0,(anonymous_0)
DA:8,2
DA:9,0
DA:10,0
DA:11,0
DA:13,0
DA:14,0
DA:15,0
DA:17,0
DA:19,0
LF:9
LH:1
BRDA:10,0,0,0
BRDA:10,0,1,0
BRDA:14,1,0,0
BRDA:14,1,1,0
BRF:4
BRH:0
end_of_record
TN:
SF:src\api\middlewares\index.ts
FNF:0
FNH:0
LF:0
LH:0
BRF:0
BRH:0
end_of_record
TN:
SF:src\api\middlewares\isAdmin.ts
FN:11,(anonymous_0)
FNF:1
FNH:0
FNDA:0,(anonymous_0)
DA:11,2
DA:12,0
DA:13,0
DA:14,0
DA:16,0
DA:17,0
DA:19,0
DA:20,0
DA:23,0
DA:25,0
LF:10
LH:1
BRDA:13,0,0,0
BRDA:13,0,1,0
BRDA:19,1,0,0
BRDA:19,1,1,0
BRF:4
BRH:0
end_of_record
TN:
SF:src\api\middlewares\isAuth.ts
FNF:0
FNH:0
DA:6,2
DA:8,2
LF:2
LH:2
BRF:0
BRH:0
end_of_record
TN:
SF:src\api\middlewares\passAuth.ts
FN:5,(anonymous_0)
FNF:1
FNH:0
FNDA:0,(anonymous_0)
DA:5,2
DA:6,0
DA:7,0
DA:9,0
LF:4
LH:1
BRDA:6,0,0,0
BRDA:6,0,1,0
BRF:2
BRH:0
end_of_record
TN:
SF:src\api\services\subscription.service.ts
FN:4,(anonymous_0)
FN:10,(anonymous_1)
FNF:2
FNH:0
FNDA:0,(anonymous_0)
FNDA:0,(anonymous_1)
DA:4,2
DA:5,0
DA:7,0
DA:10,2
DA:11,0
DA:13,0
LF:6
LH:2
BRF:0
BRH:0
end_of_record
TN:
SF:src\api\utils\errorClass.ts
FN:4,(anonymous_0)
FN:8,(anonymous_1)
FN:13,(anonymous_2)
FN:19,(anonymous_3)
FN:31,(anonymous_4)
FNF:5
FNH:3
FNDA:14,(anonymous_0)
FNDA:0,(anonymous_1)
FNDA:0,(anonymous_2)
FNDA:7,(anonymous_3)
FNDA:7,(anonymous_4)
DA:5,14
DA:6,14
DA:8,14
DA:9,0
DA:14,0
DA:20,7
DA:26,7
DA:32,7
DA:37,7
LF:9
LH:7
BRDA:4,0,0,14
BRDA:19,1,0,3
BRDA:21,2,0,7
BRDA:21,2,1,1
BRDA:31,3,0,4
BRF:5
BRH:5
end_of_record
TN:
SF:src\api\utils\generateUniqueId.ts
FN:4,(anonymous_0)
FNF:1
FNH:1
FNDA:12,(anonymous_0)
DA:4,3
DA:5,12
DA:7,10
DA:8,10
DA:10,10
LF:5
LH:5
BRDA:5,0,0,2
BRDA:5,0,1,10
BRDA:5,1,0,12
BRDA:5,1,1,11
BRDA:7,2,0,10
BRDA:7,2,1,4
BRDA:8,3,0,10
BRDA:8,3,1,4
BRF:8
BRH:8
end_of_record
TN:
SF:src\api\utils\generateUpdateQuery.ts
FN:1,(anonymous_0)
FN:17,(anonymous_1)
FN:31,(anonymous_2)
FNF:3
FNH:3
FNDA:9,(anonymous_0)
FNDA:14,(anonymous_1)
FNDA:1,(anonymous_2)
DA:1,3
DA:9,9
DA:10,9
DA:11,9
DA:14,9
DA:15,8
DA:16,8
DA:17,8
DA:18,14
DA:19,12
DA:20,12
DA:21,12
DA:24,8
DA:28,9
DA:29,1
DA:30,1
DA:31,1
DA:32,1
DA:33,1
DA:34,1
DA:35,1
DA:41,9
DA:42,1
DA:45,9
LF:24
LH:24
BRDA:11,0,0,9
BRDA:11,0,1,6
BRDA:14,1,0,8
BRDA:14,1,1,1
BRDA:14,2,0,9
BRDA:14,2,1,9
BRDA:18,3,0,12
BRDA:18,3,1,2
BRDA:18,4,0,14
BRDA:18,4,1,13
BRDA:28,5,0,1
BRDA:28,5,1,8
BRDA:28,6,0,9
BRDA:28,6,1,2
BRDA:32,7,0,1
BRDA:32,7,1,0
BRDA:34,8,0,0
BRDA:34,8,1,1
BRDA:41,9,0,1
BRDA:41,9,1,8
BRF:20
BRH:18
end_of_record
TN:
SF:src\api\utils\getEmailTemplateParams.ts
FN:4,(anonymous_0)
FNF:1
FNH:1
FNDA:6,(anonymous_0)
DA:2,3
DA:4,3
DA:5,6
DA:7,6
DA:8,6
DA:9,8
DA:10,8
DA:13,6
DA:15,6
LF:9
LH:9
BRF:0
BRH:0
end_of_record
TN:
SF:src\api\utils\getLocalTime.ts
FN:1,(anonymous_0)
FNF:1
FNH:1
FNDA:3,(anonymous_0)
DA:1,3
DA:3,3
DA:4,3
DA:8,3
LF:4
LH:4
BRDA:1,0,0,1
BRF:1
BRH:1
end_of_record
TN:
SF:src\api\utils\index.ts
FNF:0
FNH:0
LF:0
LH:0
BRF:0
BRH:0
end_of_record
TN:
SF:src\api\utils\initBirthdayAutoOfferMarketing.ts
FN:13,(anonymous_0)
FN:16,(anonymous_1)
FN:23,(anonymous_2)
FN:81,(anonymous_3)
FNF:4
FNH:3
FNDA:1,(anonymous_0)
FNDA:0,(anonymous_1)
FNDA:2,(anonymous_2)
FNDA:3,(anonymous_3)
DA:13,3
DA:16,1
DA:17,0
DA:20,1
DA:23,3
DA:25,2
DA:28,2
DA:41,1
DA:55,1
DA:67,1
DA:71,1
DA:73,1
DA:74,1
DA:80,1
DA:81,3
DA:89,1
DA:92,1
DA:95,1
DA:96,1
DA:102,1
DA:104,1
LF:21
LH:20
BRDA:28,0,0,1
BRDA:28,0,1,1
BRDA:106,1,0,1
BRDA:106,1,1,0
BRF:4
BRH:3
end_of_record
TN:
SF:src\api\utils\initNotificationSubscriptionsCleanup.ts
FN:7,(anonymous_0)
FN:10,(anonymous_1)
FNF:2
FNH:2
FNDA:2,(anonymous_0)
FNDA:1,(anonymous_1)
DA:7,3
DA:10,2
DA:11,1
DA:13,1
DA:20,2
LF:5
LH:5
BRDA:15,0,0,1
BRDA:15,0,1,0
BRF:2
BRH:1
end_of_record
TN:
SF:src\api\utils\initScheduledEmailMarketings.ts
FN:10,(anonymous_0)
FN:31,(anonymous_1)
FN:40,(anonymous_2)
FNF:3
FNH:3
FNDA:3,(anonymous_0)
FNDA:8,(anonymous_1)
FNDA:2,(anonymous_2)
DA:10,3
DA:12,3
DA:14,3
DA:15,3
DA:16,4
DA:17,4
DA:20,4
DA:24,4
DA:27,4
DA:28,4
DA:30,4
DA:31,8
DA:40,4
DA:42,2
DA:45,2
DA:56,2
DA:57,2
DA:63,2
DA:65,2
DA:70,4
DA:73,3
LF:21
LH:21
BRDA:74,0,0,2
BRDA:74,0,1,1
BRF:2
BRH:2
end_of_record
TN:
SF:src\api\utils\initScheduledNotifMarketings.ts
FN:8,(anonymous_0)
FN:51,(anonymous_1)
FNF:2
FNH:2
FNDA:3,(anonymous_0)
FNDA:2,(anonymous_1)
DA:8,3
DA:10,3
DA:12,3
DA:13,3
DA:24,4
DA:25,4
DA:28,4
DA:29,4
DA:30,2
DA:32,4
DA:33,2
DA:37,2
DA:41,4
DA:45,4
DA:46,4
DA:47,4
DA:48,4
DA:51,4
DA:52,2
DA:61,2
DA:71,2
DA:72,2
DA:78,2
DA:80,2
DA:85,4
DA:88,3
LF:26
LH:26
BRDA:29,0,0,2
BRDA:29,0,1,2
BRDA:32,1,0,2
BRDA:32,1,1,2
BRDA:45,2,0,2
BRDA:45,2,1,2
BRDA:46,3,0,2
BRDA:46,3,1,2
BRDA:47,4,0,4
BRDA:47,4,1,0
BRDA:48,5,0,4
BRDA:48,5,1,0
BRDA:90,6,0,2
BRDA:90,6,1,1
BRF:14
BRH:12
end_of_record
TN:
SF:src\api\utils\isDateBeforeCurrentTime.ts
FN:1,(anonymous_0)
FNF:1
FNH:1
FNDA:8,(anonymous_0)
DA:1,3
DA:2,8
DA:4,8
DA:6,8
LF:4
LH:4
BRF:0
BRH:0
end_of_record
TN:
SF:src\api\utils\scheduler.ts
FNF:0
FNH:0
DA:5,7
LF:1
LH:1
BRF:0
BRH:0
end_of_record
TN:
SF:src\config\connectDB.ts
FN:11,(anonymous_0)
FN:15,(anonymous_1)
FN:23,(anonymous_2)
FNF:3
FNH:2
FNDA:1,(anonymous_0)
FNDA:1,(anonymous_1)
FNDA:0,(anonymous_2)
DA:5,3
DA:7,3
DA:11,3
DA:12,1
DA:15,3
DA:16,1
DA:19,3
DA:20,3
DA:23,0
LF:9
LH:8
BRDA:23,0,0,0
BRF:1
BRH:0
end_of_record
TN:
SF:src\config\firebase.ts
FNF:0
FNH:0
DA:6,1
DA:9,1
DA:11,1
DA:15,1
LF:4
LH:4
BRF:0
BRH:0
end_of_record
TN:
SF:src\config\googleAnalytics.ts
FNF:0
FNH:0
DA:6,1
DA:8,1
LF:2
LH:2
BRF:0
BRH:0
end_of_record
TN:
SF:src\config\midtrans.ts
FNF:0
FNH:0
DA:5,1
DA:7,1
LF:2
LH:2
BRF:0
BRH:0
end_of_record
TN:
SF:src\config\sendinblue.ts
FNF:0
FNH:0
DA:5,1
DA:7,1
DA:9,1
DA:10,1
DA:12,1
LF:5
LH:5
BRF:0
BRH:0
end_of_record
TN:
SF:src\config\uploadFile.ts
FN:5,(anonymous_0)
FNF:1
FNH:1
FNDA:1,(anonymous_0)
DA:5,1
DA:6,1
LF:2
LH:2
BRF:0
BRH:0
end_of_record
TN:
SF:src\config\webSocket.ts
FN:22,(anonymous_0)
FN:27,(anonymous_1)
FN:52,(anonymous_2)
FN:52,(anonymous_3)
FN:70,(anonymous_4)
FN:71,(anonymous_5)
FN:89,(anonymous_6)
FN:94,(anonymous_7)
FN:97,(anonymous_8)
FN:103,(anonymous_9)
FN:103,(anonymous_10)
FN:106,(anonymous_11)
FN:107,(anonymous_12)
FN:111,(anonymous_13)
FN:132,(anonymous_14)
FN:146,(anonymous_15)
FNF:16
FNH:12
FNDA:10,(anonymous_0)
FNDA:6,(anonymous_1)
FNDA:4,(anonymous_2)
FNDA:0,(anonymous_3)
FNDA:8,(anonymous_4)
FNDA:4,(anonymous_5)
FNDA:6,(anonymous_6)
FNDA:2,(anonymous_7)
FNDA:2,(anonymous_8)
FNDA:0,(anonymous_9)
FNDA:0,(anonymous_10)
FNDA:4,(anonymous_11)
FNDA:4,(anonymous_12)
FNDA:5,(anonymous_13)
FNDA:6,(anonymous_14)
FNDA:0,(anonymous_15)
DA:22,2
DA:27,10
DA:28,6
DA:30,6
DA:32,3
DA:33,3
DA:35,2
DA:44,2
DA:47,2
DA:50,2
DA:51,2
DA:52,4
DA:55,2
DA:59,2
DA:70,2
DA:71,8
DA:72,4
DA:73,4
DA:75,2
DA:76,2
DA:78,1
DA:85,1
DA:89,2
DA:94,6
DA:96,2
DA:97,2
DA:99,2
DA:103,2
DA:104,0
DA:106,2
DA:107,4
DA:109,4
DA:111,5
DA:112,1
DA:120,4
DA:123,4
DA:124,2
DA:126,2
DA:129,4
DA:130,2
DA:132,6
DA:136,4
DA:139,4
DA:142,4
DA:146,2
DA:147,0
DA:152,0
DA:153,0
DA:155,0
DA:157,0
DA:159,0
LF:51
LH:44
BRDA:30,0,0,3
BRDA:30,0,1,3
BRDA:30,1,0,6
BRDA:30,1,1,5
BRDA:30,1,2,4
BRDA:33,2,0,1
BRDA:33,2,1,2
BRDA:52,3,0,4
BRDA:52,3,1,2
BRDA:73,4,0,2
BRDA:73,4,1,2
BRDA:73,5,0,4
BRDA:73,5,1,3
BRDA:76,6,0,1
BRDA:76,6,1,1
BRDA:80,7,0,1
BRDA:80,7,1,0
BRDA:96,8,0,1
BRDA:96,8,1,1
BRDA:111,9,0,1
BRDA:111,9,1,3
BRDA:111,10,0,4
BRDA:111,10,1,4
BRDA:123,11,0,2
BRDA:123,11,1,2
BRDA:123,12,0,4
BRDA:123,12,1,4
BRDA:129,13,0,2
BRDA:129,13,1,2
BRDA:129,14,0,4
BRDA:129,14,1,4
BRF:31
BRH:30
end_of_record
