TN:
SF:src\api\controllers\auth.controller.ts
FN:10,(anonymous_0)
FN:47,(anonymous_1)
FNF:2
FNH:2
FNDA:2,(anonymous_0)
FNDA:3,(anonymous_1)
DA:10,7
DA:11,2
DA:12,2
DA:13,2
DA:16,2
DA:17,1
DA:21,1
DA:23,1
DA:24,0
DA:31,1
DA:36,1
DA:37,0
DA:43,1
DA:47,7
DA:48,3
DA:50,3
DA:51,3
DA:52,1
DA:55,2
DA:57,1
DA:62,2
LF:21
LH:19
BRDA:16,0,0,1
BRDA:16,0,1,1
BRDA:23,1,0,0
BRDA:23,1,1,1
BRDA:36,2,0,0
BRDA:36,2,1,1
BRDA:51,3,0,1
BRDA:51,3,1,2
BRF:8
BRH:6
end_of_record
TN:
SF:src\api\controllers\brand.controller.ts
FN:7,(anonymous_0)
FN:27,(anonymous_1)
FN:44,(anonymous_2)
FN:62,(anonymous_3)
FNF:4
FNH:4
FNDA:2,(anonymous_0)
FNDA:2,(anonymous_1)
FNDA:2,(anonymous_2)
FNDA:1,(anonymous_3)
DA:7,7
DA:8,2
DA:10,2
DA:11,2
DA:17,1
DA:23,1
DA:27,7
DA:28,2
DA:29,2
DA:31,2
DA:33,2
DA:35,1
DA:40,1
DA:44,7
DA:45,2
DA:46,2
DA:47,2
DA:49,2
DA:51,2
DA:53,1
DA:58,1
DA:62,7
DA:63,1
DA:64,1
DA:66,1
DA:68,1
DA:73,0
LF:27
LH:26
BRDA:8,0,0,1
BRDA:8,1,0,1
BRDA:8,2,0,1
BRF:3
BRH:3
end_of_record
TN:
SF:src\api\controllers\category.controller.ts
FN:7,(anonymous_0)
FN:27,(anonymous_1)
FN:44,(anonymous_2)
FN:62,(anonymous_3)
FNF:4
FNH:4
FNDA:2,(anonymous_0)
FNDA:2,(anonymous_1)
FNDA:2,(anonymous_2)
FNDA:1,(anonymous_3)
DA:7,7
DA:8,2
DA:10,2
DA:11,2
DA:17,1
DA:23,1
DA:27,7
DA:28,2
DA:29,2
DA:31,2
DA:33,2
DA:35,1
DA:40,1
DA:44,7
DA:45,2
DA:46,2
DA:47,2
DA:49,2
DA:51,2
DA:53,1
DA:58,1
DA:62,7
DA:63,1
DA:64,1
DA:66,1
DA:68,1
DA:73,0
LF:27
LH:26
BRDA:8,0,0,1
BRDA:8,1,0,1
BRDA:8,2,0,1
BRF:3
BRH:3
end_of_record
TN:
SF:src\api\controllers\chat.controller.ts
FN:10,(anonymous_0)
FN:34,(anonymous_1)
FNF:2
FNH:2
FNDA:6,(anonymous_0)
FNDA:3,(anonymous_1)
DA:10,7
DA:11,6
DA:12,6
DA:13,6
DA:15,6
DA:16,6
DA:18,5
DA:24,1
DA:30,5
DA:34,7
DA:35,3
DA:36,3
DA:38,3
DA:39,3
DA:41,2
DA:46,1
DA:52,2
LF:17
LH:17
BRDA:12,0,0,6
BRDA:16,1,0,1
BRDA:16,1,1,5
BRDA:36,2,0,0
BRDA:39,3,0,1
BRDA:39,3,1,2
BRF:6
BRH:5
end_of_record
TN:
SF:src\api\controllers\dashboard.controller.ts
FN:7,(anonymous_0)
FNF:1
FNH:1
FNDA:2,(anonymous_0)
DA:7,7
DA:11,2
DA:13,2
DA:14,2
DA:15,2
DA:16,1
DA:19,2
DA:20,2
DA:21,1
DA:24,2
DA:29,1
DA:34,1
LF:12
LH:12
BRDA:9,0,0,1
BRDA:10,1,0,1
BRDA:15,2,0,1
BRDA:15,2,1,1
BRDA:20,3,0,1
BRDA:20,3,1,1
BRF:6
BRH:6
end_of_record
TN:
SF:src\api\controllers\email.marketing.controller.ts
FN:13,(anonymous_0)
FN:17,(anonymous_1)
FN:32,(anonymous_2)
FN:52,(anonymous_3)
FN:67,(anonymous_4)
FN:98,(anonymous_5)
FN:107,(anonymous_6)
FN:112,(anonymous_7)
FN:155,(anonymous_8)
FN:195,(anonymous_9)
FN:216,(anonymous_10)
FN:225,(anonymous_11)
FN:277,(anonymous_12)
FNF:13
FNH:12
FNDA:1,(anonymous_0)
FNDA:2,(anonymous_1)
FNDA:1,(anonymous_2)
FNDA:1,(anonymous_3)
FNDA:3,(anonymous_4)
FNDA:2,(anonymous_5)
FNDA:4,(anonymous_6)
FNDA:2,(anonymous_7)
FNDA:0,(anonymous_8)
FNDA:2,(anonymous_9)
FNDA:2,(anonymous_10)
FNDA:4,(anonymous_11)
FNDA:3,(anonymous_12)
DA:13,7
DA:14,1
DA:15,1
DA:17,1
DA:18,2
DA:20,2
DA:23,1
DA:28,0
DA:32,7
DA:33,1
DA:35,1
DA:36,1
DA:42,1
DA:48,0
DA:52,7
DA:53,1
DA:55,1
DA:56,1
DA:58,1
DA:63,0
DA:67,7
DA:77,3
DA:79,3
DA:90,3
DA:91,3
DA:94,3
DA:97,2
DA:98,2
DA:101,2
DA:103,2
DA:104,2
DA:107,4
DA:108,0
DA:111,2
DA:112,2
DA:122,2
DA:124,2
DA:126,1
DA:128,1
DA:130,1
DA:133,2
DA:139,2
DA:141,1
DA:142,1
DA:148,1
DA:152,2
DA:153,1
DA:155,1
DA:157,0
DA:160,0
DA:171,0
DA:172,0
DA:178,0
DA:180,0
DA:186,2
DA:191,1
DA:195,7
DA:205,2
DA:206,2
DA:208,2
DA:209,2
DA:212,2
DA:215,2
DA:216,2
DA:219,2
DA:221,2
DA:222,2
DA:225,4
DA:226,0
DA:229,2
DA:231,1
DA:237,1
DA:248,2
DA:258,2
DA:259,0
DA:264,2
DA:268,2
DA:273,0
DA:277,7
DA:278,3
DA:280,3
DA:282,3
DA:284,3
DA:285,1
DA:288,2
DA:293,1
DA:298,2
LF:87
LH:74
BRDA:33,0,0,0
BRDA:33,1,0,0
BRDA:33,2,0,0
BRDA:71,3,0,2
BRDA:72,4,0,0
BRDA:107,5,0,0
BRDA:107,5,1,2
BRDA:124,6,0,1
BRDA:124,6,1,1
BRDA:139,7,0,1
BRDA:139,7,1,1
BRDA:152,8,0,1
BRDA:152,8,1,1
BRDA:199,9,0,2
BRDA:200,10,0,0
BRDA:201,11,0,0
BRDA:225,12,0,0
BRDA:225,12,1,2
BRDA:229,13,0,1
BRDA:229,13,1,1
BRDA:258,14,0,0
BRDA:258,14,1,2
BRDA:258,15,0,2
BRDA:258,15,1,0
BRDA:284,16,0,1
BRDA:284,16,1,2
BRF:26
BRH:16
end_of_record
TN:
SF:src\api\controllers\index.ts
FNF:0
FNH:0
DA:18,7
LF:1
LH:1
BRF:0
BRH:0
end_of_record
TN:
SF:src\api\controllers\notif.marketing.controller.ts
FN:17,(anonymous_0)
FN:112,(anonymous_1)
FN:156,(anonymous_2)
FN:180,(anonymous_3)
FN:199,(anonymous_4)
FN:279,(anonymous_5)
FNF:6
FNH:5
FNDA:5,(anonymous_0)
FNDA:0,(anonymous_1)
FNDA:2,(anonymous_2)
FNDA:1,(anonymous_3)
FNDA:2,(anonymous_4)
FNDA:3,(anonymous_5)
DA:17,7
DA:34,5
DA:36,5
DA:49,5
DA:50,5
DA:51,1
DA:57,4
DA:58,4
DA:59,1
DA:61,4
DA:62,3
DA:66,4
DA:70,4
DA:71,4
DA:72,4
DA:73,4
DA:76,4
DA:77,4
DA:79,2
DA:85,2
DA:87,2
DA:90,4
DA:96,4
DA:98,2
DA:99,2
DA:105,2
DA:109,4
DA:110,2
DA:112,2
DA:113,0
DA:122,0
DA:132,0
DA:133,0
DA:139,0
DA:141,0
DA:147,4
DA:152,1
DA:156,7
DA:161,2
DA:163,2
DA:164,2
DA:170,1
DA:176,1
DA:180,7
DA:185,1
DA:187,1
DA:188,1
DA:190,1
DA:195,0
DA:199,7
DA:217,2
DA:219,2
DA:221,2
DA:222,2
DA:227,2
DA:229,1
DA:235,1
DA:250,2
DA:260,2
DA:261,0
DA:266,2
DA:270,2
DA:275,0
DA:279,7
DA:284,3
DA:286,3
DA:288,3
DA:292,2
DA:293,1
DA:296,1
DA:301,1
DA:306,2
LF:72
LH:63
BRDA:25,0,0,2
BRDA:26,1,0,0
BRDA:50,2,0,1
BRDA:50,2,1,4
BRDA:50,3,0,5
BRDA:50,3,1,4
BRDA:58,4,0,1
BRDA:58,4,1,3
BRDA:61,5,0,3
BRDA:61,5,1,1
BRDA:70,6,0,4
BRDA:70,6,1,0
BRDA:71,7,0,4
BRDA:71,7,1,0
BRDA:72,8,0,4
BRDA:72,8,1,0
BRDA:73,9,0,4
BRDA:73,9,1,0
BRDA:77,10,0,2
BRDA:77,10,1,2
BRDA:96,11,0,2
BRDA:96,11,1,2
BRDA:109,12,0,2
BRDA:109,12,1,2
BRDA:161,13,0,1
BRDA:161,14,0,1
BRDA:161,15,0,1
BRDA:207,16,0,0
BRDA:208,17,0,0
BRDA:209,18,0,0
BRDA:227,19,0,1
BRDA:227,19,1,1
BRDA:260,20,0,0
BRDA:260,20,1,2
BRDA:260,21,0,2
BRDA:260,21,1,2
BRDA:292,22,0,1
BRDA:292,22,1,1
BRF:38
BRH:29
end_of_record
TN:
SF:src\api\controllers\notification.controller.ts
FN:13,(anonymous_0)
FN:46,(anonymous_1)
FNF:2
FNH:0
FNDA:0,(anonymous_0)
FNDA:0,(anonymous_1)
DA:13,7
DA:14,0
DA:15,0
DA:17,0
DA:18,0
DA:20,0
DA:21,0
DA:24,0
DA:25,0
DA:29,0
DA:36,0
DA:42,0
DA:46,7
DA:47,0
DA:48,0
DA:50,0
DA:51,0
DA:52,0
DA:55,0
DA:57,0
DA:62,0
DA:67,0
LF:22
LH:2
BRDA:15,0,0,0
BRDA:15,1,0,0
BRDA:15,2,0,0
BRDA:18,3,0,0
BRDA:18,3,1,0
BRDA:20,4,0,0
BRDA:20,4,1,0
BRDA:20,5,0,0
BRDA:20,5,1,0
BRDA:20,5,2,0
BRDA:24,6,0,0
BRDA:24,6,1,0
BRDA:51,7,0,0
BRDA:51,7,1,0
BRDA:52,8,0,0
BRDA:52,8,1,0
BRF:16
BRH:0
end_of_record
TN:
SF:src\api\controllers\product.controller.ts
FN:12,(anonymous_0)
FN:56,(anonymous_1)
FN:108,(anonymous_2)
FN:142,(anonymous_3)
FN:195,(anonymous_4)
FNF:5
FNH:0
FNDA:0,(anonymous_0)
FNDA:0,(anonymous_1)
FNDA:0,(anonymous_2)
FNDA:0,(anonymous_3)
FNDA:0,(anonymous_4)
DA:12,7
DA:19,0
DA:21,0
DA:22,0
DA:29,0
DA:34,0
DA:35,0
DA:38,0
DA:46,0
DA:52,0
DA:56,7
DA:57,0
DA:58,0
DA:62,0
DA:64,0
DA:69,0
DA:72,0
DA:78,0
DA:81,0
DA:82,0
DA:83,0
DA:86,0
DA:87,0
DA:88,0
DA:91,0
DA:97,0
DA:104,0
DA:108,7
DA:109,0
DA:121,0
DA:122,0
DA:124,0
DA:126,0
DA:133,0
DA:138,0
DA:142,7
DA:143,0
DA:144,0
DA:159,0
DA:160,0
DA:162,0
DA:173,0
DA:186,0
DA:191,0
DA:195,7
DA:196,0
DA:197,0
DA:199,0
DA:201,0
DA:206,0
LF:50
LH:5
BRDA:14,0,0,0
BRDA:15,1,0,0
BRDA:16,2,0,0
BRDA:17,3,0,0
BRDA:18,4,0,0
BRDA:22,5,0,0
BRDA:22,5,1,0
BRDA:23,6,0,0
BRDA:23,6,1,0
BRDA:23,6,2,0
BRDA:23,6,3,0
BRDA:23,6,4,0
BRDA:34,7,0,0
BRDA:34,7,1,0
BRDA:60,8,0,0
BRDA:61,9,0,0
BRDA:64,10,0,0
BRDA:64,10,1,0
BRDA:65,11,0,0
BRDA:65,11,1,0
BRDA:65,11,2,0
BRDA:72,12,0,0
BRDA:72,12,1,0
BRDA:73,13,0,0
BRDA:73,13,1,0
BRDA:73,13,2,0
BRDA:73,13,3,0
BRDA:82,14,0,0
BRDA:82,14,1,0
BRDA:87,15,0,0
BRDA:87,15,1,0
BRDA:119,16,0,0
BRDA:120,17,0,0
BRDA:154,18,0,0
BRDA:155,19,0,0
BRDA:156,20,0,0
BRDA:157,21,0,0
BRDA:158,22,0,0
BRDA:177,23,0,0
BRDA:177,23,1,0
BRDA:178,24,0,0
BRDA:178,24,1,0
BRDA:179,25,0,0
BRDA:179,25,1,0
BRDA:180,26,0,0
BRDA:180,26,1,0
BRDA:181,27,0,0
BRDA:181,27,1,0
BRF:48
BRH:0
end_of_record
TN:
SF:src\api\controllers\review.controller.ts
FN:10,(anonymous_0)
FN:27,(anonymous_1)
FN:77,(anonymous_2)
FNF:3
FNH:0
FNDA:0,(anonymous_0)
FNDA:0,(anonymous_1)
FNDA:0,(anonymous_2)
DA:10,7
DA:11,0
DA:13,0
DA:14,0
DA:16,0
DA:18,0
DA:23,0
DA:27,7
DA:35,0
DA:37,0
DA:38,0
DA:46,0
DA:49,0
DA:50,0
DA:52,0
DA:53,0
DA:56,0
DA:57,0
DA:59,0
DA:68,0
DA:73,0
DA:77,7
DA:78,0
DA:79,0
DA:81,0
DA:82,0
DA:84,0
DA:85,0
DA:87,0
DA:88,0
DA:90,0
DA:91,0
DA:93,0
DA:94,0
DA:96,0
DA:98,0
DA:100,0
DA:108,0
DA:113,0
LF:39
LH:3
BRDA:14,0,0,0
BRDA:14,0,1,0
BRDA:29,1,0,0
BRDA:30,2,0,0
BRDA:31,3,0,0
BRDA:32,4,0,0
BRDA:33,5,0,0
BRDA:34,6,0,0
BRDA:38,7,0,0
BRDA:38,7,1,0
BRDA:39,8,0,0
BRDA:39,8,1,0
BRDA:39,8,2,0
BRDA:39,8,3,0
BRDA:39,8,4,0
BRDA:39,8,5,0
BRDA:49,9,0,0
BRDA:49,9,1,0
BRDA:49,10,0,0
BRDA:49,10,1,0
BRDA:52,11,0,0
BRDA:52,11,1,0
BRDA:56,12,0,0
BRDA:56,12,1,0
BRDA:82,13,0,0
BRDA:82,13,1,0
BRDA:84,14,0,0
BRDA:84,14,1,0
BRDA:84,15,0,0
BRDA:84,15,1,0
BRDA:84,15,2,0
BRDA:84,15,3,0
BRDA:87,16,0,0
BRDA:87,16,1,0
BRDA:90,17,0,0
BRDA:90,17,1,0
BRDA:93,18,0,0
BRDA:93,18,1,0
BRDA:98,19,0,0
BRDA:98,19,1,0
BRF:40
BRH:0
end_of_record
TN:
SF:src\api\controllers\subscription.controller.ts
FN:12,(anonymous_0)
FNF:1
FNH:0
FNDA:0,(anonymous_0)
DA:12,7
DA:13,0
DA:15,0
DA:16,0
DA:17,0
DA:20,0
DA:25,0
DA:31,0
LF:8
LH:1
BRDA:13,0,0,0
BRDA:13,1,0,0
BRDA:16,2,0,0
BRDA:16,2,1,0
BRDA:16,3,0,0
BRDA:16,3,1,0
BRF:6
BRH:0
end_of_record
TN:
SF:src\api\controllers\transaction.controller.ts
FN:18,(anonymous_0)
FN:21,(anonymous_1)
FN:72,(anonymous_2)
FN:95,(anonymous_3)
FN:105,(anonymous_4)
FN:134,(anonymous_5)
FN:173,(anonymous_6)
FNF:7
FNH:0
FNDA:0,(anonymous_0)
FNDA:0,(anonymous_1)
FNDA:0,(anonymous_2)
FNDA:0,(anonymous_3)
FNDA:0,(anonymous_4)
FNDA:0,(anonymous_5)
FNDA:0,(anonymous_6)
DA:18,7
DA:19,0
DA:21,7
DA:22,0
DA:30,0
DA:32,0
DA:40,0
DA:43,0
DA:44,0
DA:49,0
DA:50,0
DA:53,0
DA:62,0
DA:68,0
DA:72,7
DA:73,0
DA:74,0
DA:76,0
DA:77,0
DA:78,0
DA:80,0
DA:81,0
DA:83,0
DA:86,0
DA:87,0
DA:88,0
DA:89,0
DA:90,0
DA:95,0
DA:102,0
DA:103,0
DA:105,0
DA:107,0
DA:109,0
DA:117,0
DA:119,0
DA:130,0
DA:134,7
DA:135,0
DA:142,0
DA:144,0
DA:145,0
DA:146,0
DA:148,0
DA:154,0
DA:161,0
DA:162,0
DA:164,0
DA:169,0
DA:173,7
DA:174,0
DA:175,0
DA:177,0
DA:178,0
DA:179,0
DA:181,0
DA:182,0
DA:185,0
DA:187,0
DA:189,0
DA:190,0
DA:194,0
DA:195,0
DA:198,0
DA:199,0
DA:200,0
DA:203,0
DA:211,0
DA:216,0
DA:217,0
DA:218,0
DA:226,0
DA:231,0
DA:232,0
DA:240,0
DA:245,0
DA:246,0
DA:254,0
DA:260,0
DA:261,0
DA:263,0
DA:268,0
LF:82
LH:5
BRDA:19,0,0,0
BRDA:19,0,1,0
BRDA:19,1,0,0
BRDA:19,1,1,0
BRDA:24,2,0,0
BRDA:25,3,0,0
BRDA:26,4,0,0
BRDA:27,5,0,0
BRDA:28,6,0,0
BRDA:29,7,0,0
BRDA:32,8,0,0
BRDA:32,8,1,0
BRDA:33,9,0,0
BRDA:33,9,1,0
BRDA:33,9,2,0
BRDA:33,9,3,0
BRDA:33,9,4,0
BRDA:33,9,5,0
BRDA:43,10,0,0
BRDA:43,10,1,0
BRDA:49,11,0,0
BRDA:49,11,1,0
BRDA:77,12,0,0
BRDA:77,12,1,0
BRDA:77,13,0,0
BRDA:77,13,1,0
BRDA:88,14,0,0
BRDA:88,14,1,0
BRDA:97,15,0,0
BRDA:97,15,1,0
BRDA:99,16,0,0
BRDA:99,16,1,0
BRDA:102,17,0,0
BRDA:102,17,1,0
BRDA:125,18,0,0
BRDA:125,18,1,0
BRDA:137,19,0,0
BRDA:138,20,0,0
BRDA:139,21,0,0
BRDA:140,22,0,0
BRDA:145,23,0,0
BRDA:145,23,1,0
BRDA:145,24,0,0
BRDA:145,24,1,0
BRDA:178,25,0,0
BRDA:178,25,1,0
BRDA:178,26,0,0
BRDA:178,26,1,0
BRDA:181,27,0,0
BRDA:181,27,1,0
BRDA:181,28,0,0
BRDA:181,28,1,0
BRDA:187,29,0,0
BRDA:187,29,1,0
BRDA:189,30,0,0
BRDA:189,30,1,0
BRDA:189,31,0,0
BRDA:189,31,1,0
BRDA:194,32,0,0
BRDA:194,32,1,0
BRDA:199,33,0,0
BRDA:199,33,1,0
BRDA:199,34,0,0
BRDA:199,34,1,0
BRDA:216,35,0,0
BRDA:216,35,1,0
BRDA:217,36,0,0
BRDA:217,36,1,0
BRDA:231,37,0,0
BRDA:231,37,1,0
BRDA:245,38,0,0
BRDA:245,38,1,0
BRF:72
BRH:0
end_of_record
TN:
SF:src\api\controllers\user.controller.ts
FN:10,(anonymous_0)
FN:40,(anonymous_1)
FN:63,(anonymous_2)
FN:86,(anonymous_3)
FNF:4
FNH:0
FNDA:0,(anonymous_0)
FNDA:0,(anonymous_1)
FNDA:0,(anonymous_2)
FNDA:0,(anonymous_3)
DA:10,7
DA:11,0
DA:13,0
DA:14,0
DA:19,0
DA:24,0
DA:30,0
DA:36,0
DA:40,7
DA:41,0
DA:43,0
DA:44,0
DA:45,0
DA:48,0
DA:50,0
DA:51,0
DA:54,0
DA:59,0
DA:63,7
DA:64,0
DA:66,0
DA:67,0
DA:68,0
DA:71,0
DA:73,0
DA:74,0
DA:77,0
DA:82,0
DA:86,7
DA:87,0
DA:88,0
DA:90,0
DA:91,0
DA:99,0
DA:101,0
DA:106,0
LF:36
LH:4
BRDA:11,0,0,0
BRDA:11,1,0,0
BRDA:11,2,0,0
BRDA:14,3,0,0
BRDA:14,3,1,0
BRDA:15,4,0,0
BRDA:15,4,1,0
BRDA:15,4,2,0
BRDA:44,5,0,0
BRDA:44,5,1,0
BRDA:50,6,0,0
BRDA:50,6,1,0
BRDA:67,7,0,0
BRDA:67,7,1,0
BRDA:73,8,0,0
BRDA:73,8,1,0
BRF:16
BRH:0
end_of_record
TN:
SF:src\api\controllers\voucher.controller.ts
FN:10,(anonymous_0)
FN:57,(anonymous_1)
FN:82,(anonymous_2)
FN:120,(anonymous_3)
FNF:4
FNH:0
FNDA:0,(anonymous_0)
FNDA:0,(anonymous_1)
FNDA:0,(anonymous_2)
FNDA:0,(anonymous_3)
DA:10,7
DA:16,0
DA:18,0
DA:19,0
DA:25,0
DA:28,0
DA:29,0
DA:34,0
DA:35,0
DA:38,0
DA:45,0
DA:51,0
DA:53,0
DA:57,7
DA:58,0
DA:59,0
DA:61,0
DA:62,0
DA:63,0
DA:66,0
DA:67,0
DA:68,0
DA:71,0
DA:73,0
DA:78,0
DA:82,7
DA:83,0
DA:95,0
DA:97,0
DA:109,0
DA:111,0
DA:116,0
DA:120,7
DA:121,0
DA:123,0
DA:135,0
DA:137,0
DA:148,0
DA:155,0
DA:160,0
LF:40
LH:4
BRDA:12,0,0,0
BRDA:13,1,0,0
BRDA:14,2,0,0
BRDA:15,3,0,0
BRDA:19,4,0,0
BRDA:19,4,1,0
BRDA:20,5,0,0
BRDA:20,5,1,0
BRDA:20,5,2,0
BRDA:20,5,3,0
BRDA:28,6,0,0
BRDA:28,6,1,0
BRDA:34,7,0,0
BRDA:34,7,1,0
BRDA:59,8,0,0
BRDA:62,9,0,0
BRDA:62,9,1,0
BRDA:62,10,0,0
BRDA:62,10,1,0
BRDA:67,11,0,0
BRDA:67,11,1,0
BRDA:87,12,0,0
BRDA:89,13,0,0
BRDA:94,14,0,0
BRDA:133,15,0,0
BRDA:134,16,0,0
BRF:26
BRH:0
end_of_record
TN:
SF:src\api\controllers\client\activity.controller.ts
FN:10,(anonymous_0)
FN:27,(anonymous_1)
FNF:2
FNH:0
FNDA:0,(anonymous_0)
FNDA:0,(anonymous_1)
DA:10,1
DA:11,0
DA:13,0
DA:14,0
DA:16,0
DA:18,0
DA:23,0
DA:27,1
DA:28,0
DA:29,0
DA:31,0
DA:32,0
DA:34,0
DA:36,0
DA:38,0
DA:43,0
LF:16
LH:2
BRDA:14,0,0,0
BRDA:14,0,1,0
BRDA:32,1,0,0
BRDA:32,1,1,0
BRDA:34,2,0,0
BRDA:34,2,1,0
BRF:6
BRH:0
end_of_record
TN:
SF:src\api\controllers\client\address.controller.ts
FN:13,(anonymous_0)
FN:32,(anonymous_1)
FN:84,(anonymous_2)
FN:143,(anonymous_3)
FNF:4
FNH:0
FNDA:0,(anonymous_0)
FNDA:0,(anonymous_1)
FNDA:0,(anonymous_2)
FNDA:0,(anonymous_3)
DA:13,1
DA:14,0
DA:16,0
DA:17,0
DA:18,0
DA:21,0
DA:23,0
DA:28,0
DA:32,1
DA:33,0
DA:35,0
DA:36,0
DA:37,0
DA:54,0
DA:56,0
DA:73,0
DA:75,0
DA:80,0
DA:84,1
DA:85,0
DA:87,0
DA:88,0
DA:89,0
DA:92,0
DA:107,0
DA:109,0
DA:125,0
DA:134,0
DA:139,0
DA:143,1
DA:144,0
DA:146,0
DA:147,0
DA:148,0
DA:151,0
DA:152,0
DA:154,0
DA:159,0
LF:38
LH:4
BRDA:17,0,0,0
BRDA:17,0,1,0
BRDA:36,1,0,0
BRDA:36,1,1,0
BRDA:88,2,0,0
BRDA:88,2,1,0
BRDA:147,3,0,0
BRDA:147,3,1,0
BRDA:147,4,0,0
BRDA:147,4,1,0
BRF:10
BRH:0
end_of_record
TN:
SF:src\api\controllers\client\brand.controller.ts
FN:7,(anonymous_0)
FNF:1
FNH:0
FNDA:0,(anonymous_0)
DA:7,1
DA:8,0
DA:9,0
DA:11,0
DA:16,0
LF:5
LH:1
BRF:0
BRH:0
end_of_record
TN:
SF:src\api\controllers\client\cart.controller.ts
FN:15,(anonymous_0)
FN:19,(anonymous_1)
FN:22,(anonymous_2)
FN:23,(anonymous_3)
FN:35,(anonymous_4)
FN:68,(anonymous_5)
FN:100,(anonymous_6)
FN:112,(anonymous_7)
FN:158,(anonymous_8)
FN:202,(anonymous_9)
FNF:10
FNH:0
FNDA:0,(anonymous_0)
FNDA:0,(anonymous_1)
FNDA:0,(anonymous_2)
FNDA:0,(anonymous_3)
FNDA:0,(anonymous_4)
FNDA:0,(anonymous_5)
FNDA:0,(anonymous_6)
FNDA:0,(anonymous_7)
FNDA:0,(anonymous_8)
FNDA:0,(anonymous_9)
DA:15,1
DA:18,0
DA:19,0
DA:22,0
DA:23,0
DA:24,0
DA:32,0
DA:35,1
DA:36,0
DA:38,0
DA:40,0
DA:42,0
DA:44,0
DA:46,0
DA:48,0
DA:50,0
DA:52,0
DA:53,0
DA:56,0
DA:59,0
DA:64,0
DA:68,1
DA:69,0
DA:71,0
DA:72,0
DA:73,0
DA:76,0
DA:78,0
DA:79,0
DA:82,0
DA:85,0
DA:87,0
DA:89,0
DA:91,0
DA:97,0
DA:100,1
DA:101,0
DA:102,0
DA:104,0
DA:108,0
DA:112,1
DA:113,0
DA:115,0
DA:117,0
DA:123,0
DA:125,0
DA:126,0
DA:127,0
DA:130,0
DA:131,0
DA:134,0
DA:135,0
DA:137,0
DA:139,0
DA:141,0
DA:144,0
DA:146,0
DA:149,0
DA:154,0
DA:158,1
DA:159,0
DA:161,0
DA:163,0
DA:164,0
DA:165,0
DA:168,0
DA:169,0
DA:173,0
DA:175,0
DA:177,0
DA:183,0
DA:185,0
DA:188,0
DA:190,0
DA:193,0
DA:198,0
DA:202,1
DA:203,0
DA:205,0
DA:209,0
DA:210,0
DA:211,0
DA:214,0
DA:216,0
DA:218,0
DA:220,0
DA:222,0
DA:225,0
DA:227,0
DA:230,0
DA:235,0
LF:91
LH:7
BRDA:42,0,0,0
BRDA:42,0,1,0
BRDA:44,1,0,0
BRDA:44,1,1,0
BRDA:52,2,0,0
BRDA:52,2,1,0
BRDA:52,3,0,0
BRDA:52,3,1,0
BRDA:61,4,0,0
BRDA:61,4,1,0
BRDA:72,5,0,0
BRDA:72,5,1,0
BRDA:76,6,0,0
BRDA:76,6,1,0
BRDA:78,7,0,0
BRDA:78,7,1,0
BRDA:93,8,0,0
BRDA:93,8,1,0
BRDA:126,9,0,0
BRDA:126,9,1,0
BRDA:126,10,0,0
BRDA:126,10,1,0
BRDA:126,10,2,0
BRDA:130,11,0,0
BRDA:130,11,1,0
BRDA:134,12,0,0
BRDA:134,12,1,0
BRDA:135,13,0,0
BRDA:135,13,1,0
BRDA:164,14,0,0
BRDA:164,14,1,0
BRDA:164,15,0,0
BRDA:164,15,1,0
BRDA:168,16,0,0
BRDA:168,16,1,0
BRDA:173,17,0,0
BRDA:173,17,1,0
BRDA:175,18,0,0
BRDA:175,18,1,0
BRDA:210,19,0,0
BRDA:210,19,1,0
BRDA:214,20,0,0
BRDA:214,20,1,0
BRDA:216,21,0,0
BRDA:216,21,1,0
BRF:45
BRH:0
end_of_record
TN:
SF:src\api\controllers\client\category.controller.ts
FN:7,(anonymous_0)
FNF:1
FNH:0
FNDA:0,(anonymous_0)
DA:7,1
DA:8,0
DA:9,0
DA:11,0
DA:16,0
LF:5
LH:1
BRF:0
BRH:0
end_of_record
TN:
SF:src\api\controllers\client\chat.controller.ts
FN:10,(anonymous_0)
FNF:1
FNH:0
FNDA:0,(anonymous_0)
DA:10,1
DA:11,0
DA:12,0
DA:14,0
DA:15,0
DA:17,0
DA:18,0
DA:21,0
DA:26,0
DA:32,0
LF:10
LH:1
BRDA:11,0,0,0
BRDA:15,1,0,0
BRDA:15,1,1,0
BRDA:17,2,0,0
BRDA:17,2,1,0
BRF:5
BRH:0
end_of_record
TN:
SF:src\api\controllers\client\contact.controller.ts
FN:11,(anonymous_0)
FNF:1
FNH:0
FNDA:0,(anonymous_0)
DA:11,1
DA:12,0
DA:14,0
DA:15,0
DA:16,0
DA:18,0
DA:19,0
DA:21,0
DA:22,0
DA:24,0
DA:32,0
DA:35,0
DA:36,0
DA:42,0
DA:44,0
DA:49,0
LF:16
LH:1
BRDA:15,0,0,0
BRDA:15,0,1,0
BRDA:15,1,0,0
BRDA:15,1,1,0
BRDA:15,1,2,0
BRDA:15,1,3,0
BRDA:15,1,4,0
BRDA:18,2,0,0
BRDA:18,2,1,0
BRDA:21,3,0,0
BRDA:21,3,1,0
BRF:11
BRH:0
end_of_record
TN:
SF:src\api\controllers\client\data.controller.ts
FN:10,(anonymous_0)
FN:25,(anonymous_1)
FN:46,(anonymous_2)
FN:67,(anonymous_3)
FNF:4
FNH:0
FNDA:0,(anonymous_0)
FNDA:0,(anonymous_1)
FNDA:0,(anonymous_2)
FNDA:0,(anonymous_3)
DA:10,1
DA:11,0
DA:12,0
DA:14,0
DA:21,0
DA:25,1
DA:26,0
DA:28,0
DA:29,0
DA:30,0
DA:33,0
DA:35,0
DA:42,0
DA:46,1
DA:47,0
DA:49,0
DA:50,0
DA:51,0
DA:54,0
DA:56,0
DA:63,0
DA:67,1
DA:72,0
DA:73,0
DA:75,0
DA:76,0
DA:77,0
DA:80,0
DA:81,0
DA:84,0
DA:87,0
DA:88,0
DA:91,0
DA:93,0
DA:103,0
LF:35
LH:4
BRDA:29,0,0,0
BRDA:29,0,1,0
BRDA:50,1,0,0
BRDA:50,1,1,0
BRDA:76,2,0,0
BRDA:76,2,1,0
BRDA:80,3,0,0
BRDA:80,3,1,0
BRDA:87,4,0,0
BRDA:87,4,1,0
BRF:10
BRH:0
end_of_record
TN:
SF:src\api\controllers\client\index.ts
FNF:0
FNH:0
LF:0
LH:0
BRF:0
BRH:0
end_of_record
TN:
SF:src\api\controllers\client\midtrans.controller.ts
FN:18,(anonymous_0)
FNF:1
FNH:0
FNDA:0,(anonymous_0)
DA:6,1
DA:18,1
DA:20,0
DA:22,0
DA:23,0
DA:31,0
DA:34,0
DA:36,0
DA:38,0
DA:39,0
DA:40,0
DA:42,0
DA:44,0
DA:51,0
DA:52,0
DA:58,0
DA:59,0
DA:65,0
DA:67,0
DA:73,0
DA:78,0
DA:84,0
DA:86,0
DA:87,0
DA:88,0
DA:91,0
DA:102,0
DA:103,0
DA:104,0
DA:112,0
DA:119,0
DA:120,0
DA:121,0
DA:128,0
DA:135,0
DA:139,0
DA:146,0
DA:147,0
DA:155,0
DA:160,0
DA:167,0
DA:168,0
DA:174,0
DA:175,0
DA:181,0
DA:184,0
DA:188,0
LF:47
LH:2
BRDA:23,0,0,0
BRDA:23,0,1,0
BRDA:24,1,0,0
BRDA:24,1,1,0
BRDA:24,1,2,0
BRDA:24,1,3,0
BRDA:24,1,4,0
BRDA:24,1,5,0
BRDA:36,2,0,0
BRDA:36,2,1,0
BRDA:42,3,0,0
BRDA:42,3,1,0
BRDA:51,4,0,0
BRDA:51,4,1,0
BRDA:63,5,0,0
BRDA:63,5,1,0
BRDA:78,6,0,0
BRDA:78,6,1,0
BRDA:79,7,0,0
BRDA:79,7,1,0
BRDA:79,7,2,0
BRDA:79,7,3,0
BRDA:87,8,0,0
BRDA:87,8,1,0
BRDA:102,9,0,0
BRDA:102,9,1,0
BRDA:103,10,0,0
BRDA:103,10,1,0
BRDA:119,11,0,0
BRDA:119,11,1,0
BRDA:119,12,0,0
BRDA:119,12,1,0
BRDA:120,13,0,0
BRDA:120,13,1,0
BRDA:135,14,0,0
BRDA:135,14,1,0
BRDA:136,15,0,0
BRDA:136,15,1,0
BRDA:136,15,2,0
BRDA:146,16,0,0
BRDA:146,16,1,0
BRDA:167,17,0,0
BRDA:167,17,1,0
BRDA:179,18,0,0
BRDA:179,18,1,0
BRF:45
BRH:0
end_of_record
TN:
SF:src\api\controllers\client\product.controller.ts
FN:12,(anonymous_0)
FN:63,(anonymous_1)
FNF:2
FNH:0
FNDA:0,(anonymous_0)
FNDA:0,(anonymous_1)
DA:12,1
DA:20,0
DA:22,0
DA:23,0
DA:31,0
DA:36,0
DA:37,0
DA:40,0
DA:48,0
DA:50,0
DA:51,0
DA:53,0
DA:59,0
DA:63,1
DA:64,0
DA:65,0
DA:67,0
DA:68,0
DA:72,0
DA:74,0
DA:85,0
LF:21
LH:2
BRDA:14,0,0,0
BRDA:15,1,0,0
BRDA:16,2,0,0
BRDA:17,3,0,0
BRDA:18,4,0,0
BRDA:19,5,0,0
BRDA:23,6,0,0
BRDA:23,6,1,0
BRDA:24,7,0,0
BRDA:24,7,1,0
BRDA:24,7,2,0
BRDA:24,7,3,0
BRDA:24,7,4,0
BRDA:24,7,5,0
BRDA:36,8,0,0
BRDA:36,8,1,0
BRDA:67,9,0,0
BRDA:67,9,1,0
BRF:18
BRH:0
end_of_record
TN:
SF:src\api\controllers\client\subscription.controller.ts
FN:10,(anonymous_0)
FN:29,(anonymous_1)
FN:47,(anonymous_2)
FN:69,(anonymous_3)
FNF:4
FNH:0
FNDA:0,(anonymous_0)
FNDA:0,(anonymous_1)
FNDA:0,(anonymous_2)
FNDA:0,(anonymous_3)
DA:10,1
DA:11,0
DA:13,0
DA:16,0
DA:18,0
DA:20,0
DA:25,0
DA:29,1
DA:30,0
DA:32,0
DA:34,0
DA:36,0
DA:38,0
DA:43,0
DA:47,1
DA:48,0
DA:49,0
DA:51,0
DA:52,0
DA:54,0
DA:56,0
DA:58,0
DA:65,0
DA:69,1
DA:70,0
DA:71,0
DA:73,0
DA:74,0
DA:76,0
DA:78,0
DA:80,0
DA:85,0
LF:32
LH:4
BRDA:16,0,0,0
BRDA:16,0,1,0
BRDA:34,1,0,0
BRDA:34,1,1,0
BRDA:52,2,0,0
BRDA:52,2,1,0
BRDA:54,3,0,0
BRDA:54,3,1,0
BRDA:74,4,0,0
BRDA:74,4,1,0
BRDA:76,5,0,0
BRDA:76,5,1,0
BRF:12
BRH:0
end_of_record
TN:
SF:src\api\controllers\client\transaction.controller.ts
FN:26,(anonymous_0)
FN:43,(anonymous_1)
FN:68,(anonymous_2)
FN:79,(anonymous_3)
FN:94,(anonymous_4)
FN:143,(anonymous_5)
FN:244,(anonymous_6)
FN:309,(anonymous_7)
FN:325,(anonymous_8)
FN:353,(anonymous_9)
FN:362,(anonymous_10)
FNF:11
FNH:0
FNDA:0,(anonymous_0)
FNDA:0,(anonymous_1)
FNDA:0,(anonymous_2)
FNDA:0,(anonymous_3)
FNDA:0,(anonymous_4)
FNDA:0,(anonymous_5)
FNDA:0,(anonymous_6)
FNDA:0,(anonymous_7)
FNDA:0,(anonymous_8)
FNDA:0,(anonymous_9)
FNDA:0,(anonymous_10)
DA:26,1
DA:27,0
DA:29,0
DA:30,0
DA:32,0
DA:34,0
DA:39,0
DA:43,1
DA:44,0
DA:45,0
DA:47,0
DA:48,0
DA:49,0
DA:51,0
DA:53,0
DA:54,0
DA:56,0
DA:59,0
DA:60,0
DA:61,0
DA:66,0
DA:68,0
DA:80,0
DA:85,0
DA:90,0
DA:94,1
DA:95,0
DA:103,0
DA:105,0
DA:106,0
DA:107,0
DA:110,0
DA:111,0
DA:114,0
DA:115,0
DA:118,0
DA:119,0
DA:121,0
DA:123,0
DA:124,0
DA:127,0
DA:130,0
DA:131,0
DA:134,0
DA:136,0
DA:138,0
DA:139,0
DA:141,0
DA:143,0
DA:145,0
DA:148,0
DA:158,0
DA:159,0
DA:175,0
DA:179,0
DA:180,0
DA:182,0
DA:183,0
DA:191,0
DA:196,0
DA:203,0
DA:204,0
DA:210,0
DA:211,0
DA:217,0
DA:220,0
DA:225,0
DA:230,0
DA:232,0
DA:234,0
DA:239,0
DA:244,1
DA:245,0
DA:246,0
DA:248,0
DA:249,0
DA:251,0
DA:252,0
DA:255,0
DA:257,0
DA:259,0
DA:260,0
DA:263,0
DA:265,0
DA:268,0
DA:269,0
DA:270,0
DA:273,0
DA:276,0
DA:277,0
DA:278,0
DA:286,0
DA:291,0
DA:296,0
DA:297,0
DA:299,0
DA:304,0
DA:309,1
DA:310,0
DA:311,0
DA:312,0
DA:314,0
DA:315,0
DA:317,0
DA:318,0
DA:321,0
DA:322,0
DA:324,0
DA:326,0
DA:333,0
DA:335,0
DA:337,0
DA:338,0
DA:340,0
DA:341,0
DA:343,0
DA:347,0
DA:352,0
DA:353,0
DA:354,0
DA:355,0
DA:357,0
DA:358,0
DA:362,0
DA:364,0
DA:365,0
DA:367,0
DA:370,0
DA:377,0
DA:378,0
DA:379,0
DA:385,0
DA:386,0
DA:392,0
DA:394,0
DA:399,0
LF:136
LH:5
BRDA:30,0,0,0
BRDA:30,0,1,0
BRDA:48,1,0,0
BRDA:48,1,1,0
BRDA:48,2,0,0
BRDA:48,2,1,0
BRDA:51,3,0,0
BRDA:51,3,1,0
BRDA:60,4,0,0
BRDA:60,4,1,0
BRDA:70,5,0,0
BRDA:70,5,1,0
BRDA:74,6,0,0
BRDA:74,6,1,0
BRDA:80,7,0,0
BRDA:80,7,1,0
BRDA:80,8,0,0
BRDA:80,8,1,0
BRDA:99,9,0,0
BRDA:100,10,0,0
BRDA:106,11,0,0
BRDA:106,11,1,0
BRDA:110,12,0,0
BRDA:110,12,1,0
BRDA:110,13,0,0
BRDA:110,13,1,0
BRDA:110,13,2,0
BRDA:114,14,0,0
BRDA:114,14,1,0
BRDA:118,15,0,0
BRDA:118,15,1,0
BRDA:118,16,0,0
BRDA:118,16,1,0
BRDA:123,17,0,0
BRDA:123,17,1,0
BRDA:123,18,0,0
BRDA:123,18,1,0
BRDA:130,19,0,0
BRDA:130,19,1,0
BRDA:136,20,0,0
BRDA:136,20,1,0
BRDA:143,21,0,0
BRDA:143,21,1,0
BRDA:145,22,0,0
BRDA:145,22,1,0
BRDA:158,23,0,0
BRDA:158,23,1,0
BRDA:182,24,0,0
BRDA:182,24,1,0
BRDA:203,25,0,0
BRDA:203,25,1,0
BRDA:215,26,0,0
BRDA:215,26,1,0
BRDA:230,27,0,0
BRDA:230,27,1,0
BRDA:234,28,0,0
BRDA:234,28,1,0
BRDA:249,29,0,0
BRDA:249,29,1,0
BRDA:251,30,0,0
BRDA:251,30,1,0
BRDA:251,31,0,0
BRDA:251,31,1,0
BRDA:257,32,0,0
BRDA:257,32,1,0
BRDA:259,33,0,0
BRDA:259,33,1,0
BRDA:265,34,0,0
BRDA:265,34,1,0
BRDA:269,35,0,0
BRDA:269,35,1,0
BRDA:277,36,0,0
BRDA:277,36,1,0
BRDA:296,37,0,0
BRDA:296,37,1,0
BRDA:299,38,0,0
BRDA:299,38,1,0
BRDA:301,39,0,0
BRDA:301,39,1,0
BRDA:315,40,0,0
BRDA:315,40,1,0
BRDA:317,41,0,0
BRDA:317,41,1,0
BRDA:317,42,0,0
BRDA:317,42,1,0
BRDA:321,43,0,0
BRDA:321,43,1,0
BRDA:321,44,0,0
BRDA:321,44,1,0
BRDA:326,45,0,0
BRDA:326,45,1,0
BRDA:326,45,2,0
BRDA:326,45,3,0
BRDA:326,45,4,0
BRDA:333,46,0,0
BRDA:333,46,1,0
BRDA:337,47,0,0
BRDA:337,47,1,0
BRDA:340,48,0,0
BRDA:340,48,1,0
BRDA:343,49,0,0
BRDA:343,49,1,0
BRDA:344,50,0,0
BRDA:344,50,1,0
BRDA:354,51,0,0
BRDA:354,51,1,0
BRDA:364,52,0,0
BRDA:364,52,1,0
BRDA:378,53,0,0
BRDA:378,53,1,0
BRDA:390,54,0,0
BRDA:390,54,1,0
BRF:112
BRH:0
end_of_record
TN:
SF:src\api\controllers\client\user.controller.ts
FN:10,(anonymous_0)
FN:35,(anonymous_1)
FN:57,(anonymous_2)
FNF:3
FNH:3
FNDA:1,(anonymous_0)
FNDA:1,(anonymous_1)
FNDA:2,(anonymous_2)
DA:10,1
DA:11,1
DA:12,1
DA:13,1
DA:15,1
DA:16,0
DA:19,1
DA:21,1
DA:26,1
DA:31,0
DA:35,1
DA:36,1
DA:37,1
DA:39,1
DA:40,1
DA:42,1
DA:43,0
DA:46,1
DA:48,1
DA:53,0
DA:57,1
DA:58,2
DA:59,2
DA:61,2
DA:62,2
DA:63,0
DA:66,2
DA:68,1
DA:73,1
LF:29
LH:24
BRDA:15,0,0,0
BRDA:15,0,1,1
BRDA:37,1,0,1
BRDA:37,1,1,0
BRDA:42,2,0,0
BRDA:42,2,1,1
BRDA:59,3,0,2
BRDA:59,3,1,0
BRDA:62,4,0,0
BRDA:62,4,1,2
BRF:10
BRH:5
end_of_record
TN:
SF:src\api\controllers\client\voucher.controller.ts
FN:12,(anonymous_0)
FN:31,(anonymous_1)
FNF:2
FNH:0
FNDA:0,(anonymous_0)
FNDA:0,(anonymous_1)
DA:12,1
DA:13,0
DA:15,0
DA:16,0
DA:17,0
DA:20,0
DA:22,0
DA:27,0
DA:31,1
DA:32,0
DA:33,0
DA:35,0
DA:36,0
DA:37,0
DA:40,0
DA:42,0
DA:43,0
DA:46,0
DA:48,0
DA:53,0
LF:20
LH:2
BRDA:16,0,0,0
BRDA:16,0,1,0
BRDA:36,1,0,0
BRDA:36,1,1,0
BRDA:40,2,0,0
BRDA:40,2,1,0
BRDA:42,3,0,0
BRDA:42,3,1,0
BRF:8
BRH:0
end_of_record
TN:
SF:src\api\controllers\client\wishlist.controller.ts
FN:10,(anonymous_0)
FN:29,(anonymous_1)
FN:49,(anonymous_2)
FN:72,(anonymous_3)
FNF:4
FNH:0
FNDA:0,(anonymous_0)
FNDA:0,(anonymous_1)
FNDA:0,(anonymous_2)
FNDA:0,(anonymous_3)
DA:10,1
DA:11,0
DA:13,0
DA:14,0
DA:15,0
DA:18,0
DA:20,0
DA:25,0
DA:29,1
DA:30,0
DA:31,0
DA:33,0
DA:34,0
DA:35,0
DA:38,0
DA:40,0
DA:45,0
DA:49,1
DA:54,0
DA:55,0
DA:57,0
DA:58,0
DA:59,0
DA:62,0
DA:64,0
DA:69,0
DA:72,1
DA:73,0
DA:75,0
DA:76,0
DA:77,0
DA:80,0
DA:82,0
DA:87,0
LF:34
LH:4
BRDA:14,0,0,0
BRDA:14,0,1,0
BRDA:34,1,0,0
BRDA:34,1,1,0
BRDA:58,2,0,0
BRDA:58,2,1,0
BRDA:76,3,0,0
BRDA:76,3,1,0
BRF:8
BRH:0
end_of_record
TN:
SF:src\api\middlewares\errorHandler.ts
FN:7,(anonymous_0)
FNF:1
FNH:1
FNDA:36,(anonymous_0)
DA:7,13
DA:8,36
DA:9,1
DA:13,35
DA:14,15
DA:20,20
LF:6
LH:6
BRDA:8,0,0,1
BRDA:8,0,1,35
BRDA:9,1,0,1
BRDA:9,1,1,0
BRDA:13,2,0,15
BRDA:13,2,1,20
BRDA:14,3,0,15
BRDA:14,3,1,0
BRDA:20,4,0,20
BRDA:20,4,1,16
BRF:10
BRH:8
end_of_record
TN:
SF:src\api\middlewares\getUserData.ts
FN:11,(anonymous_0)
FNF:1
FNH:1
FNDA:3,(anonymous_0)
DA:11,11
DA:12,3
DA:13,3
DA:14,1
DA:16,2
DA:17,1
DA:18,1
DA:20,0
DA:23,1
DA:25,2
LF:10
LH:9
BRDA:13,0,0,1
BRDA:13,0,1,2
BRDA:17,1,0,1
BRDA:17,1,1,0
BRF:4
BRH:3
end_of_record
TN:
SF:src\api\middlewares\getUserDataOptional.ts
FN:8,(anonymous_0)
FNF:1
FNH:1
FNDA:3,(anonymous_0)
DA:8,11
DA:9,3
DA:10,3
DA:11,1
DA:13,2
DA:14,1
DA:15,1
DA:17,1
DA:19,1
LF:9
LH:9
BRDA:10,0,0,1
BRDA:10,0,1,2
BRDA:14,1,0,1
BRDA:14,1,1,0
BRF:4
BRH:3
end_of_record
TN:
SF:src\api\middlewares\index.ts
FNF:0
FNH:0
LF:0
LH:0
BRF:0
BRH:0
end_of_record
TN:
SF:src\api\middlewares\isAdmin.ts
FN:11,(anonymous_0)
FNF:1
FNH:1
FNDA:4,(anonymous_0)
DA:11,11
DA:12,4
DA:13,4
DA:14,1
DA:16,3
DA:17,2
DA:19,2
DA:20,1
DA:23,1
DA:25,3
LF:10
LH:10
BRDA:13,0,0,1
BRDA:13,0,1,3
BRDA:19,1,0,1
BRDA:19,1,1,1
BRF:4
BRH:4
end_of_record
TN:
SF:src\api\middlewares\passAuth.ts
FN:5,(anonymous_0)
FNF:1
FNH:1
FNDA:2,(anonymous_0)
DA:5,11
DA:6,2
DA:7,1
DA:9,1
LF:4
LH:4
BRDA:6,0,0,1
BRDA:6,0,1,1
BRF:2
BRH:2
end_of_record
TN:
SF:src\api\middlewares\validate.ts
FN:5,(anonymous_0)
FN:6,(anonymous_1)
FN:12,(anonymous_2)
FNF:3
FNH:3
FNDA:42,(anonymous_0)
FNDA:115,(anonymous_1)
FNDA:45,(anonymous_2)
DA:5,8
DA:6,42
DA:7,115
DA:9,115
DA:11,45
DA:12,45
DA:14,45
DA:17,70
LF:8
LH:8
BRDA:7,0,0,3
BRDA:7,0,1,112
BRDA:9,1,0,45
BRDA:9,1,1,70
BRF:4
BRH:4
end_of_record
TN:
SF:src\api\routes\account.route.ts
FNF:0
FNH:0
DA:14,1
DA:17,1
DA:22,1
DA:28,1
LF:4
LH:4
BRF:0
BRH:0
end_of_record
TN:
SF:src\api\routes\auth.route.ts
FNF:0
FNH:0
DA:10,1
DA:13,1
DA:14,1
LF:3
LH:3
BRF:0
BRH:0
end_of_record
TN:
SF:src\api\routes\brand.route.ts
FNF:0
FNH:0
DA:11,1
DA:14,1
DA:20,1
DA:22,1
DA:29,1
LF:5
LH:5
BRF:0
BRH:0
end_of_record
TN:
SF:src\api\routes\category.route.ts
FNF:0
FNH:0
DA:11,1
DA:14,1
DA:20,1
DA:26,1
DA:33,1
LF:5
LH:5
BRF:0
BRH:0
end_of_record
TN:
SF:src\api\routes\chat.route.ts
FNF:0
FNH:0
DA:11,1
DA:14,1
DA:19,1
LF:3
LH:3
BRF:0
BRH:0
end_of_record
TN:
SF:src\api\routes\dashboard.route.ts
FNF:0
FNH:0
DA:11,1
DA:14,1
LF:2
LH:2
BRF:0
BRH:0
end_of_record
TN:
SF:src\api\routes\marketing.route.ts
FNF:0
FNH:0
DA:7,2
DA:16,2
DA:22,2
DA:28,2
DA:34,2
DA:40,2
DA:49,2
DA:51,2
DA:57,2
DA:63,2
DA:69,2
DA:75,2
LF:12
LH:12
BRF:0
BRH:0
end_of_record
TN:
SF:src\api\services\analytics.service.ts
FN:4,(anonymous_0)
FN:33,(anonymous_1)
FN:71,(anonymous_2)
FNF:3
FNH:0
FNDA:0,(anonymous_0)
FNDA:0,(anonymous_1)
FNDA:0,(anonymous_2)
DA:4,9
DA:5,0
DA:6,0
DA:7,0
DA:10,0
DA:30,0
DA:33,9
DA:34,0
DA:35,0
DA:36,0
DA:39,0
DA:68,0
DA:71,9
DA:72,0
DA:73,0
DA:74,0
DA:77,0
DA:97,0
LF:18
LH:3
BRDA:6,0,0,0
BRDA:6,0,1,0
BRDA:30,1,0,0
BRDA:30,1,1,0
BRDA:35,2,0,0
BRDA:35,2,1,0
BRDA:68,3,0,0
BRDA:68,3,1,0
BRDA:73,4,0,0
BRDA:73,4,1,0
BRDA:97,5,0,0
BRDA:97,5,1,0
BRF:12
BRH:0
end_of_record
TN:
SF:src\api\services\auth.service.ts
FN:7,(anonymous_0)
FN:17,(anonymous_1)
FNF:2
FNH:0
FNDA:0,(anonymous_0)
FNDA:0,(anonymous_1)
DA:5,7
DA:7,7
DA:8,0
DA:14,0
DA:17,7
DA:18,0
DA:19,0
DA:31,0
DA:33,0
LF:9
LH:3
BRF:0
BRH:0
end_of_record
TN:
SF:src\api\services\brand.service.ts
FN:4,(anonymous_0)
FN:10,(anonymous_1)
FN:16,(anonymous_2)
FN:22,(anonymous_3)
FNF:4
FNH:4
FNDA:2,(anonymous_0)
FNDA:2,(anonymous_1)
FNDA:2,(anonymous_2)
FNDA:1,(anonymous_3)
DA:4,9
DA:5,2
DA:7,1
DA:10,9
DA:11,2
DA:13,1
DA:16,9
DA:17,2
DA:19,1
DA:22,9
DA:23,1
DA:25,1
LF:12
LH:12
BRF:0
BRH:0
end_of_record
TN:
SF:src\api\services\category.service.ts
FN:4,(anonymous_0)
FN:10,(anonymous_1)
FN:16,(anonymous_2)
FN:22,(anonymous_3)
FNF:4
FNH:4
FNDA:2,(anonymous_0)
FNDA:2,(anonymous_1)
FNDA:2,(anonymous_2)
FNDA:1,(anonymous_3)
DA:4,9
DA:5,2
DA:7,1
DA:10,9
DA:11,2
DA:13,1
DA:16,9
DA:17,2
DA:19,1
DA:22,9
DA:23,1
DA:25,1
LF:12
LH:12
BRF:0
BRH:0
end_of_record
TN:
SF:src\api\services\chat.service.ts
FN:4,(anonymous_0)
FN:26,(anonymous_1)
FN:49,(anonymous_2)
FN:55,(anonymous_3)
FN:59,(anonymous_4)
FN:80,(anonymous_5)
FN:86,(anonymous_6)
FNF:7
FNH:2
FNDA:0,(anonymous_0)
FNDA:0,(anonymous_1)
FNDA:0,(anonymous_2)
FNDA:0,(anonymous_3)
FNDA:5,(anonymous_4)
FNDA:2,(anonymous_5)
FNDA:0,(anonymous_6)
DA:4,9
DA:6,0
DA:8,0
DA:10,0
DA:16,0
DA:18,0
DA:21,0
DA:23,0
DA:26,9
DA:28,0
DA:31,0
DA:33,0
DA:35,0
DA:41,0
DA:44,0
DA:46,0
DA:49,9
DA:50,0
DA:52,0
DA:55,9
DA:56,0
DA:59,9
DA:64,5
DA:66,3
DA:71,1
DA:73,1
DA:80,9
DA:81,2
DA:83,1
DA:86,9
DA:87,0
DA:89,0
LF:32
LH:13
BRDA:8,0,0,0
BRDA:8,0,1,0
BRF:2
BRH:0
end_of_record
TN:
SF:src\api\services\dashboard.service.ts
FN:7,(anonymous_0)
FN:22,(anonymous_1)
FN:24,(anonymous_2)
FNF:3
FNH:3
FNDA:1,(anonymous_0)
FNDA:11,(anonymous_1)
FNDA:3,(anonymous_2)
DA:7,9
DA:8,1
DA:9,1
DA:10,1
DA:11,1
DA:12,1
DA:13,1
DA:14,1
DA:17,1
DA:22,11
DA:24,1
DA:25,3
DA:26,3
DA:27,3
DA:29,3
DA:30,3
DA:35,1
LF:17
LH:17
BRDA:25,0,0,3
BRDA:25,0,1,0
BRDA:25,1,0,3
BRDA:25,1,1,3
BRDA:26,2,0,3
BRDA:26,2,1,0
BRDA:27,3,0,3
BRDA:27,3,1,0
BRDA:29,4,0,3
BRDA:29,4,1,0
BRDA:29,5,0,3
BRDA:29,5,1,3
BRF:12
BRH:8
end_of_record
TN:
SF:src\api\services\data.service.ts
FN:12,(anonymous_0)
FNF:1
FNH:0
FNDA:0,(anonymous_0)
DA:8,9
DA:10,9
DA:12,9
DA:13,0
DA:14,0
DA:27,0
DA:29,0
LF:7
LH:3
BRDA:18,0,0,0
BRDA:18,0,1,0
BRF:2
BRH:0
end_of_record
TN:
SF:src\api\services\index.ts
FNF:0
FNH:0
LF:0
LH:0
BRF:0
BRH:0
end_of_record
TN:
SF:src\api\services\marketing.service.ts
FN:31,(anonymous_0)
FN:56,(anonymous_1)
FN:95,(anonymous_2)
FN:105,(anonymous_3)
FN:112,(anonymous_4)
FN:118,(anonymous_5)
FN:173,(anonymous_6)
FN:208,(anonymous_7)
FN:223,(anonymous_8)
FN:235,(anonymous_9)
FN:245,(anonymous_10)
FN:253,(anonymous_11)
FN:282,(anonymous_12)
FN:296,(anonymous_13)
FN:313,(anonymous_14)
FN:319,(anonymous_15)
FN:337,(anonymous_16)
FN:357,(anonymous_17)
FN:388,(anonymous_18)
FN:391,(anonymous_19)
FN:394,(anonymous_20)
FNF:21
FNH:7
FNDA:4,(anonymous_0)
FNDA:0,(anonymous_1)
FNDA:2,(anonymous_2)
FNDA:8,(anonymous_3)
FNDA:0,(anonymous_4)
FNDA:0,(anonymous_5)
FNDA:0,(anonymous_6)
FNDA:0,(anonymous_7)
FNDA:0,(anonymous_8)
FNDA:1,(anonymous_9)
FNDA:8,(anonymous_10)
FNDA:0,(anonymous_11)
FNDA:2,(anonymous_12)
FNDA:1,(anonymous_13)
FNDA:0,(anonymous_14)
FNDA:0,(anonymous_15)
FNDA:0,(anonymous_16)
FNDA:0,(anonymous_17)
FNDA:0,(anonymous_18)
FNDA:0,(anonymous_19)
FNDA:0,(anonymous_20)
DA:31,9
DA:36,4
DA:37,4
DA:39,4
DA:40,3
DA:43,4
DA:44,1
DA:47,4
DA:53,4
DA:56,9
DA:64,0
DA:67,0
DA:71,0
DA:74,0
DA:76,0
DA:77,0
DA:80,0
DA:81,0
DA:84,0
DA:92,0
DA:95,9
DA:100,2
DA:102,1
DA:105,9
DA:107,8
DA:109,7
DA:112,9
DA:113,0
DA:115,0
DA:118,9
DA:122,0
DA:135,0
DA:137,0
DA:139,0
DA:143,0
DA:144,0
DA:145,0
DA:146,0
DA:148,0
DA:151,0
DA:152,0
DA:153,0
DA:155,0
DA:156,0
DA:160,0
DA:164,0
DA:165,0
DA:166,0
DA:167,0
DA:172,0
DA:173,0
DA:174,0
DA:183,0
DA:193,0
DA:194,0
DA:200,0
DA:202,0
DA:208,9
DA:209,0
DA:213,0
DA:214,0
DA:215,0
DA:217,0
DA:220,0
DA:223,9
DA:224,0
DA:226,0
DA:227,0
DA:229,0
DA:231,0
DA:235,9
DA:240,1
DA:242,1
DA:245,9
DA:246,8
DA:250,8
DA:253,9
DA:254,0
DA:255,0
DA:256,0
DA:258,0
DA:260,0
DA:262,0
DA:263,0
DA:265,0
DA:266,0
DA:267,0
DA:269,0
DA:270,0
DA:271,0
DA:273,0
DA:274,0
DA:275,0
DA:279,0
DA:282,9
DA:287,2
DA:293,2
DA:296,9
DA:301,1
DA:304,1
DA:306,1
DA:308,0
DA:310,0
DA:313,9
DA:314,0
DA:316,0
DA:319,9
DA:323,0
DA:324,0
DA:326,0
DA:327,0
DA:328,0
DA:331,0
DA:333,0
DA:336,0
DA:337,0
DA:345,0
DA:348,0
DA:349,0
DA:350,0
DA:351,0
DA:356,0
DA:357,0
DA:359,0
DA:362,0
DA:373,0
DA:374,0
DA:380,0
DA:382,0
DA:388,9
DA:389,0
DA:391,0
DA:394,9
DA:398,0
LF:134
LH:38
BRDA:39,0,0,3
BRDA:39,0,1,1
BRDA:39,1,0,4
BRDA:39,1,1,3
BRDA:43,2,0,1
BRDA:43,2,1,3
BRDA:71,3,0,0
BRDA:71,3,1,0
BRDA:76,4,0,0
BRDA:76,4,1,0
BRDA:76,5,0,0
BRDA:76,5,1,0
BRDA:76,5,2,0
BRDA:80,6,0,0
BRDA:80,6,1,0
BRDA:137,7,0,0
BRDA:137,7,1,0
BRDA:143,8,0,0
BRDA:143,8,1,0
BRDA:144,9,0,0
BRDA:144,9,1,0
BRDA:145,10,0,0
BRDA:145,10,1,0
BRDA:146,11,0,0
BRDA:146,11,1,0
BRDA:152,12,0,0
BRDA:152,12,1,0
BRDA:155,13,0,0
BRDA:155,13,1,0
BRDA:164,14,0,0
BRDA:164,14,1,0
BRDA:166,15,0,0
BRDA:166,15,1,0
BRDA:172,16,0,0
BRDA:172,16,1,0
BRDA:224,17,0,0
BRDA:224,17,1,0
BRDA:263,18,0,0
BRDA:263,18,1,0
BRDA:306,19,0,1
BRDA:306,19,1,0
BRDA:326,20,0,0
BRDA:326,20,1,0
BRDA:348,21,0,0
BRDA:348,21,1,0
BRDA:350,22,0,0
BRDA:350,22,1,0
BRDA:356,23,0,0
BRDA:356,23,1,0
BRF:49
BRH:7
end_of_record
TN:
SF:src\api\services\notification.service.ts
FN:19,(anonymous_0)
FN:30,(anonymous_1)
FN:67,(anonymous_2)
FN:82,(anonymous_3)
FN:86,(anonymous_4)
FN:92,(anonymous_5)
FN:98,(anonymous_6)
FN:104,(anonymous_7)
FN:110,(anonymous_8)
FN:116,(anonymous_9)
FN:123,(anonymous_10)
FNF:11
FNH:2
FNDA:0,(anonymous_0)
FNDA:0,(anonymous_1)
FNDA:0,(anonymous_2)
FNDA:0,(anonymous_3)
FNDA:0,(anonymous_4)
FNDA:3,(anonymous_5)
FNDA:0,(anonymous_6)
FNDA:1,(anonymous_7)
FNDA:0,(anonymous_8)
FNDA:0,(anonymous_9)
FNDA:0,(anonymous_10)
DA:19,9
DA:25,0
DA:27,0
DA:30,9
DA:37,0
DA:38,0
DA:39,0
DA:44,0
DA:45,0
DA:46,0
DA:60,0
DA:62,0
DA:63,0
DA:65,0
DA:67,0
DA:68,0
DA:69,0
DA:75,0
DA:76,0
DA:79,0
DA:82,9
DA:83,0
DA:86,9
DA:87,0
DA:89,0
DA:92,9
DA:93,3
DA:95,3
DA:98,9
DA:99,0
DA:101,0
DA:104,9
DA:105,1
DA:107,1
DA:110,9
DA:111,0
DA:113,0
DA:116,9
DA:120,0
DA:123,9
DA:124,0
DA:126,0
LF:42
LH:14
BRDA:54,0,0,0
BRDA:54,0,1,0
BRDA:65,1,0,0
BRDA:65,1,1,0
BRDA:68,2,0,0
BRDA:68,2,1,0
BRDA:75,3,0,0
BRDA:75,3,1,0
BRF:8
BRH:0
end_of_record
TN:
SF:src\api\services\product.service.ts
FN:17,(anonymous_0)
FN:29,(anonymous_1)
FN:48,(anonymous_2)
FN:50,(anonymous_3)
FN:64,(anonymous_4)
FN:79,(anonymous_5)
FN:98,(anonymous_6)
FN:98,(anonymous_7)
FN:103,(anonymous_8)
FN:113,(anonymous_9)
FN:124,(anonymous_10)
FN:124,(anonymous_11)
FN:128,(anonymous_12)
FN:145,(anonymous_13)
FN:151,(anonymous_14)
FNF:15
FNH:0
FNDA:0,(anonymous_0)
FNDA:0,(anonymous_1)
FNDA:0,(anonymous_2)
FNDA:0,(anonymous_3)
FNDA:0,(anonymous_4)
FNDA:0,(anonymous_5)
FNDA:0,(anonymous_6)
FNDA:0,(anonymous_7)
FNDA:0,(anonymous_8)
FNDA:0,(anonymous_9)
FNDA:0,(anonymous_10)
FNDA:0,(anonymous_11)
FNDA:0,(anonymous_12)
FNDA:0,(anonymous_13)
FNDA:0,(anonymous_14)
DA:17,9
DA:24,0
DA:26,0
DA:29,9
DA:34,0
DA:39,0
DA:41,0
DA:42,0
DA:48,0
DA:50,0
DA:51,0
DA:52,0
DA:53,0
DA:55,0
DA:56,0
DA:61,0
DA:64,9
DA:70,0
DA:75,0
DA:78,0
DA:79,0
DA:80,0
DA:87,0
DA:89,0
DA:91,0
DA:98,0
DA:100,0
DA:103,9
DA:108,0
DA:109,0
DA:112,0
DA:113,0
DA:114,0
DA:120,0
DA:121,0
DA:124,0
DA:127,0
DA:128,0
DA:129,0
DA:133,0
DA:136,0
DA:139,0
DA:141,0
DA:145,0
DA:148,0
DA:151,9
DA:152,0
DA:154,0
LF:48
LH:5
BRDA:51,0,0,0
BRDA:51,0,1,0
BRDA:51,1,0,0
BRDA:51,1,1,0
BRDA:52,2,0,0
BRDA:52,2,1,0
BRDA:53,3,0,0
BRDA:53,3,1,0
BRDA:55,4,0,0
BRDA:55,4,1,0
BRDA:55,5,0,0
BRDA:55,5,1,0
BRF:12
BRH:0
end_of_record
TN:
SF:src\api\services\review.service.ts
FN:4,(anonymous_0)
FN:10,(anonymous_1)
FN:16,(anonymous_2)
FN:36,(anonymous_3)
FNF:4
FNH:0
FNDA:0,(anonymous_0)
FNDA:0,(anonymous_1)
FNDA:0,(anonymous_2)
FNDA:0,(anonymous_3)
DA:4,9
DA:5,0
DA:7,0
DA:10,9
DA:11,0
DA:13,0
DA:16,9
DA:24,0
DA:33,0
DA:36,9
DA:43,0
DA:45,0
DA:47,0
LF:13
LH:4
BRF:0
BRH:0
end_of_record
TN:
SF:src\api\services\subscription.service.ts
FN:4,(anonymous_0)
FN:10,(anonymous_1)
FNF:2
FNH:0
FNDA:0,(anonymous_0)
FNDA:0,(anonymous_1)
DA:4,12
DA:5,0
DA:7,0
DA:10,12
DA:11,0
DA:13,0
LF:6
LH:2
BRF:0
BRH:0
end_of_record
TN:
SF:src\api\services\transaction.service.ts
FN:26,(anonymous_0)
FN:46,(anonymous_1)
FN:100,(anonymous_2)
FN:110,(anonymous_3)
FN:116,(anonymous_4)
FNF:5
FNH:0
FNDA:0,(anonymous_0)
FNDA:0,(anonymous_1)
FNDA:0,(anonymous_2)
FNDA:0,(anonymous_3)
FNDA:0,(anonymous_4)
DA:24,9
DA:26,9
DA:34,0
DA:43,0
DA:46,9
DA:47,0
DA:51,0
DA:52,0
DA:54,0
DA:61,0
DA:62,0
DA:64,0
DA:73,0
DA:75,0
DA:77,0
DA:91,0
DA:97,0
DA:100,9
DA:101,0
DA:103,0
DA:107,0
DA:110,9
DA:111,0
DA:113,0
DA:116,9
DA:122,0
DA:123,0
DA:124,0
DA:126,0
DA:127,0
DA:128,0
DA:129,0
DA:130,0
DA:131,0
DA:132,0
DA:133,0
DA:134,0
DA:135,0
DA:136,0
DA:137,0
DA:139,0
DA:140,0
DA:142,0
DA:144,0
DA:147,0
DA:150,0
DA:155,0
DA:165,0
DA:167,0
LF:49
LH:6
BRDA:51,0,0,0
BRDA:51,0,1,0
BRDA:61,1,0,0
BRDA:61,1,1,0
BRDA:83,2,0,0
BRDA:83,2,1,0
BRDA:85,3,0,0
BRDA:85,3,1,0
BRDA:126,4,0,0
BRDA:126,4,1,0
BRDA:128,5,0,0
BRDA:128,5,1,0
BRDA:131,6,0,0
BRDA:131,6,1,0
BRDA:134,7,0,0
BRDA:134,7,1,0
BRDA:137,8,0,0
BRDA:137,8,1,0
BRDA:142,9,0,0
BRDA:142,9,1,0
BRF:20
BRH:0
end_of_record
TN:
SF:src\api\services\user.service.ts
FN:13,(anonymous_0)
FN:19,(anonymous_1)
FN:25,(anonymous_2)
FN:31,(anonymous_3)
FN:43,(anonymous_4)
FN:49,(anonymous_5)
FN:68,(anonymous_6)
FN:74,(anonymous_7)
FNF:8
FNH:2
FNDA:0,(anonymous_0)
FNDA:1,(anonymous_1)
FNDA:0,(anonymous_2)
FNDA:0,(anonymous_3)
FNDA:0,(anonymous_4)
FNDA:0,(anonymous_5)
FNDA:2,(anonymous_6)
FNDA:0,(anonymous_7)
DA:13,9
DA:14,0
DA:16,0
DA:19,9
DA:20,1
DA:22,1
DA:25,9
DA:26,0
DA:28,0
DA:31,9
DA:32,0
DA:34,0
DA:43,9
DA:44,0
DA:46,0
DA:49,9
DA:55,0
DA:56,0
DA:59,0
DA:60,0
DA:63,0
DA:65,0
DA:68,9
DA:69,2
DA:71,2
DA:74,9
DA:75,0
DA:77,0
LF:28
LH:12
BRDA:55,0,0,0
BRDA:55,0,1,0
BRDA:55,1,0,0
BRDA:55,1,1,0
BRDA:59,2,0,0
BRDA:59,2,1,0
BRDA:59,3,0,0
BRDA:59,3,1,0
BRF:8
BRH:0
end_of_record
TN:
SF:src\api\services\voucher.service.ts
FN:4,(anonymous_0)
FN:19,(anonymous_1)
FN:34,(anonymous_2)
FN:44,(anonymous_3)
FN:64,(anonymous_4)
FNF:5
FNH:0
FNDA:0,(anonymous_0)
FNDA:0,(anonymous_1)
FNDA:0,(anonymous_2)
FNDA:0,(anonymous_3)
FNDA:0,(anonymous_4)
DA:4,9
DA:10,0
DA:11,0
DA:13,0
DA:15,0
DA:19,9
DA:20,0
DA:21,0
DA:26,0
DA:30,0
DA:34,9
DA:35,0
DA:36,0
DA:38,0
DA:40,0
DA:44,9
DA:50,0
DA:51,0
DA:58,0
DA:60,0
DA:64,9
DA:65,0
DA:67,0
LF:23
LH:5
BRDA:26,0,0,0
BRDA:26,0,1,0
BRF:2
BRH:0
end_of_record
TN:
SF:src\api\services\client\address.service.ts
FN:10,(anonymous_0)
FN:16,(anonymous_1)
FN:26,(anonymous_2)
FN:32,(anonymous_3)
FN:50,(anonymous_4)
FNF:5
FNH:0
FNDA:0,(anonymous_0)
FNDA:0,(anonymous_1)
FNDA:0,(anonymous_2)
FNDA:0,(anonymous_3)
FNDA:0,(anonymous_4)
DA:10,1
DA:11,0
DA:13,0
DA:16,1
DA:17,0
DA:19,0
DA:20,0
DA:23,0
DA:26,1
DA:27,0
DA:29,0
DA:32,1
DA:33,0
DA:35,0
DA:37,0
DA:38,0
DA:41,0
DA:42,0
DA:45,0
DA:47,0
DA:50,1
DA:51,0
DA:53,0
DA:54,0
DA:57,0
DA:58,0
DA:61,0
DA:63,0
LF:28
LH:5
BRDA:19,0,0,0
BRDA:19,0,1,0
BRDA:19,1,0,0
BRDA:19,1,1,0
BRDA:37,2,0,0
BRDA:37,2,1,0
BRDA:41,3,0,0
BRDA:41,3,1,0
BRDA:53,4,0,0
BRDA:53,4,1,0
BRDA:57,5,0,0
BRDA:57,5,1,0
BRF:12
BRH:0
end_of_record
TN:
SF:src\api\services\client\brand.service.ts
FN:4,(anonymous_0)
FNF:1
FNH:0
FNDA:0,(anonymous_0)
DA:4,1
DA:5,0
DA:7,0
LF:3
LH:1
BRF:0
BRH:0
end_of_record
TN:
SF:src\api\services\client\cart.service.ts
FN:10,(anonymous_0)
FN:16,(anonymous_1)
FN:22,(anonymous_2)
FN:31,(anonymous_3)
FN:34,(anonymous_4)
FN:49,(anonymous_5)
FN:73,(anonymous_6)
FN:82,(anonymous_7)
FN:88,(anonymous_8)
FN:94,(anonymous_9)
FN:106,(anonymous_10)
FN:122,(anonymous_11)
FN:127,(anonymous_12)
FN:133,(anonymous_13)
FN:138,(anonymous_14)
FNF:15
FNH:0
FNDA:0,(anonymous_0)
FNDA:0,(anonymous_1)
FNDA:0,(anonymous_2)
FNDA:0,(anonymous_3)
FNDA:0,(anonymous_4)
FNDA:0,(anonymous_5)
FNDA:0,(anonymous_6)
FNDA:0,(anonymous_7)
FNDA:0,(anonymous_8)
FNDA:0,(anonymous_9)
FNDA:0,(anonymous_10)
FNDA:0,(anonymous_11)
FNDA:0,(anonymous_12)
FNDA:0,(anonymous_13)
FNDA:0,(anonymous_14)
DA:10,1
DA:11,0
DA:13,0
DA:16,1
DA:17,0
DA:19,0
DA:22,1
DA:27,0
DA:31,0
DA:33,0
DA:34,0
DA:35,0
DA:43,0
DA:46,0
DA:49,1
DA:53,0
DA:55,0
DA:57,0
DA:58,0
DA:61,0
DA:64,0
DA:65,0
DA:67,0
DA:70,0
DA:73,1
DA:77,0
DA:78,0
DA:82,1
DA:88,0
DA:90,0
DA:91,0
DA:94,0
DA:95,0
DA:103,0
DA:106,1
DA:107,0
DA:109,0
DA:110,0
DA:113,0
DA:115,0
DA:116,0
DA:119,0
DA:122,1
DA:127,0
DA:129,0
DA:130,0
DA:133,0
DA:135,0
DA:138,1
DA:140,0
DA:142,0
DA:143,0
DA:146,0
DA:148,0
DA:149,0
DA:152,0
LF:56
LH:9
BRDA:31,0,0,0
BRDA:31,0,1,0
BRDA:33,1,0,0
BRDA:33,1,1,0
BRDA:35,2,0,0
BRDA:35,2,1,0
BRDA:38,3,0,0
BRDA:38,3,1,0
BRDA:57,4,0,0
BRDA:57,4,1,0
BRDA:64,5,0,0
BRDA:64,5,1,0
BRDA:90,6,0,0
BRDA:90,6,1,0
BRDA:95,7,0,0
BRDA:95,7,1,0
BRDA:109,8,0,0
BRDA:109,8,1,0
BRDA:115,9,0,0
BRDA:115,9,1,0
BRDA:129,10,0,0
BRDA:129,10,1,0
BRDA:142,11,0,0
BRDA:142,11,1,0
BRDA:148,12,0,0
BRDA:148,12,1,0
BRF:26
BRH:0
end_of_record
TN:
SF:src\api\services\client\category.service.ts
FN:4,(anonymous_0)
FNF:1
FNH:0
FNDA:0,(anonymous_0)
DA:4,1
DA:5,0
DA:7,0
LF:3
LH:1
BRF:0
BRH:0
end_of_record
TN:
SF:src\api\services\client\chat.service.ts
FN:4,(anonymous_0)
FNF:1
FNH:0
FNDA:0,(anonymous_0)
DA:4,1
DA:5,0
DA:7,0
DA:12,0
LF:4
LH:1
BRF:0
BRH:0
end_of_record
TN:
SF:src\api\services\client\contact.service.ts
FN:7,(anonymous_0)
FNF:1
FNH:0
FNDA:0,(anonymous_0)
DA:7,1
DA:8,0
DA:10,0
LF:3
LH:1
BRF:0
BRH:0
end_of_record
TN:
SF:src\api\services\client\data.service.ts
FN:17,(anonymous_0)
FN:34,(anonymous_1)
FN:51,(anonymous_2)
FN:68,(anonymous_3)
FN:72,(anonymous_4)
FN:100,(anonymous_5)
FN:103,(anonymous_6)
FN:117,(anonymous_7)
FN:123,(anonymous_8)
FNF:9
FNH:0
FNDA:0,(anonymous_0)
FNDA:0,(anonymous_1)
FNDA:0,(anonymous_2)
FNDA:0,(anonymous_3)
FNDA:0,(anonymous_4)
FNDA:0,(anonymous_5)
FNDA:0,(anonymous_6)
FNDA:0,(anonymous_7)
FNDA:0,(anonymous_8)
DA:13,1
DA:15,1
DA:17,1
DA:18,0
DA:19,0
DA:28,0
DA:30,0
DA:34,1
DA:35,0
DA:36,0
DA:45,0
DA:47,0
DA:51,1
DA:52,0
DA:53,0
DA:62,0
DA:64,0
DA:68,1
DA:69,0
DA:70,0
DA:72,0
DA:73,0
DA:94,0
DA:97,0
DA:100,0
DA:101,0
DA:102,0
DA:103,0
DA:113,0
DA:117,0
DA:119,0
DA:123,1
DA:124,0
DA:125,0
DA:138,0
DA:140,0
LF:36
LH:7
BRDA:109,0,0,0
BRDA:109,0,1,0
BRDA:129,1,0,0
BRDA:129,1,1,0
BRF:4
BRH:0
end_of_record
TN:
SF:src\api\services\client\index.ts
FNF:0
FNH:0
LF:0
LH:0
BRF:0
BRH:0
end_of_record
TN:
SF:src\api\services\client\product.service.ts
FN:4,(anonymous_0)
FN:26,(anonymous_1)
FN:39,(anonymous_2)
FN:45,(anonymous_3)
FNF:4
FNH:0
FNDA:0,(anonymous_0)
FNDA:0,(anonymous_1)
FNDA:0,(anonymous_2)
FNDA:0,(anonymous_3)
DA:4,1
DA:12,0
DA:21,0
DA:23,0
DA:26,1
DA:27,0
DA:29,0
DA:30,0
DA:32,0
DA:34,0
DA:36,0
DA:39,1
DA:40,0
DA:42,0
DA:45,1
DA:46,0
DA:48,0
LF:17
LH:4
BRF:0
BRH:0
end_of_record
TN:
SF:src\api\services\client\review.service.ts
FN:10,(anonymous_0)
FN:16,(anonymous_1)
FNF:2
FNH:0
FNDA:0,(anonymous_0)
FNDA:0,(anonymous_1)
DA:10,1
DA:11,0
DA:13,0
DA:16,1
DA:21,0
DA:23,0
LF:6
LH:2
BRF:0
BRH:0
end_of_record
TN:
SF:src\api\services\client\subscription.service.ts
FN:5,(anonymous_0)
FN:11,(anonymous_1)
FN:17,(anonymous_2)
FN:23,(anonymous_3)
FNF:4
FNH:0
FNDA:0,(anonymous_0)
FNDA:0,(anonymous_1)
FNDA:0,(anonymous_2)
FNDA:0,(anonymous_3)
DA:5,1
DA:6,0
DA:8,0
DA:11,1
DA:12,0
DA:14,0
DA:17,1
DA:18,0
DA:20,0
DA:23,1
DA:24,0
DA:26,0
DA:28,0
DA:29,0
DA:31,0
LF:15
LH:4
BRDA:26,0,0,0
BRDA:26,0,1,0
BRDA:28,1,0,0
BRDA:28,1,1,0
BRF:4
BRH:0
end_of_record
TN:
SF:src\api\services\client\transaction.service.ts
FN:34,(anonymous_0)
FN:43,(anonymous_1)
FN:49,(anonymous_2)
FN:66,(anonymous_3)
FN:104,(anonymous_4)
FN:152,(anonymous_5)
FN:160,(anonymous_6)
FN:166,(anonymous_7)
FN:215,(anonymous_8)
FN:236,(anonymous_9)
FN:264,(anonymous_10)
FN:299,(anonymous_11)
FN:305,(anonymous_12)
FNF:13
FNH:0
FNDA:0,(anonymous_0)
FNDA:0,(anonymous_1)
FNDA:0,(anonymous_2)
FNDA:0,(anonymous_3)
FNDA:0,(anonymous_4)
FNDA:0,(anonymous_5)
FNDA:0,(anonymous_6)
FNDA:0,(anonymous_7)
FNDA:0,(anonymous_8)
FNDA:0,(anonymous_9)
FNDA:0,(anonymous_10)
FNDA:0,(anonymous_11)
FNDA:0,(anonymous_12)
DA:32,1
DA:34,1
DA:35,0
DA:37,0
DA:38,0
DA:40,0
DA:43,1
DA:48,0
DA:49,0
DA:53,0
DA:54,0
DA:55,0
DA:61,0
DA:63,0
DA:66,1
DA:74,0
DA:75,0
DA:80,0
DA:82,0
DA:84,0
DA:104,0
DA:144,0
DA:146,0
DA:148,0
DA:152,1
DA:155,0
DA:157,0
DA:160,1
DA:161,0
DA:163,0
DA:166,1
DA:167,0
DA:174,0
DA:175,0
DA:177,0
DA:183,0
DA:184,0
DA:186,0
DA:194,0
DA:196,0
DA:198,0
DA:206,0
DA:212,0
DA:215,1
DA:220,0
DA:221,0
DA:222,0
DA:227,0
DA:236,1
DA:241,0
DA:242,0
DA:244,0
DA:255,0
DA:264,1
DA:272,0
DA:273,0
DA:276,0
DA:282,0
DA:288,0
DA:299,1
DA:300,0
DA:302,0
DA:305,1
DA:310,0
DA:312,0
DA:313,0
DA:315,0
LF:67
LH:12
BRDA:37,0,0,0
BRDA:37,0,1,0
BRDA:38,1,0,0
BRDA:38,1,1,0
BRDA:54,2,0,0
BRDA:54,2,1,0
BRDA:56,3,0,0
BRDA:56,3,1,0
BRDA:90,4,0,0
BRDA:90,4,1,0
BRDA:91,5,0,0
BRDA:91,5,1,0
BRDA:97,6,0,0
BRDA:97,6,1,0
BRDA:112,7,0,0
BRDA:112,7,1,0
BRDA:174,8,0,0
BRDA:174,8,1,0
BRDA:183,9,0,0
BRDA:183,9,1,0
BRDA:202,10,0,0
BRDA:202,10,1,0
BRDA:276,11,0,0
BRDA:276,11,1,0
BRDA:276,12,0,0
BRDA:276,12,1,0
BRDA:278,13,0,0
BRDA:278,13,1,0
BRDA:313,14,0,0
BRDA:313,14,1,0
BRF:30
BRH:0
end_of_record
TN:
SF:src\api\services\client\user.service.ts
FN:10,(anonymous_0)
FN:19,(anonymous_1)
FN:36,(anonymous_2)
FN:41,(anonymous_3)
FNF:4
FNH:1
FNDA:1,(anonymous_0)
FNDA:0,(anonymous_1)
FNDA:0,(anonymous_2)
FNDA:0,(anonymous_3)
DA:10,1
DA:14,1
DA:16,1
DA:19,1
DA:24,0
DA:25,0
DA:30,0
DA:34,0
DA:36,0
DA:38,0
DA:41,1
DA:42,0
DA:43,0
DA:48,0
DA:50,0
LF:15
LH:5
BRDA:24,0,0,0
BRDA:24,0,1,0
BRDA:24,1,0,0
BRDA:24,1,1,0
BRDA:42,2,0,0
BRDA:42,2,1,0
BRDA:42,3,0,0
BRDA:42,3,1,0
BRF:8
BRH:0
end_of_record
TN:
SF:src\api\services\client\voucher.service.ts
FN:8,(anonymous_0)
FN:18,(anonymous_1)
FN:27,(anonymous_2)
FN:51,(anonymous_3)
FNF:4
FNH:0
FNDA:0,(anonymous_0)
FNDA:0,(anonymous_1)
FNDA:0,(anonymous_2)
FNDA:0,(anonymous_3)
DA:8,1
DA:9,0
DA:10,0
DA:12,0
DA:14,0
DA:18,1
DA:19,0
DA:20,0
DA:23,0
DA:24,0
DA:26,0
DA:27,0
DA:29,0
DA:30,0
DA:33,0
DA:34,0
DA:37,0
DA:38,0
DA:41,0
DA:42,0
DA:45,0
DA:47,0
DA:51,1
DA:52,0
DA:54,0
LF:25
LH:3
BRDA:26,0,0,0
BRDA:26,0,1,0
BRDA:29,1,0,0
BRDA:29,1,1,0
BRDA:33,2,0,0
BRDA:33,2,1,0
BRDA:37,3,0,0
BRDA:37,3,1,0
BRDA:41,4,0,0
BRDA:41,4,1,0
BRF:10
BRH:0
end_of_record
TN:
SF:src\api\services\client\wishlist.service.ts
FN:7,(anonymous_0)
FN:13,(anonymous_1)
FN:34,(anonymous_2)
FN:55,(anonymous_3)
FNF:4
FNH:0
FNDA:0,(anonymous_0)
FNDA:0,(anonymous_1)
FNDA:0,(anonymous_2)
FNDA:0,(anonymous_3)
DA:7,1
DA:8,0
DA:10,0
DA:13,1
DA:15,0
DA:17,0
DA:18,0
DA:21,0
DA:23,0
DA:24,0
DA:27,0
DA:29,0
DA:31,0
DA:34,1
DA:36,0
DA:38,0
DA:39,0
DA:42,0
DA:44,0
DA:45,0
DA:48,0
DA:50,0
DA:52,0
DA:55,1
DA:56,0
DA:58,0
LF:26
LH:4
BRDA:17,0,0,0
BRDA:17,0,1,0
BRDA:23,1,0,0
BRDA:23,1,1,0
BRDA:38,2,0,0
BRDA:38,2,1,0
BRDA:44,3,0,0
BRDA:44,3,1,0
BRF:8
BRH:0
end_of_record
TN:
SF:src\api\tests\server\helpers\mockVariables.ts
FNF:0
FNH:0
DA:1,8
DA:16,8
DA:26,8
DA:32,8
DA:39,8
DA:44,8
DA:51,8
LF:7
LH:7
BRF:0
BRH:0
end_of_record
TN:
SF:src\api\utils\errorClass.ts
FN:4,(anonymous_0)
FN:8,(anonymous_1)
FN:13,(anonymous_2)
FN:19,(anonymous_3)
FN:31,(anonymous_4)
FNF:5
FNH:3
FNDA:30,(anonymous_0)
FNDA:0,(anonymous_1)
FNDA:0,(anonymous_2)
FNDA:20,(anonymous_3)
FNDA:10,(anonymous_4)
DA:5,30
DA:6,30
DA:8,30
DA:9,0
DA:14,0
DA:20,20
DA:26,20
DA:32,10
DA:37,10
LF:9
LH:7
BRDA:4,0,0,30
BRDA:19,1,0,7
BRDA:21,2,0,20
BRDA:21,2,1,1
BRDA:31,3,0,7
BRF:5
BRH:5
end_of_record
TN:
SF:src\api\utils\generateUniqueId.ts
FN:4,(anonymous_0)
FNF:1
FNH:1
FNDA:12,(anonymous_0)
DA:4,13
DA:5,12
DA:7,10
DA:8,10
DA:10,10
LF:5
LH:5
BRDA:5,0,0,2
BRDA:5,0,1,10
BRDA:5,1,0,12
BRDA:5,1,1,11
BRDA:7,2,0,10
BRDA:7,2,1,4
BRDA:8,3,0,10
BRDA:8,3,1,4
BRF:8
BRH:8
end_of_record
TN:
SF:src\api\utils\generateUpdateQuery.ts
FN:1,(anonymous_0)
FN:17,(anonymous_1)
FN:31,(anonymous_2)
FNF:3
FNH:3
FNDA:9,(anonymous_0)
FNDA:14,(anonymous_1)
FNDA:1,(anonymous_2)
DA:1,13
DA:9,9
DA:10,9
DA:11,9
DA:14,9
DA:15,8
DA:16,8
DA:17,8
DA:18,14
DA:19,12
DA:20,12
DA:21,12
DA:24,8
DA:28,9
DA:29,1
DA:30,1
DA:31,1
DA:32,1
DA:33,1
DA:34,1
DA:35,1
DA:41,9
DA:42,1
DA:45,9
LF:24
LH:24
BRDA:11,0,0,9
BRDA:11,0,1,6
BRDA:14,1,0,8
BRDA:14,1,1,1
BRDA:14,2,0,9
BRDA:14,2,1,9
BRDA:18,3,0,12
BRDA:18,3,1,2
BRDA:18,4,0,14
BRDA:18,4,1,13
BRDA:28,5,0,1
BRDA:28,5,1,8
BRDA:28,6,0,9
BRDA:28,6,1,2
BRDA:32,7,0,1
BRDA:32,7,1,0
BRDA:34,8,0,0
BRDA:34,8,1,1
BRDA:41,9,0,1
BRDA:41,9,1,8
BRF:20
BRH:18
end_of_record
TN:
SF:src\api\utils\getEmailTemplateParams.ts
FN:4,(anonymous_0)
FNF:1
FNH:1
FNDA:12,(anonymous_0)
DA:2,13
DA:4,13
DA:5,12
DA:7,12
DA:8,12
DA:9,14
DA:10,14
DA:13,12
DA:15,12
LF:9
LH:9
BRF:0
BRH:0
end_of_record
TN:
SF:src\api\utils\getLocalTime.ts
FN:1,(anonymous_0)
FNF:1
FNH:1
FNDA:3,(anonymous_0)
DA:1,13
DA:3,3
DA:4,3
DA:8,3
LF:4
LH:4
BRDA:1,0,0,1
BRF:1
BRH:1
end_of_record
TN:
SF:src\api\utils\index.ts
FNF:0
FNH:0
LF:0
LH:0
BRF:0
BRH:0
end_of_record
TN:
SF:src\api\utils\initBirthdayAutoOfferMarketing.ts
FN:13,(anonymous_0)
FN:16,(anonymous_1)
FN:23,(anonymous_2)
FN:81,(anonymous_3)
FNF:4
FNH:3
FNDA:1,(anonymous_0)
FNDA:0,(anonymous_1)
FNDA:2,(anonymous_2)
FNDA:3,(anonymous_3)
DA:13,13
DA:16,1
DA:17,0
DA:20,1
DA:23,13
DA:25,2
DA:28,2
DA:41,1
DA:55,1
DA:67,1
DA:71,1
DA:73,1
DA:74,1
DA:80,1
DA:81,3
DA:89,1
DA:92,1
DA:95,1
DA:96,1
DA:102,1
DA:104,1
LF:21
LH:20
BRDA:28,0,0,1
BRDA:28,0,1,1
BRDA:106,1,0,1
BRDA:106,1,1,0
BRF:4
BRH:3
end_of_record
TN:
SF:src\api\utils\initNotificationSubscriptionsCleanup.ts
FN:7,(anonymous_0)
FN:10,(anonymous_1)
FNF:2
FNH:2
FNDA:2,(anonymous_0)
FNDA:1,(anonymous_1)
DA:7,13
DA:10,2
DA:11,1
DA:13,1
DA:20,2
LF:5
LH:5
BRDA:15,0,0,1
BRDA:15,0,1,0
BRF:2
BRH:1
end_of_record
TN:
SF:src\api\utils\initScheduledEmailMarketings.ts
FN:10,(anonymous_0)
FN:31,(anonymous_1)
FN:40,(anonymous_2)
FNF:3
FNH:3
FNDA:3,(anonymous_0)
FNDA:8,(anonymous_1)
FNDA:2,(anonymous_2)
DA:10,13
DA:12,3
DA:14,3
DA:15,3
DA:16,4
DA:17,4
DA:20,4
DA:24,4
DA:27,4
DA:28,4
DA:30,4
DA:31,8
DA:40,4
DA:42,2
DA:45,2
DA:56,2
DA:57,2
DA:63,2
DA:65,2
DA:70,4
DA:73,3
LF:21
LH:21
BRDA:74,0,0,2
BRDA:74,0,1,1
BRF:2
BRH:2
end_of_record
TN:
SF:src\api\utils\initScheduledNotifMarketings.ts
FN:8,(anonymous_0)
FN:51,(anonymous_1)
FNF:2
FNH:2
FNDA:3,(anonymous_0)
FNDA:2,(anonymous_1)
DA:8,13
DA:10,3
DA:12,3
DA:13,3
DA:24,4
DA:25,4
DA:28,4
DA:29,4
DA:30,2
DA:32,4
DA:33,2
DA:37,2
DA:41,4
DA:45,4
DA:46,4
DA:47,4
DA:48,4
DA:51,4
DA:52,2
DA:61,2
DA:71,2
DA:72,2
DA:78,2
DA:80,2
DA:85,4
DA:88,3
LF:26
LH:26
BRDA:29,0,0,2
BRDA:29,0,1,2
BRDA:32,1,0,2
BRDA:32,1,1,2
BRDA:45,2,0,2
BRDA:45,2,1,2
BRDA:46,3,0,2
BRDA:46,3,1,2
BRDA:47,4,0,4
BRDA:47,4,1,0
BRDA:48,5,0,4
BRDA:48,5,1,0
BRDA:90,6,0,2
BRDA:90,6,1,1
BRF:14
BRH:12
end_of_record
TN:
SF:src\api\utils\isDateBeforeCurrentTime.ts
FN:1,(anonymous_0)
FNF:1
FNH:1
FNDA:8,(anonymous_0)
DA:1,13
DA:2,8
DA:4,8
DA:6,8
LF:4
LH:4
BRF:0
BRH:0
end_of_record
TN:
SF:src\api\utils\scheduler.ts
FNF:0
FNH:0
DA:5,16
LF:1
LH:1
BRF:0
BRH:0
end_of_record
TN:
SF:src\api\validations\schemas\account.schema.ts
FNF:0
FNH:0
DA:5,7
DA:7,7
DA:18,7
LF:3
LH:3
BRF:0
BRH:0
end_of_record
TN:
SF:src\api\validations\schemas\brand.schema.ts
FNF:0
FNH:0
DA:4,7
DA:12,7
DA:17,7
DA:22,7
DA:28,7
LF:5
LH:5
BRF:0
BRH:0
end_of_record
TN:
SF:src\api\validations\schemas\category.schema.ts
FNF:0
FNH:0
DA:4,7
DA:12,7
DA:18,7
DA:24,7
DA:30,7
LF:5
LH:5
BRF:0
BRH:0
end_of_record
TN:
SF:src\api\validations\schemas\chat.schema.ts
FNF:0
FNH:0
DA:4,7
DA:10,7
DA:16,7
LF:3
LH:3
BRF:0
BRH:0
end_of_record
TN:
SF:src\api\validations\schemas\dashboard.schema.ts
FNF:0
FNH:0
DA:4,7
LF:1
LH:1
BRF:0
BRH:0
end_of_record
TN:
SF:src\api\validations\schemas\index.ts
FNF:0
FNH:0
LF:0
LH:0
BRF:0
BRH:0
end_of_record
TN:
SF:src\api\validations\schemas\marketing.schema.ts
FNF:0
FNH:0
DA:7,7
DA:15,7
DA:21,7
DA:35,7
DA:37,7
DA:43,7
DA:51,7
DA:59,7
DA:65,7
DA:78,7
DA:83,7
DA:89,7
LF:12
LH:12
BRF:0
BRH:0
end_of_record
TN:
SF:src\config\cloudStorage.ts
FNF:0
FNH:0
DA:6,9
DA:9,9
DA:13,9
LF:3
LH:3
BRF:0
BRH:0
end_of_record
TN:
SF:src\config\connectDB.ts
FN:11,(anonymous_0)
FN:15,(anonymous_1)
FN:23,(anonymous_2)
FNF:3
FNH:2
FNDA:1,(anonymous_0)
FNDA:1,(anonymous_1)
FNDA:0,(anonymous_2)
DA:5,12
DA:7,12
DA:11,12
DA:12,1
DA:15,12
DA:16,1
DA:19,12
DA:20,12
DA:23,0
LF:9
LH:8
BRDA:23,0,0,0
BRF:1
BRH:0
end_of_record
TN:
SF:src\config\firebase.ts
FNF:0
FNH:0
DA:6,10
DA:9,10
DA:11,10
DA:15,10
LF:4
LH:4
BRF:0
BRH:0
end_of_record
TN:
SF:src\config\googleAnalytics.ts
FNF:0
FNH:0
DA:6,10
DA:8,10
LF:2
LH:2
BRF:0
BRH:0
end_of_record
TN:
SF:src\config\midtrans.ts
FNF:0
FNH:0
DA:5,10
DA:7,10
LF:2
LH:2
BRF:0
BRH:0
end_of_record
TN:
SF:src\config\sendinblue.ts
FNF:0
FNH:0
DA:5,10
DA:7,10
DA:9,10
DA:10,10
DA:12,10
LF:5
LH:5
BRF:0
BRH:0
end_of_record
TN:
SF:src\config\uploadFile.ts
FN:8,(anonymous_0)
FN:14,(anonymous_1)
FNF:2
FNH:2
FNDA:2,(anonymous_0)
FNDA:2,(anonymous_1)
DA:8,2
DA:9,2
DA:15,2
DA:18,2
DA:22,2
DA:24,2
DA:25,1
DA:27,1
DA:28,1
LF:9
LH:9
BRDA:18,0,0,2
BRDA:18,0,1,1
BRDA:18,0,2,1
BRDA:22,1,0,2
BRDA:22,1,1,1
BRDA:22,1,2,1
BRDA:24,2,0,1
BRDA:24,2,1,1
BRDA:24,3,0,2
BRDA:24,3,1,1
BRF:10
BRH:10
end_of_record
TN:
SF:src\config\webSocket.ts
FN:22,(anonymous_0)
FN:27,(anonymous_1)
FN:52,(anonymous_2)
FN:52,(anonymous_3)
FN:70,(anonymous_4)
FN:71,(anonymous_5)
FN:89,(anonymous_6)
FN:94,(anonymous_7)
FN:97,(anonymous_8)
FN:103,(anonymous_9)
FN:103,(anonymous_10)
FN:106,(anonymous_11)
FN:107,(anonymous_12)
FN:111,(anonymous_13)
FN:132,(anonymous_14)
FN:146,(anonymous_15)
FNF:16
FNH:12
FNDA:10,(anonymous_0)
FNDA:6,(anonymous_1)
FNDA:4,(anonymous_2)
FNDA:0,(anonymous_3)
FNDA:8,(anonymous_4)
FNDA:4,(anonymous_5)
FNDA:6,(anonymous_6)
FNDA:2,(anonymous_7)
FNDA:2,(anonymous_8)
FNDA:0,(anonymous_9)
FNDA:0,(anonymous_10)
FNDA:4,(anonymous_11)
FNDA:4,(anonymous_12)
FNDA:5,(anonymous_13)
FNDA:6,(anonymous_14)
FNDA:0,(anonymous_15)
DA:22,2
DA:27,10
DA:28,6
DA:30,6
DA:32,3
DA:33,3
DA:35,2
DA:44,2
DA:47,2
DA:50,2
DA:51,2
DA:52,4
DA:55,2
DA:59,2
DA:70,2
DA:71,8
DA:72,4
DA:73,4
DA:75,2
DA:76,2
DA:78,1
DA:85,1
DA:89,2
DA:94,6
DA:96,2
DA:97,2
DA:99,2
DA:103,2
DA:104,0
DA:106,2
DA:107,4
DA:109,4
DA:111,5
DA:112,1
DA:120,4
DA:123,4
DA:124,2
DA:126,2
DA:129,4
DA:130,2
DA:132,6
DA:136,4
DA:139,4
DA:142,4
DA:146,2
DA:147,0
DA:152,0
DA:153,0
DA:155,0
DA:157,0
DA:159,0
LF:51
LH:44
BRDA:30,0,0,3
BRDA:30,0,1,3
BRDA:30,1,0,6
BRDA:30,1,1,5
BRDA:30,1,2,4
BRDA:33,2,0,1
BRDA:33,2,1,2
BRDA:52,3,0,4
BRDA:52,3,1,2
BRDA:73,4,0,2
BRDA:73,4,1,2
BRDA:73,5,0,4
BRDA:73,5,1,3
BRDA:76,6,0,1
BRDA:76,6,1,1
BRDA:80,7,0,1
BRDA:80,7,1,0
BRDA:96,8,0,1
BRDA:96,8,1,1
BRDA:111,9,0,1
BRDA:111,9,1,3
BRDA:111,10,0,4
BRDA:111,10,1,4
BRDA:123,11,0,2
BRDA:123,11,1,2
BRDA:123,12,0,4
BRDA:123,12,1,4
BRDA:129,13,0,2
BRDA:129,13,1,2
BRDA:129,14,0,4
BRDA:129,14,1,4
BRF:31
BRH:30
end_of_record
